<?xml version="1.0" encoding="utf-8"?>
<TestRun id="bd0355fb-b372-4178-a157-3eb567684b88" name="runneradmin@fv-az252-455 2022-04-04 00:41:40" runUser="fv-az252-455\runneradmin" xmlns="http://microsoft.com/schemas/VisualStudio/TeamTest/2010">
  <Times creation="2022-04-04T00:41:40.4849423+00:00" queuing="2022-04-04T00:41:40.4849425+00:00" start="2022-04-04T00:41:38.4347266+00:00" finish="2022-04-04T00:41:43.7092608+00:00" />
  <TestSettings name="default" id="155029b6-336d-46b1-b5a0-6ebf432c9e67">
    <Deployment runDeploymentRoot="runneradmin_fv-az252-455_2022-04-04_00_41_40" />
  </TestSettings>
  <Results>
    <UnitTestResult executionId="bd3fe7ab-7c7e-4f10-9585-4b94e33cca8c" testId="320e3c11-11d1-b3ef-0d2e-5e474f674ff1" testName="UnitTests.Controllers.ModuleApiControllerTests.CanEdit_DefaultsToFalse" computerName="fv-az252-455" duration="00:00:00.0030000" startTime="2022-04-04T00:41:40.7719203+00:00" endTime="2022-04-04T00:41:40.7719203+00:00" testType="13cdc9d9-ddb5-4fa4-a97d-d965ccfc6d4b" outcome="Passed" testListId="8c84fa94-04c1-424b-9868-57a2d4851a1d" relativeResultsDirectory="bd3fe7ab-7c7e-4f10-9585-4b94e33cca8c" />
    <UnitTestResult executionId="b2aab063-ba0c-4f81-ba10-61f2f2e52283" testId="e6e0a140-85e7-6935-6160-ab95ecfd3c8a" testName="UnitTests.Data.Repositories.GenericRepositoryTests.GenericRepositoryCreatesAndGetsById" computerName="fv-az252-455" duration="00:00:00.1390000" startTime="2022-04-04T00:41:43.2114513+00:00" endTime="2022-04-04T00:41:43.2114513+00:00" testType="13cdc9d9-ddb5-4fa4-a97d-d965ccfc6d4b" outcome="Passed" testListId="8c84fa94-04c1-424b-9868-57a2d4851a1d" relativeResultsDirectory="b2aab063-ba0c-4f81-ba10-61f2f2e52283" />
    <UnitTestResult executionId="e0e72250-a04b-40fd-b730-f6be433a6d3d" testId="b80893de-3e2d-6029-ec19-65c03fd119c3" testName="UnitTests.EntensionMethodTests.IQueryable_IsOrdered_Works(ordered: False, descending: True, lastOrder: False)" computerName="fv-az252-455" duration="00:00:00.0120000" startTime="2022-04-04T00:41:43.1104553+00:00" endTime="2022-04-04T00:41:43.1104553+00:00" testType="13cdc9d9-ddb5-4fa4-a97d-d965ccfc6d4b" outcome="Passed" testListId="8c84fa94-04c1-424b-9868-57a2d4851a1d" relativeResultsDirectory="e0e72250-a04b-40fd-b730-f6be433a6d3d" />
    <UnitTestResult executionId="1b5dc377-6ff6-472e-8598-6e774589e23a" testId="130d9133-361f-a0da-f15e-423eb98947ac" testName="UnitTests.Services.ItemServiceTests.UpdateItem_Updates" computerName="fv-az252-455" duration="00:00:00.0230000" startTime="2022-04-04T00:41:40.5360788+00:00" endTime="2022-04-04T00:41:40.5360788+00:00" testType="13cdc9d9-ddb5-4fa4-a97d-d965ccfc6d4b" outcome="Passed" testListId="8c84fa94-04c1-424b-9868-57a2d4851a1d" relativeResultsDirectory="1b5dc377-6ff6-472e-8598-6e774589e23a" />
    <UnitTestResult executionId="0796af70-2d0b-4ce2-b50a-f084e37fee28" testId="e4f8faa7-d0ad-86e6-1579-7bd52372b4c3" testName="UnitTests.Data.Repositories.GenericRepositoryTests.GenericRepositoryConstructs" computerName="fv-az252-455" duration="00:00:00.0010000" startTime="2022-04-04T00:41:43.0504565+00:00" endTime="2022-04-04T00:41:43.0504565+00:00" testType="13cdc9d9-ddb5-4fa4-a97d-d965ccfc6d4b" outcome="Passed" testListId="8c84fa94-04c1-424b-9868-57a2d4851a1d" relativeResultsDirectory="0796af70-2d0b-4ce2-b50a-f084e37fee28" />
    <UnitTestResult executionId="1ddd651f-fba5-44c9-9e44-7179f199d4e7" testId="d1c63cb7-1f9a-a8bf-a217-a4cbb4e5f73b" testName="UnitTests.Common.GlobalsTests.ModulePrefixIsValid" computerName="fv-az252-455" duration="00:00:00.0010000" startTime="2022-04-04T00:41:43.2644496+00:00" endTime="2022-04-04T00:41:43.2644496+00:00" testType="13cdc9d9-ddb5-4fa4-a97d-d965ccfc6d4b" outcome="Passed" testListId="8c84fa94-04c1-424b-9868-57a2d4851a1d" relativeResultsDirectory="1ddd651f-fba5-44c9-9e44-7179f199d4e7" />
    <UnitTestResult executionId="9b596573-a0e1-4c0d-92b9-f70211b83803" testId="8ba31d1b-48e3-e04e-cff0-b927c63b4a19" testName="UnitTests.Services.LoggingServiceTests.LoggingService_DefaultConstructorExists" computerName="fv-az252-455" duration="00:00:00.1890000" startTime="2022-04-04T00:41:40.2853863+00:00" endTime="2022-04-04T00:41:40.2853863+00:00" testType="13cdc9d9-ddb5-4fa4-a97d-d965ccfc6d4b" outcome="Passed" testListId="8c84fa94-04c1-424b-9868-57a2d4851a1d" relativeResultsDirectory="9b596573-a0e1-4c0d-92b9-f70211b83803" />
    <UnitTestResult executionId="7fcdd704-f80b-4089-9170-654ffb149e5b" testId="d5b75914-a4f0-1327-0212-c8781f6dfe81" testName="UnitTests.EntensionMethodTests.IQueryable_IsOrdered_Works(ordered: False, descending: True, lastOrder: True)" computerName="fv-az252-455" duration="00:00:00.0070000" startTime="2022-04-04T00:41:43.1204536+00:00" endTime="2022-04-04T00:41:43.1204536+00:00" testType="13cdc9d9-ddb5-4fa4-a97d-d965ccfc6d4b" outcome="Passed" testListId="8c84fa94-04c1-424b-9868-57a2d4851a1d" relativeResultsDirectory="7fcdd704-f80b-4089-9170-654ffb149e5b" />
    <UnitTestResult executionId="d079dc61-4d97-45c0-8127-ff60562a39fb" testId="0f141a30-05bd-f4ed-a627-d40adca6b3ca" testName="UnitTests.Services.ItemServiceTests.GetItemsPage_GetsPages(page: 4, pageSize: 10, descending: False, expectedPages: 3, returnedPage: 3)" computerName="fv-az252-455" duration="00:00:00.0030000" startTime="2022-04-04T00:41:40.4529059+00:00" endTime="2022-04-04T00:41:40.4529059+00:00" testType="13cdc9d9-ddb5-4fa4-a97d-d965ccfc6d4b" outcome="Passed" testListId="8c84fa94-04c1-424b-9868-57a2d4851a1d" relativeResultsDirectory="d079dc61-4d97-45c0-8127-ff60562a39fb" />
    <UnitTestResult executionId="1123b2f7-5634-446b-b47f-1f1cc36b5104" testId="0bc54975-0bff-692e-a9b3-fc69f2c95a39" testName="UnitTests.Data.Repositories.GenericRepositoryTests.GenericRepositoryDeletes" computerName="fv-az252-455" duration="00:00:02.3960000" startTime="2022-04-04T00:41:42.9174582+00:00" endTime="2022-04-04T00:41:42.9174582+00:00" testType="13cdc9d9-ddb5-4fa4-a97d-d965ccfc6d4b" outcome="Passed" testListId="8c84fa94-04c1-424b-9868-57a2d4851a1d" relativeResultsDirectory="1123b2f7-5634-446b-b47f-1f1cc36b5104" />
    <UnitTestResult executionId="12a7e7e9-591c-4156-b047-ca46d11269c4" testId="24cfa8b0-48c3-8aab-e4c2-88694c220e2c" testName="UnitTests.Data.Repositories.GenericRepositoryTests.GenericRepositoryUpdate_ThrowsWithNullEntity" computerName="fv-az252-455" duration="00:00:00.0010000" startTime="2022-04-04T00:41:43.1044553+00:00" endTime="2022-04-04T00:41:43.1044553+00:00" testType="13cdc9d9-ddb5-4fa4-a97d-d965ccfc6d4b" outcome="Passed" testListId="8c84fa94-04c1-424b-9868-57a2d4851a1d" relativeResultsDirectory="12a7e7e9-591c-4156-b047-ca46d11269c4" />
    <UnitTestResult executionId="c5c4385a-5d31-4db0-b818-a720c1734605" testId="0dc5a512-bfd0-bc80-f676-16e6d961ec4d" testName="UnitTests.EntensionMethodTests.IQueryable_IsOrdered_Works(ordered: False, descending: False, lastOrder: True)" computerName="fv-az252-455" duration="00:00:00.0070000" startTime="2022-04-04T00:41:43.1564526+00:00" endTime="2022-04-04T00:41:43.1564526+00:00" testType="13cdc9d9-ddb5-4fa4-a97d-d965ccfc6d4b" outcome="Passed" testListId="8c84fa94-04c1-424b-9868-57a2d4851a1d" relativeResultsDirectory="c5c4385a-5d31-4db0-b818-a720c1734605" />
    <UnitTestResult executionId="48654954-a7af-4fa2-a776-0716849862b7" testId="61a8ccc9-c5b1-047b-3c97-f777ccc7d30b" testName="UnitTests.Controllers.ValidateModelAttributeTests.OnActionExecuting_Invalid_Works" computerName="fv-az252-455" duration="00:00:00.3920000" startTime="2022-04-04T00:41:43.6244315+00:00" endTime="2022-04-04T00:41:43.6244315+00:00" testType="13cdc9d9-ddb5-4fa4-a97d-d965ccfc6d4b" outcome="Passed" testListId="8c84fa94-04c1-424b-9868-57a2d4851a1d" relativeResultsDirectory="48654954-a7af-4fa2-a776-0716849862b7" />
    <UnitTestResult executionId="a353192e-00bf-45cd-8466-851d8255793e" testId="36689490-09d4-917f-648a-70dcfcfede10" testName="UnitTests.Data.Repositories.GenericRepositoryTests.GenericRepositoryCreate_ThrowsWithNullEntity" computerName="fv-az252-455" duration="00:00:00.0020000" startTime="2022-04-04T00:41:42.9524580+00:00" endTime="2022-04-04T00:41:42.9524580+00:00" testType="13cdc9d9-ddb5-4fa4-a97d-d965ccfc6d4b" outcome="Passed" testListId="8c84fa94-04c1-424b-9868-57a2d4851a1d" relativeResultsDirectory="a353192e-00bf-45cd-8466-851d8255793e" />
    <UnitTestResult executionId="c597ea91-9ab9-41ef-9f84-4235f882bf61" testId="0ebf358f-9eac-9438-b418-9c6aa81a6377" testName="UnitTests.Data.Repositories.GenericRepositoryTests.Repository_Update_UsesuserId" computerName="fv-az252-455" duration="00:00:00.0210000" startTime="2022-04-04T00:41:43.0344559+00:00" endTime="2022-04-04T00:41:43.0344559+00:00" testType="13cdc9d9-ddb5-4fa4-a97d-d965ccfc6d4b" outcome="Passed" testListId="8c84fa94-04c1-424b-9868-57a2d4851a1d" relativeResultsDirectory="c597ea91-9ab9-41ef-9f84-4235f882bf61" />
    <UnitTestResult executionId="0cd5f1df-ef23-4d74-8785-163d010440e2" testId="19b6234c-c2df-2304-54f9-54b0da4cd6ba" testName="UnitTests.Services.ItemServiceTests.CreateItem_NoNameThrows" computerName="fv-az252-455" duration="00:00:00.0010000" startTime="2022-04-04T00:41:40.5300800+00:00" endTime="2022-04-04T00:41:40.5300800+00:00" testType="13cdc9d9-ddb5-4fa4-a97d-d965ccfc6d4b" outcome="Passed" testListId="8c84fa94-04c1-424b-9868-57a2d4851a1d" relativeResultsDirectory="0cd5f1df-ef23-4d74-8785-163d010440e2" />
    <UnitTestResult executionId="55b8e724-4005-41f3-8645-3feae4aa1c9c" testId="0864c31d-6119-84d6-7f52-9d349dabbe84" testName="UnitTests.Services.ItemServiceTests.GetItemsPage_GetsPages(page: 0, pageSize: 0, descending: True, expectedPages: 30, returnedPage: 1)" computerName="fv-az252-455" duration="00:00:00.3170000" startTime="2022-04-04T00:41:40.3999053+00:00" endTime="2022-04-04T00:41:40.3999053+00:00" testType="13cdc9d9-ddb5-4fa4-a97d-d965ccfc6d4b" outcome="Passed" testListId="8c84fa94-04c1-424b-9868-57a2d4851a1d" relativeResultsDirectory="55b8e724-4005-41f3-8645-3feae4aa1c9c" />
    <UnitTestResult executionId="f9ed40dd-7214-4824-8b03-c3f42c44483a" testId="9168bdef-a759-f4d6-b890-b643e17324cf" testName="UnitTests.Services.LoggingServiceTests.LogginService_TestableConstructorLogsErrorWithException" computerName="fv-az252-455" duration="00:00:00.0380000" startTime="2022-04-04T00:41:40.3759063+00:00" endTime="2022-04-04T00:41:40.3759063+00:00" testType="13cdc9d9-ddb5-4fa4-a97d-d965ccfc6d4b" outcome="Passed" testListId="8c84fa94-04c1-424b-9868-57a2d4851a1d" relativeResultsDirectory="f9ed40dd-7214-4824-8b03-c3f42c44483a" />
    <UnitTestResult executionId="99c67895-eee1-4282-8722-81ec6e6d1e8e" testId="95a0a379-a9bd-3d99-f720-e626260de7f6" testName="UnitTests.EntensionMethodTests.IQueryable_GetPage_PagesProperly(count: 101, page: 1, pageSize: 50, expedtedPages: 3, expectedItems: 50, firstId: 1, descending: False)" computerName="fv-az252-455" duration="00:00:00.0470000" startTime="2022-04-04T00:41:43.0364566+00:00" endTime="2022-04-04T00:41:43.0364566+00:00" testType="13cdc9d9-ddb5-4fa4-a97d-d965ccfc6d4b" outcome="Passed" testListId="8c84fa94-04c1-424b-9868-57a2d4851a1d" relativeResultsDirectory="99c67895-eee1-4282-8722-81ec6e6d1e8e" />
    <UnitTestResult executionId="74868fb3-ba1e-453c-bd61-775f6d0899cc" testId="572fc310-4b67-9555-f147-153d39f2eb82" testName="UnitTests.Data.Entities.ItemTests.ItemConstructsProperly" computerName="fv-az252-455" duration="00:00:00.0010000" startTime="2022-04-04T00:41:43.2434551+00:00" endTime="2022-04-04T00:41:43.2434551+00:00" testType="13cdc9d9-ddb5-4fa4-a97d-d965ccfc6d4b" outcome="Passed" testListId="8c84fa94-04c1-424b-9868-57a2d4851a1d" relativeResultsDirectory="74868fb3-ba1e-453c-bd61-775f6d0899cc" />
    <UnitTestResult executionId="9295cc0a-077b-4a19-a5ed-6ef8055e884f" testId="b72028ed-e29e-ac6a-9e2e-bf700facee4e" testName="UnitTests.EntensionMethodTests.IQueryable_IsOrdered_Works(ordered: True, descending: False, lastOrder: False)" computerName="fv-az252-455" duration="00:00:00.0080000" startTime="2022-04-04T00:41:43.1544518+00:00" endTime="2022-04-04T00:41:43.1544518+00:00" testType="13cdc9d9-ddb5-4fa4-a97d-d965ccfc6d4b" outcome="Passed" testListId="8c84fa94-04c1-424b-9868-57a2d4851a1d" relativeResultsDirectory="9295cc0a-077b-4a19-a5ed-6ef8055e884f" />
    <UnitTestResult executionId="4366f31a-3020-4df4-92c8-f0cfea286c7e" testId="f754f777-4449-23e8-f4ec-917f49117de2" testName="UnitTests.Data.Repositories.GenericRepositoryTests.Repository_DeleteMissing_DoesNotThrow" computerName="fv-az252-455" duration="00:00:00.0080000" startTime="2022-04-04T00:41:43.0484542+00:00" endTime="2022-04-04T00:41:43.0484542+00:00" testType="13cdc9d9-ddb5-4fa4-a97d-d965ccfc6d4b" outcome="Passed" testListId="8c84fa94-04c1-424b-9868-57a2d4851a1d" relativeResultsDirectory="4366f31a-3020-4df4-92c8-f0cfea286c7e" />
    <UnitTestResult executionId="240ddaf9-259c-41b3-b92d-3387b8a4f800" testId="f46af852-6230-3d31-e31c-2959bffd491f" testName="UnitTests.EntensionMethodTests.IQueryable_IsOrdered_Works(ordered: True, descending: True, lastOrder: True)" computerName="fv-az252-455" duration="00:00:00.0100000" startTime="2022-04-04T00:41:43.1304535+00:00" endTime="2022-04-04T00:41:43.1304535+00:00" testType="13cdc9d9-ddb5-4fa4-a97d-d965ccfc6d4b" outcome="Passed" testListId="8c84fa94-04c1-424b-9868-57a2d4851a1d" relativeResultsDirectory="240ddaf9-259c-41b3-b92d-3387b8a4f800" />
    <UnitTestResult executionId="349715b3-2042-4686-b08f-ac55df232876" testId="a21637b0-54f8-4fa0-bc3b-95481a9fd90b" testName="UnitTests.Controllers.ModuleExceptionFilterAttributeTests.ArgumentException_BadRequest(exception: System.ArgumentNullException: Value cannot be null.&#xD;&#xA;Parameter name: Null, expectedStatusCode: BadRequest)" computerName="fv-az252-455" duration="00:00:00.0350000" startTime="2022-04-04T00:41:43.2564522+00:00" endTime="2022-04-04T00:41:43.2564522+00:00" testType="13cdc9d9-ddb5-4fa4-a97d-d965ccfc6d4b" outcome="Passed" testListId="8c84fa94-04c1-424b-9868-57a2d4851a1d" relativeResultsDirectory="349715b3-2042-4686-b08f-ac55df232876" />
    <UnitTestResult executionId="5033b7ad-ffc1-4a8c-9885-847c52d6e5c2" testId="96a18501-dea4-70b1-d572-baa1bb120da2" testName="UnitTests.Data.Entities.ItemTests.ItemPropertiesPersist(id: 2, name: &quot;Name2&quot;, description: &quot;Description2&quot;)" computerName="fv-az252-455" duration="00:00:00.0010000" startTime="2022-04-04T00:41:43.2424525+00:00" endTime="2022-04-04T00:41:43.2424525+00:00" testType="13cdc9d9-ddb5-4fa4-a97d-d965ccfc6d4b" outcome="Passed" testListId="8c84fa94-04c1-424b-9868-57a2d4851a1d" relativeResultsDirectory="5033b7ad-ffc1-4a8c-9885-847c52d6e5c2" />
    <UnitTestResult executionId="8648c67a-a32c-448e-8549-4dc7f81e9378" testId="a9198ad3-782e-a37c-0b5f-1330f5318f55" testName="UnitTests.Services.ItemServiceTests.CreateItem_Creates" computerName="fv-az252-455" duration="00:00:00.0060000" startTime="2022-04-04T00:41:40.5440794+00:00" endTime="2022-04-04T00:41:40.5440794+00:00" testType="13cdc9d9-ddb5-4fa4-a97d-d965ccfc6d4b" outcome="Passed" testListId="8c84fa94-04c1-424b-9868-57a2d4851a1d" relativeResultsDirectory="8648c67a-a32c-448e-8549-4dc7f81e9378" />
    <UnitTestResult executionId="a402c8fa-2cdc-4ac7-854b-a93e43ebcd81" testId="b76e01b1-6afe-f33b-c6a9-ea3347176509" testName="UnitTests.Services.ItemServiceTests.UpdateItem_NoName_Throws(name: null)" computerName="fv-az252-455" duration="00:00:00.0010000" startTime="2022-04-04T00:41:40.5310791+00:00" endTime="2022-04-04T00:41:40.5310791+00:00" testType="13cdc9d9-ddb5-4fa4-a97d-d965ccfc6d4b" outcome="Passed" testListId="8c84fa94-04c1-424b-9868-57a2d4851a1d" relativeResultsDirectory="a402c8fa-2cdc-4ac7-854b-a93e43ebcd81" />
    <UnitTestResult executionId="06cf779f-9765-4e16-847c-5f9ef6adffb5" testId="1b051fa0-d4cc-1b32-80bb-d56b714e3066" testName="UnitTests.Services.ItemServiceTests.GetItemsPage_GetsPages(page: 1, pageSize: 20, descending: False, expectedPages: 2, returnedPage: 1)" computerName="fv-az252-455" duration="00:00:00.0030000" startTime="2022-04-04T00:41:40.4049050+00:00" endTime="2022-04-04T00:41:40.4049050+00:00" testType="13cdc9d9-ddb5-4fa4-a97d-d965ccfc6d4b" outcome="Passed" testListId="8c84fa94-04c1-424b-9868-57a2d4851a1d" relativeResultsDirectory="06cf779f-9765-4e16-847c-5f9ef6adffb5" />
    <UnitTestResult executionId="70011357-d2a5-4dea-8c42-79007c2f3572" testId="1017c6c1-9dd0-57dc-36e7-bb573d02562e" testName="UnitTests.Controllers.ItemControllerTests.GetItemsPage_GetsProperPages" computerName="fv-az252-455" duration="00:00:00.0050000" startTime="2022-04-04T00:41:43.2494497+00:00" endTime="2022-04-04T00:41:43.2494497+00:00" testType="13cdc9d9-ddb5-4fa4-a97d-d965ccfc6d4b" outcome="Passed" testListId="8c84fa94-04c1-424b-9868-57a2d4851a1d" relativeResultsDirectory="70011357-d2a5-4dea-8c42-79007c2f3572" />
    <UnitTestResult executionId="9328fb9b-97f1-416a-b0d0-47c70ccc6d3c" testId="aec60494-3c2e-8ec9-f948-da5bb2043983" testName="UnitTests.Controllers.ItemControllerTests.UserCanEdit_ReturnsBool(canEdit: True)" computerName="fv-az252-455" duration="00:00:00.0010000" startTime="2022-04-04T00:41:43.2464524+00:00" endTime="2022-04-04T00:41:43.2464524+00:00" testType="13cdc9d9-ddb5-4fa4-a97d-d965ccfc6d4b" outcome="Passed" testListId="8c84fa94-04c1-424b-9868-57a2d4851a1d" relativeResultsDirectory="9328fb9b-97f1-416a-b0d0-47c70ccc6d3c" />
    <UnitTestResult executionId="4976a2cf-6626-48ee-a279-01a594510e30" testId="d15ea2a7-9f9f-b92b-50fa-470898da705d" testName="UnitTests.Data.Repositories.GenericRepositoryTests.GenericRepositoryGetsAll(iterations: 3)" computerName="fv-az252-455" duration="00:00:00.0080000" startTime="2022-04-04T00:41:43.0454568+00:00" endTime="2022-04-04T00:41:43.0454568+00:00" testType="13cdc9d9-ddb5-4fa4-a97d-d965ccfc6d4b" outcome="Passed" testListId="8c84fa94-04c1-424b-9868-57a2d4851a1d" relativeResultsDirectory="4976a2cf-6626-48ee-a279-01a594510e30" />
    <UnitTestResult executionId="c9d01d41-a4da-471e-b819-008d3c97a99a" testId="44b00d3a-bad7-aefd-141c-4a35b11463b2" testName="UnitTests.Data.Repositories.GenericRepositoryTests.Repository_Update_DefaultAudit" computerName="fv-az252-455" duration="00:00:00.0100000" startTime="2022-04-04T00:41:43.1024538+00:00" endTime="2022-04-04T00:41:43.1024538+00:00" testType="13cdc9d9-ddb5-4fa4-a97d-d965ccfc6d4b" outcome="Passed" testListId="8c84fa94-04c1-424b-9868-57a2d4851a1d" relativeResultsDirectory="c9d01d41-a4da-471e-b819-008d3c97a99a" />
    <UnitTestResult executionId="46da5fa7-2865-47b1-993f-618b200e8d7f" testId="d16880d7-fb44-f209-43d9-ba2e0e1875de" testName="UnitTests.Data.Repositories.GenericRepositoryTests.GenericRepositoryGetsAll(iterations: 1)" computerName="fv-az252-455" duration="00:00:00.0150000" startTime="2022-04-04T00:41:43.0464554+00:00" endTime="2022-04-04T00:41:43.0464554+00:00" testType="13cdc9d9-ddb5-4fa4-a97d-d965ccfc6d4b" outcome="Passed" testListId="8c84fa94-04c1-424b-9868-57a2d4851a1d" relativeResultsDirectory="46da5fa7-2865-47b1-993f-618b200e8d7f" />
    <UnitTestResult executionId="8cca70a6-0c4c-45b4-82b5-02727bbe839e" testId="986d7e6e-d04d-b204-b01c-fbb8f09c7774" testName="UnitTests.Controllers.ServiceRouteMapperTests.RegisterRoutes_RegistersAtLestOneRoute" computerName="fv-az252-455" duration="00:00:00.0180000" startTime="2022-04-04T00:41:40.7083430+00:00" endTime="2022-04-04T00:41:40.7083430+00:00" testType="13cdc9d9-ddb5-4fa4-a97d-d965ccfc6d4b" outcome="Passed" testListId="8c84fa94-04c1-424b-9868-57a2d4851a1d" relativeResultsDirectory="8cca70a6-0c4c-45b4-82b5-02727bbe839e" />
    <UnitTestResult executionId="dbc1001d-ec6a-4a89-b5ed-0405c4e572b3" testId="e55f1742-c16d-5086-2251-ad3372dd48f5" testName="UnitTests.Controllers.ValidateModelAttributeTests.OnActionExecuting_Valid_Works" computerName="fv-az252-455" duration="00:00:00.0030000" startTime="2022-04-04T00:41:43.2614486+00:00" endTime="2022-04-04T00:41:43.2614486+00:00" testType="13cdc9d9-ddb5-4fa4-a97d-d965ccfc6d4b" outcome="Passed" testListId="8c84fa94-04c1-424b-9868-57a2d4851a1d" relativeResultsDirectory="dbc1001d-ec6a-4a89-b5ed-0405c4e572b3" />
    <UnitTestResult executionId="fcbb2755-c6e9-4880-a2f6-cc7ad35ee8df" testId="70ede014-c412-e387-bb98-e95b3b42090d" testName="UnitTests.Data.Repositories.GenericRepositoryTests.GenericRepositoryUpdates" computerName="fv-az252-455" duration="00:00:00.0280000" startTime="2022-04-04T00:41:43.0374567+00:00" endTime="2022-04-04T00:41:43.0374567+00:00" testType="13cdc9d9-ddb5-4fa4-a97d-d965ccfc6d4b" outcome="Passed" testListId="8c84fa94-04c1-424b-9868-57a2d4851a1d" relativeResultsDirectory="fcbb2755-c6e9-4880-a2f6-cc7ad35ee8df" />
    <UnitTestResult executionId="7734deda-8282-4a69-a7f6-b542c154b4e6" testId="a21637b0-54f8-4fa0-bc3b-95481a9fd90b" testName="UnitTests.Controllers.ModuleExceptionFilterAttributeTests.ArgumentException_BadRequest(exception: System.UnauthorizedAccessException: Unauthorized, expectedStatusCode: Unauthorized)" computerName="fv-az252-455" duration="00:00:00.0010000" startTime="2022-04-04T00:41:43.2584491+00:00" endTime="2022-04-04T00:41:43.2584491+00:00" testType="13cdc9d9-ddb5-4fa4-a97d-d965ccfc6d4b" outcome="Passed" testListId="8c84fa94-04c1-424b-9868-57a2d4851a1d" relativeResultsDirectory="7734deda-8282-4a69-a7f6-b542c154b4e6" />
    <UnitTestResult executionId="60023b29-9e3d-488e-9eb6-a9408e396fff" testId="392ed628-2028-c945-b97e-893658a1e82b" testName="UnitTests.Data.Entities.ItemTests.ItemPropertiesPersist(id: 1, name: &quot;Name1&quot;, description: &quot;Description1&quot;)" computerName="fv-az252-455" duration="00:00:00.0010000" startTime="2022-04-04T00:41:43.2404520+00:00" endTime="2022-04-04T00:41:43.2404520+00:00" testType="13cdc9d9-ddb5-4fa4-a97d-d965ccfc6d4b" outcome="Passed" testListId="8c84fa94-04c1-424b-9868-57a2d4851a1d" relativeResultsDirectory="60023b29-9e3d-488e-9eb6-a9408e396fff" />
    <UnitTestResult executionId="9282cb82-043e-4d7f-bbb6-985c65058ea5" testId="ffe5c770-9b99-42c0-ce21-7e50cccf4385" testName="UnitTests.Data.Repositories.GenericRepositoryTests.GenericRepositoryGetsAll(iterations: 2)" computerName="fv-az252-455" duration="00:00:00.0080000" startTime="2022-04-04T00:41:43.0424554+00:00" endTime="2022-04-04T00:41:43.0424554+00:00" testType="13cdc9d9-ddb5-4fa4-a97d-d965ccfc6d4b" outcome="Passed" testListId="8c84fa94-04c1-424b-9868-57a2d4851a1d" relativeResultsDirectory="9282cb82-043e-4d7f-bbb6-985c65058ea5" />
    <UnitTestResult executionId="5c4dd93e-08c0-42d3-bede-8887bd7dd48e" testId="2d3a68b5-bf4c-0513-b733-5ed612794244" testName="UnitTests.EntensionMethodTests.IQueryable_GetPage_EmptyDoesNotThrow" computerName="fv-az252-455" duration="00:00:00.0220000" startTime="2022-04-04T00:41:43.1794510+00:00" endTime="2022-04-04T00:41:43.1794510+00:00" testType="13cdc9d9-ddb5-4fa4-a97d-d965ccfc6d4b" outcome="Passed" testListId="8c84fa94-04c1-424b-9868-57a2d4851a1d" relativeResultsDirectory="5c4dd93e-08c0-42d3-bede-8887bd7dd48e" />
    <UnitTestResult executionId="195b9827-c777-47b0-81b0-6fb4479c8a4c" testId="a21637b0-54f8-4fa0-bc3b-95481a9fd90b" testName="UnitTests.Controllers.ModuleExceptionFilterAttributeTests.ArgumentException_BadRequest(exception: System.NotImplementedException: Not Implemented, expectedStatusCode: NotImplemented)" computerName="fv-az252-455" duration="00:00:00.0010000" startTime="2022-04-04T00:41:43.2574499+00:00" endTime="2022-04-04T00:41:43.2574499+00:00" testType="13cdc9d9-ddb5-4fa4-a97d-d965ccfc6d4b" outcome="Passed" testListId="8c84fa94-04c1-424b-9868-57a2d4851a1d" relativeResultsDirectory="195b9827-c777-47b0-81b0-6fb4479c8a4c" />
    <UnitTestResult executionId="bedddbf9-9198-4883-be1c-85de5acf8dca" testId="8bbc68bc-7714-d990-1480-dfaedaafbd62" testName="UnitTests.EntensionMethodTests.IQueryable_GetPage_PagesProperly(count: 0, page: 0, pageSize: 0, expedtedPages: 0, expectedItems: 0, firstId: null, descending: False)" computerName="fv-az252-455" duration="00:00:00.0270000" startTime="2022-04-04T00:41:42.9524580+00:00" endTime="2022-04-04T00:41:42.9524580+00:00" testType="13cdc9d9-ddb5-4fa4-a97d-d965ccfc6d4b" outcome="Passed" testListId="8c84fa94-04c1-424b-9868-57a2d4851a1d" relativeResultsDirectory="bedddbf9-9198-4883-be1c-85de5acf8dca" />
    <UnitTestResult executionId="d9bae880-f8ee-4563-94ea-5d8033bfdf5d" testId="478b61ee-7d85-9dbe-985d-08c590f8666a" testName="UnitTests.Controllers.ItemControllerTests.DeleteItem_Deletes(itemId: 1)" computerName="fv-az252-455" duration="00:00:00.0010000" startTime="2022-04-04T00:41:43.2524494+00:00" endTime="2022-04-04T00:41:43.2524494+00:00" testType="13cdc9d9-ddb5-4fa4-a97d-d965ccfc6d4b" outcome="Passed" testListId="8c84fa94-04c1-424b-9868-57a2d4851a1d" relativeResultsDirectory="d9bae880-f8ee-4563-94ea-5d8033bfdf5d" />
    <UnitTestResult executionId="16e06926-04f5-4d6e-bee4-2e489ad42c75" testId="73fc5149-51d6-8241-9c9f-f48c28e448e3" testName="UnitTests.EntensionMethodTests.IQueryable_IsOrdered_ThrowsWithNull" computerName="fv-az252-455" duration="00:00:00.0010000" startTime="2022-04-04T00:41:43.1814513+00:00" endTime="2022-04-04T00:41:43.1814513+00:00" testType="13cdc9d9-ddb5-4fa4-a97d-d965ccfc6d4b" outcome="Passed" testListId="8c84fa94-04c1-424b-9868-57a2d4851a1d" relativeResultsDirectory="16e06926-04f5-4d6e-bee4-2e489ad42c75" />
    <UnitTestResult executionId="3eeef3f0-8e47-45ec-b559-ebf97277b152" testId="3cbfa5d3-e0f6-eff8-ed5c-556fa1f3e131" testName="UnitTests.Services.ItemServiceTests.UpdateItem_NoName_Throws(name: &quot;&quot;)" computerName="fv-az252-455" duration="00:00:00.0010000" startTime="2022-04-04T00:41:40.5350792+00:00" endTime="2022-04-04T00:41:40.5350792+00:00" testType="13cdc9d9-ddb5-4fa4-a97d-d965ccfc6d4b" outcome="Passed" testListId="8c84fa94-04c1-424b-9868-57a2d4851a1d" relativeResultsDirectory="3eeef3f0-8e47-45ec-b559-ebf97277b152" />
    <UnitTestResult executionId="c7c90714-1da6-4a3c-9d00-04aa27eb54b7" testId="a21637b0-54f8-4fa0-bc3b-95481a9fd90b" testName="UnitTests.Controllers.ModuleExceptionFilterAttributeTests.ArgumentException_BadRequest(exception: System.ArgumentOutOfRangeException: Specified argument was out of the range of valid values.&#xD;&#xA;Parameter name: Out of range, expectedStatusCode: BadRequest)" computerName="fv-az252-455" duration="00:00:00.0010000" startTime="2022-04-04T00:41:43.2564522+00:00" endTime="2022-04-04T00:41:43.2564522+00:00" testType="13cdc9d9-ddb5-4fa4-a97d-d965ccfc6d4b" outcome="Passed" testListId="8c84fa94-04c1-424b-9868-57a2d4851a1d" relativeResultsDirectory="c7c90714-1da6-4a3c-9d00-04aa27eb54b7" />
    <UnitTestResult executionId="9dbd27b0-58b7-4d14-bc0a-6a417d8f953a" testId="7e661283-b2b2-d632-266b-6af1f3374c08" testName="UnitTests.EntensionMethodTests.IQueryable_GetPage_PagesProperly(count: 21, page: 1, pageSize: 10, expedtedPages: 3, expectedItems: 10, firstId: 21, descending: True)" computerName="fv-az252-455" duration="00:00:00.0270000" startTime="2022-04-04T00:41:43.1074556+00:00" endTime="2022-04-04T00:41:43.1074556+00:00" testType="13cdc9d9-ddb5-4fa4-a97d-d965ccfc6d4b" outcome="Passed" testListId="8c84fa94-04c1-424b-9868-57a2d4851a1d" relativeResultsDirectory="9dbd27b0-58b7-4d14-bc0a-6a417d8f953a" />
    <UnitTestResult executionId="7f7ed7d5-a9ab-48bc-99f8-e6da4b73635f" testId="bae3532a-4a9e-c4ab-fc66-4dfa22d16170" testName="UnitTests.Controllers.ModuleApiControllerTests.HasUserInfo" computerName="fv-az252-455" duration="00:00:00.0590000" startTime="2022-04-04T00:41:40.7689217+00:00" endTime="2022-04-04T00:41:40.7689217+00:00" testType="13cdc9d9-ddb5-4fa4-a97d-d965ccfc6d4b" outcome="Passed" testListId="8c84fa94-04c1-424b-9868-57a2d4851a1d" relativeResultsDirectory="7f7ed7d5-a9ab-48bc-99f8-e6da4b73635f" />
    <UnitTestResult executionId="05736477-7748-4132-a0d5-38dbd3cf4b98" testId="6f0b47a1-9d18-a5d8-8dd1-c8f266712c15" testName="UnitTests.EntensionMethodTests.IQueryable_IsOrdered_Works(ordered: True, descending: True, lastOrder: False)" computerName="fv-az252-455" duration="00:00:00.0070000" startTime="2022-04-04T00:41:43.1144547+00:00" endTime="2022-04-04T00:41:43.1144547+00:00" testType="13cdc9d9-ddb5-4fa4-a97d-d965ccfc6d4b" outcome="Passed" testListId="8c84fa94-04c1-424b-9868-57a2d4851a1d" relativeResultsDirectory="05736477-7748-4132-a0d5-38dbd3cf4b98" />
    <UnitTestResult executionId="d8e746d9-882b-4346-afe7-667dbb0ea8e0" testId="a21637b0-54f8-4fa0-bc3b-95481a9fd90b" testName="UnitTests.Controllers.ModuleExceptionFilterAttributeTests.ArgumentException_BadRequest(exception: System.TimeoutException: Timed out, expectedStatusCode: RequestTimeout)" computerName="fv-az252-455" duration="00:00:00.0010000" startTime="2022-04-04T00:41:43.2584491+00:00" endTime="2022-04-04T00:41:43.2584491+00:00" testType="13cdc9d9-ddb5-4fa4-a97d-d965ccfc6d4b" outcome="Passed" testListId="8c84fa94-04c1-424b-9868-57a2d4851a1d" relativeResultsDirectory="d8e746d9-882b-4346-afe7-667dbb0ea8e0" />
    <UnitTestResult executionId="8a17ee1c-2567-4b2a-8135-4c068bc77d72" testId="2695f427-ed7b-9f97-5696-f97a7702128c" testName="UnitTests.EntensionMethodTests.IQueryable_GetPage_PagesProperly(count: 20, page: 2, pageSize: 10, expedtedPages: 2, expectedItems: 10, firstId: 11, descending: False)" computerName="fv-az252-455" duration="00:00:02.1470000" startTime="2022-04-04T00:41:42.9254575+00:00" endTime="2022-04-04T00:41:42.9254575+00:00" testType="13cdc9d9-ddb5-4fa4-a97d-d965ccfc6d4b" outcome="Passed" testListId="8c84fa94-04c1-424b-9868-57a2d4851a1d" relativeResultsDirectory="8a17ee1c-2567-4b2a-8135-4c068bc77d72" />
    <UnitTestResult executionId="becd366e-6754-45ed-9dd2-708d0861278c" testId="e6610648-e456-1c64-d2b1-7e1242b871a8" testName="UnitTests.Services.ItemServiceTests.DeleteItem_Deletes" computerName="fv-az252-455" duration="00:00:00.0010000" startTime="2022-04-04T00:41:40.5420819+00:00" endTime="2022-04-04T00:41:40.5420819+00:00" testType="13cdc9d9-ddb5-4fa4-a97d-d965ccfc6d4b" outcome="Passed" testListId="8c84fa94-04c1-424b-9868-57a2d4851a1d" relativeResultsDirectory="becd366e-6754-45ed-9dd2-708d0861278c" />
    <UnitTestResult executionId="eac6da13-bad5-45ad-8091-bf3d47ba000e" testId="9207202d-19b8-8eb5-74dc-6aa5d849467c" testName="UnitTests.EntensionMethodTests.IQueryable_GetPage_PagesProperly(count: 10, page: 1, pageSize: 10, expedtedPages: 1, expectedItems: 10, firstId: 1, descending: False)" computerName="fv-az252-455" duration="00:00:00.0420000" startTime="2022-04-04T00:41:43.0524553+00:00" endTime="2022-04-04T00:41:43.0524553+00:00" testType="13cdc9d9-ddb5-4fa4-a97d-d965ccfc6d4b" outcome="Passed" testListId="8c84fa94-04c1-424b-9868-57a2d4851a1d" relativeResultsDirectory="eac6da13-bad5-45ad-8091-bf3d47ba000e" />
    <UnitTestResult executionId="af3518e1-3f8b-475e-a2a2-87516c3a50f1" testId="3140ebc5-2430-06b3-4257-a6794b9b09ac" testName="UnitTests.EntensionMethodTests.IQueryable_IsOrdered_Works(ordered: True, descending: False, lastOrder: True)" computerName="fv-az252-455" duration="00:00:00.0070000" startTime="2022-04-04T00:41:43.1534524+00:00" endTime="2022-04-04T00:41:43.1534524+00:00" testType="13cdc9d9-ddb5-4fa4-a97d-d965ccfc6d4b" outcome="Passed" testListId="8c84fa94-04c1-424b-9868-57a2d4851a1d" relativeResultsDirectory="af3518e1-3f8b-475e-a2a2-87516c3a50f1" />
    <UnitTestResult executionId="72ec24a9-a946-4258-9fdd-df43637aacec" testId="5f92ec4d-d570-0452-b891-d4cee75db9dd" testName="UnitTests.Controllers.ModuleApiControllerTests.CanEdit_Set_Throws" computerName="fv-az252-455" duration="00:00:00.0010000" startTime="2022-04-04T00:41:40.7103414+00:00" endTime="2022-04-04T00:41:40.7103414+00:00" testType="13cdc9d9-ddb5-4fa4-a97d-d965ccfc6d4b" outcome="Passed" testListId="8c84fa94-04c1-424b-9868-57a2d4851a1d" relativeResultsDirectory="72ec24a9-a946-4258-9fdd-df43637aacec" />
    <UnitTestResult executionId="6f698f78-0060-403a-a9e9-b20159b66eca" testId="ac1c50bc-98fd-036f-fe0f-d46cb187f90e" testName="UnitTests.Services.LoggingServiceTests.LogginService_TestableConstructorLogsError" computerName="fv-az252-455" duration="00:00:00.0560000" startTime="2022-04-04T00:41:40.3493849+00:00" endTime="2022-04-04T00:41:40.3493849+00:00" testType="13cdc9d9-ddb5-4fa4-a97d-d965ccfc6d4b" outcome="Passed" testListId="8c84fa94-04c1-424b-9868-57a2d4851a1d" relativeResultsDirectory="6f698f78-0060-403a-a9e9-b20159b66eca" />
    <UnitTestResult executionId="c130b04c-a677-4f25-bb83-b43c2474b17f" testId="588a2c1b-7788-beb2-ade0-06788d455d25" testName="UnitTests.Controllers.ItemControllerTests.CreateItem_Creates" computerName="fv-az252-455" duration="00:00:00.0030000" startTime="2022-04-04T00:41:43.2474498+00:00" endTime="2022-04-04T00:41:43.2474498+00:00" testType="13cdc9d9-ddb5-4fa4-a97d-d965ccfc6d4b" outcome="Passed" testListId="8c84fa94-04c1-424b-9868-57a2d4851a1d" relativeResultsDirectory="c130b04c-a677-4f25-bb83-b43c2474b17f" />
    <UnitTestResult executionId="97971d71-fc36-4320-9677-b62ea883c0e0" testId="ad3412e8-5f64-2020-a5b6-bd4cca8c3b7d" testName="UnitTests.Data.Repositories.GenericRepositoryTests.GenericRepositoryGet" computerName="fv-az252-455" duration="00:00:00.0200000" startTime="2022-04-04T00:41:42.9504582+00:00" endTime="2022-04-04T00:41:42.9504582+00:00" testType="13cdc9d9-ddb5-4fa4-a97d-d965ccfc6d4b" outcome="Passed" testListId="8c84fa94-04c1-424b-9868-57a2d4851a1d" relativeResultsDirectory="97971d71-fc36-4320-9677-b62ea883c0e0" />
    <UnitTestResult executionId="3f9bcbd9-ba24-41d9-a17f-a167d41e915d" testId="263c08b1-704a-f3c2-309e-6dee831dbdc9" testName="UnitTests.Services.ItemServiceTests.UpdateItem_NullDto_Throws" computerName="fv-az252-455" duration="00:00:00.0100000" startTime="2022-04-04T00:41:40.5290799+00:00" endTime="2022-04-04T00:41:40.5290799+00:00" testType="13cdc9d9-ddb5-4fa4-a97d-d965ccfc6d4b" outcome="Passed" testListId="8c84fa94-04c1-424b-9868-57a2d4851a1d" relativeResultsDirectory="3f9bcbd9-ba24-41d9-a17f-a167d41e915d" />
    <UnitTestResult executionId="b061dbb2-2859-495e-8ef8-8fbbeebbf637" testId="d6094ca1-b65b-5133-f464-9f7d01f0d023" testName="UnitTests.Controllers.ItemControllerTests.DeleteItem_Deletes(itemId: 10)" computerName="fv-az252-455" duration="00:00:00.0010000" startTime="2022-04-04T00:41:43.2514500+00:00" endTime="2022-04-04T00:41:43.2514500+00:00" testType="13cdc9d9-ddb5-4fa4-a97d-d965ccfc6d4b" outcome="Passed" testListId="8c84fa94-04c1-424b-9868-57a2d4851a1d" relativeResultsDirectory="b061dbb2-2859-495e-8ef8-8fbbeebbf637" />
    <UnitTestResult executionId="b4f4436f-62ce-4650-b390-912db9acfa9c" testId="1c164fbc-1ab1-9884-ccb8-9e84f4c977d0" testName="UnitTests.Services.ItemServiceTests.UpdateItem_NoName_Throws(name: &quot; &quot;)" computerName="fv-az252-455" duration="00:00:00.0010000" startTime="2022-04-04T00:41:40.5330791+00:00" endTime="2022-04-04T00:41:40.5330791+00:00" testType="13cdc9d9-ddb5-4fa4-a97d-d965ccfc6d4b" outcome="Passed" testListId="8c84fa94-04c1-424b-9868-57a2d4851a1d" relativeResultsDirectory="b4f4436f-62ce-4650-b390-912db9acfa9c" />
    <UnitTestResult executionId="d2e51695-63ff-4180-a4d8-1284a1cebaee" testId="a21637b0-54f8-4fa0-bc3b-95481a9fd90b" testName="UnitTests.Controllers.ModuleExceptionFilterAttributeTests.ArgumentException_BadRequest(exception: System.ArgumentException: Argument, expectedStatusCode: BadRequest)" computerName="fv-az252-455" duration="00:00:00.0010000" startTime="2022-04-04T00:41:43.2574499+00:00" endTime="2022-04-04T00:41:43.2574499+00:00" testType="13cdc9d9-ddb5-4fa4-a97d-d965ccfc6d4b" outcome="Passed" testListId="8c84fa94-04c1-424b-9868-57a2d4851a1d" relativeResultsDirectory="d2e51695-63ff-4180-a4d8-1284a1cebaee" />
    <UnitTestResult executionId="bca4f78e-a29e-4847-83ee-69dc562880dc" testId="168fc980-36e3-101b-62b1-f5ab71e9fc0d" testName="UnitTests.Controllers.LocalizationControllerTests.GetLocalization_CallsLocalizationService" computerName="fv-az252-455" duration="00:00:00.0380000" startTime="2022-04-04T00:41:40.5450789+00:00" endTime="2022-04-04T00:41:40.5450789+00:00" testType="13cdc9d9-ddb5-4fa4-a97d-d965ccfc6d4b" outcome="Passed" testListId="8c84fa94-04c1-424b-9868-57a2d4851a1d" relativeResultsDirectory="bca4f78e-a29e-4847-83ee-69dc562880dc" />
    <UnitTestResult executionId="162ef188-c28c-4061-864a-dbd612a56e96" testId="2aef35a8-73ad-0c03-c8a4-2b5a1d37af8f" testName="UnitTests.EntensionMethodTests.IQueryable_IsOrdered_Works(ordered: False, descending: False, lastOrder: False)" computerName="fv-az252-455" duration="00:00:00.0100000" startTime="2022-04-04T00:41:43.1094544+00:00" endTime="2022-04-04T00:41:43.1094544+00:00" testType="13cdc9d9-ddb5-4fa4-a97d-d965ccfc6d4b" outcome="Passed" testListId="8c84fa94-04c1-424b-9868-57a2d4851a1d" relativeResultsDirectory="162ef188-c28c-4061-864a-dbd612a56e96" />
    <UnitTestResult executionId="97bec888-07f6-425e-bc1f-89ff048b9a1d" testId="f5652070-1b22-f5a7-3f3f-68b37c9184a8" testName="UnitTests.Services.ItemServiceTests.CreateItem_NoItemThrows" computerName="fv-az252-455" duration="00:00:00.0010000" startTime="2022-04-04T00:41:40.5380804+00:00" endTime="2022-04-04T00:41:40.5380804+00:00" testType="13cdc9d9-ddb5-4fa4-a97d-d965ccfc6d4b" outcome="Passed" testListId="8c84fa94-04c1-424b-9868-57a2d4851a1d" relativeResultsDirectory="97bec888-07f6-425e-bc1f-89ff048b9a1d" />
    <UnitTestResult executionId="6bbd0ab0-8a8a-4eb7-a3f6-775d9b9cf585" testId="e1c7f76f-6195-c844-23c0-304b47fbae66" testName="UnitTests.Data.Repositories.GenericRepositoryTests.Repository_Create_UsesUserId" computerName="fv-az252-455" duration="00:00:00.0090000" startTime="2022-04-04T00:41:42.9294585+00:00" endTime="2022-04-04T00:41:42.9294585+00:00" testType="13cdc9d9-ddb5-4fa4-a97d-d965ccfc6d4b" outcome="Passed" testListId="8c84fa94-04c1-424b-9868-57a2d4851a1d" relativeResultsDirectory="6bbd0ab0-8a8a-4eb7-a3f6-775d9b9cf585" />
    <UnitTestResult executionId="58fea990-f30d-458e-b4cc-68ddb1cdb004" testId="19223079-ea41-5691-855c-970af1a1e611" testName="UnitTests.Services.ItemServiceTests.GetItemsPage_GetsPages(page: 1, pageSize: 10, descending: False, expectedPages: 3, returnedPage: 1)" computerName="fv-az252-455" duration="00:00:00.0020000" startTime="2022-04-04T00:41:40.4079054+00:00" endTime="2022-04-04T00:41:40.4079054+00:00" testType="13cdc9d9-ddb5-4fa4-a97d-d965ccfc6d4b" outcome="Passed" testListId="8c84fa94-04c1-424b-9868-57a2d4851a1d" relativeResultsDirectory="58fea990-f30d-458e-b4cc-68ddb1cdb004" />
    <UnitTestResult executionId="555bfc5c-4b14-4721-be5c-cda6db8f5037" testId="4bb697d7-9cb3-28c5-7c49-3e60c8ee823d" testName="UnitTests.EntensionMethodTests.IQueryable_GetPage_PagesProperly(count: 0, page: -1, pageSize: -1, expedtedPages: 0, expectedItems: 0, firstId: null, descending: False)" computerName="fv-az252-455" duration="00:00:00.0110000" startTime="2022-04-04T00:41:43.0414560+00:00" endTime="2022-04-04T00:41:43.0414560+00:00" testType="13cdc9d9-ddb5-4fa4-a97d-d965ccfc6d4b" outcome="Passed" testListId="8c84fa94-04c1-424b-9868-57a2d4851a1d" relativeResultsDirectory="555bfc5c-4b14-4721-be5c-cda6db8f5037" />
    <UnitTestResult executionId="7e73c68a-6188-4fd8-9cbd-b94a69fe675d" testId="4fe0dd0f-2fa0-9c42-e816-a6df28150b72" testName="UnitTests.Data.Repositories.GenericRepositoryTests.GenericRepositoryGetsAll(iterations: 0)" computerName="fv-az252-455" duration="00:00:00.0060000" startTime="2022-04-04T00:41:43.0434558+00:00" endTime="2022-04-04T00:41:43.0434558+00:00" testType="13cdc9d9-ddb5-4fa4-a97d-d965ccfc6d4b" outcome="Passed" testListId="8c84fa94-04c1-424b-9868-57a2d4851a1d" relativeResultsDirectory="7e73c68a-6188-4fd8-9cbd-b94a69fe675d" />
    <UnitTestResult executionId="3c9071ee-430f-4eac-87d7-5f4ce109d6e4" testId="0247c7e7-7d1c-099b-2ac8-81a47ff2509a" testName="UnitTests.Controllers.ItemControllerTests.UserCanEdit_ReturnsBool(canEdit: False)" computerName="fv-az252-455" duration="00:00:00.0070000" startTime="2022-04-04T00:41:43.2454498+00:00" endTime="2022-04-04T00:41:43.2454498+00:00" testType="13cdc9d9-ddb5-4fa4-a97d-d965ccfc6d4b" outcome="Passed" testListId="8c84fa94-04c1-424b-9868-57a2d4851a1d" relativeResultsDirectory="3c9071ee-430f-4eac-87d7-5f4ce109d6e4" />
    <UnitTestResult executionId="079c3d5d-3da4-478e-93f0-158a3aeb7fe0" testId="ae39aa62-5ff2-56e7-d00e-ef116d711d51" testName="UnitTests.Data.Repositories.GenericRepositoryTests.Repository_Create_DefaultAudit" computerName="fv-az252-455" duration="00:00:00.0060000" startTime="2022-04-04T00:41:43.1054550+00:00" endTime="2022-04-04T00:41:43.1054550+00:00" testType="13cdc9d9-ddb5-4fa4-a97d-d965ccfc6d4b" outcome="Passed" testListId="8c84fa94-04c1-424b-9868-57a2d4851a1d" relativeResultsDirectory="079c3d5d-3da4-478e-93f0-158a3aeb7fe0" />
    <UnitTestResult executionId="6782c351-d20e-4f58-8fc9-ca192256bd0f" testId="113f48ce-a6a3-c5df-7589-ba5a5fcb9c59" testName="UnitTests.Controllers.ModuleExceptionFilterAttributeTests.NoException_DoesNothing" computerName="fv-az252-455" duration="00:00:00.0010000" startTime="2022-04-04T00:41:43.2604497+00:00" endTime="2022-04-04T00:41:43.2604497+00:00" testType="13cdc9d9-ddb5-4fa4-a97d-d965ccfc6d4b" outcome="Passed" testListId="8c84fa94-04c1-424b-9868-57a2d4851a1d" relativeResultsDirectory="6782c351-d20e-4f58-8fc9-ca192256bd0f" />
    <UnitTestResult executionId="9e2c5275-0b90-4f39-ad43-9c113e830c33" testId="315adde5-f36d-a74f-aa46-fb22a0f78cd9" testName="UnitTests.Controllers.ItemControllerTests.UpdateItem_Updates" computerName="fv-az252-455" duration="00:00:00.0020000" startTime="2022-04-04T00:41:43.2504496+00:00" endTime="2022-04-04T00:41:43.2504496+00:00" testType="13cdc9d9-ddb5-4fa4-a97d-d965ccfc6d4b" outcome="Passed" testListId="8c84fa94-04c1-424b-9868-57a2d4851a1d" relativeResultsDirectory="9e2c5275-0b90-4f39-ad43-9c113e830c33" />
    <UnitTestResult executionId="a51b8be3-1479-4777-af0d-d738207aea14" testId="ac2a99ba-3563-74a9-7d4c-8e91a58cd097" testName="UnitTests.Data.ModuleDbContextTests.DefaultConstructorThrows" computerName="fv-az252-455" duration="00:00:00.3090000" startTime="2022-04-04T00:41:40.6903321+00:00" endTime="2022-04-04T00:41:40.6903321+00:00" testType="13cdc9d9-ddb5-4fa4-a97d-d965ccfc6d4b" outcome="Passed" testListId="8c84fa94-04c1-424b-9868-57a2d4851a1d" relativeResultsDirectory="a51b8be3-1479-4777-af0d-d738207aea14" />
    <UnitTestResult executionId="e92cc75c-8915-45a1-90f0-eec290b61ab5" testId="1a74e347-4470-5271-97ab-1ebaf8693270" testName="UnitTests.Controllers.ModuleExceptionFilterAttributeTests.SystemException_DoesNotExposeDetails" computerName="fv-az252-455" duration="00:00:00.0090000" startTime="2022-04-04T00:41:43.2624499+00:00" endTime="2022-04-04T00:41:43.2624499+00:00" testType="13cdc9d9-ddb5-4fa4-a97d-d965ccfc6d4b" outcome="Passed" testListId="8c84fa94-04c1-424b-9868-57a2d4851a1d" relativeResultsDirectory="e92cc75c-8915-45a1-90f0-eec290b61ab5" />
    <UnitTestResult executionId="65fe8041-4135-4128-a2e0-0ff2c5a42a33" testId="92b7b9f6-1294-7ea1-ffa3-91fba85074d4" testName="UnitTests.Services.ItemServiceTests.UpdateItem_NoName_Throws(name: &quot;  &quot;)" computerName="fv-az252-455" duration="00:00:00.0010000" startTime="2022-04-04T00:41:40.5340787+00:00" endTime="2022-04-04T00:41:40.5340787+00:00" testType="13cdc9d9-ddb5-4fa4-a97d-d965ccfc6d4b" outcome="Passed" testListId="8c84fa94-04c1-424b-9868-57a2d4851a1d" relativeResultsDirectory="65fe8041-4135-4128-a2e0-0ff2c5a42a33" />
  </Results>
  <TestDefinitions>
    <UnitTest name="UnitTests.Controllers.ItemControllerTests.DeleteItem_Deletes(itemId: 1)" storage="d:\a\dnn.uservoice\dnn.uservoice\unittests\bin\unittests.dll" id="478b61ee-7d85-9dbe-985d-08c590f8666a">
      <Execution id="d9bae880-f8ee-4563-94ea-5d8033bfdf5d" />
      <TestMethod codeBase="D:\a\DNN.UserVoice\DNN.UserVoice\UnitTests\bin\UnitTests.dll" adapterTypeName="executor://xunit/VsTestRunner2/net" className="UnitTests.Controllers.ItemControllerTests" name="DeleteItem_Deletes" />
    </UnitTest>
    <UnitTest name="UnitTests.Controllers.ItemControllerTests.UserCanEdit_ReturnsBool(canEdit: False)" storage="d:\a\dnn.uservoice\dnn.uservoice\unittests\bin\unittests.dll" id="0247c7e7-7d1c-099b-2ac8-81a47ff2509a">
      <Execution id="3c9071ee-430f-4eac-87d7-5f4ce109d6e4" />
      <TestMethod codeBase="D:\a\DNN.UserVoice\DNN.UserVoice\UnitTests\bin\UnitTests.dll" adapterTypeName="executor://xunit/VsTestRunner2/net" className="UnitTests.Controllers.ItemControllerTests" name="UserCanEdit_ReturnsBool" />
    </UnitTest>
    <UnitTest name="UnitTests.EntensionMethodTests.IQueryable_IsOrdered_Works(ordered: True, descending: True, lastOrder: False)" storage="d:\a\dnn.uservoice\dnn.uservoice\unittests\bin\unittests.dll" id="6f0b47a1-9d18-a5d8-8dd1-c8f266712c15">
      <Execution id="05736477-7748-4132-a0d5-38dbd3cf4b98" />
      <TestMethod codeBase="D:\a\DNN.UserVoice\DNN.UserVoice\UnitTests\bin\UnitTests.dll" adapterTypeName="executor://xunit/VsTestRunner2/net" className="UnitTests.EntensionMethodTests" name="IQueryable_IsOrdered_Works" />
    </UnitTest>
    <UnitTest name="UnitTests.EntensionMethodTests.IQueryable_GetPage_PagesProperly(count: 21, page: 1, pageSize: 10, expedtedPages: 3, expectedItems: 10, firstId: 21, descending: True)" storage="d:\a\dnn.uservoice\dnn.uservoice\unittests\bin\unittests.dll" id="7e661283-b2b2-d632-266b-6af1f3374c08">
      <Execution id="9dbd27b0-58b7-4d14-bc0a-6a417d8f953a" />
      <TestMethod codeBase="D:\a\DNN.UserVoice\DNN.UserVoice\UnitTests\bin\UnitTests.dll" adapterTypeName="executor://xunit/VsTestRunner2/net" className="UnitTests.EntensionMethodTests" name="IQueryable_GetPage_PagesProperly" />
    </UnitTest>
    <UnitTest name="UnitTests.Controllers.LocalizationControllerTests.GetLocalization_CallsLocalizationService" storage="d:\a\dnn.uservoice\dnn.uservoice\unittests\bin\unittests.dll" id="168fc980-36e3-101b-62b1-f5ab71e9fc0d">
      <Execution id="bca4f78e-a29e-4847-83ee-69dc562880dc" />
      <TestMethod codeBase="D:\a\DNN.UserVoice\DNN.UserVoice\UnitTests\bin\UnitTests.dll" adapterTypeName="executor://xunit/VsTestRunner2/net" className="UnitTests.Controllers.LocalizationControllerTests" name="GetLocalization_CallsLocalizationService" />
    </UnitTest>
    <UnitTest name="UnitTests.Data.ModuleDbContextTests.DefaultConstructorThrows" storage="d:\a\dnn.uservoice\dnn.uservoice\unittests\bin\unittests.dll" id="ac2a99ba-3563-74a9-7d4c-8e91a58cd097">
      <Execution id="a51b8be3-1479-4777-af0d-d738207aea14" />
      <TestMethod codeBase="D:\a\DNN.UserVoice\DNN.UserVoice\UnitTests\bin\UnitTests.dll" adapterTypeName="executor://xunit/VsTestRunner2/net" className="UnitTests.Data.ModuleDbContextTests" name="DefaultConstructorThrows" />
    </UnitTest>
    <UnitTest name="UnitTests.Controllers.ModuleApiControllerTests.CanEdit_DefaultsToFalse" storage="d:\a\dnn.uservoice\dnn.uservoice\unittests\bin\unittests.dll" id="320e3c11-11d1-b3ef-0d2e-5e474f674ff1">
      <Execution id="bd3fe7ab-7c7e-4f10-9585-4b94e33cca8c" />
      <TestMethod codeBase="D:\a\DNN.UserVoice\DNN.UserVoice\UnitTests\bin\UnitTests.dll" adapterTypeName="executor://xunit/VsTestRunner2/net" className="UnitTests.Controllers.ModuleApiControllerTests" name="CanEdit_DefaultsToFalse" />
    </UnitTest>
    <UnitTest name="UnitTests.Data.Repositories.GenericRepositoryTests.GenericRepositoryCreatesAndGetsById" storage="d:\a\dnn.uservoice\dnn.uservoice\unittests\bin\unittests.dll" id="e6e0a140-85e7-6935-6160-ab95ecfd3c8a">
      <Execution id="b2aab063-ba0c-4f81-ba10-61f2f2e52283" />
      <TestMethod codeBase="D:\a\DNN.UserVoice\DNN.UserVoice\UnitTests\bin\UnitTests.dll" adapterTypeName="executor://xunit/VsTestRunner2/net" className="UnitTests.Data.Repositories.GenericRepositoryTests" name="GenericRepositoryCreatesAndGetsById" />
    </UnitTest>
    <UnitTest name="UnitTests.Services.ItemServiceTests.GetItemsPage_GetsPages(page: 4, pageSize: 10, descending: False, expectedPages: 3, returnedPage: 3)" storage="d:\a\dnn.uservoice\dnn.uservoice\unittests\bin\unittests.dll" id="0f141a30-05bd-f4ed-a627-d40adca6b3ca">
      <Execution id="d079dc61-4d97-45c0-8127-ff60562a39fb" />
      <TestMethod codeBase="D:\a\DNN.UserVoice\DNN.UserVoice\UnitTests\bin\UnitTests.dll" adapterTypeName="executor://xunit/VsTestRunner2/net" className="UnitTests.Services.ItemServiceTests" name="GetItemsPage_GetsPages" />
    </UnitTest>
    <UnitTest name="UnitTests.Services.ItemServiceTests.UpdateItem_NoName_Throws(name: &quot; &quot;)" storage="d:\a\dnn.uservoice\dnn.uservoice\unittests\bin\unittests.dll" id="1c164fbc-1ab1-9884-ccb8-9e84f4c977d0">
      <Execution id="b4f4436f-62ce-4650-b390-912db9acfa9c" />
      <TestMethod codeBase="D:\a\DNN.UserVoice\DNN.UserVoice\UnitTests\bin\UnitTests.dll" adapterTypeName="executor://xunit/VsTestRunner2/net" className="UnitTests.Services.ItemServiceTests" name="UpdateItem_NoName_Throws" />
    </UnitTest>
    <UnitTest name="UnitTests.EntensionMethodTests.IQueryable_IsOrdered_Works(ordered: False, descending: False, lastOrder: False)" storage="d:\a\dnn.uservoice\dnn.uservoice\unittests\bin\unittests.dll" id="2aef35a8-73ad-0c03-c8a4-2b5a1d37af8f">
      <Execution id="162ef188-c28c-4061-864a-dbd612a56e96" />
      <TestMethod codeBase="D:\a\DNN.UserVoice\DNN.UserVoice\UnitTests\bin\UnitTests.dll" adapterTypeName="executor://xunit/VsTestRunner2/net" className="UnitTests.EntensionMethodTests" name="IQueryable_IsOrdered_Works" />
    </UnitTest>
    <UnitTest name="UnitTests.EntensionMethodTests.IQueryable_GetPage_PagesProperly(count: 101, page: 1, pageSize: 50, expedtedPages: 3, expectedItems: 50, firstId: 1, descending: False)" storage="d:\a\dnn.uservoice\dnn.uservoice\unittests\bin\unittests.dll" id="95a0a379-a9bd-3d99-f720-e626260de7f6">
      <Execution id="99c67895-eee1-4282-8722-81ec6e6d1e8e" />
      <TestMethod codeBase="D:\a\DNN.UserVoice\DNN.UserVoice\UnitTests\bin\UnitTests.dll" adapterTypeName="executor://xunit/VsTestRunner2/net" className="UnitTests.EntensionMethodTests" name="IQueryable_GetPage_PagesProperly" />
    </UnitTest>
    <UnitTest name="UnitTests.EntensionMethodTests.IQueryable_GetPage_PagesProperly(count: 0, page: -1, pageSize: -1, expedtedPages: 0, expectedItems: 0, firstId: null, descending: False)" storage="d:\a\dnn.uservoice\dnn.uservoice\unittests\bin\unittests.dll" id="4bb697d7-9cb3-28c5-7c49-3e60c8ee823d">
      <Execution id="555bfc5c-4b14-4721-be5c-cda6db8f5037" />
      <TestMethod codeBase="D:\a\DNN.UserVoice\DNN.UserVoice\UnitTests\bin\UnitTests.dll" adapterTypeName="executor://xunit/VsTestRunner2/net" className="UnitTests.EntensionMethodTests" name="IQueryable_GetPage_PagesProperly" />
    </UnitTest>
    <UnitTest name="UnitTests.Data.Repositories.GenericRepositoryTests.Repository_Update_UsesuserId" storage="d:\a\dnn.uservoice\dnn.uservoice\unittests\bin\unittests.dll" id="0ebf358f-9eac-9438-b418-9c6aa81a6377">
      <Execution id="c597ea91-9ab9-41ef-9f84-4235f882bf61" />
      <TestMethod codeBase="D:\a\DNN.UserVoice\DNN.UserVoice\UnitTests\bin\UnitTests.dll" adapterTypeName="executor://xunit/VsTestRunner2/net" className="UnitTests.Data.Repositories.GenericRepositoryTests" name="Repository_Update_UsesuserId" />
    </UnitTest>
    <UnitTest name="UnitTests.Services.ItemServiceTests.CreateItem_Creates" storage="d:\a\dnn.uservoice\dnn.uservoice\unittests\bin\unittests.dll" id="a9198ad3-782e-a37c-0b5f-1330f5318f55">
      <Execution id="8648c67a-a32c-448e-8549-4dc7f81e9378" />
      <TestMethod codeBase="D:\a\DNN.UserVoice\DNN.UserVoice\UnitTests\bin\UnitTests.dll" adapterTypeName="executor://xunit/VsTestRunner2/net" className="UnitTests.Services.ItemServiceTests" name="CreateItem_Creates" />
    </UnitTest>
    <UnitTest name="UnitTests.Controllers.ValidateModelAttributeTests.OnActionExecuting_Invalid_Works" storage="d:\a\dnn.uservoice\dnn.uservoice\unittests\bin\unittests.dll" id="61a8ccc9-c5b1-047b-3c97-f777ccc7d30b">
      <Execution id="48654954-a7af-4fa2-a776-0716849862b7" />
      <TestMethod codeBase="D:\a\DNN.UserVoice\DNN.UserVoice\UnitTests\bin\UnitTests.dll" adapterTypeName="executor://xunit/VsTestRunner2/net" className="UnitTests.Controllers.ValidateModelAttributeTests" name="OnActionExecuting_Invalid_Works" />
    </UnitTest>
    <UnitTest name="UnitTests.EntensionMethodTests.IQueryable_IsOrdered_Works(ordered: False, descending: True, lastOrder: False)" storage="d:\a\dnn.uservoice\dnn.uservoice\unittests\bin\unittests.dll" id="b80893de-3e2d-6029-ec19-65c03fd119c3">
      <Execution id="e0e72250-a04b-40fd-b730-f6be433a6d3d" />
      <TestMethod codeBase="D:\a\DNN.UserVoice\DNN.UserVoice\UnitTests\bin\UnitTests.dll" adapterTypeName="executor://xunit/VsTestRunner2/net" className="UnitTests.EntensionMethodTests" name="IQueryable_IsOrdered_Works" />
    </UnitTest>
    <UnitTest name="UnitTests.Services.ItemServiceTests.GetItemsPage_GetsPages(page: 1, pageSize: 20, descending: False, expectedPages: 2, returnedPage: 1)" storage="d:\a\dnn.uservoice\dnn.uservoice\unittests\bin\unittests.dll" id="1b051fa0-d4cc-1b32-80bb-d56b714e3066">
      <Execution id="06cf779f-9765-4e16-847c-5f9ef6adffb5" />
      <TestMethod codeBase="D:\a\DNN.UserVoice\DNN.UserVoice\UnitTests\bin\UnitTests.dll" adapterTypeName="executor://xunit/VsTestRunner2/net" className="UnitTests.Services.ItemServiceTests" name="GetItemsPage_GetsPages" />
    </UnitTest>
    <UnitTest name="UnitTests.Data.Repositories.GenericRepositoryTests.GenericRepositoryGet" storage="d:\a\dnn.uservoice\dnn.uservoice\unittests\bin\unittests.dll" id="ad3412e8-5f64-2020-a5b6-bd4cca8c3b7d">
      <Execution id="97971d71-fc36-4320-9677-b62ea883c0e0" />
      <TestMethod codeBase="D:\a\DNN.UserVoice\DNN.UserVoice\UnitTests\bin\UnitTests.dll" adapterTypeName="executor://xunit/VsTestRunner2/net" className="UnitTests.Data.Repositories.GenericRepositoryTests" name="GenericRepositoryGet" />
    </UnitTest>
    <UnitTest name="UnitTests.Services.LoggingServiceTests.LogginService_TestableConstructorLogsError" storage="d:\a\dnn.uservoice\dnn.uservoice\unittests\bin\unittests.dll" id="ac1c50bc-98fd-036f-fe0f-d46cb187f90e">
      <Execution id="6f698f78-0060-403a-a9e9-b20159b66eca" />
      <TestMethod codeBase="D:\a\DNN.UserVoice\DNN.UserVoice\UnitTests\bin\UnitTests.dll" adapterTypeName="executor://xunit/VsTestRunner2/net" className="UnitTests.Services.LoggingServiceTests" name="LogginService_TestableConstructorLogsError" />
    </UnitTest>
    <UnitTest name="UnitTests.Data.Repositories.GenericRepositoryTests.GenericRepositoryUpdate_ThrowsWithNullEntity" storage="d:\a\dnn.uservoice\dnn.uservoice\unittests\bin\unittests.dll" id="24cfa8b0-48c3-8aab-e4c2-88694c220e2c">
      <Execution id="12a7e7e9-591c-4156-b047-ca46d11269c4" />
      <TestMethod codeBase="D:\a\DNN.UserVoice\DNN.UserVoice\UnitTests\bin\UnitTests.dll" adapterTypeName="executor://xunit/VsTestRunner2/net" className="UnitTests.Data.Repositories.GenericRepositoryTests" name="GenericRepositoryUpdate_ThrowsWithNullEntity" />
    </UnitTest>
    <UnitTest name="UnitTests.Common.GlobalsTests.ModulePrefixIsValid" storage="d:\a\dnn.uservoice\dnn.uservoice\unittests\bin\unittests.dll" id="d1c63cb7-1f9a-a8bf-a217-a4cbb4e5f73b">
      <Execution id="1ddd651f-fba5-44c9-9e44-7179f199d4e7" />
      <TestMethod codeBase="D:\a\DNN.UserVoice\DNN.UserVoice\UnitTests\bin\UnitTests.dll" adapterTypeName="executor://xunit/VsTestRunner2/net" className="UnitTests.Common.GlobalsTests" name="ModulePrefixIsValid" />
    </UnitTest>
    <UnitTest name="UnitTests.Data.Repositories.GenericRepositoryTests.GenericRepositoryGetsAll(iterations: 3)" storage="d:\a\dnn.uservoice\dnn.uservoice\unittests\bin\unittests.dll" id="d15ea2a7-9f9f-b92b-50fa-470898da705d">
      <Execution id="4976a2cf-6626-48ee-a279-01a594510e30" />
      <TestMethod codeBase="D:\a\DNN.UserVoice\DNN.UserVoice\UnitTests\bin\UnitTests.dll" adapterTypeName="executor://xunit/VsTestRunner2/net" className="UnitTests.Data.Repositories.GenericRepositoryTests" name="GenericRepositoryGetsAll" />
    </UnitTest>
    <UnitTest name="UnitTests.Data.Entities.ItemTests.ItemPropertiesPersist(id: 2, name: &quot;Name2&quot;, description: &quot;Description2&quot;)" storage="d:\a\dnn.uservoice\dnn.uservoice\unittests\bin\unittests.dll" id="96a18501-dea4-70b1-d572-baa1bb120da2">
      <Execution id="5033b7ad-ffc1-4a8c-9885-847c52d6e5c2" />
      <TestMethod codeBase="D:\a\DNN.UserVoice\DNN.UserVoice\UnitTests\bin\UnitTests.dll" adapterTypeName="executor://xunit/VsTestRunner2/net" className="UnitTests.Data.Entities.ItemTests" name="ItemPropertiesPersist" />
    </UnitTest>
    <UnitTest name="UnitTests.Controllers.ServiceRouteMapperTests.RegisterRoutes_RegistersAtLestOneRoute" storage="d:\a\dnn.uservoice\dnn.uservoice\unittests\bin\unittests.dll" id="986d7e6e-d04d-b204-b01c-fbb8f09c7774">
      <Execution id="8cca70a6-0c4c-45b4-82b5-02727bbe839e" />
      <TestMethod codeBase="D:\a\DNN.UserVoice\DNN.UserVoice\UnitTests\bin\UnitTests.dll" adapterTypeName="executor://xunit/VsTestRunner2/net" className="UnitTests.Controllers.ServiceRouteMapperTests" name="RegisterRoutes_RegistersAtLestOneRoute" />
    </UnitTest>
    <UnitTest name="UnitTests.Controllers.ModuleExceptionFilterAttributeTests.SystemException_DoesNotExposeDetails" storage="d:\a\dnn.uservoice\dnn.uservoice\unittests\bin\unittests.dll" id="1a74e347-4470-5271-97ab-1ebaf8693270">
      <Execution id="e92cc75c-8915-45a1-90f0-eec290b61ab5" />
      <TestMethod codeBase="D:\a\DNN.UserVoice\DNN.UserVoice\UnitTests\bin\UnitTests.dll" adapterTypeName="executor://xunit/VsTestRunner2/net" className="UnitTests.Controllers.ModuleExceptionFilterAttributeTests" name="SystemException_DoesNotExposeDetails" />
    </UnitTest>
    <UnitTest name="UnitTests.EntensionMethodTests.IQueryable_GetPage_PagesProperly(count: 10, page: 1, pageSize: 10, expedtedPages: 1, expectedItems: 10, firstId: 1, descending: False)" storage="d:\a\dnn.uservoice\dnn.uservoice\unittests\bin\unittests.dll" id="9207202d-19b8-8eb5-74dc-6aa5d849467c">
      <Execution id="eac6da13-bad5-45ad-8091-bf3d47ba000e" />
      <TestMethod codeBase="D:\a\DNN.UserVoice\DNN.UserVoice\UnitTests\bin\UnitTests.dll" adapterTypeName="executor://xunit/VsTestRunner2/net" className="UnitTests.EntensionMethodTests" name="IQueryable_GetPage_PagesProperly" />
    </UnitTest>
    <UnitTest name="UnitTests.Data.Repositories.GenericRepositoryTests.GenericRepositoryConstructs" storage="d:\a\dnn.uservoice\dnn.uservoice\unittests\bin\unittests.dll" id="e4f8faa7-d0ad-86e6-1579-7bd52372b4c3">
      <Execution id="0796af70-2d0b-4ce2-b50a-f084e37fee28" />
      <TestMethod codeBase="D:\a\DNN.UserVoice\DNN.UserVoice\UnitTests\bin\UnitTests.dll" adapterTypeName="executor://xunit/VsTestRunner2/net" className="UnitTests.Data.Repositories.GenericRepositoryTests" name="GenericRepositoryConstructs" />
    </UnitTest>
    <UnitTest name="UnitTests.Services.ItemServiceTests.UpdateItem_NoName_Throws(name: null)" storage="d:\a\dnn.uservoice\dnn.uservoice\unittests\bin\unittests.dll" id="b76e01b1-6afe-f33b-c6a9-ea3347176509">
      <Execution id="a402c8fa-2cdc-4ac7-854b-a93e43ebcd81" />
      <TestMethod codeBase="D:\a\DNN.UserVoice\DNN.UserVoice\UnitTests\bin\UnitTests.dll" adapterTypeName="executor://xunit/VsTestRunner2/net" className="UnitTests.Services.ItemServiceTests" name="UpdateItem_NoName_Throws" />
    </UnitTest>
    <UnitTest name="UnitTests.Data.Repositories.GenericRepositoryTests.Repository_DeleteMissing_DoesNotThrow" storage="d:\a\dnn.uservoice\dnn.uservoice\unittests\bin\unittests.dll" id="f754f777-4449-23e8-f4ec-917f49117de2">
      <Execution id="4366f31a-3020-4df4-92c8-f0cfea286c7e" />
      <TestMethod codeBase="D:\a\DNN.UserVoice\DNN.UserVoice\UnitTests\bin\UnitTests.dll" adapterTypeName="executor://xunit/VsTestRunner2/net" className="UnitTests.Data.Repositories.GenericRepositoryTests" name="Repository_DeleteMissing_DoesNotThrow" />
    </UnitTest>
    <UnitTest name="UnitTests.EntensionMethodTests.IQueryable_IsOrdered_Works(ordered: True, descending: False, lastOrder: True)" storage="d:\a\dnn.uservoice\dnn.uservoice\unittests\bin\unittests.dll" id="3140ebc5-2430-06b3-4257-a6794b9b09ac">
      <Execution id="af3518e1-3f8b-475e-a2a2-87516c3a50f1" />
      <TestMethod codeBase="D:\a\DNN.UserVoice\DNN.UserVoice\UnitTests\bin\UnitTests.dll" adapterTypeName="executor://xunit/VsTestRunner2/net" className="UnitTests.EntensionMethodTests" name="IQueryable_IsOrdered_Works" />
    </UnitTest>
    <UnitTest name="UnitTests.Services.ItemServiceTests.CreateItem_NoNameThrows" storage="d:\a\dnn.uservoice\dnn.uservoice\unittests\bin\unittests.dll" id="19b6234c-c2df-2304-54f9-54b0da4cd6ba">
      <Execution id="0cd5f1df-ef23-4d74-8785-163d010440e2" />
      <TestMethod codeBase="D:\a\DNN.UserVoice\DNN.UserVoice\UnitTests\bin\UnitTests.dll" adapterTypeName="executor://xunit/VsTestRunner2/net" className="UnitTests.Services.ItemServiceTests" name="CreateItem_NoNameThrows" />
    </UnitTest>
    <UnitTest name="UnitTests.Services.ItemServiceTests.DeleteItem_Deletes" storage="d:\a\dnn.uservoice\dnn.uservoice\unittests\bin\unittests.dll" id="e6610648-e456-1c64-d2b1-7e1242b871a8">
      <Execution id="becd366e-6754-45ed-9dd2-708d0861278c" />
      <TestMethod codeBase="D:\a\DNN.UserVoice\DNN.UserVoice\UnitTests\bin\UnitTests.dll" adapterTypeName="executor://xunit/VsTestRunner2/net" className="UnitTests.Services.ItemServiceTests" name="DeleteItem_Deletes" />
    </UnitTest>
    <UnitTest name="UnitTests.Data.Entities.ItemTests.ItemConstructsProperly" storage="d:\a\dnn.uservoice\dnn.uservoice\unittests\bin\unittests.dll" id="572fc310-4b67-9555-f147-153d39f2eb82">
      <Execution id="74868fb3-ba1e-453c-bd61-775f6d0899cc" />
      <TestMethod codeBase="D:\a\DNN.UserVoice\DNN.UserVoice\UnitTests\bin\UnitTests.dll" adapterTypeName="executor://xunit/VsTestRunner2/net" className="UnitTests.Data.Entities.ItemTests" name="ItemConstructsProperly" />
    </UnitTest>
    <UnitTest name="UnitTests.Services.ItemServiceTests.GetItemsPage_GetsPages(page: 1, pageSize: 10, descending: False, expectedPages: 3, returnedPage: 1)" storage="d:\a\dnn.uservoice\dnn.uservoice\unittests\bin\unittests.dll" id="19223079-ea41-5691-855c-970af1a1e611">
      <Execution id="58fea990-f30d-458e-b4cc-68ddb1cdb004" />
      <TestMethod codeBase="D:\a\DNN.UserVoice\DNN.UserVoice\UnitTests\bin\UnitTests.dll" adapterTypeName="executor://xunit/VsTestRunner2/net" className="UnitTests.Services.ItemServiceTests" name="GetItemsPage_GetsPages" />
    </UnitTest>
    <UnitTest name="UnitTests.EntensionMethodTests.IQueryable_IsOrdered_Works(ordered: True, descending: True, lastOrder: True)" storage="d:\a\dnn.uservoice\dnn.uservoice\unittests\bin\unittests.dll" id="f46af852-6230-3d31-e31c-2959bffd491f">
      <Execution id="240ddaf9-259c-41b3-b92d-3387b8a4f800" />
      <TestMethod codeBase="D:\a\DNN.UserVoice\DNN.UserVoice\UnitTests\bin\UnitTests.dll" adapterTypeName="executor://xunit/VsTestRunner2/net" className="UnitTests.EntensionMethodTests" name="IQueryable_IsOrdered_Works" />
    </UnitTest>
    <UnitTest name="UnitTests.Services.ItemServiceTests.UpdateItem_NoName_Throws(name: &quot;&quot;)" storage="d:\a\dnn.uservoice\dnn.uservoice\unittests\bin\unittests.dll" id="3cbfa5d3-e0f6-eff8-ed5c-556fa1f3e131">
      <Execution id="3eeef3f0-8e47-45ec-b559-ebf97277b152" />
      <TestMethod codeBase="D:\a\DNN.UserVoice\DNN.UserVoice\UnitTests\bin\UnitTests.dll" adapterTypeName="executor://xunit/VsTestRunner2/net" className="UnitTests.Services.ItemServiceTests" name="UpdateItem_NoName_Throws" />
    </UnitTest>
    <UnitTest name="UnitTests.Services.LoggingServiceTests.LogginService_TestableConstructorLogsErrorWithException" storage="d:\a\dnn.uservoice\dnn.uservoice\unittests\bin\unittests.dll" id="9168bdef-a759-f4d6-b890-b643e17324cf">
      <Execution id="f9ed40dd-7214-4824-8b03-c3f42c44483a" />
      <TestMethod codeBase="D:\a\DNN.UserVoice\DNN.UserVoice\UnitTests\bin\UnitTests.dll" adapterTypeName="executor://xunit/VsTestRunner2/net" className="UnitTests.Services.LoggingServiceTests" name="LogginService_TestableConstructorLogsErrorWithException" />
    </UnitTest>
    <UnitTest name="UnitTests.EntensionMethodTests.IQueryable_GetPage_PagesProperly(count: 20, page: 2, pageSize: 10, expedtedPages: 2, expectedItems: 10, firstId: 11, descending: False)" storage="d:\a\dnn.uservoice\dnn.uservoice\unittests\bin\unittests.dll" id="2695f427-ed7b-9f97-5696-f97a7702128c">
      <Execution id="8a17ee1c-2567-4b2a-8135-4c068bc77d72" />
      <TestMethod codeBase="D:\a\DNN.UserVoice\DNN.UserVoice\UnitTests\bin\UnitTests.dll" adapterTypeName="executor://xunit/VsTestRunner2/net" className="UnitTests.EntensionMethodTests" name="IQueryable_GetPage_PagesProperly" />
    </UnitTest>
    <UnitTest name="UnitTests.Controllers.ItemControllerTests.UserCanEdit_ReturnsBool(canEdit: True)" storage="d:\a\dnn.uservoice\dnn.uservoice\unittests\bin\unittests.dll" id="aec60494-3c2e-8ec9-f948-da5bb2043983">
      <Execution id="9328fb9b-97f1-416a-b0d0-47c70ccc6d3c" />
      <TestMethod codeBase="D:\a\DNN.UserVoice\DNN.UserVoice\UnitTests\bin\UnitTests.dll" adapterTypeName="executor://xunit/VsTestRunner2/net" className="UnitTests.Controllers.ItemControllerTests" name="UserCanEdit_ReturnsBool" />
    </UnitTest>
    <UnitTest name="UnitTests.EntensionMethodTests.IQueryable_IsOrdered_Works(ordered: False, descending: True, lastOrder: True)" storage="d:\a\dnn.uservoice\dnn.uservoice\unittests\bin\unittests.dll" id="d5b75914-a4f0-1327-0212-c8781f6dfe81">
      <Execution id="7fcdd704-f80b-4089-9170-654ffb149e5b" />
      <TestMethod codeBase="D:\a\DNN.UserVoice\DNN.UserVoice\UnitTests\bin\UnitTests.dll" adapterTypeName="executor://xunit/VsTestRunner2/net" className="UnitTests.EntensionMethodTests" name="IQueryable_IsOrdered_Works" />
    </UnitTest>
    <UnitTest name="UnitTests.Services.ItemServiceTests.GetItemsPage_GetsPages(page: 0, pageSize: 0, descending: True, expectedPages: 30, returnedPage: 1)" storage="d:\a\dnn.uservoice\dnn.uservoice\unittests\bin\unittests.dll" id="0864c31d-6119-84d6-7f52-9d349dabbe84">
      <Execution id="55b8e724-4005-41f3-8645-3feae4aa1c9c" />
      <TestMethod codeBase="D:\a\DNN.UserVoice\DNN.UserVoice\UnitTests\bin\UnitTests.dll" adapterTypeName="executor://xunit/VsTestRunner2/net" className="UnitTests.Services.ItemServiceTests" name="GetItemsPage_GetsPages" />
    </UnitTest>
    <UnitTest name="UnitTests.Controllers.ModuleApiControllerTests.HasUserInfo" storage="d:\a\dnn.uservoice\dnn.uservoice\unittests\bin\unittests.dll" id="bae3532a-4a9e-c4ab-fc66-4dfa22d16170">
      <Execution id="7f7ed7d5-a9ab-48bc-99f8-e6da4b73635f" />
      <TestMethod codeBase="D:\a\DNN.UserVoice\DNN.UserVoice\UnitTests\bin\UnitTests.dll" adapterTypeName="executor://xunit/VsTestRunner2/net" className="UnitTests.Controllers.ModuleApiControllerTests" name="HasUserInfo" />
    </UnitTest>
    <UnitTest name="UnitTests.Services.ItemServiceTests.UpdateItem_NoName_Throws(name: &quot;  &quot;)" storage="d:\a\dnn.uservoice\dnn.uservoice\unittests\bin\unittests.dll" id="92b7b9f6-1294-7ea1-ffa3-91fba85074d4">
      <Execution id="65fe8041-4135-4128-a2e0-0ff2c5a42a33" />
      <TestMethod codeBase="D:\a\DNN.UserVoice\DNN.UserVoice\UnitTests\bin\UnitTests.dll" adapterTypeName="executor://xunit/VsTestRunner2/net" className="UnitTests.Services.ItemServiceTests" name="UpdateItem_NoName_Throws" />
    </UnitTest>
    <UnitTest name="UnitTests.EntensionMethodTests.IQueryable_GetPage_EmptyDoesNotThrow" storage="d:\a\dnn.uservoice\dnn.uservoice\unittests\bin\unittests.dll" id="2d3a68b5-bf4c-0513-b733-5ed612794244">
      <Execution id="5c4dd93e-08c0-42d3-bede-8887bd7dd48e" />
      <TestMethod codeBase="D:\a\DNN.UserVoice\DNN.UserVoice\UnitTests\bin\UnitTests.dll" adapterTypeName="executor://xunit/VsTestRunner2/net" className="UnitTests.EntensionMethodTests" name="IQueryable_GetPage_EmptyDoesNotThrow" />
    </UnitTest>
    <UnitTest name="UnitTests.Data.Repositories.GenericRepositoryTests.Repository_Create_DefaultAudit" storage="d:\a\dnn.uservoice\dnn.uservoice\unittests\bin\unittests.dll" id="ae39aa62-5ff2-56e7-d00e-ef116d711d51">
      <Execution id="079c3d5d-3da4-478e-93f0-158a3aeb7fe0" />
      <TestMethod codeBase="D:\a\DNN.UserVoice\DNN.UserVoice\UnitTests\bin\UnitTests.dll" adapterTypeName="executor://xunit/VsTestRunner2/net" className="UnitTests.Data.Repositories.GenericRepositoryTests" name="Repository_Create_DefaultAudit" />
    </UnitTest>
    <UnitTest name="UnitTests.Controllers.ValidateModelAttributeTests.OnActionExecuting_Valid_Works" storage="d:\a\dnn.uservoice\dnn.uservoice\unittests\bin\unittests.dll" id="e55f1742-c16d-5086-2251-ad3372dd48f5">
      <Execution id="dbc1001d-ec6a-4a89-b5ed-0405c4e572b3" />
      <TestMethod codeBase="D:\a\DNN.UserVoice\DNN.UserVoice\UnitTests\bin\UnitTests.dll" adapterTypeName="executor://xunit/VsTestRunner2/net" className="UnitTests.Controllers.ValidateModelAttributeTests" name="OnActionExecuting_Valid_Works" />
    </UnitTest>
    <UnitTest name="UnitTests.Services.ItemServiceTests.UpdateItem_NullDto_Throws" storage="d:\a\dnn.uservoice\dnn.uservoice\unittests\bin\unittests.dll" id="263c08b1-704a-f3c2-309e-6dee831dbdc9">
      <Execution id="3f9bcbd9-ba24-41d9-a17f-a167d41e915d" />
      <TestMethod codeBase="D:\a\DNN.UserVoice\DNN.UserVoice\UnitTests\bin\UnitTests.dll" adapterTypeName="executor://xunit/VsTestRunner2/net" className="UnitTests.Services.ItemServiceTests" name="UpdateItem_NullDto_Throws" />
    </UnitTest>
    <UnitTest name="UnitTests.Services.LoggingServiceTests.LoggingService_DefaultConstructorExists" storage="d:\a\dnn.uservoice\dnn.uservoice\unittests\bin\unittests.dll" id="8ba31d1b-48e3-e04e-cff0-b927c63b4a19">
      <Execution id="9b596573-a0e1-4c0d-92b9-f70211b83803" />
      <TestMethod codeBase="D:\a\DNN.UserVoice\DNN.UserVoice\UnitTests\bin\UnitTests.dll" adapterTypeName="executor://xunit/VsTestRunner2/net" className="UnitTests.Services.LoggingServiceTests" name="LoggingService_DefaultConstructorExists" />
    </UnitTest>
    <UnitTest name="UnitTests.Data.Repositories.GenericRepositoryTests.GenericRepositoryGetsAll(iterations: 1)" storage="d:\a\dnn.uservoice\dnn.uservoice\unittests\bin\unittests.dll" id="d16880d7-fb44-f209-43d9-ba2e0e1875de">
      <Execution id="46da5fa7-2865-47b1-993f-618b200e8d7f" />
      <TestMethod codeBase="D:\a\DNN.UserVoice\DNN.UserVoice\UnitTests\bin\UnitTests.dll" adapterTypeName="executor://xunit/VsTestRunner2/net" className="UnitTests.Data.Repositories.GenericRepositoryTests" name="GenericRepositoryGetsAll" />
    </UnitTest>
    <UnitTest name="UnitTests.EntensionMethodTests.IQueryable_IsOrdered_ThrowsWithNull" storage="d:\a\dnn.uservoice\dnn.uservoice\unittests\bin\unittests.dll" id="73fc5149-51d6-8241-9c9f-f48c28e448e3">
      <Execution id="16e06926-04f5-4d6e-bee4-2e489ad42c75" />
      <TestMethod codeBase="D:\a\DNN.UserVoice\DNN.UserVoice\UnitTests\bin\UnitTests.dll" adapterTypeName="executor://xunit/VsTestRunner2/net" className="UnitTests.EntensionMethodTests" name="IQueryable_IsOrdered_ThrowsWithNull" />
    </UnitTest>
    <UnitTest name="UnitTests.Data.Repositories.GenericRepositoryTests.GenericRepositoryCreate_ThrowsWithNullEntity" storage="d:\a\dnn.uservoice\dnn.uservoice\unittests\bin\unittests.dll" id="36689490-09d4-917f-648a-70dcfcfede10">
      <Execution id="a353192e-00bf-45cd-8466-851d8255793e" />
      <TestMethod codeBase="D:\a\DNN.UserVoice\DNN.UserVoice\UnitTests\bin\UnitTests.dll" adapterTypeName="executor://xunit/VsTestRunner2/net" className="UnitTests.Data.Repositories.GenericRepositoryTests" name="GenericRepositoryCreate_ThrowsWithNullEntity" />
    </UnitTest>
    <UnitTest name="UnitTests.Controllers.ItemControllerTests.CreateItem_Creates" storage="d:\a\dnn.uservoice\dnn.uservoice\unittests\bin\unittests.dll" id="588a2c1b-7788-beb2-ade0-06788d455d25">
      <Execution id="c130b04c-a677-4f25-bb83-b43c2474b17f" />
      <TestMethod codeBase="D:\a\DNN.UserVoice\DNN.UserVoice\UnitTests\bin\UnitTests.dll" adapterTypeName="executor://xunit/VsTestRunner2/net" className="UnitTests.Controllers.ItemControllerTests" name="CreateItem_Creates" />
    </UnitTest>
    <UnitTest name="UnitTests.Controllers.ModuleApiControllerTests.CanEdit_Set_Throws" storage="d:\a\dnn.uservoice\dnn.uservoice\unittests\bin\unittests.dll" id="5f92ec4d-d570-0452-b891-d4cee75db9dd">
      <Execution id="72ec24a9-a946-4258-9fdd-df43637aacec" />
      <TestMethod codeBase="D:\a\DNN.UserVoice\DNN.UserVoice\UnitTests\bin\UnitTests.dll" adapterTypeName="executor://xunit/VsTestRunner2/net" className="UnitTests.Controllers.ModuleApiControllerTests" name="CanEdit_Set_Throws" />
    </UnitTest>
    <UnitTest name="UnitTests.Data.Repositories.GenericRepositoryTests.Repository_Create_UsesUserId" storage="d:\a\dnn.uservoice\dnn.uservoice\unittests\bin\unittests.dll" id="e1c7f76f-6195-c844-23c0-304b47fbae66">
      <Execution id="6bbd0ab0-8a8a-4eb7-a3f6-775d9b9cf585" />
      <TestMethod codeBase="D:\a\DNN.UserVoice\DNN.UserVoice\UnitTests\bin\UnitTests.dll" adapterTypeName="executor://xunit/VsTestRunner2/net" className="UnitTests.Data.Repositories.GenericRepositoryTests" name="Repository_Create_UsesUserId" />
    </UnitTest>
    <UnitTest name="UnitTests.Controllers.ModuleExceptionFilterAttributeTests.ArgumentException_BadRequest" storage="d:\a\dnn.uservoice\dnn.uservoice\unittests\bin\unittests.dll" id="a21637b0-54f8-4fa0-bc3b-95481a9fd90b">
      <Execution id="349715b3-2042-4686-b08f-ac55df232876" />
      <TestMethod codeBase="D:\a\DNN.UserVoice\DNN.UserVoice\UnitTests\bin\UnitTests.dll" adapterTypeName="executor://xunit/VsTestRunner2/net" className="UnitTests.Controllers.ModuleExceptionFilterAttributeTests" name="ArgumentException_BadRequest" />
    </UnitTest>
    <UnitTest name="UnitTests.Controllers.ItemControllerTests.UpdateItem_Updates" storage="d:\a\dnn.uservoice\dnn.uservoice\unittests\bin\unittests.dll" id="315adde5-f36d-a74f-aa46-fb22a0f78cd9">
      <Execution id="9e2c5275-0b90-4f39-ad43-9c113e830c33" />
      <TestMethod codeBase="D:\a\DNN.UserVoice\DNN.UserVoice\UnitTests\bin\UnitTests.dll" adapterTypeName="executor://xunit/VsTestRunner2/net" className="UnitTests.Controllers.ItemControllerTests" name="UpdateItem_Updates" />
    </UnitTest>
    <UnitTest name="UnitTests.Controllers.ModuleExceptionFilterAttributeTests.NoException_DoesNothing" storage="d:\a\dnn.uservoice\dnn.uservoice\unittests\bin\unittests.dll" id="113f48ce-a6a3-c5df-7589-ba5a5fcb9c59">
      <Execution id="6782c351-d20e-4f58-8fc9-ca192256bd0f" />
      <TestMethod codeBase="D:\a\DNN.UserVoice\DNN.UserVoice\UnitTests\bin\UnitTests.dll" adapterTypeName="executor://xunit/VsTestRunner2/net" className="UnitTests.Controllers.ModuleExceptionFilterAttributeTests" name="NoException_DoesNothing" />
    </UnitTest>
    <UnitTest name="UnitTests.Controllers.ItemControllerTests.GetItemsPage_GetsProperPages" storage="d:\a\dnn.uservoice\dnn.uservoice\unittests\bin\unittests.dll" id="1017c6c1-9dd0-57dc-36e7-bb573d02562e">
      <Execution id="70011357-d2a5-4dea-8c42-79007c2f3572" />
      <TestMethod codeBase="D:\a\DNN.UserVoice\DNN.UserVoice\UnitTests\bin\UnitTests.dll" adapterTypeName="executor://xunit/VsTestRunner2/net" className="UnitTests.Controllers.ItemControllerTests" name="GetItemsPage_GetsProperPages" />
    </UnitTest>
    <UnitTest name="UnitTests.Data.Repositories.GenericRepositoryTests.GenericRepositoryDeletes" storage="d:\a\dnn.uservoice\dnn.uservoice\unittests\bin\unittests.dll" id="0bc54975-0bff-692e-a9b3-fc69f2c95a39">
      <Execution id="1123b2f7-5634-446b-b47f-1f1cc36b5104" />
      <TestMethod codeBase="D:\a\DNN.UserVoice\DNN.UserVoice\UnitTests\bin\UnitTests.dll" adapterTypeName="executor://xunit/VsTestRunner2/net" className="UnitTests.Data.Repositories.GenericRepositoryTests" name="GenericRepositoryDeletes" />
    </UnitTest>
    <UnitTest name="UnitTests.Controllers.ItemControllerTests.DeleteItem_Deletes(itemId: 10)" storage="d:\a\dnn.uservoice\dnn.uservoice\unittests\bin\unittests.dll" id="d6094ca1-b65b-5133-f464-9f7d01f0d023">
      <Execution id="b061dbb2-2859-495e-8ef8-8fbbeebbf637" />
      <TestMethod codeBase="D:\a\DNN.UserVoice\DNN.UserVoice\UnitTests\bin\UnitTests.dll" adapterTypeName="executor://xunit/VsTestRunner2/net" className="UnitTests.Controllers.ItemControllerTests" name="DeleteItem_Deletes" />
    </UnitTest>
    <UnitTest name="UnitTests.Data.Repositories.GenericRepositoryTests.GenericRepositoryUpdates" storage="d:\a\dnn.uservoice\dnn.uservoice\unittests\bin\unittests.dll" id="70ede014-c412-e387-bb98-e95b3b42090d">
      <Execution id="fcbb2755-c6e9-4880-a2f6-cc7ad35ee8df" />
      <TestMethod codeBase="D:\a\DNN.UserVoice\DNN.UserVoice\UnitTests\bin\UnitTests.dll" adapterTypeName="executor://xunit/VsTestRunner2/net" className="UnitTests.Data.Repositories.GenericRepositoryTests" name="GenericRepositoryUpdates" />
    </UnitTest>
    <UnitTest name="UnitTests.Services.ItemServiceTests.UpdateItem_Updates" storage="d:\a\dnn.uservoice\dnn.uservoice\unittests\bin\unittests.dll" id="130d9133-361f-a0da-f15e-423eb98947ac">
      <Execution id="1b5dc377-6ff6-472e-8598-6e774589e23a" />
      <TestMethod codeBase="D:\a\DNN.UserVoice\DNN.UserVoice\UnitTests\bin\UnitTests.dll" adapterTypeName="executor://xunit/VsTestRunner2/net" className="UnitTests.Services.ItemServiceTests" name="UpdateItem_Updates" />
    </UnitTest>
    <UnitTest name="UnitTests.Data.Repositories.GenericRepositoryTests.Repository_Update_DefaultAudit" storage="d:\a\dnn.uservoice\dnn.uservoice\unittests\bin\unittests.dll" id="44b00d3a-bad7-aefd-141c-4a35b11463b2">
      <Execution id="c9d01d41-a4da-471e-b819-008d3c97a99a" />
      <TestMethod codeBase="D:\a\DNN.UserVoice\DNN.UserVoice\UnitTests\bin\UnitTests.dll" adapterTypeName="executor://xunit/VsTestRunner2/net" className="UnitTests.Data.Repositories.GenericRepositoryTests" name="Repository_Update_DefaultAudit" />
    </UnitTest>
    <UnitTest name="UnitTests.Data.Repositories.GenericRepositoryTests.GenericRepositoryGetsAll(iterations: 2)" storage="d:\a\dnn.uservoice\dnn.uservoice\unittests\bin\unittests.dll" id="ffe5c770-9b99-42c0-ce21-7e50cccf4385">
      <Execution id="9282cb82-043e-4d7f-bbb6-985c65058ea5" />
      <TestMethod codeBase="D:\a\DNN.UserVoice\DNN.UserVoice\UnitTests\bin\UnitTests.dll" adapterTypeName="executor://xunit/VsTestRunner2/net" className="UnitTests.Data.Repositories.GenericRepositoryTests" name="GenericRepositoryGetsAll" />
    </UnitTest>
    <UnitTest name="UnitTests.Data.Repositories.GenericRepositoryTests.GenericRepositoryGetsAll(iterations: 0)" storage="d:\a\dnn.uservoice\dnn.uservoice\unittests\bin\unittests.dll" id="4fe0dd0f-2fa0-9c42-e816-a6df28150b72">
      <Execution id="7e73c68a-6188-4fd8-9cbd-b94a69fe675d" />
      <TestMethod codeBase="D:\a\DNN.UserVoice\DNN.UserVoice\UnitTests\bin\UnitTests.dll" adapterTypeName="executor://xunit/VsTestRunner2/net" className="UnitTests.Data.Repositories.GenericRepositoryTests" name="GenericRepositoryGetsAll" />
    </UnitTest>
    <UnitTest name="UnitTests.EntensionMethodTests.IQueryable_IsOrdered_Works(ordered: False, descending: False, lastOrder: True)" storage="d:\a\dnn.uservoice\dnn.uservoice\unittests\bin\unittests.dll" id="0dc5a512-bfd0-bc80-f676-16e6d961ec4d">
      <Execution id="c5c4385a-5d31-4db0-b818-a720c1734605" />
      <TestMethod codeBase="D:\a\DNN.UserVoice\DNN.UserVoice\UnitTests\bin\UnitTests.dll" adapterTypeName="executor://xunit/VsTestRunner2/net" className="UnitTests.EntensionMethodTests" name="IQueryable_IsOrdered_Works" />
    </UnitTest>
    <UnitTest name="UnitTests.EntensionMethodTests.IQueryable_GetPage_PagesProperly(count: 0, page: 0, pageSize: 0, expedtedPages: 0, expectedItems: 0, firstId: null, descending: False)" storage="d:\a\dnn.uservoice\dnn.uservoice\unittests\bin\unittests.dll" id="8bbc68bc-7714-d990-1480-dfaedaafbd62">
      <Execution id="bedddbf9-9198-4883-be1c-85de5acf8dca" />
      <TestMethod codeBase="D:\a\DNN.UserVoice\DNN.UserVoice\UnitTests\bin\UnitTests.dll" adapterTypeName="executor://xunit/VsTestRunner2/net" className="UnitTests.EntensionMethodTests" name="IQueryable_GetPage_PagesProperly" />
    </UnitTest>
    <UnitTest name="UnitTests.Services.ItemServiceTests.CreateItem_NoItemThrows" storage="d:\a\dnn.uservoice\dnn.uservoice\unittests\bin\unittests.dll" id="f5652070-1b22-f5a7-3f3f-68b37c9184a8">
      <Execution id="97bec888-07f6-425e-bc1f-89ff048b9a1d" />
      <TestMethod codeBase="D:\a\DNN.UserVoice\DNN.UserVoice\UnitTests\bin\UnitTests.dll" adapterTypeName="executor://xunit/VsTestRunner2/net" className="UnitTests.Services.ItemServiceTests" name="CreateItem_NoItemThrows" />
    </UnitTest>
    <UnitTest name="UnitTests.Data.Entities.ItemTests.ItemPropertiesPersist(id: 1, name: &quot;Name1&quot;, description: &quot;Description1&quot;)" storage="d:\a\dnn.uservoice\dnn.uservoice\unittests\bin\unittests.dll" id="392ed628-2028-c945-b97e-893658a1e82b">
      <Execution id="60023b29-9e3d-488e-9eb6-a9408e396fff" />
      <TestMethod codeBase="D:\a\DNN.UserVoice\DNN.UserVoice\UnitTests\bin\UnitTests.dll" adapterTypeName="executor://xunit/VsTestRunner2/net" className="UnitTests.Data.Entities.ItemTests" name="ItemPropertiesPersist" />
    </UnitTest>
    <UnitTest name="UnitTests.EntensionMethodTests.IQueryable_IsOrdered_Works(ordered: True, descending: False, lastOrder: False)" storage="d:\a\dnn.uservoice\dnn.uservoice\unittests\bin\unittests.dll" id="b72028ed-e29e-ac6a-9e2e-bf700facee4e">
      <Execution id="9295cc0a-077b-4a19-a5ed-6ef8055e884f" />
      <TestMethod codeBase="D:\a\DNN.UserVoice\DNN.UserVoice\UnitTests\bin\UnitTests.dll" adapterTypeName="executor://xunit/VsTestRunner2/net" className="UnitTests.EntensionMethodTests" name="IQueryable_IsOrdered_Works" />
    </UnitTest>
  </TestDefinitions>
  <TestEntries>
    <TestEntry testId="320e3c11-11d1-b3ef-0d2e-5e474f674ff1" executionId="bd3fe7ab-7c7e-4f10-9585-4b94e33cca8c" testListId="8c84fa94-04c1-424b-9868-57a2d4851a1d" />
    <TestEntry testId="e6e0a140-85e7-6935-6160-ab95ecfd3c8a" executionId="b2aab063-ba0c-4f81-ba10-61f2f2e52283" testListId="8c84fa94-04c1-424b-9868-57a2d4851a1d" />
    <TestEntry testId="b80893de-3e2d-6029-ec19-65c03fd119c3" executionId="e0e72250-a04b-40fd-b730-f6be433a6d3d" testListId="8c84fa94-04c1-424b-9868-57a2d4851a1d" />
    <TestEntry testId="130d9133-361f-a0da-f15e-423eb98947ac" executionId="1b5dc377-6ff6-472e-8598-6e774589e23a" testListId="8c84fa94-04c1-424b-9868-57a2d4851a1d" />
    <TestEntry testId="e4f8faa7-d0ad-86e6-1579-7bd52372b4c3" executionId="0796af70-2d0b-4ce2-b50a-f084e37fee28" testListId="8c84fa94-04c1-424b-9868-57a2d4851a1d" />
    <TestEntry testId="d1c63cb7-1f9a-a8bf-a217-a4cbb4e5f73b" executionId="1ddd651f-fba5-44c9-9e44-7179f199d4e7" testListId="8c84fa94-04c1-424b-9868-57a2d4851a1d" />
    <TestEntry testId="8ba31d1b-48e3-e04e-cff0-b927c63b4a19" executionId="9b596573-a0e1-4c0d-92b9-f70211b83803" testListId="8c84fa94-04c1-424b-9868-57a2d4851a1d" />
    <TestEntry testId="d5b75914-a4f0-1327-0212-c8781f6dfe81" executionId="7fcdd704-f80b-4089-9170-654ffb149e5b" testListId="8c84fa94-04c1-424b-9868-57a2d4851a1d" />
    <TestEntry testId="0f141a30-05bd-f4ed-a627-d40adca6b3ca" executionId="d079dc61-4d97-45c0-8127-ff60562a39fb" testListId="8c84fa94-04c1-424b-9868-57a2d4851a1d" />
    <TestEntry testId="0bc54975-0bff-692e-a9b3-fc69f2c95a39" executionId="1123b2f7-5634-446b-b47f-1f1cc36b5104" testListId="8c84fa94-04c1-424b-9868-57a2d4851a1d" />
    <TestEntry testId="24cfa8b0-48c3-8aab-e4c2-88694c220e2c" executionId="12a7e7e9-591c-4156-b047-ca46d11269c4" testListId="8c84fa94-04c1-424b-9868-57a2d4851a1d" />
    <TestEntry testId="0dc5a512-bfd0-bc80-f676-16e6d961ec4d" executionId="c5c4385a-5d31-4db0-b818-a720c1734605" testListId="8c84fa94-04c1-424b-9868-57a2d4851a1d" />
    <TestEntry testId="61a8ccc9-c5b1-047b-3c97-f777ccc7d30b" executionId="48654954-a7af-4fa2-a776-0716849862b7" testListId="8c84fa94-04c1-424b-9868-57a2d4851a1d" />
    <TestEntry testId="36689490-09d4-917f-648a-70dcfcfede10" executionId="a353192e-00bf-45cd-8466-851d8255793e" testListId="8c84fa94-04c1-424b-9868-57a2d4851a1d" />
    <TestEntry testId="0ebf358f-9eac-9438-b418-9c6aa81a6377" executionId="c597ea91-9ab9-41ef-9f84-4235f882bf61" testListId="8c84fa94-04c1-424b-9868-57a2d4851a1d" />
    <TestEntry testId="19b6234c-c2df-2304-54f9-54b0da4cd6ba" executionId="0cd5f1df-ef23-4d74-8785-163d010440e2" testListId="8c84fa94-04c1-424b-9868-57a2d4851a1d" />
    <TestEntry testId="0864c31d-6119-84d6-7f52-9d349dabbe84" executionId="55b8e724-4005-41f3-8645-3feae4aa1c9c" testListId="8c84fa94-04c1-424b-9868-57a2d4851a1d" />
    <TestEntry testId="9168bdef-a759-f4d6-b890-b643e17324cf" executionId="f9ed40dd-7214-4824-8b03-c3f42c44483a" testListId="8c84fa94-04c1-424b-9868-57a2d4851a1d" />
    <TestEntry testId="95a0a379-a9bd-3d99-f720-e626260de7f6" executionId="99c67895-eee1-4282-8722-81ec6e6d1e8e" testListId="8c84fa94-04c1-424b-9868-57a2d4851a1d" />
    <TestEntry testId="572fc310-4b67-9555-f147-153d39f2eb82" executionId="74868fb3-ba1e-453c-bd61-775f6d0899cc" testListId="8c84fa94-04c1-424b-9868-57a2d4851a1d" />
    <TestEntry testId="b72028ed-e29e-ac6a-9e2e-bf700facee4e" executionId="9295cc0a-077b-4a19-a5ed-6ef8055e884f" testListId="8c84fa94-04c1-424b-9868-57a2d4851a1d" />
    <TestEntry testId="f754f777-4449-23e8-f4ec-917f49117de2" executionId="4366f31a-3020-4df4-92c8-f0cfea286c7e" testListId="8c84fa94-04c1-424b-9868-57a2d4851a1d" />
    <TestEntry testId="f46af852-6230-3d31-e31c-2959bffd491f" executionId="240ddaf9-259c-41b3-b92d-3387b8a4f800" testListId="8c84fa94-04c1-424b-9868-57a2d4851a1d" />
    <TestEntry testId="a21637b0-54f8-4fa0-bc3b-95481a9fd90b" executionId="349715b3-2042-4686-b08f-ac55df232876" testListId="8c84fa94-04c1-424b-9868-57a2d4851a1d" />
    <TestEntry testId="96a18501-dea4-70b1-d572-baa1bb120da2" executionId="5033b7ad-ffc1-4a8c-9885-847c52d6e5c2" testListId="8c84fa94-04c1-424b-9868-57a2d4851a1d" />
    <TestEntry testId="a9198ad3-782e-a37c-0b5f-1330f5318f55" executionId="8648c67a-a32c-448e-8549-4dc7f81e9378" testListId="8c84fa94-04c1-424b-9868-57a2d4851a1d" />
    <TestEntry testId="b76e01b1-6afe-f33b-c6a9-ea3347176509" executionId="a402c8fa-2cdc-4ac7-854b-a93e43ebcd81" testListId="8c84fa94-04c1-424b-9868-57a2d4851a1d" />
    <TestEntry testId="1b051fa0-d4cc-1b32-80bb-d56b714e3066" executionId="06cf779f-9765-4e16-847c-5f9ef6adffb5" testListId="8c84fa94-04c1-424b-9868-57a2d4851a1d" />
    <TestEntry testId="1017c6c1-9dd0-57dc-36e7-bb573d02562e" executionId="70011357-d2a5-4dea-8c42-79007c2f3572" testListId="8c84fa94-04c1-424b-9868-57a2d4851a1d" />
    <TestEntry testId="aec60494-3c2e-8ec9-f948-da5bb2043983" executionId="9328fb9b-97f1-416a-b0d0-47c70ccc6d3c" testListId="8c84fa94-04c1-424b-9868-57a2d4851a1d" />
    <TestEntry testId="d15ea2a7-9f9f-b92b-50fa-470898da705d" executionId="4976a2cf-6626-48ee-a279-01a594510e30" testListId="8c84fa94-04c1-424b-9868-57a2d4851a1d" />
    <TestEntry testId="44b00d3a-bad7-aefd-141c-4a35b11463b2" executionId="c9d01d41-a4da-471e-b819-008d3c97a99a" testListId="8c84fa94-04c1-424b-9868-57a2d4851a1d" />
    <TestEntry testId="d16880d7-fb44-f209-43d9-ba2e0e1875de" executionId="46da5fa7-2865-47b1-993f-618b200e8d7f" testListId="8c84fa94-04c1-424b-9868-57a2d4851a1d" />
    <TestEntry testId="986d7e6e-d04d-b204-b01c-fbb8f09c7774" executionId="8cca70a6-0c4c-45b4-82b5-02727bbe839e" testListId="8c84fa94-04c1-424b-9868-57a2d4851a1d" />
    <TestEntry testId="e55f1742-c16d-5086-2251-ad3372dd48f5" executionId="dbc1001d-ec6a-4a89-b5ed-0405c4e572b3" testListId="8c84fa94-04c1-424b-9868-57a2d4851a1d" />
    <TestEntry testId="70ede014-c412-e387-bb98-e95b3b42090d" executionId="fcbb2755-c6e9-4880-a2f6-cc7ad35ee8df" testListId="8c84fa94-04c1-424b-9868-57a2d4851a1d" />
    <TestEntry testId="a21637b0-54f8-4fa0-bc3b-95481a9fd90b" executionId="7734deda-8282-4a69-a7f6-b542c154b4e6" testListId="8c84fa94-04c1-424b-9868-57a2d4851a1d" />
    <TestEntry testId="392ed628-2028-c945-b97e-893658a1e82b" executionId="60023b29-9e3d-488e-9eb6-a9408e396fff" testListId="8c84fa94-04c1-424b-9868-57a2d4851a1d" />
    <TestEntry testId="ffe5c770-9b99-42c0-ce21-7e50cccf4385" executionId="9282cb82-043e-4d7f-bbb6-985c65058ea5" testListId="8c84fa94-04c1-424b-9868-57a2d4851a1d" />
    <TestEntry testId="2d3a68b5-bf4c-0513-b733-5ed612794244" executionId="5c4dd93e-08c0-42d3-bede-8887bd7dd48e" testListId="8c84fa94-04c1-424b-9868-57a2d4851a1d" />
    <TestEntry testId="a21637b0-54f8-4fa0-bc3b-95481a9fd90b" executionId="195b9827-c777-47b0-81b0-6fb4479c8a4c" testListId="8c84fa94-04c1-424b-9868-57a2d4851a1d" />
    <TestEntry testId="8bbc68bc-7714-d990-1480-dfaedaafbd62" executionId="bedddbf9-9198-4883-be1c-85de5acf8dca" testListId="8c84fa94-04c1-424b-9868-57a2d4851a1d" />
    <TestEntry testId="478b61ee-7d85-9dbe-985d-08c590f8666a" executionId="d9bae880-f8ee-4563-94ea-5d8033bfdf5d" testListId="8c84fa94-04c1-424b-9868-57a2d4851a1d" />
    <TestEntry testId="73fc5149-51d6-8241-9c9f-f48c28e448e3" executionId="16e06926-04f5-4d6e-bee4-2e489ad42c75" testListId="8c84fa94-04c1-424b-9868-57a2d4851a1d" />
    <TestEntry testId="3cbfa5d3-e0f6-eff8-ed5c-556fa1f3e131" executionId="3eeef3f0-8e47-45ec-b559-ebf97277b152" testListId="8c84fa94-04c1-424b-9868-57a2d4851a1d" />
    <TestEntry testId="a21637b0-54f8-4fa0-bc3b-95481a9fd90b" executionId="c7c90714-1da6-4a3c-9d00-04aa27eb54b7" testListId="8c84fa94-04c1-424b-9868-57a2d4851a1d" />
    <TestEntry testId="7e661283-b2b2-d632-266b-6af1f3374c08" executionId="9dbd27b0-58b7-4d14-bc0a-6a417d8f953a" testListId="8c84fa94-04c1-424b-9868-57a2d4851a1d" />
    <TestEntry testId="bae3532a-4a9e-c4ab-fc66-4dfa22d16170" executionId="7f7ed7d5-a9ab-48bc-99f8-e6da4b73635f" testListId="8c84fa94-04c1-424b-9868-57a2d4851a1d" />
    <TestEntry testId="6f0b47a1-9d18-a5d8-8dd1-c8f266712c15" executionId="05736477-7748-4132-a0d5-38dbd3cf4b98" testListId="8c84fa94-04c1-424b-9868-57a2d4851a1d" />
    <TestEntry testId="a21637b0-54f8-4fa0-bc3b-95481a9fd90b" executionId="d8e746d9-882b-4346-afe7-667dbb0ea8e0" testListId="8c84fa94-04c1-424b-9868-57a2d4851a1d" />
    <TestEntry testId="2695f427-ed7b-9f97-5696-f97a7702128c" executionId="8a17ee1c-2567-4b2a-8135-4c068bc77d72" testListId="8c84fa94-04c1-424b-9868-57a2d4851a1d" />
    <TestEntry testId="e6610648-e456-1c64-d2b1-7e1242b871a8" executionId="becd366e-6754-45ed-9dd2-708d0861278c" testListId="8c84fa94-04c1-424b-9868-57a2d4851a1d" />
    <TestEntry testId="9207202d-19b8-8eb5-74dc-6aa5d849467c" executionId="eac6da13-bad5-45ad-8091-bf3d47ba000e" testListId="8c84fa94-04c1-424b-9868-57a2d4851a1d" />
    <TestEntry testId="3140ebc5-2430-06b3-4257-a6794b9b09ac" executionId="af3518e1-3f8b-475e-a2a2-87516c3a50f1" testListId="8c84fa94-04c1-424b-9868-57a2d4851a1d" />
    <TestEntry testId="5f92ec4d-d570-0452-b891-d4cee75db9dd" executionId="72ec24a9-a946-4258-9fdd-df43637aacec" testListId="8c84fa94-04c1-424b-9868-57a2d4851a1d" />
    <TestEntry testId="ac1c50bc-98fd-036f-fe0f-d46cb187f90e" executionId="6f698f78-0060-403a-a9e9-b20159b66eca" testListId="8c84fa94-04c1-424b-9868-57a2d4851a1d" />
    <TestEntry testId="588a2c1b-7788-beb2-ade0-06788d455d25" executionId="c130b04c-a677-4f25-bb83-b43c2474b17f" testListId="8c84fa94-04c1-424b-9868-57a2d4851a1d" />
    <TestEntry testId="ad3412e8-5f64-2020-a5b6-bd4cca8c3b7d" executionId="97971d71-fc36-4320-9677-b62ea883c0e0" testListId="8c84fa94-04c1-424b-9868-57a2d4851a1d" />
    <TestEntry testId="263c08b1-704a-f3c2-309e-6dee831dbdc9" executionId="3f9bcbd9-ba24-41d9-a17f-a167d41e915d" testListId="8c84fa94-04c1-424b-9868-57a2d4851a1d" />
    <TestEntry testId="d6094ca1-b65b-5133-f464-9f7d01f0d023" executionId="b061dbb2-2859-495e-8ef8-8fbbeebbf637" testListId="8c84fa94-04c1-424b-9868-57a2d4851a1d" />
    <TestEntry testId="1c164fbc-1ab1-9884-ccb8-9e84f4c977d0" executionId="b4f4436f-62ce-4650-b390-912db9acfa9c" testListId="8c84fa94-04c1-424b-9868-57a2d4851a1d" />
    <TestEntry testId="a21637b0-54f8-4fa0-bc3b-95481a9fd90b" executionId="d2e51695-63ff-4180-a4d8-1284a1cebaee" testListId="8c84fa94-04c1-424b-9868-57a2d4851a1d" />
    <TestEntry testId="168fc980-36e3-101b-62b1-f5ab71e9fc0d" executionId="bca4f78e-a29e-4847-83ee-69dc562880dc" testListId="8c84fa94-04c1-424b-9868-57a2d4851a1d" />
    <TestEntry testId="2aef35a8-73ad-0c03-c8a4-2b5a1d37af8f" executionId="162ef188-c28c-4061-864a-dbd612a56e96" testListId="8c84fa94-04c1-424b-9868-57a2d4851a1d" />
    <TestEntry testId="f5652070-1b22-f5a7-3f3f-68b37c9184a8" executionId="97bec888-07f6-425e-bc1f-89ff048b9a1d" testListId="8c84fa94-04c1-424b-9868-57a2d4851a1d" />
    <TestEntry testId="e1c7f76f-6195-c844-23c0-304b47fbae66" executionId="6bbd0ab0-8a8a-4eb7-a3f6-775d9b9cf585" testListId="8c84fa94-04c1-424b-9868-57a2d4851a1d" />
    <TestEntry testId="19223079-ea41-5691-855c-970af1a1e611" executionId="58fea990-f30d-458e-b4cc-68ddb1cdb004" testListId="8c84fa94-04c1-424b-9868-57a2d4851a1d" />
    <TestEntry testId="4bb697d7-9cb3-28c5-7c49-3e60c8ee823d" executionId="555bfc5c-4b14-4721-be5c-cda6db8f5037" testListId="8c84fa94-04c1-424b-9868-57a2d4851a1d" />
    <TestEntry testId="4fe0dd0f-2fa0-9c42-e816-a6df28150b72" executionId="7e73c68a-6188-4fd8-9cbd-b94a69fe675d" testListId="8c84fa94-04c1-424b-9868-57a2d4851a1d" />
    <TestEntry testId="0247c7e7-7d1c-099b-2ac8-81a47ff2509a" executionId="3c9071ee-430f-4eac-87d7-5f4ce109d6e4" testListId="8c84fa94-04c1-424b-9868-57a2d4851a1d" />
    <TestEntry testId="ae39aa62-5ff2-56e7-d00e-ef116d711d51" executionId="079c3d5d-3da4-478e-93f0-158a3aeb7fe0" testListId="8c84fa94-04c1-424b-9868-57a2d4851a1d" />
    <TestEntry testId="113f48ce-a6a3-c5df-7589-ba5a5fcb9c59" executionId="6782c351-d20e-4f58-8fc9-ca192256bd0f" testListId="8c84fa94-04c1-424b-9868-57a2d4851a1d" />
    <TestEntry testId="315adde5-f36d-a74f-aa46-fb22a0f78cd9" executionId="9e2c5275-0b90-4f39-ad43-9c113e830c33" testListId="8c84fa94-04c1-424b-9868-57a2d4851a1d" />
    <TestEntry testId="ac2a99ba-3563-74a9-7d4c-8e91a58cd097" executionId="a51b8be3-1479-4777-af0d-d738207aea14" testListId="8c84fa94-04c1-424b-9868-57a2d4851a1d" />
    <TestEntry testId="1a74e347-4470-5271-97ab-1ebaf8693270" executionId="e92cc75c-8915-45a1-90f0-eec290b61ab5" testListId="8c84fa94-04c1-424b-9868-57a2d4851a1d" />
    <TestEntry testId="92b7b9f6-1294-7ea1-ffa3-91fba85074d4" executionId="65fe8041-4135-4128-a2e0-0ff2c5a42a33" testListId="8c84fa94-04c1-424b-9868-57a2d4851a1d" />
  </TestEntries>
  <TestLists>
    <TestList name="Results Not in a List" id="8c84fa94-04c1-424b-9868-57a2d4851a1d" />
    <TestList name="All Loaded Results" id="19431567-8539-422a-85d7-44ee4e166bda" />
  </TestLists>
  <ResultSummary outcome="Completed">
    <Counters total="76" executed="76" passed="76" failed="0" error="0" timeout="0" aborted="0" inconclusive="0" passedButRunAborted="0" notRunnable="0" notExecuted="0" disconnected="0" warning="0" completed="0" inProgress="0" pending="0" />
    <Output>
      <StdOut>[xUnit.net 00:00:00.00] xUnit.net VSTest Adapter v2.4.3+1b45f5407b (32-bit Desktop .NET 4.0.30319.42000)&#xD;
[xUnit.net 00:00:00.80]   Discovering: UnitTests&#xD;
[xUnit.net 00:00:00.97]   Discovered:  UnitTests&#xD;
[xUnit.net 00:00:00.97]   Starting:    UnitTests&#xD;
[xUnit.net 00:00:04.61]   Finished:    UnitTests&#xD;
</StdOut>
    </Output>
  </ResultSummary>
</TestRun>