<?xml version="1.0" encoding="utf-8"?>
<TestRun id="beed052f-d649-4325-a243-6d9bff4fb884" name="runneradmin@fv-az252-455 2022-04-04 02:32:01" runUser="fv-az252-455\runneradmin" xmlns="http://microsoft.com/schemas/VisualStudio/TeamTest/2010">
  <Times creation="2022-04-04T02:32:01.2814317+00:00" queuing="2022-04-04T02:32:01.2814319+00:00" start="2022-04-04T02:31:59.3028910+00:00" finish="2022-04-04T02:32:03.6757721+00:00" />
  <TestSettings name="default" id="31ae8a0c-766c-41c6-a6fd-5360e78f35f3">
    <Deployment runDeploymentRoot="runneradmin_fv-az252-455_2022-04-04_02_32_01" />
  </TestSettings>
  <Results>
    <UnitTestResult executionId="6f6e4717-78c9-4abb-aa63-59d8607798cb" testId="392ed628-2028-c945-b97e-893658a1e82b" testName="UnitTests.Data.Entities.ItemTests.ItemPropertiesPersist(id: 1, name: &quot;Name1&quot;, description: &quot;Description1&quot;)" computerName="fv-az252-455" duration="00:00:00.0010000" startTime="2022-04-04T02:32:03.5791377+00:00" endTime="2022-04-04T02:32:03.5791377+00:00" testType="13cdc9d9-ddb5-4fa4-a97d-d965ccfc6d4b" outcome="Passed" testListId="8c84fa94-04c1-424b-9868-57a2d4851a1d" relativeResultsDirectory="6f6e4717-78c9-4abb-aa63-59d8607798cb" />
    <UnitTestResult executionId="9218f07e-c924-483e-8811-7936c6fea8b4" testId="315adde5-f36d-a74f-aa46-fb22a0f78cd9" testName="UnitTests.Controllers.ItemControllerTests.UpdateItem_Updates" computerName="fv-az252-455" duration="00:00:00.0020000" startTime="2022-04-04T02:32:02.0873416+00:00" endTime="2022-04-04T02:32:02.0873416+00:00" testType="13cdc9d9-ddb5-4fa4-a97d-d965ccfc6d4b" outcome="Passed" testListId="8c84fa94-04c1-424b-9868-57a2d4851a1d" relativeResultsDirectory="9218f07e-c924-483e-8811-7936c6fea8b4" />
    <UnitTestResult executionId="51ec7826-00af-4b42-8b35-236318389cdc" testId="3cbfa5d3-e0f6-eff8-ed5c-556fa1f3e131" testName="UnitTests.Services.ItemServiceTests.UpdateItem_NoName_Throws(name: &quot;&quot;)" computerName="fv-az252-455" duration="00:00:00.0010000" startTime="2022-04-04T02:32:01.2973169+00:00" endTime="2022-04-04T02:32:01.2973169+00:00" testType="13cdc9d9-ddb5-4fa4-a97d-d965ccfc6d4b" outcome="Passed" testListId="8c84fa94-04c1-424b-9868-57a2d4851a1d" relativeResultsDirectory="51ec7826-00af-4b42-8b35-236318389cdc" />
    <UnitTestResult executionId="5331bb67-326a-4321-8974-21be00cc3788" testId="263c08b1-704a-f3c2-309e-6dee831dbdc9" testName="UnitTests.Services.ItemServiceTests.UpdateItem_NullDto_Throws" computerName="fv-az252-455" duration="00:00:00.0060000" startTime="2022-04-04T02:32:01.2923162+00:00" endTime="2022-04-04T02:32:01.2923162+00:00" testType="13cdc9d9-ddb5-4fa4-a97d-d965ccfc6d4b" outcome="Passed" testListId="8c84fa94-04c1-424b-9868-57a2d4851a1d" relativeResultsDirectory="5331bb67-326a-4321-8974-21be00cc3788" />
    <UnitTestResult executionId="3d34d2f6-30cc-4227-b5de-5cdb90e046b2" testId="92b7b9f6-1294-7ea1-ffa3-91fba85074d4" testName="UnitTests.Services.ItemServiceTests.UpdateItem_NoName_Throws(name: &quot;  &quot;)" computerName="fv-az252-455" duration="00:00:00.0010000" startTime="2022-04-04T02:32:01.2963160+00:00" endTime="2022-04-04T02:32:01.2963160+00:00" testType="13cdc9d9-ddb5-4fa4-a97d-d965ccfc6d4b" outcome="Passed" testListId="8c84fa94-04c1-424b-9868-57a2d4851a1d" relativeResultsDirectory="3d34d2f6-30cc-4227-b5de-5cdb90e046b2" />
    <UnitTestResult executionId="ded7edd1-0cf5-4cf9-9989-27df7ad25c8c" testId="a21637b0-54f8-4fa0-bc3b-95481a9fd90b" testName="UnitTests.Controllers.ModuleExceptionFilterAttributeTests.ArgumentException_BadRequest(exception: System.ArgumentException: Argument, expectedStatusCode: BadRequest)" computerName="fv-az252-455" duration="00:00:00.0010000" startTime="2022-04-04T02:32:01.4503179+00:00" endTime="2022-04-04T02:32:01.4503179+00:00" testType="13cdc9d9-ddb5-4fa4-a97d-d965ccfc6d4b" outcome="Passed" testListId="8c84fa94-04c1-424b-9868-57a2d4851a1d" relativeResultsDirectory="ded7edd1-0cf5-4cf9-9989-27df7ad25c8c" />
    <UnitTestResult executionId="26da3d42-acd5-4c17-bc64-cebafa97236e" testId="9207202d-19b8-8eb5-74dc-6aa5d849467c" testName="UnitTests.EntensionMethodTests.IQueryable_GetPage_PagesProperly(count: 10, page: 1, pageSize: 10, expedtedPages: 1, expectedItems: 10, firstId: 1, descending: False)" computerName="fv-az252-455" duration="00:00:00.0150000" startTime="2022-04-04T02:32:03.4841423+00:00" endTime="2022-04-04T02:32:03.4841423+00:00" testType="13cdc9d9-ddb5-4fa4-a97d-d965ccfc6d4b" outcome="Passed" testListId="8c84fa94-04c1-424b-9868-57a2d4851a1d" relativeResultsDirectory="26da3d42-acd5-4c17-bc64-cebafa97236e" />
    <UnitTestResult executionId="b0ade8be-72fe-427a-b9ad-2d5d3d277851" testId="6f0b47a1-9d18-a5d8-8dd1-c8f266712c15" testName="UnitTests.EntensionMethodTests.IQueryable_IsOrdered_Works(ordered: True, descending: True, lastOrder: False)" computerName="fv-az252-455" duration="00:00:00.0120000" startTime="2022-04-04T02:32:03.5531368+00:00" endTime="2022-04-04T02:32:03.5531368+00:00" testType="13cdc9d9-ddb5-4fa4-a97d-d965ccfc6d4b" outcome="Passed" testListId="8c84fa94-04c1-424b-9868-57a2d4851a1d" relativeResultsDirectory="b0ade8be-72fe-427a-b9ad-2d5d3d277851" />
    <UnitTestResult executionId="a3d8172e-956e-49b4-806b-736397066a70" testId="2695f427-ed7b-9f97-5696-f97a7702128c" testName="UnitTests.EntensionMethodTests.IQueryable_GetPage_PagesProperly(count: 20, page: 2, pageSize: 10, expedtedPages: 2, expectedItems: 10, firstId: 11, descending: False)" computerName="fv-az252-455" duration="00:00:01.2690000" startTime="2022-04-04T02:32:03.3851362+00:00" endTime="2022-04-04T02:32:03.3851362+00:00" testType="13cdc9d9-ddb5-4fa4-a97d-d965ccfc6d4b" outcome="Passed" testListId="8c84fa94-04c1-424b-9868-57a2d4851a1d" relativeResultsDirectory="a3d8172e-956e-49b4-806b-736397066a70" />
    <UnitTestResult executionId="189750ee-68f8-4f4f-aa68-1ba42534e633" testId="a21637b0-54f8-4fa0-bc3b-95481a9fd90b" testName="UnitTests.Controllers.ModuleExceptionFilterAttributeTests.ArgumentException_BadRequest(exception: System.NotImplementedException: Not Implemented, expectedStatusCode: NotImplemented)" computerName="fv-az252-455" duration="00:00:00.0010000" startTime="2022-04-04T02:32:01.4513166+00:00" endTime="2022-04-04T02:32:01.4513166+00:00" testType="13cdc9d9-ddb5-4fa4-a97d-d965ccfc6d4b" outcome="Passed" testListId="8c84fa94-04c1-424b-9868-57a2d4851a1d" relativeResultsDirectory="189750ee-68f8-4f4f-aa68-1ba42534e633" />
    <UnitTestResult executionId="587edaa2-9dce-4a05-ba36-49dc2aa6be20" testId="a9198ad3-782e-a37c-0b5f-1330f5318f55" testName="UnitTests.Services.ItemServiceTests.CreateItem_Creates" computerName="fv-az252-455" duration="00:00:00.0050000" startTime="2022-04-04T02:32:01.3053158+00:00" endTime="2022-04-04T02:32:01.3053158+00:00" testType="13cdc9d9-ddb5-4fa4-a97d-d965ccfc6d4b" outcome="Passed" testListId="8c84fa94-04c1-424b-9868-57a2d4851a1d" relativeResultsDirectory="587edaa2-9dce-4a05-ba36-49dc2aa6be20" />
    <UnitTestResult executionId="2537d72c-6173-4d1d-b07f-5487964120e6" testId="5f92ec4d-d570-0452-b891-d4cee75db9dd" testName="UnitTests.Controllers.ModuleApiControllerTests.CanEdit_Set_Throws" computerName="fv-az252-455" duration="00:00:00.0170000" startTime="2022-04-04T02:32:00.8367657+00:00" endTime="2022-04-04T02:32:00.8367657+00:00" testType="13cdc9d9-ddb5-4fa4-a97d-d965ccfc6d4b" outcome="Passed" testListId="8c84fa94-04c1-424b-9868-57a2d4851a1d" relativeResultsDirectory="2537d72c-6173-4d1d-b07f-5487964120e6" />
    <UnitTestResult executionId="2548d01e-0f03-46c8-a245-29972305f0e2" testId="320e3c11-11d1-b3ef-0d2e-5e474f674ff1" testName="UnitTests.Controllers.ModuleApiControllerTests.CanEdit_DefaultsToFalse" computerName="fv-az252-455" duration="00:00:00.0030000" startTime="2022-04-04T02:32:00.9403130+00:00" endTime="2022-04-04T02:32:00.9403130+00:00" testType="13cdc9d9-ddb5-4fa4-a97d-d965ccfc6d4b" outcome="Passed" testListId="8c84fa94-04c1-424b-9868-57a2d4851a1d" relativeResultsDirectory="2548d01e-0f03-46c8-a245-29972305f0e2" />
    <UnitTestResult executionId="c39c1a05-d5c8-4837-8c65-d9c2518013bb" testId="f46af852-6230-3d31-e31c-2959bffd491f" testName="UnitTests.EntensionMethodTests.IQueryable_IsOrdered_Works(ordered: True, descending: True, lastOrder: True)" computerName="fv-az252-455" duration="00:00:00.0060000" startTime="2022-04-04T02:32:03.5601393+00:00" endTime="2022-04-04T02:32:03.5601393+00:00" testType="13cdc9d9-ddb5-4fa4-a97d-d965ccfc6d4b" outcome="Passed" testListId="8c84fa94-04c1-424b-9868-57a2d4851a1d" relativeResultsDirectory="c39c1a05-d5c8-4837-8c65-d9c2518013bb" />
    <UnitTestResult executionId="9967c15f-18e4-4306-9217-5639c3559663" testId="986d7e6e-d04d-b204-b01c-fbb8f09c7774" testName="UnitTests.Controllers.ServiceRouteMapperTests.RegisterRoutes_RegistersAtLestOneRoute" computerName="fv-az252-455" duration="00:00:00.2770000" startTime="2022-04-04T02:32:01.0833132+00:00" endTime="2022-04-04T02:32:01.0833132+00:00" testType="13cdc9d9-ddb5-4fa4-a97d-d965ccfc6d4b" outcome="Passed" testListId="8c84fa94-04c1-424b-9868-57a2d4851a1d" relativeResultsDirectory="9967c15f-18e4-4306-9217-5639c3559663" />
    <UnitTestResult executionId="e41dd6b5-e35e-4432-8dff-e4e7741293b0" testId="e6e0a140-85e7-6935-6160-ab95ecfd3c8a" testName="UnitTests.Data.Repositories.GenericRepositoryTests.GenericRepositoryCreatesAndGetsById" computerName="fv-az252-455" duration="00:00:00.0550000" startTime="2022-04-04T02:32:03.5911383+00:00" endTime="2022-04-04T02:32:03.5911383+00:00" testType="13cdc9d9-ddb5-4fa4-a97d-d965ccfc6d4b" outcome="Passed" testListId="8c84fa94-04c1-424b-9868-57a2d4851a1d" relativeResultsDirectory="e41dd6b5-e35e-4432-8dff-e4e7741293b0" />
    <UnitTestResult executionId="e0bfc7fd-5be4-4f04-ab1c-b05e7112641f" testId="0247c7e7-7d1c-099b-2ac8-81a47ff2509a" testName="UnitTests.Controllers.ItemControllerTests.UserCanEdit_ReturnsBool(canEdit: False)" computerName="fv-az252-455" duration="00:00:00.0090000" startTime="2022-04-04T02:32:02.0713419+00:00" endTime="2022-04-04T02:32:02.0713419+00:00" testType="13cdc9d9-ddb5-4fa4-a97d-d965ccfc6d4b" outcome="Passed" testListId="8c84fa94-04c1-424b-9868-57a2d4851a1d" relativeResultsDirectory="e0bfc7fd-5be4-4f04-ab1c-b05e7112641f" />
    <UnitTestResult executionId="e46297eb-dcf2-434e-b522-e82cbab5e126" testId="9168bdef-a759-f4d6-b890-b643e17324cf" testName="UnitTests.Services.LoggingServiceTests.LogginService_TestableConstructorLogsErrorWithException" computerName="fv-az252-455" duration="00:00:00.0010000" startTime="2022-04-04T02:32:02.1283413+00:00" endTime="2022-04-04T02:32:02.1283413+00:00" testType="13cdc9d9-ddb5-4fa4-a97d-d965ccfc6d4b" outcome="Passed" testListId="8c84fa94-04c1-424b-9868-57a2d4851a1d" relativeResultsDirectory="e46297eb-dcf2-434e-b522-e82cbab5e126" />
    <UnitTestResult executionId="457c3723-b3e1-4268-a982-c205e01fa2bd" testId="bae3532a-4a9e-c4ab-fc66-4dfa22d16170" testName="UnitTests.Controllers.ModuleApiControllerTests.HasUserInfo" computerName="fv-az252-455" duration="00:00:00.0780000" startTime="2022-04-04T02:32:00.9393131+00:00" endTime="2022-04-04T02:32:00.9393131+00:00" testType="13cdc9d9-ddb5-4fa4-a97d-d965ccfc6d4b" outcome="Passed" testListId="8c84fa94-04c1-424b-9868-57a2d4851a1d" relativeResultsDirectory="457c3723-b3e1-4268-a982-c205e01fa2bd" />
    <UnitTestResult executionId="17d96f99-4246-417d-b5bf-1dabf50751de" testId="2aef35a8-73ad-0c03-c8a4-2b5a1d37af8f" testName="UnitTests.EntensionMethodTests.IQueryable_IsOrdered_Works(ordered: False, descending: False, lastOrder: False)" computerName="fv-az252-455" duration="00:00:00.0100000" startTime="2022-04-04T02:32:03.5101382+00:00" endTime="2022-04-04T02:32:03.5101382+00:00" testType="13cdc9d9-ddb5-4fa4-a97d-d965ccfc6d4b" outcome="Passed" testListId="8c84fa94-04c1-424b-9868-57a2d4851a1d" relativeResultsDirectory="17d96f99-4246-417d-b5bf-1dabf50751de" />
    <UnitTestResult executionId="bd84ef4d-032f-42b6-bb7b-77a96a885d4e" testId="7e661283-b2b2-d632-266b-6af1f3374c08" testName="UnitTests.EntensionMethodTests.IQueryable_GetPage_PagesProperly(count: 21, page: 1, pageSize: 10, expedtedPages: 3, expectedItems: 10, firstId: 21, descending: True)" computerName="fv-az252-455" duration="00:00:00.0290000" startTime="2022-04-04T02:32:03.4991372+00:00" endTime="2022-04-04T02:32:03.4991372+00:00" testType="13cdc9d9-ddb5-4fa4-a97d-d965ccfc6d4b" outcome="Passed" testListId="8c84fa94-04c1-424b-9868-57a2d4851a1d" relativeResultsDirectory="bd84ef4d-032f-42b6-bb7b-77a96a885d4e" />
    <UnitTestResult executionId="a87ee60c-25d3-4964-8754-5ef6e95cb1c3" testId="8bbc68bc-7714-d990-1480-dfaedaafbd62" testName="UnitTests.EntensionMethodTests.IQueryable_GetPage_PagesProperly(count: 0, page: 0, pageSize: 0, expedtedPages: 0, expectedItems: 0, firstId: null, descending: False)" computerName="fv-az252-455" duration="00:00:00.0090000" startTime="2022-04-04T02:32:03.3951373+00:00" endTime="2022-04-04T02:32:03.3951373+00:00" testType="13cdc9d9-ddb5-4fa4-a97d-d965ccfc6d4b" outcome="Passed" testListId="8c84fa94-04c1-424b-9868-57a2d4851a1d" relativeResultsDirectory="a87ee60c-25d3-4964-8754-5ef6e95cb1c3" />
    <UnitTestResult executionId="79df69fc-a7f0-40ad-9a9d-cecc7d578942" testId="96a18501-dea4-70b1-d572-baa1bb120da2" testName="UnitTests.Data.Entities.ItemTests.ItemPropertiesPersist(id: 2, name: &quot;Name2&quot;, description: &quot;Description2&quot;)" computerName="fv-az252-455" duration="00:00:00.0010000" startTime="2022-04-04T02:32:03.5801433+00:00" endTime="2022-04-04T02:32:03.5801433+00:00" testType="13cdc9d9-ddb5-4fa4-a97d-d965ccfc6d4b" outcome="Passed" testListId="8c84fa94-04c1-424b-9868-57a2d4851a1d" relativeResultsDirectory="79df69fc-a7f0-40ad-9a9d-cecc7d578942" />
    <UnitTestResult executionId="c64c7dab-1053-4e68-8492-2d734be19130" testId="478b61ee-7d85-9dbe-985d-08c590f8666a" testName="UnitTests.Controllers.ItemControllerTests.DeleteItem_Deletes(itemId: 1)" computerName="fv-az252-455" duration="00:00:00.0010000" startTime="2022-04-04T02:32:02.0923422+00:00" endTime="2022-04-04T02:32:02.0923422+00:00" testType="13cdc9d9-ddb5-4fa4-a97d-d965ccfc6d4b" outcome="Passed" testListId="8c84fa94-04c1-424b-9868-57a2d4851a1d" relativeResultsDirectory="c64c7dab-1053-4e68-8492-2d734be19130" />
    <UnitTestResult executionId="3870e820-a859-40c3-bc0b-a58637778583" testId="f5652070-1b22-f5a7-3f3f-68b37c9184a8" testName="UnitTests.Services.ItemServiceTests.CreateItem_NoItemThrows" computerName="fv-az252-455" duration="00:00:00.0010000" startTime="2022-04-04T02:32:01.3003162+00:00" endTime="2022-04-04T02:32:01.3003162+00:00" testType="13cdc9d9-ddb5-4fa4-a97d-d965ccfc6d4b" outcome="Passed" testListId="8c84fa94-04c1-424b-9868-57a2d4851a1d" relativeResultsDirectory="3870e820-a859-40c3-bc0b-a58637778583" />
    <UnitTestResult executionId="3ae7304d-75a9-455e-94aa-97b43d1849b3" testId="b80893de-3e2d-6029-ec19-65c03fd119c3" testName="UnitTests.EntensionMethodTests.IQueryable_IsOrdered_Works(ordered: False, descending: True, lastOrder: False)" computerName="fv-az252-455" duration="00:00:00.0060000" startTime="2022-04-04T02:32:03.5161365+00:00" endTime="2022-04-04T02:32:03.5161365+00:00" testType="13cdc9d9-ddb5-4fa4-a97d-d965ccfc6d4b" outcome="Passed" testListId="8c84fa94-04c1-424b-9868-57a2d4851a1d" relativeResultsDirectory="3ae7304d-75a9-455e-94aa-97b43d1849b3" />
    <UnitTestResult executionId="1aa617bd-52b7-44d5-82f9-0682186598fa" testId="24cfa8b0-48c3-8aab-e4c2-88694c220e2c" testName="UnitTests.Data.Repositories.GenericRepositoryTests.GenericRepositoryUpdate_ThrowsWithNullEntity" computerName="fv-az252-455" duration="00:00:00.0010000" startTime="2022-04-04T02:32:03.5561390+00:00" endTime="2022-04-04T02:32:03.5561390+00:00" testType="13cdc9d9-ddb5-4fa4-a97d-d965ccfc6d4b" outcome="Passed" testListId="8c84fa94-04c1-424b-9868-57a2d4851a1d" relativeResultsDirectory="1aa617bd-52b7-44d5-82f9-0682186598fa" />
    <UnitTestResult executionId="bd1554c3-5cc2-41b1-8d49-b3cc20a1c4b8" testId="36689490-09d4-917f-648a-70dcfcfede10" testName="UnitTests.Data.Repositories.GenericRepositoryTests.GenericRepositoryCreate_ThrowsWithNullEntity" computerName="fv-az252-455" duration="00:00:00.0010000" startTime="2022-04-04T02:32:03.3921386+00:00" endTime="2022-04-04T02:32:03.3921386+00:00" testType="13cdc9d9-ddb5-4fa4-a97d-d965ccfc6d4b" outcome="Passed" testListId="8c84fa94-04c1-424b-9868-57a2d4851a1d" relativeResultsDirectory="bd1554c3-5cc2-41b1-8d49-b3cc20a1c4b8" />
    <UnitTestResult executionId="7b89453b-8eff-4ffc-9abe-16fc3b893be1" testId="ac1c50bc-98fd-036f-fe0f-d46cb187f90e" testName="UnitTests.Services.LoggingServiceTests.LogginService_TestableConstructorLogsError" computerName="fv-az252-455" duration="00:00:00.0200000" startTime="2022-04-04T02:32:02.1273416+00:00" endTime="2022-04-04T02:32:02.1273416+00:00" testType="13cdc9d9-ddb5-4fa4-a97d-d965ccfc6d4b" outcome="Passed" testListId="8c84fa94-04c1-424b-9868-57a2d4851a1d" relativeResultsDirectory="7b89453b-8eff-4ffc-9abe-16fc3b893be1" />
    <UnitTestResult executionId="9447b48e-392a-401e-a09e-c7e73446900c" testId="0dc5a512-bfd0-bc80-f676-16e6d961ec4d" testName="UnitTests.EntensionMethodTests.IQueryable_IsOrdered_Works(ordered: False, descending: False, lastOrder: True)" computerName="fv-az252-455" duration="00:00:00.0070000" startTime="2022-04-04T02:32:03.5661379+00:00" endTime="2022-04-04T02:32:03.5661379+00:00" testType="13cdc9d9-ddb5-4fa4-a97d-d965ccfc6d4b" outcome="Passed" testListId="8c84fa94-04c1-424b-9868-57a2d4851a1d" relativeResultsDirectory="9447b48e-392a-401e-a09e-c7e73446900c" />
    <UnitTestResult executionId="664e1bda-fff8-46e3-9dae-223cefba0006" testId="d15ea2a7-9f9f-b92b-50fa-470898da705d" testName="UnitTests.Data.Repositories.GenericRepositoryTests.GenericRepositoryGetsAll(iterations: 3)" computerName="fv-az252-455" duration="00:00:00.0220000" startTime="2022-04-04T02:32:03.4871383+00:00" endTime="2022-04-04T02:32:03.4871383+00:00" testType="13cdc9d9-ddb5-4fa4-a97d-d965ccfc6d4b" outcome="Passed" testListId="8c84fa94-04c1-424b-9868-57a2d4851a1d" relativeResultsDirectory="664e1bda-fff8-46e3-9dae-223cefba0006" />
    <UnitTestResult executionId="41e3f965-2596-4f1f-9c6a-f7fba8f06a9d" testId="572fc310-4b67-9555-f147-153d39f2eb82" testName="UnitTests.Data.Entities.ItemTests.ItemConstructsProperly" computerName="fv-az252-455" duration="00:00:00.0010000" startTime="2022-04-04T02:32:03.5811385+00:00" endTime="2022-04-04T02:32:03.5811385+00:00" testType="13cdc9d9-ddb5-4fa4-a97d-d965ccfc6d4b" outcome="Passed" testListId="8c84fa94-04c1-424b-9868-57a2d4851a1d" relativeResultsDirectory="41e3f965-2596-4f1f-9c6a-f7fba8f06a9d" />
    <UnitTestResult executionId="87108644-c6b4-4fb5-a8c6-f992de5e7e88" testId="d5b75914-a4f0-1327-0212-c8781f6dfe81" testName="UnitTests.EntensionMethodTests.IQueryable_IsOrdered_Works(ordered: False, descending: True, lastOrder: True)" computerName="fv-az252-455" duration="00:00:00.0070000" startTime="2022-04-04T02:32:03.5571395+00:00" endTime="2022-04-04T02:32:03.5571395+00:00" testType="13cdc9d9-ddb5-4fa4-a97d-d965ccfc6d4b" outcome="Passed" testListId="8c84fa94-04c1-424b-9868-57a2d4851a1d" relativeResultsDirectory="87108644-c6b4-4fb5-a8c6-f992de5e7e88" />
    <UnitTestResult executionId="44eff4d1-3bbd-41e6-9cef-4a5aa0cff3c1" testId="1b051fa0-d4cc-1b32-80bb-d56b714e3066" testName="UnitTests.Services.ItemServiceTests.GetItemsPage_GetsPages(page: 1, pageSize: 20, descending: False, expectedPages: 2, returnedPage: 1)" computerName="fv-az252-455" duration="00:00:00.0030000" startTime="2022-04-04T02:32:01.2133155+00:00" endTime="2022-04-04T02:32:01.2133155+00:00" testType="13cdc9d9-ddb5-4fa4-a97d-d965ccfc6d4b" outcome="Passed" testListId="8c84fa94-04c1-424b-9868-57a2d4851a1d" relativeResultsDirectory="44eff4d1-3bbd-41e6-9cef-4a5aa0cff3c1" />
    <UnitTestResult executionId="40762920-3891-4adc-ab36-c153db639a0f" testId="61a8ccc9-c5b1-047b-3c97-f777ccc7d30b" testName="UnitTests.Controllers.ValidateModelAttributeTests.OnActionExecuting_Invalid_Works" computerName="fv-az252-455" duration="00:00:00.5880000" startTime="2022-04-04T02:32:02.0703411+00:00" endTime="2022-04-04T02:32:02.0703411+00:00" testType="13cdc9d9-ddb5-4fa4-a97d-d965ccfc6d4b" outcome="Passed" testListId="8c84fa94-04c1-424b-9868-57a2d4851a1d" relativeResultsDirectory="40762920-3891-4adc-ab36-c153db639a0f" />
    <UnitTestResult executionId="088e9237-582c-4b2a-8e80-6daba24f1b13" testId="4fe0dd0f-2fa0-9c42-e816-a6df28150b72" testName="UnitTests.Data.Repositories.GenericRepositoryTests.GenericRepositoryGetsAll(iterations: 0)" computerName="fv-az252-455" duration="00:00:00.0060000" startTime="2022-04-04T02:32:03.4821388+00:00" endTime="2022-04-04T02:32:03.4821388+00:00" testType="13cdc9d9-ddb5-4fa4-a97d-d965ccfc6d4b" outcome="Passed" testListId="8c84fa94-04c1-424b-9868-57a2d4851a1d" relativeResultsDirectory="088e9237-582c-4b2a-8e80-6daba24f1b13" />
    <UnitTestResult executionId="14d2a177-2ff7-4995-aca5-8bac7ca21bb8" testId="1017c6c1-9dd0-57dc-36e7-bb573d02562e" testName="UnitTests.Controllers.ItemControllerTests.GetItemsPage_GetsProperPages" computerName="fv-az252-455" duration="00:00:00.0110000" startTime="2022-04-04T02:32:02.0863414+00:00" endTime="2022-04-04T02:32:02.0863414+00:00" testType="13cdc9d9-ddb5-4fa4-a97d-d965ccfc6d4b" outcome="Passed" testListId="8c84fa94-04c1-424b-9868-57a2d4851a1d" relativeResultsDirectory="14d2a177-2ff7-4995-aca5-8bac7ca21bb8" />
    <UnitTestResult executionId="da3902ea-525d-4dfe-ad8e-2ddcc3602d7d" testId="1c164fbc-1ab1-9884-ccb8-9e84f4c977d0" testName="UnitTests.Services.ItemServiceTests.UpdateItem_NoName_Throws(name: &quot; &quot;)" computerName="fv-az252-455" duration="00:00:00.0010000" startTime="2022-04-04T02:32:01.2953136+00:00" endTime="2022-04-04T02:32:01.2953136+00:00" testType="13cdc9d9-ddb5-4fa4-a97d-d965ccfc6d4b" outcome="Passed" testListId="8c84fa94-04c1-424b-9868-57a2d4851a1d" relativeResultsDirectory="da3902ea-525d-4dfe-ad8e-2ddcc3602d7d" />
    <UnitTestResult executionId="50a0548d-7f33-41c5-a11d-f9cc680c8e1a" testId="d6094ca1-b65b-5133-f464-9f7d01f0d023" testName="UnitTests.Controllers.ItemControllerTests.DeleteItem_Deletes(itemId: 10)" computerName="fv-az252-455" duration="00:00:00.0010000" startTime="2022-04-04T02:32:02.0883420+00:00" endTime="2022-04-04T02:32:02.0883420+00:00" testType="13cdc9d9-ddb5-4fa4-a97d-d965ccfc6d4b" outcome="Passed" testListId="8c84fa94-04c1-424b-9868-57a2d4851a1d" relativeResultsDirectory="50a0548d-7f33-41c5-a11d-f9cc680c8e1a" />
    <UnitTestResult executionId="9563ce85-e2d2-4625-ad54-71300452fc18" testId="0bc54975-0bff-692e-a9b3-fc69f2c95a39" testName="UnitTests.Data.Repositories.GenericRepositoryTests.GenericRepositoryDeletes" computerName="fv-az252-455" duration="00:00:02.4580000" startTime="2022-04-04T02:32:03.3711376+00:00" endTime="2022-04-04T02:32:03.3711376+00:00" testType="13cdc9d9-ddb5-4fa4-a97d-d965ccfc6d4b" outcome="Passed" testListId="8c84fa94-04c1-424b-9868-57a2d4851a1d" relativeResultsDirectory="9563ce85-e2d2-4625-ad54-71300452fc18" />
    <UnitTestResult executionId="4cd92d69-3620-4a55-af06-00f8fc451b06" testId="b72028ed-e29e-ac6a-9e2e-bf700facee4e" testName="UnitTests.EntensionMethodTests.IQueryable_IsOrdered_Works(ordered: True, descending: False, lastOrder: False)" computerName="fv-az252-455" duration="00:00:00.0110000" startTime="2022-04-04T02:32:03.5641391+00:00" endTime="2022-04-04T02:32:03.5641391+00:00" testType="13cdc9d9-ddb5-4fa4-a97d-d965ccfc6d4b" outcome="Passed" testListId="8c84fa94-04c1-424b-9868-57a2d4851a1d" relativeResultsDirectory="4cd92d69-3620-4a55-af06-00f8fc451b06" />
    <UnitTestResult executionId="33f85e67-a17f-49c3-992b-c85739031ae9" testId="588a2c1b-7788-beb2-ade0-06788d455d25" testName="UnitTests.Controllers.ItemControllerTests.CreateItem_Creates" computerName="fv-az252-455" duration="00:00:00.0030000" startTime="2022-04-04T02:32:02.0743413+00:00" endTime="2022-04-04T02:32:02.0743413+00:00" testType="13cdc9d9-ddb5-4fa4-a97d-d965ccfc6d4b" outcome="Passed" testListId="8c84fa94-04c1-424b-9868-57a2d4851a1d" relativeResultsDirectory="33f85e67-a17f-49c3-992b-c85739031ae9" />
    <UnitTestResult executionId="d4456b82-0074-45b8-a641-b95d56ffad54" testId="e6610648-e456-1c64-d2b1-7e1242b871a8" testName="UnitTests.Services.ItemServiceTests.DeleteItem_Deletes" computerName="fv-az252-455" duration="00:00:00.0010000" startTime="2022-04-04T02:32:01.3033165+00:00" endTime="2022-04-04T02:32:01.3033165+00:00" testType="13cdc9d9-ddb5-4fa4-a97d-d965ccfc6d4b" outcome="Passed" testListId="8c84fa94-04c1-424b-9868-57a2d4851a1d" relativeResultsDirectory="d4456b82-0074-45b8-a641-b95d56ffad54" />
    <UnitTestResult executionId="743bef0f-0c77-4e9a-b8ab-17d4419eb6e5" testId="113f48ce-a6a3-c5df-7589-ba5a5fcb9c59" testName="UnitTests.Controllers.ModuleExceptionFilterAttributeTests.NoException_DoesNothing" computerName="fv-az252-455" duration="00:00:00.0010000" startTime="2022-04-04T02:32:01.4533172+00:00" endTime="2022-04-04T02:32:01.4533172+00:00" testType="13cdc9d9-ddb5-4fa4-a97d-d965ccfc6d4b" outcome="Passed" testListId="8c84fa94-04c1-424b-9868-57a2d4851a1d" relativeResultsDirectory="743bef0f-0c77-4e9a-b8ab-17d4419eb6e5" />
    <UnitTestResult executionId="68844537-1483-4d26-9dbb-5ca364d61265" testId="1a74e347-4470-5271-97ab-1ebaf8693270" testName="UnitTests.Controllers.ModuleExceptionFilterAttributeTests.SystemException_DoesNotExposeDetails" computerName="fv-az252-455" duration="00:00:00.0160000" startTime="2022-04-04T02:32:01.4603169+00:00" endTime="2022-04-04T02:32:01.4603169+00:00" testType="13cdc9d9-ddb5-4fa4-a97d-d965ccfc6d4b" outcome="Passed" testListId="8c84fa94-04c1-424b-9868-57a2d4851a1d" relativeResultsDirectory="68844537-1483-4d26-9dbb-5ca364d61265" />
    <UnitTestResult executionId="9aaa8474-246b-469e-8758-2e497f21af8a" testId="8ba31d1b-48e3-e04e-cff0-b927c63b4a19" testName="UnitTests.Services.LoggingServiceTests.LoggingService_DefaultConstructorExists" computerName="fv-az252-455" duration="00:00:00.0010000" startTime="2022-04-04T02:32:02.1263422+00:00" endTime="2022-04-04T02:32:02.1263422+00:00" testType="13cdc9d9-ddb5-4fa4-a97d-d965ccfc6d4b" outcome="Passed" testListId="8c84fa94-04c1-424b-9868-57a2d4851a1d" relativeResultsDirectory="9aaa8474-246b-469e-8758-2e497f21af8a" />
    <UnitTestResult executionId="4f0844f0-b6e2-4988-8d5d-3187afe132b6" testId="d16880d7-fb44-f209-43d9-ba2e0e1875de" testName="UnitTests.Data.Repositories.GenericRepositoryTests.GenericRepositoryGetsAll(iterations: 1)" computerName="fv-az252-455" duration="00:00:00.0080000" startTime="2022-04-04T02:32:03.4961382+00:00" endTime="2022-04-04T02:32:03.4961382+00:00" testType="13cdc9d9-ddb5-4fa4-a97d-d965ccfc6d4b" outcome="Passed" testListId="8c84fa94-04c1-424b-9868-57a2d4851a1d" relativeResultsDirectory="4f0844f0-b6e2-4988-8d5d-3187afe132b6" />
    <UnitTestResult executionId="fb44909b-3d2c-4510-a9d9-3aee5e5ed6be" testId="19b6234c-c2df-2304-54f9-54b0da4cd6ba" testName="UnitTests.Services.ItemServiceTests.CreateItem_NoNameThrows" computerName="fv-az252-455" duration="00:00:00.0010000" startTime="2022-04-04T02:32:01.2933150+00:00" endTime="2022-04-04T02:32:01.2933150+00:00" testType="13cdc9d9-ddb5-4fa4-a97d-d965ccfc6d4b" outcome="Passed" testListId="8c84fa94-04c1-424b-9868-57a2d4851a1d" relativeResultsDirectory="fb44909b-3d2c-4510-a9d9-3aee5e5ed6be" />
    <UnitTestResult executionId="77ea335e-580b-4e70-ac77-a1685011f36e" testId="2d3a68b5-bf4c-0513-b733-5ed612794244" testName="UnitTests.EntensionMethodTests.IQueryable_GetPage_EmptyDoesNotThrow" computerName="fv-az252-455" duration="00:00:00.0110000" startTime="2022-04-04T02:32:03.5761369+00:00" endTime="2022-04-04T02:32:03.5761369+00:00" testType="13cdc9d9-ddb5-4fa4-a97d-d965ccfc6d4b" outcome="Passed" testListId="8c84fa94-04c1-424b-9868-57a2d4851a1d" relativeResultsDirectory="77ea335e-580b-4e70-ac77-a1685011f36e" />
    <UnitTestResult executionId="7426d05a-3292-44c4-9749-a5a81ea1eb15" testId="aec60494-3c2e-8ec9-f948-da5bb2043983" testName="UnitTests.Controllers.ItemControllerTests.UserCanEdit_ReturnsBool(canEdit: True)" computerName="fv-az252-455" duration="00:00:00.0010000" startTime="2022-04-04T02:32:02.0733455+00:00" endTime="2022-04-04T02:32:02.0733455+00:00" testType="13cdc9d9-ddb5-4fa4-a97d-d965ccfc6d4b" outcome="Passed" testListId="8c84fa94-04c1-424b-9868-57a2d4851a1d" relativeResultsDirectory="7426d05a-3292-44c4-9749-a5a81ea1eb15" />
    <UnitTestResult executionId="df7fe1a2-9a62-4af8-a0d7-75f9aecec8b6" testId="d1c63cb7-1f9a-a8bf-a217-a4cbb4e5f73b" testName="UnitTests.Common.GlobalsTests.ModulePrefixIsValid" computerName="fv-az252-455" duration="00:00:00.0010000" startTime="2022-04-04T02:32:03.5861374+00:00" endTime="2022-04-04T02:32:03.5861374+00:00" testType="13cdc9d9-ddb5-4fa4-a97d-d965ccfc6d4b" outcome="Passed" testListId="8c84fa94-04c1-424b-9868-57a2d4851a1d" relativeResultsDirectory="df7fe1a2-9a62-4af8-a0d7-75f9aecec8b6" />
    <UnitTestResult executionId="d7cf9690-e345-4627-b73c-89ae6b7c41de" testId="0f141a30-05bd-f4ed-a627-d40adca6b3ca" testName="UnitTests.Services.ItemServiceTests.GetItemsPage_GetsPages(page: 4, pageSize: 10, descending: False, expectedPages: 3, returnedPage: 3)" computerName="fv-az252-455" duration="00:00:00.0020000" startTime="2022-04-04T02:32:01.2483165+00:00" endTime="2022-04-04T02:32:01.2483165+00:00" testType="13cdc9d9-ddb5-4fa4-a97d-d965ccfc6d4b" outcome="Passed" testListId="8c84fa94-04c1-424b-9868-57a2d4851a1d" relativeResultsDirectory="d7cf9690-e345-4627-b73c-89ae6b7c41de" />
    <UnitTestResult executionId="952ec7ad-9454-42e4-814d-e431b41372fe" testId="ae39aa62-5ff2-56e7-d00e-ef116d711d51" testName="UnitTests.Data.Repositories.GenericRepositoryTests.Repository_Create_DefaultAudit" computerName="fv-az252-455" duration="00:00:00.0050000" startTime="2022-04-04T02:32:03.5581399+00:00" endTime="2022-04-04T02:32:03.5581399+00:00" testType="13cdc9d9-ddb5-4fa4-a97d-d965ccfc6d4b" outcome="Passed" testListId="8c84fa94-04c1-424b-9868-57a2d4851a1d" relativeResultsDirectory="952ec7ad-9454-42e4-814d-e431b41372fe" />
    <UnitTestResult executionId="021dc51a-da41-4008-a3df-b58d92453bfa" testId="e55f1742-c16d-5086-2251-ad3372dd48f5" testName="UnitTests.Controllers.ValidateModelAttributeTests.OnActionExecuting_Valid_Works" computerName="fv-az252-455" duration="00:00:00.0030000" startTime="2022-04-04T02:32:01.4653163+00:00" endTime="2022-04-04T02:32:01.4653163+00:00" testType="13cdc9d9-ddb5-4fa4-a97d-d965ccfc6d4b" outcome="Passed" testListId="8c84fa94-04c1-424b-9868-57a2d4851a1d" relativeResultsDirectory="021dc51a-da41-4008-a3df-b58d92453bfa" />
    <UnitTestResult executionId="093b6c0b-1fc4-4de9-b4e5-7c47b3abca11" testId="4bb697d7-9cb3-28c5-7c49-3e60c8ee823d" testName="UnitTests.EntensionMethodTests.IQueryable_GetPage_PagesProperly(count: 0, page: -1, pageSize: -1, expedtedPages: 0, expectedItems: 0, firstId: null, descending: False)" computerName="fv-az252-455" duration="00:00:00.0100000" startTime="2022-04-04T02:32:03.4771386+00:00" endTime="2022-04-04T02:32:03.4771386+00:00" testType="13cdc9d9-ddb5-4fa4-a97d-d965ccfc6d4b" outcome="Passed" testListId="8c84fa94-04c1-424b-9868-57a2d4851a1d" relativeResultsDirectory="093b6c0b-1fc4-4de9-b4e5-7c47b3abca11" />
    <UnitTestResult executionId="9ed3e192-9daa-4bd8-9cb4-bbb1d1781a41" testId="3140ebc5-2430-06b3-4257-a6794b9b09ac" testName="UnitTests.EntensionMethodTests.IQueryable_IsOrdered_Works(ordered: True, descending: False, lastOrder: True)" computerName="fv-az252-455" duration="00:00:00.0060000" startTime="2022-04-04T02:32:03.5611392+00:00" endTime="2022-04-04T02:32:03.5611392+00:00" testType="13cdc9d9-ddb5-4fa4-a97d-d965ccfc6d4b" outcome="Passed" testListId="8c84fa94-04c1-424b-9868-57a2d4851a1d" relativeResultsDirectory="9ed3e192-9daa-4bd8-9cb4-bbb1d1781a41" />
    <UnitTestResult executionId="952d7398-6b17-4e26-95bf-e33d57bcec5e" testId="0ebf358f-9eac-9438-b418-9c6aa81a6377" testName="UnitTests.Data.Repositories.GenericRepositoryTests.Repository_Update_UsesuserId" computerName="fv-az252-455" duration="00:00:00.0360000" startTime="2022-04-04T02:32:03.4301377+00:00" endTime="2022-04-04T02:32:03.4301377+00:00" testType="13cdc9d9-ddb5-4fa4-a97d-d965ccfc6d4b" outcome="Passed" testListId="8c84fa94-04c1-424b-9868-57a2d4851a1d" relativeResultsDirectory="952d7398-6b17-4e26-95bf-e33d57bcec5e" />
    <UnitTestResult executionId="015359ea-a54f-42b4-ae13-9aa57a034c3e" testId="95a0a379-a9bd-3d99-f720-e626260de7f6" testName="UnitTests.EntensionMethodTests.IQueryable_GetPage_PagesProperly(count: 101, page: 1, pageSize: 50, expedtedPages: 3, expectedItems: 50, firstId: 1, descending: False)" computerName="fv-az252-455" duration="00:00:00.0500000" startTime="2022-04-04T02:32:03.4741386+00:00" endTime="2022-04-04T02:32:03.4741386+00:00" testType="13cdc9d9-ddb5-4fa4-a97d-d965ccfc6d4b" outcome="Passed" testListId="8c84fa94-04c1-424b-9868-57a2d4851a1d" relativeResultsDirectory="015359ea-a54f-42b4-ae13-9aa57a034c3e" />
    <UnitTestResult executionId="b10c167a-59bb-41b6-9702-9eaf05dd9586" testId="e1c7f76f-6195-c844-23c0-304b47fbae66" testName="UnitTests.Data.Repositories.GenericRepositoryTests.Repository_Create_UsesUserId" computerName="fv-az252-455" duration="00:00:00.0070000" startTime="2022-04-04T02:32:03.3791376+00:00" endTime="2022-04-04T02:32:03.3791376+00:00" testType="13cdc9d9-ddb5-4fa4-a97d-d965ccfc6d4b" outcome="Passed" testListId="8c84fa94-04c1-424b-9868-57a2d4851a1d" relativeResultsDirectory="b10c167a-59bb-41b6-9702-9eaf05dd9586" />
    <UnitTestResult executionId="08961c8e-87b3-45f8-8ce7-d586472a28df" testId="130d9133-361f-a0da-f15e-423eb98947ac" testName="UnitTests.Services.ItemServiceTests.UpdateItem_Updates" computerName="fv-az252-455" duration="00:00:00.0310000" startTime="2022-04-04T02:32:01.2983150+00:00" endTime="2022-04-04T02:32:01.2983150+00:00" testType="13cdc9d9-ddb5-4fa4-a97d-d965ccfc6d4b" outcome="Passed" testListId="8c84fa94-04c1-424b-9868-57a2d4851a1d" relativeResultsDirectory="08961c8e-87b3-45f8-8ce7-d586472a28df" />
    <UnitTestResult executionId="47af93e6-af1a-48dd-9eae-1f5c36ce1f71" testId="f754f777-4449-23e8-f4ec-917f49117de2" testName="UnitTests.Data.Repositories.GenericRepositoryTests.Repository_DeleteMissing_DoesNotThrow" computerName="fv-az252-455" duration="00:00:00.0140000" startTime="2022-04-04T02:32:03.5121394+00:00" endTime="2022-04-04T02:32:03.5121394+00:00" testType="13cdc9d9-ddb5-4fa4-a97d-d965ccfc6d4b" outcome="Passed" testListId="8c84fa94-04c1-424b-9868-57a2d4851a1d" relativeResultsDirectory="47af93e6-af1a-48dd-9eae-1f5c36ce1f71" />
    <UnitTestResult executionId="a8263ef4-c4e7-4b07-80d4-30cc52ea5c28" testId="b76e01b1-6afe-f33b-c6a9-ea3347176509" testName="UnitTests.Services.ItemServiceTests.UpdateItem_NoName_Throws(name: null)" computerName="fv-az252-455" duration="00:00:00.0010000" startTime="2022-04-04T02:32:01.2943158+00:00" endTime="2022-04-04T02:32:01.2943158+00:00" testType="13cdc9d9-ddb5-4fa4-a97d-d965ccfc6d4b" outcome="Passed" testListId="8c84fa94-04c1-424b-9868-57a2d4851a1d" relativeResultsDirectory="a8263ef4-c4e7-4b07-80d4-30cc52ea5c28" />
    <UnitTestResult executionId="da2769ca-dba1-4b76-99fa-c8ccddabede1" testId="70ede014-c412-e387-bb98-e95b3b42090d" testName="UnitTests.Data.Repositories.GenericRepositoryTests.GenericRepositoryUpdates" computerName="fv-az252-455" duration="00:00:00.0190000" startTime="2022-04-04T02:32:03.4751365+00:00" endTime="2022-04-04T02:32:03.4751365+00:00" testType="13cdc9d9-ddb5-4fa4-a97d-d965ccfc6d4b" outcome="Passed" testListId="8c84fa94-04c1-424b-9868-57a2d4851a1d" relativeResultsDirectory="da2769ca-dba1-4b76-99fa-c8ccddabede1" />
    <UnitTestResult executionId="d87d841a-8f28-4854-9dc0-5af98e3e48d1" testId="a21637b0-54f8-4fa0-bc3b-95481a9fd90b" testName="UnitTests.Controllers.ModuleExceptionFilterAttributeTests.ArgumentException_BadRequest(exception: System.TimeoutException: Timed out, expectedStatusCode: RequestTimeout)" computerName="fv-az252-455" duration="00:00:00.0010000" startTime="2022-04-04T02:32:01.4513166+00:00" endTime="2022-04-04T02:32:01.4513166+00:00" testType="13cdc9d9-ddb5-4fa4-a97d-d965ccfc6d4b" outcome="Passed" testListId="8c84fa94-04c1-424b-9868-57a2d4851a1d" relativeResultsDirectory="d87d841a-8f28-4854-9dc0-5af98e3e48d1" />
    <UnitTestResult executionId="61ea0d67-181f-4d8a-afca-1590e0c4cc49" testId="0864c31d-6119-84d6-7f52-9d349dabbe84" testName="UnitTests.Services.ItemServiceTests.GetItemsPage_GetsPages(page: 0, pageSize: 0, descending: True, expectedPages: 30, returnedPage: 1)" computerName="fv-az252-455" duration="00:00:00.0610000" startTime="2022-04-04T02:32:01.2023142+00:00" endTime="2022-04-04T02:32:01.2023142+00:00" testType="13cdc9d9-ddb5-4fa4-a97d-d965ccfc6d4b" outcome="Passed" testListId="8c84fa94-04c1-424b-9868-57a2d4851a1d" relativeResultsDirectory="61ea0d67-181f-4d8a-afca-1590e0c4cc49" />
    <UnitTestResult executionId="e825be42-ee76-4b0f-aaf5-4877d9b6819b" testId="73fc5149-51d6-8241-9c9f-f48c28e448e3" testName="UnitTests.EntensionMethodTests.IQueryable_IsOrdered_ThrowsWithNull" computerName="fv-az252-455" duration="00:00:00.0010000" startTime="2022-04-04T02:32:03.5771381+00:00" endTime="2022-04-04T02:32:03.5771381+00:00" testType="13cdc9d9-ddb5-4fa4-a97d-d965ccfc6d4b" outcome="Passed" testListId="8c84fa94-04c1-424b-9868-57a2d4851a1d" relativeResultsDirectory="e825be42-ee76-4b0f-aaf5-4877d9b6819b" />
    <UnitTestResult executionId="ba240aaf-5665-4a8a-b3a8-29b2817c23f8" testId="a21637b0-54f8-4fa0-bc3b-95481a9fd90b" testName="UnitTests.Controllers.ModuleExceptionFilterAttributeTests.ArgumentException_BadRequest(exception: System.ArgumentNullException: Value cannot be null.&#xD;&#xA;Parameter name: Null, expectedStatusCode: BadRequest)" computerName="fv-az252-455" duration="00:00:00.2070000" startTime="2022-04-04T02:32:01.4493162+00:00" endTime="2022-04-04T02:32:01.4493162+00:00" testType="13cdc9d9-ddb5-4fa4-a97d-d965ccfc6d4b" outcome="Passed" testListId="8c84fa94-04c1-424b-9868-57a2d4851a1d" relativeResultsDirectory="ba240aaf-5665-4a8a-b3a8-29b2817c23f8" />
    <UnitTestResult executionId="2ce0664a-b4a3-4ab6-945d-e6978fd0aa71" testId="a21637b0-54f8-4fa0-bc3b-95481a9fd90b" testName="UnitTests.Controllers.ModuleExceptionFilterAttributeTests.ArgumentException_BadRequest(exception: System.UnauthorizedAccessException: Unauthorized, expectedStatusCode: Unauthorized)" computerName="fv-az252-455" duration="00:00:00.0010000" startTime="2022-04-04T02:32:01.4523171+00:00" endTime="2022-04-04T02:32:01.4523171+00:00" testType="13cdc9d9-ddb5-4fa4-a97d-d965ccfc6d4b" outcome="Passed" testListId="8c84fa94-04c1-424b-9868-57a2d4851a1d" relativeResultsDirectory="2ce0664a-b4a3-4ab6-945d-e6978fd0aa71" />
    <UnitTestResult executionId="ea07c631-0b12-4508-9ff6-90e0a1366e47" testId="44b00d3a-bad7-aefd-141c-4a35b11463b2" testName="UnitTests.Data.Repositories.GenericRepositoryTests.Repository_Update_DefaultAudit" computerName="fv-az252-455" duration="00:00:00.0110000" startTime="2022-04-04T02:32:03.5541390+00:00" endTime="2022-04-04T02:32:03.5541390+00:00" testType="13cdc9d9-ddb5-4fa4-a97d-d965ccfc6d4b" outcome="Passed" testListId="8c84fa94-04c1-424b-9868-57a2d4851a1d" relativeResultsDirectory="ea07c631-0b12-4508-9ff6-90e0a1366e47" />
    <UnitTestResult executionId="950bd77a-aa00-4492-a0cc-19abaa28fbae" testId="19223079-ea41-5691-855c-970af1a1e611" testName="UnitTests.Services.ItemServiceTests.GetItemsPage_GetsPages(page: 1, pageSize: 10, descending: False, expectedPages: 3, returnedPage: 1)" computerName="fv-az252-455" duration="00:00:00.0020000" startTime="2022-04-04T02:32:01.2143156+00:00" endTime="2022-04-04T02:32:01.2143156+00:00" testType="13cdc9d9-ddb5-4fa4-a97d-d965ccfc6d4b" outcome="Passed" testListId="8c84fa94-04c1-424b-9868-57a2d4851a1d" relativeResultsDirectory="950bd77a-aa00-4492-a0cc-19abaa28fbae" />
    <UnitTestResult executionId="0058d410-b2ad-4406-bbad-4106a27e27af" testId="ac2a99ba-3563-74a9-7d4c-8e91a58cd097" testName="UnitTests.Data.ModuleDbContextTests.DefaultConstructorThrows" computerName="fv-az252-455" duration="00:00:00.0110000" startTime="2022-04-04T02:32:02.1243433+00:00" endTime="2022-04-04T02:32:02.1243433+00:00" testType="13cdc9d9-ddb5-4fa4-a97d-d965ccfc6d4b" outcome="Passed" testListId="8c84fa94-04c1-424b-9868-57a2d4851a1d" relativeResultsDirectory="0058d410-b2ad-4406-bbad-4106a27e27af" />
    <UnitTestResult executionId="fc8167c9-1ee9-4efb-96f3-446d55062170" testId="168fc980-36e3-101b-62b1-f5ab71e9fc0d" testName="UnitTests.Controllers.LocalizationControllerTests.GetLocalization_CallsLocalizationService" computerName="fv-az252-455" duration="00:00:00.0210000" startTime="2022-04-04T02:32:01.1053137+00:00" endTime="2022-04-04T02:32:01.1053137+00:00" testType="13cdc9d9-ddb5-4fa4-a97d-d965ccfc6d4b" outcome="Passed" testListId="8c84fa94-04c1-424b-9868-57a2d4851a1d" relativeResultsDirectory="fc8167c9-1ee9-4efb-96f3-446d55062170" />
    <UnitTestResult executionId="1759abe8-f6c6-4d7c-aa0b-c020911f2b18" testId="ffe5c770-9b99-42c0-ce21-7e50cccf4385" testName="UnitTests.Data.Repositories.GenericRepositoryTests.GenericRepositoryGetsAll(iterations: 2)" computerName="fv-az252-455" duration="00:00:00.0080000" startTime="2022-04-04T02:32:03.4791375+00:00" endTime="2022-04-04T02:32:03.4791375+00:00" testType="13cdc9d9-ddb5-4fa4-a97d-d965ccfc6d4b" outcome="Passed" testListId="8c84fa94-04c1-424b-9868-57a2d4851a1d" relativeResultsDirectory="1759abe8-f6c6-4d7c-aa0b-c020911f2b18" />
    <UnitTestResult executionId="bd1ae113-9cfe-45e0-b9f4-132f8c1794e5" testId="a21637b0-54f8-4fa0-bc3b-95481a9fd90b" testName="UnitTests.Controllers.ModuleExceptionFilterAttributeTests.ArgumentException_BadRequest(exception: System.ArgumentOutOfRangeException: Specified argument was out of the range of valid values.&#xD;&#xA;Parameter name: Out of range, expectedStatusCode: BadRequest)" computerName="fv-az252-455" duration="00:00:00.0010000" startTime="2022-04-04T02:32:01.4503179+00:00" endTime="2022-04-04T02:32:01.4503179+00:00" testType="13cdc9d9-ddb5-4fa4-a97d-d965ccfc6d4b" outcome="Passed" testListId="8c84fa94-04c1-424b-9868-57a2d4851a1d" relativeResultsDirectory="bd1ae113-9cfe-45e0-b9f4-132f8c1794e5" />
    <UnitTestResult executionId="fa6db585-7d14-4d89-93b2-ce4117d99a66" testId="ad3412e8-5f64-2020-a5b6-bd4cca8c3b7d" testName="UnitTests.Data.Repositories.GenericRepositoryTests.GenericRepositoryGet" computerName="fv-az252-455" duration="00:00:00.0110000" startTime="2022-04-04T02:32:03.3901384+00:00" endTime="2022-04-04T02:32:03.3901384+00:00" testType="13cdc9d9-ddb5-4fa4-a97d-d965ccfc6d4b" outcome="Passed" testListId="8c84fa94-04c1-424b-9868-57a2d4851a1d" relativeResultsDirectory="fa6db585-7d14-4d89-93b2-ce4117d99a66" />
    <UnitTestResult executionId="2fd8d8dd-09a5-4d0b-b4e7-90556c7cc924" testId="e4f8faa7-d0ad-86e6-1579-7bd52372b4c3" testName="UnitTests.Data.Repositories.GenericRepositoryTests.GenericRepositoryConstructs" computerName="fv-az252-455" duration="00:00:00.0010000" startTime="2022-04-04T02:32:03.5141396+00:00" endTime="2022-04-04T02:32:03.5141396+00:00" testType="13cdc9d9-ddb5-4fa4-a97d-d965ccfc6d4b" outcome="Passed" testListId="8c84fa94-04c1-424b-9868-57a2d4851a1d" relativeResultsDirectory="2fd8d8dd-09a5-4d0b-b4e7-90556c7cc924" />
  </Results>
  <TestDefinitions>
    <UnitTest name="UnitTests.Controllers.ItemControllerTests.DeleteItem_Deletes(itemId: 1)" storage="d:\a\dnn.uservoice\dnn.uservoice\unittests\bin\unittests.dll" id="478b61ee-7d85-9dbe-985d-08c590f8666a">
      <Execution id="c64c7dab-1053-4e68-8492-2d734be19130" />
      <TestMethod codeBase="D:\a\DNN.UserVoice\DNN.UserVoice\UnitTests\bin\UnitTests.dll" adapterTypeName="executor://xunit/VsTestRunner2/net" className="UnitTests.Controllers.ItemControllerTests" name="DeleteItem_Deletes" />
    </UnitTest>
    <UnitTest name="UnitTests.EntensionMethodTests.IQueryable_IsOrdered_Works(ordered: True, descending: True, lastOrder: False)" storage="d:\a\dnn.uservoice\dnn.uservoice\unittests\bin\unittests.dll" id="6f0b47a1-9d18-a5d8-8dd1-c8f266712c15">
      <Execution id="b0ade8be-72fe-427a-b9ad-2d5d3d277851" />
      <TestMethod codeBase="D:\a\DNN.UserVoice\DNN.UserVoice\UnitTests\bin\UnitTests.dll" adapterTypeName="executor://xunit/VsTestRunner2/net" className="UnitTests.EntensionMethodTests" name="IQueryable_IsOrdered_Works" />
    </UnitTest>
    <UnitTest name="UnitTests.Controllers.ItemControllerTests.UserCanEdit_ReturnsBool(canEdit: False)" storage="d:\a\dnn.uservoice\dnn.uservoice\unittests\bin\unittests.dll" id="0247c7e7-7d1c-099b-2ac8-81a47ff2509a">
      <Execution id="e0bfc7fd-5be4-4f04-ab1c-b05e7112641f" />
      <TestMethod codeBase="D:\a\DNN.UserVoice\DNN.UserVoice\UnitTests\bin\UnitTests.dll" adapterTypeName="executor://xunit/VsTestRunner2/net" className="UnitTests.Controllers.ItemControllerTests" name="UserCanEdit_ReturnsBool" />
    </UnitTest>
    <UnitTest name="UnitTests.EntensionMethodTests.IQueryable_GetPage_PagesProperly(count: 21, page: 1, pageSize: 10, expedtedPages: 3, expectedItems: 10, firstId: 21, descending: True)" storage="d:\a\dnn.uservoice\dnn.uservoice\unittests\bin\unittests.dll" id="7e661283-b2b2-d632-266b-6af1f3374c08">
      <Execution id="bd84ef4d-032f-42b6-bb7b-77a96a885d4e" />
      <TestMethod codeBase="D:\a\DNN.UserVoice\DNN.UserVoice\UnitTests\bin\UnitTests.dll" adapterTypeName="executor://xunit/VsTestRunner2/net" className="UnitTests.EntensionMethodTests" name="IQueryable_GetPage_PagesProperly" />
    </UnitTest>
    <UnitTest name="UnitTests.Controllers.LocalizationControllerTests.GetLocalization_CallsLocalizationService" storage="d:\a\dnn.uservoice\dnn.uservoice\unittests\bin\unittests.dll" id="168fc980-36e3-101b-62b1-f5ab71e9fc0d">
      <Execution id="fc8167c9-1ee9-4efb-96f3-446d55062170" />
      <TestMethod codeBase="D:\a\DNN.UserVoice\DNN.UserVoice\UnitTests\bin\UnitTests.dll" adapterTypeName="executor://xunit/VsTestRunner2/net" className="UnitTests.Controllers.LocalizationControllerTests" name="GetLocalization_CallsLocalizationService" />
    </UnitTest>
    <UnitTest name="UnitTests.Data.ModuleDbContextTests.DefaultConstructorThrows" storage="d:\a\dnn.uservoice\dnn.uservoice\unittests\bin\unittests.dll" id="ac2a99ba-3563-74a9-7d4c-8e91a58cd097">
      <Execution id="0058d410-b2ad-4406-bbad-4106a27e27af" />
      <TestMethod codeBase="D:\a\DNN.UserVoice\DNN.UserVoice\UnitTests\bin\UnitTests.dll" adapterTypeName="executor://xunit/VsTestRunner2/net" className="UnitTests.Data.ModuleDbContextTests" name="DefaultConstructorThrows" />
    </UnitTest>
    <UnitTest name="UnitTests.Controllers.ModuleApiControllerTests.CanEdit_DefaultsToFalse" storage="d:\a\dnn.uservoice\dnn.uservoice\unittests\bin\unittests.dll" id="320e3c11-11d1-b3ef-0d2e-5e474f674ff1">
      <Execution id="2548d01e-0f03-46c8-a245-29972305f0e2" />
      <TestMethod codeBase="D:\a\DNN.UserVoice\DNN.UserVoice\UnitTests\bin\UnitTests.dll" adapterTypeName="executor://xunit/VsTestRunner2/net" className="UnitTests.Controllers.ModuleApiControllerTests" name="CanEdit_DefaultsToFalse" />
    </UnitTest>
    <UnitTest name="UnitTests.Data.Repositories.GenericRepositoryTests.GenericRepositoryCreatesAndGetsById" storage="d:\a\dnn.uservoice\dnn.uservoice\unittests\bin\unittests.dll" id="e6e0a140-85e7-6935-6160-ab95ecfd3c8a">
      <Execution id="e41dd6b5-e35e-4432-8dff-e4e7741293b0" />
      <TestMethod codeBase="D:\a\DNN.UserVoice\DNN.UserVoice\UnitTests\bin\UnitTests.dll" adapterTypeName="executor://xunit/VsTestRunner2/net" className="UnitTests.Data.Repositories.GenericRepositoryTests" name="GenericRepositoryCreatesAndGetsById" />
    </UnitTest>
    <UnitTest name="UnitTests.Services.ItemServiceTests.GetItemsPage_GetsPages(page: 4, pageSize: 10, descending: False, expectedPages: 3, returnedPage: 3)" storage="d:\a\dnn.uservoice\dnn.uservoice\unittests\bin\unittests.dll" id="0f141a30-05bd-f4ed-a627-d40adca6b3ca">
      <Execution id="d7cf9690-e345-4627-b73c-89ae6b7c41de" />
      <TestMethod codeBase="D:\a\DNN.UserVoice\DNN.UserVoice\UnitTests\bin\UnitTests.dll" adapterTypeName="executor://xunit/VsTestRunner2/net" className="UnitTests.Services.ItemServiceTests" name="GetItemsPage_GetsPages" />
    </UnitTest>
    <UnitTest name="UnitTests.Services.ItemServiceTests.UpdateItem_NoName_Throws(name: &quot; &quot;)" storage="d:\a\dnn.uservoice\dnn.uservoice\unittests\bin\unittests.dll" id="1c164fbc-1ab1-9884-ccb8-9e84f4c977d0">
      <Execution id="da3902ea-525d-4dfe-ad8e-2ddcc3602d7d" />
      <TestMethod codeBase="D:\a\DNN.UserVoice\DNN.UserVoice\UnitTests\bin\UnitTests.dll" adapterTypeName="executor://xunit/VsTestRunner2/net" className="UnitTests.Services.ItemServiceTests" name="UpdateItem_NoName_Throws" />
    </UnitTest>
    <UnitTest name="UnitTests.EntensionMethodTests.IQueryable_IsOrdered_Works(ordered: False, descending: False, lastOrder: False)" storage="d:\a\dnn.uservoice\dnn.uservoice\unittests\bin\unittests.dll" id="2aef35a8-73ad-0c03-c8a4-2b5a1d37af8f">
      <Execution id="17d96f99-4246-417d-b5bf-1dabf50751de" />
      <TestMethod codeBase="D:\a\DNN.UserVoice\DNN.UserVoice\UnitTests\bin\UnitTests.dll" adapterTypeName="executor://xunit/VsTestRunner2/net" className="UnitTests.EntensionMethodTests" name="IQueryable_IsOrdered_Works" />
    </UnitTest>
    <UnitTest name="UnitTests.EntensionMethodTests.IQueryable_GetPage_PagesProperly(count: 101, page: 1, pageSize: 50, expedtedPages: 3, expectedItems: 50, firstId: 1, descending: False)" storage="d:\a\dnn.uservoice\dnn.uservoice\unittests\bin\unittests.dll" id="95a0a379-a9bd-3d99-f720-e626260de7f6">
      <Execution id="015359ea-a54f-42b4-ae13-9aa57a034c3e" />
      <TestMethod codeBase="D:\a\DNN.UserVoice\DNN.UserVoice\UnitTests\bin\UnitTests.dll" adapterTypeName="executor://xunit/VsTestRunner2/net" className="UnitTests.EntensionMethodTests" name="IQueryable_GetPage_PagesProperly" />
    </UnitTest>
    <UnitTest name="UnitTests.EntensionMethodTests.IQueryable_GetPage_PagesProperly(count: 0, page: -1, pageSize: -1, expedtedPages: 0, expectedItems: 0, firstId: null, descending: False)" storage="d:\a\dnn.uservoice\dnn.uservoice\unittests\bin\unittests.dll" id="4bb697d7-9cb3-28c5-7c49-3e60c8ee823d">
      <Execution id="093b6c0b-1fc4-4de9-b4e5-7c47b3abca11" />
      <TestMethod codeBase="D:\a\DNN.UserVoice\DNN.UserVoice\UnitTests\bin\UnitTests.dll" adapterTypeName="executor://xunit/VsTestRunner2/net" className="UnitTests.EntensionMethodTests" name="IQueryable_GetPage_PagesProperly" />
    </UnitTest>
    <UnitTest name="UnitTests.Data.Repositories.GenericRepositoryTests.Repository_Update_UsesuserId" storage="d:\a\dnn.uservoice\dnn.uservoice\unittests\bin\unittests.dll" id="0ebf358f-9eac-9438-b418-9c6aa81a6377">
      <Execution id="952d7398-6b17-4e26-95bf-e33d57bcec5e" />
      <TestMethod codeBase="D:\a\DNN.UserVoice\DNN.UserVoice\UnitTests\bin\UnitTests.dll" adapterTypeName="executor://xunit/VsTestRunner2/net" className="UnitTests.Data.Repositories.GenericRepositoryTests" name="Repository_Update_UsesuserId" />
    </UnitTest>
    <UnitTest name="UnitTests.Services.ItemServiceTests.CreateItem_Creates" storage="d:\a\dnn.uservoice\dnn.uservoice\unittests\bin\unittests.dll" id="a9198ad3-782e-a37c-0b5f-1330f5318f55">
      <Execution id="587edaa2-9dce-4a05-ba36-49dc2aa6be20" />
      <TestMethod codeBase="D:\a\DNN.UserVoice\DNN.UserVoice\UnitTests\bin\UnitTests.dll" adapterTypeName="executor://xunit/VsTestRunner2/net" className="UnitTests.Services.ItemServiceTests" name="CreateItem_Creates" />
    </UnitTest>
    <UnitTest name="UnitTests.Controllers.ValidateModelAttributeTests.OnActionExecuting_Invalid_Works" storage="d:\a\dnn.uservoice\dnn.uservoice\unittests\bin\unittests.dll" id="61a8ccc9-c5b1-047b-3c97-f777ccc7d30b">
      <Execution id="40762920-3891-4adc-ab36-c153db639a0f" />
      <TestMethod codeBase="D:\a\DNN.UserVoice\DNN.UserVoice\UnitTests\bin\UnitTests.dll" adapterTypeName="executor://xunit/VsTestRunner2/net" className="UnitTests.Controllers.ValidateModelAttributeTests" name="OnActionExecuting_Invalid_Works" />
    </UnitTest>
    <UnitTest name="UnitTests.EntensionMethodTests.IQueryable_IsOrdered_Works(ordered: False, descending: True, lastOrder: False)" storage="d:\a\dnn.uservoice\dnn.uservoice\unittests\bin\unittests.dll" id="b80893de-3e2d-6029-ec19-65c03fd119c3">
      <Execution id="3ae7304d-75a9-455e-94aa-97b43d1849b3" />
      <TestMethod codeBase="D:\a\DNN.UserVoice\DNN.UserVoice\UnitTests\bin\UnitTests.dll" adapterTypeName="executor://xunit/VsTestRunner2/net" className="UnitTests.EntensionMethodTests" name="IQueryable_IsOrdered_Works" />
    </UnitTest>
    <UnitTest name="UnitTests.Services.ItemServiceTests.GetItemsPage_GetsPages(page: 1, pageSize: 20, descending: False, expectedPages: 2, returnedPage: 1)" storage="d:\a\dnn.uservoice\dnn.uservoice\unittests\bin\unittests.dll" id="1b051fa0-d4cc-1b32-80bb-d56b714e3066">
      <Execution id="44eff4d1-3bbd-41e6-9cef-4a5aa0cff3c1" />
      <TestMethod codeBase="D:\a\DNN.UserVoice\DNN.UserVoice\UnitTests\bin\UnitTests.dll" adapterTypeName="executor://xunit/VsTestRunner2/net" className="UnitTests.Services.ItemServiceTests" name="GetItemsPage_GetsPages" />
    </UnitTest>
    <UnitTest name="UnitTests.Data.Repositories.GenericRepositoryTests.GenericRepositoryGet" storage="d:\a\dnn.uservoice\dnn.uservoice\unittests\bin\unittests.dll" id="ad3412e8-5f64-2020-a5b6-bd4cca8c3b7d">
      <Execution id="fa6db585-7d14-4d89-93b2-ce4117d99a66" />
      <TestMethod codeBase="D:\a\DNN.UserVoice\DNN.UserVoice\UnitTests\bin\UnitTests.dll" adapterTypeName="executor://xunit/VsTestRunner2/net" className="UnitTests.Data.Repositories.GenericRepositoryTests" name="GenericRepositoryGet" />
    </UnitTest>
    <UnitTest name="UnitTests.Data.Repositories.GenericRepositoryTests.GenericRepositoryUpdate_ThrowsWithNullEntity" storage="d:\a\dnn.uservoice\dnn.uservoice\unittests\bin\unittests.dll" id="24cfa8b0-48c3-8aab-e4c2-88694c220e2c">
      <Execution id="1aa617bd-52b7-44d5-82f9-0682186598fa" />
      <TestMethod codeBase="D:\a\DNN.UserVoice\DNN.UserVoice\UnitTests\bin\UnitTests.dll" adapterTypeName="executor://xunit/VsTestRunner2/net" className="UnitTests.Data.Repositories.GenericRepositoryTests" name="GenericRepositoryUpdate_ThrowsWithNullEntity" />
    </UnitTest>
    <UnitTest name="UnitTests.Services.LoggingServiceTests.LogginService_TestableConstructorLogsError" storage="d:\a\dnn.uservoice\dnn.uservoice\unittests\bin\unittests.dll" id="ac1c50bc-98fd-036f-fe0f-d46cb187f90e">
      <Execution id="7b89453b-8eff-4ffc-9abe-16fc3b893be1" />
      <TestMethod codeBase="D:\a\DNN.UserVoice\DNN.UserVoice\UnitTests\bin\UnitTests.dll" adapterTypeName="executor://xunit/VsTestRunner2/net" className="UnitTests.Services.LoggingServiceTests" name="LogginService_TestableConstructorLogsError" />
    </UnitTest>
    <UnitTest name="UnitTests.Common.GlobalsTests.ModulePrefixIsValid" storage="d:\a\dnn.uservoice\dnn.uservoice\unittests\bin\unittests.dll" id="d1c63cb7-1f9a-a8bf-a217-a4cbb4e5f73b">
      <Execution id="df7fe1a2-9a62-4af8-a0d7-75f9aecec8b6" />
      <TestMethod codeBase="D:\a\DNN.UserVoice\DNN.UserVoice\UnitTests\bin\UnitTests.dll" adapterTypeName="executor://xunit/VsTestRunner2/net" className="UnitTests.Common.GlobalsTests" name="ModulePrefixIsValid" />
    </UnitTest>
    <UnitTest name="UnitTests.Data.Entities.ItemTests.ItemPropertiesPersist(id: 2, name: &quot;Name2&quot;, description: &quot;Description2&quot;)" storage="d:\a\dnn.uservoice\dnn.uservoice\unittests\bin\unittests.dll" id="96a18501-dea4-70b1-d572-baa1bb120da2">
      <Execution id="79df69fc-a7f0-40ad-9a9d-cecc7d578942" />
      <TestMethod codeBase="D:\a\DNN.UserVoice\DNN.UserVoice\UnitTests\bin\UnitTests.dll" adapterTypeName="executor://xunit/VsTestRunner2/net" className="UnitTests.Data.Entities.ItemTests" name="ItemPropertiesPersist" />
    </UnitTest>
    <UnitTest name="UnitTests.Data.Repositories.GenericRepositoryTests.GenericRepositoryGetsAll(iterations: 3)" storage="d:\a\dnn.uservoice\dnn.uservoice\unittests\bin\unittests.dll" id="d15ea2a7-9f9f-b92b-50fa-470898da705d">
      <Execution id="664e1bda-fff8-46e3-9dae-223cefba0006" />
      <TestMethod codeBase="D:\a\DNN.UserVoice\DNN.UserVoice\UnitTests\bin\UnitTests.dll" adapterTypeName="executor://xunit/VsTestRunner2/net" className="UnitTests.Data.Repositories.GenericRepositoryTests" name="GenericRepositoryGetsAll" />
    </UnitTest>
    <UnitTest name="UnitTests.Controllers.ServiceRouteMapperTests.RegisterRoutes_RegistersAtLestOneRoute" storage="d:\a\dnn.uservoice\dnn.uservoice\unittests\bin\unittests.dll" id="986d7e6e-d04d-b204-b01c-fbb8f09c7774">
      <Execution id="9967c15f-18e4-4306-9217-5639c3559663" />
      <TestMethod codeBase="D:\a\DNN.UserVoice\DNN.UserVoice\UnitTests\bin\UnitTests.dll" adapterTypeName="executor://xunit/VsTestRunner2/net" className="UnitTests.Controllers.ServiceRouteMapperTests" name="RegisterRoutes_RegistersAtLestOneRoute" />
    </UnitTest>
    <UnitTest name="UnitTests.EntensionMethodTests.IQueryable_GetPage_PagesProperly(count: 10, page: 1, pageSize: 10, expedtedPages: 1, expectedItems: 10, firstId: 1, descending: False)" storage="d:\a\dnn.uservoice\dnn.uservoice\unittests\bin\unittests.dll" id="9207202d-19b8-8eb5-74dc-6aa5d849467c">
      <Execution id="26da3d42-acd5-4c17-bc64-cebafa97236e" />
      <TestMethod codeBase="D:\a\DNN.UserVoice\DNN.UserVoice\UnitTests\bin\UnitTests.dll" adapterTypeName="executor://xunit/VsTestRunner2/net" className="UnitTests.EntensionMethodTests" name="IQueryable_GetPage_PagesProperly" />
    </UnitTest>
    <UnitTest name="UnitTests.Controllers.ModuleExceptionFilterAttributeTests.SystemException_DoesNotExposeDetails" storage="d:\a\dnn.uservoice\dnn.uservoice\unittests\bin\unittests.dll" id="1a74e347-4470-5271-97ab-1ebaf8693270">
      <Execution id="68844537-1483-4d26-9dbb-5ca364d61265" />
      <TestMethod codeBase="D:\a\DNN.UserVoice\DNN.UserVoice\UnitTests\bin\UnitTests.dll" adapterTypeName="executor://xunit/VsTestRunner2/net" className="UnitTests.Controllers.ModuleExceptionFilterAttributeTests" name="SystemException_DoesNotExposeDetails" />
    </UnitTest>
    <UnitTest name="UnitTests.Data.Repositories.GenericRepositoryTests.GenericRepositoryConstructs" storage="d:\a\dnn.uservoice\dnn.uservoice\unittests\bin\unittests.dll" id="e4f8faa7-d0ad-86e6-1579-7bd52372b4c3">
      <Execution id="2fd8d8dd-09a5-4d0b-b4e7-90556c7cc924" />
      <TestMethod codeBase="D:\a\DNN.UserVoice\DNN.UserVoice\UnitTests\bin\UnitTests.dll" adapterTypeName="executor://xunit/VsTestRunner2/net" className="UnitTests.Data.Repositories.GenericRepositoryTests" name="GenericRepositoryConstructs" />
    </UnitTest>
    <UnitTest name="UnitTests.Data.Repositories.GenericRepositoryTests.Repository_DeleteMissing_DoesNotThrow" storage="d:\a\dnn.uservoice\dnn.uservoice\unittests\bin\unittests.dll" id="f754f777-4449-23e8-f4ec-917f49117de2">
      <Execution id="47af93e6-af1a-48dd-9eae-1f5c36ce1f71" />
      <TestMethod codeBase="D:\a\DNN.UserVoice\DNN.UserVoice\UnitTests\bin\UnitTests.dll" adapterTypeName="executor://xunit/VsTestRunner2/net" className="UnitTests.Data.Repositories.GenericRepositoryTests" name="Repository_DeleteMissing_DoesNotThrow" />
    </UnitTest>
    <UnitTest name="UnitTests.Services.ItemServiceTests.UpdateItem_NoName_Throws(name: null)" storage="d:\a\dnn.uservoice\dnn.uservoice\unittests\bin\unittests.dll" id="b76e01b1-6afe-f33b-c6a9-ea3347176509">
      <Execution id="a8263ef4-c4e7-4b07-80d4-30cc52ea5c28" />
      <TestMethod codeBase="D:\a\DNN.UserVoice\DNN.UserVoice\UnitTests\bin\UnitTests.dll" adapterTypeName="executor://xunit/VsTestRunner2/net" className="UnitTests.Services.ItemServiceTests" name="UpdateItem_NoName_Throws" />
    </UnitTest>
    <UnitTest name="UnitTests.EntensionMethodTests.IQueryable_IsOrdered_Works(ordered: True, descending: False, lastOrder: True)" storage="d:\a\dnn.uservoice\dnn.uservoice\unittests\bin\unittests.dll" id="3140ebc5-2430-06b3-4257-a6794b9b09ac">
      <Execution id="9ed3e192-9daa-4bd8-9cb4-bbb1d1781a41" />
      <TestMethod codeBase="D:\a\DNN.UserVoice\DNN.UserVoice\UnitTests\bin\UnitTests.dll" adapterTypeName="executor://xunit/VsTestRunner2/net" className="UnitTests.EntensionMethodTests" name="IQueryable_IsOrdered_Works" />
    </UnitTest>
    <UnitTest name="UnitTests.Services.ItemServiceTests.CreateItem_NoNameThrows" storage="d:\a\dnn.uservoice\dnn.uservoice\unittests\bin\unittests.dll" id="19b6234c-c2df-2304-54f9-54b0da4cd6ba">
      <Execution id="fb44909b-3d2c-4510-a9d9-3aee5e5ed6be" />
      <TestMethod codeBase="D:\a\DNN.UserVoice\DNN.UserVoice\UnitTests\bin\UnitTests.dll" adapterTypeName="executor://xunit/VsTestRunner2/net" className="UnitTests.Services.ItemServiceTests" name="CreateItem_NoNameThrows" />
    </UnitTest>
    <UnitTest name="UnitTests.Services.ItemServiceTests.DeleteItem_Deletes" storage="d:\a\dnn.uservoice\dnn.uservoice\unittests\bin\unittests.dll" id="e6610648-e456-1c64-d2b1-7e1242b871a8">
      <Execution id="d4456b82-0074-45b8-a641-b95d56ffad54" />
      <TestMethod codeBase="D:\a\DNN.UserVoice\DNN.UserVoice\UnitTests\bin\UnitTests.dll" adapterTypeName="executor://xunit/VsTestRunner2/net" className="UnitTests.Services.ItemServiceTests" name="DeleteItem_Deletes" />
    </UnitTest>
    <UnitTest name="UnitTests.Data.Entities.ItemTests.ItemConstructsProperly" storage="d:\a\dnn.uservoice\dnn.uservoice\unittests\bin\unittests.dll" id="572fc310-4b67-9555-f147-153d39f2eb82">
      <Execution id="41e3f965-2596-4f1f-9c6a-f7fba8f06a9d" />
      <TestMethod codeBase="D:\a\DNN.UserVoice\DNN.UserVoice\UnitTests\bin\UnitTests.dll" adapterTypeName="executor://xunit/VsTestRunner2/net" className="UnitTests.Data.Entities.ItemTests" name="ItemConstructsProperly" />
    </UnitTest>
    <UnitTest name="UnitTests.EntensionMethodTests.IQueryable_IsOrdered_Works(ordered: True, descending: True, lastOrder: True)" storage="d:\a\dnn.uservoice\dnn.uservoice\unittests\bin\unittests.dll" id="f46af852-6230-3d31-e31c-2959bffd491f">
      <Execution id="c39c1a05-d5c8-4837-8c65-d9c2518013bb" />
      <TestMethod codeBase="D:\a\DNN.UserVoice\DNN.UserVoice\UnitTests\bin\UnitTests.dll" adapterTypeName="executor://xunit/VsTestRunner2/net" className="UnitTests.EntensionMethodTests" name="IQueryable_IsOrdered_Works" />
    </UnitTest>
    <UnitTest name="UnitTests.Services.ItemServiceTests.GetItemsPage_GetsPages(page: 1, pageSize: 10, descending: False, expectedPages: 3, returnedPage: 1)" storage="d:\a\dnn.uservoice\dnn.uservoice\unittests\bin\unittests.dll" id="19223079-ea41-5691-855c-970af1a1e611">
      <Execution id="950bd77a-aa00-4492-a0cc-19abaa28fbae" />
      <TestMethod codeBase="D:\a\DNN.UserVoice\DNN.UserVoice\UnitTests\bin\UnitTests.dll" adapterTypeName="executor://xunit/VsTestRunner2/net" className="UnitTests.Services.ItemServiceTests" name="GetItemsPage_GetsPages" />
    </UnitTest>
    <UnitTest name="UnitTests.Services.ItemServiceTests.UpdateItem_NoName_Throws(name: &quot;&quot;)" storage="d:\a\dnn.uservoice\dnn.uservoice\unittests\bin\unittests.dll" id="3cbfa5d3-e0f6-eff8-ed5c-556fa1f3e131">
      <Execution id="51ec7826-00af-4b42-8b35-236318389cdc" />
      <TestMethod codeBase="D:\a\DNN.UserVoice\DNN.UserVoice\UnitTests\bin\UnitTests.dll" adapterTypeName="executor://xunit/VsTestRunner2/net" className="UnitTests.Services.ItemServiceTests" name="UpdateItem_NoName_Throws" />
    </UnitTest>
    <UnitTest name="UnitTests.Services.LoggingServiceTests.LogginService_TestableConstructorLogsErrorWithException" storage="d:\a\dnn.uservoice\dnn.uservoice\unittests\bin\unittests.dll" id="9168bdef-a759-f4d6-b890-b643e17324cf">
      <Execution id="e46297eb-dcf2-434e-b522-e82cbab5e126" />
      <TestMethod codeBase="D:\a\DNN.UserVoice\DNN.UserVoice\UnitTests\bin\UnitTests.dll" adapterTypeName="executor://xunit/VsTestRunner2/net" className="UnitTests.Services.LoggingServiceTests" name="LogginService_TestableConstructorLogsErrorWithException" />
    </UnitTest>
    <UnitTest name="UnitTests.EntensionMethodTests.IQueryable_GetPage_PagesProperly(count: 20, page: 2, pageSize: 10, expedtedPages: 2, expectedItems: 10, firstId: 11, descending: False)" storage="d:\a\dnn.uservoice\dnn.uservoice\unittests\bin\unittests.dll" id="2695f427-ed7b-9f97-5696-f97a7702128c">
      <Execution id="a3d8172e-956e-49b4-806b-736397066a70" />
      <TestMethod codeBase="D:\a\DNN.UserVoice\DNN.UserVoice\UnitTests\bin\UnitTests.dll" adapterTypeName="executor://xunit/VsTestRunner2/net" className="UnitTests.EntensionMethodTests" name="IQueryable_GetPage_PagesProperly" />
    </UnitTest>
    <UnitTest name="UnitTests.EntensionMethodTests.IQueryable_IsOrdered_Works(ordered: False, descending: True, lastOrder: True)" storage="d:\a\dnn.uservoice\dnn.uservoice\unittests\bin\unittests.dll" id="d5b75914-a4f0-1327-0212-c8781f6dfe81">
      <Execution id="87108644-c6b4-4fb5-a8c6-f992de5e7e88" />
      <TestMethod codeBase="D:\a\DNN.UserVoice\DNN.UserVoice\UnitTests\bin\UnitTests.dll" adapterTypeName="executor://xunit/VsTestRunner2/net" className="UnitTests.EntensionMethodTests" name="IQueryable_IsOrdered_Works" />
    </UnitTest>
    <UnitTest name="UnitTests.Controllers.ItemControllerTests.UserCanEdit_ReturnsBool(canEdit: True)" storage="d:\a\dnn.uservoice\dnn.uservoice\unittests\bin\unittests.dll" id="aec60494-3c2e-8ec9-f948-da5bb2043983">
      <Execution id="7426d05a-3292-44c4-9749-a5a81ea1eb15" />
      <TestMethod codeBase="D:\a\DNN.UserVoice\DNN.UserVoice\UnitTests\bin\UnitTests.dll" adapterTypeName="executor://xunit/VsTestRunner2/net" className="UnitTests.Controllers.ItemControllerTests" name="UserCanEdit_ReturnsBool" />
    </UnitTest>
    <UnitTest name="UnitTests.Services.ItemServiceTests.GetItemsPage_GetsPages(page: 0, pageSize: 0, descending: True, expectedPages: 30, returnedPage: 1)" storage="d:\a\dnn.uservoice\dnn.uservoice\unittests\bin\unittests.dll" id="0864c31d-6119-84d6-7f52-9d349dabbe84">
      <Execution id="61ea0d67-181f-4d8a-afca-1590e0c4cc49" />
      <TestMethod codeBase="D:\a\DNN.UserVoice\DNN.UserVoice\UnitTests\bin\UnitTests.dll" adapterTypeName="executor://xunit/VsTestRunner2/net" className="UnitTests.Services.ItemServiceTests" name="GetItemsPage_GetsPages" />
    </UnitTest>
    <UnitTest name="UnitTests.EntensionMethodTests.IQueryable_GetPage_EmptyDoesNotThrow" storage="d:\a\dnn.uservoice\dnn.uservoice\unittests\bin\unittests.dll" id="2d3a68b5-bf4c-0513-b733-5ed612794244">
      <Execution id="77ea335e-580b-4e70-ac77-a1685011f36e" />
      <TestMethod codeBase="D:\a\DNN.UserVoice\DNN.UserVoice\UnitTests\bin\UnitTests.dll" adapterTypeName="executor://xunit/VsTestRunner2/net" className="UnitTests.EntensionMethodTests" name="IQueryable_GetPage_EmptyDoesNotThrow" />
    </UnitTest>
    <UnitTest name="UnitTests.Controllers.ModuleApiControllerTests.HasUserInfo" storage="d:\a\dnn.uservoice\dnn.uservoice\unittests\bin\unittests.dll" id="bae3532a-4a9e-c4ab-fc66-4dfa22d16170">
      <Execution id="457c3723-b3e1-4268-a982-c205e01fa2bd" />
      <TestMethod codeBase="D:\a\DNN.UserVoice\DNN.UserVoice\UnitTests\bin\UnitTests.dll" adapterTypeName="executor://xunit/VsTestRunner2/net" className="UnitTests.Controllers.ModuleApiControllerTests" name="HasUserInfo" />
    </UnitTest>
    <UnitTest name="UnitTests.Services.ItemServiceTests.UpdateItem_NoName_Throws(name: &quot;  &quot;)" storage="d:\a\dnn.uservoice\dnn.uservoice\unittests\bin\unittests.dll" id="92b7b9f6-1294-7ea1-ffa3-91fba85074d4">
      <Execution id="3d34d2f6-30cc-4227-b5de-5cdb90e046b2" />
      <TestMethod codeBase="D:\a\DNN.UserVoice\DNN.UserVoice\UnitTests\bin\UnitTests.dll" adapterTypeName="executor://xunit/VsTestRunner2/net" className="UnitTests.Services.ItemServiceTests" name="UpdateItem_NoName_Throws" />
    </UnitTest>
    <UnitTest name="UnitTests.Data.Repositories.GenericRepositoryTests.Repository_Create_DefaultAudit" storage="d:\a\dnn.uservoice\dnn.uservoice\unittests\bin\unittests.dll" id="ae39aa62-5ff2-56e7-d00e-ef116d711d51">
      <Execution id="952ec7ad-9454-42e4-814d-e431b41372fe" />
      <TestMethod codeBase="D:\a\DNN.UserVoice\DNN.UserVoice\UnitTests\bin\UnitTests.dll" adapterTypeName="executor://xunit/VsTestRunner2/net" className="UnitTests.Data.Repositories.GenericRepositoryTests" name="Repository_Create_DefaultAudit" />
    </UnitTest>
    <UnitTest name="UnitTests.Controllers.ValidateModelAttributeTests.OnActionExecuting_Valid_Works" storage="d:\a\dnn.uservoice\dnn.uservoice\unittests\bin\unittests.dll" id="e55f1742-c16d-5086-2251-ad3372dd48f5">
      <Execution id="021dc51a-da41-4008-a3df-b58d92453bfa" />
      <TestMethod codeBase="D:\a\DNN.UserVoice\DNN.UserVoice\UnitTests\bin\UnitTests.dll" adapterTypeName="executor://xunit/VsTestRunner2/net" className="UnitTests.Controllers.ValidateModelAttributeTests" name="OnActionExecuting_Valid_Works" />
    </UnitTest>
    <UnitTest name="UnitTests.Services.ItemServiceTests.UpdateItem_NullDto_Throws" storage="d:\a\dnn.uservoice\dnn.uservoice\unittests\bin\unittests.dll" id="263c08b1-704a-f3c2-309e-6dee831dbdc9">
      <Execution id="5331bb67-326a-4321-8974-21be00cc3788" />
      <TestMethod codeBase="D:\a\DNN.UserVoice\DNN.UserVoice\UnitTests\bin\UnitTests.dll" adapterTypeName="executor://xunit/VsTestRunner2/net" className="UnitTests.Services.ItemServiceTests" name="UpdateItem_NullDto_Throws" />
    </UnitTest>
    <UnitTest name="UnitTests.Services.LoggingServiceTests.LoggingService_DefaultConstructorExists" storage="d:\a\dnn.uservoice\dnn.uservoice\unittests\bin\unittests.dll" id="8ba31d1b-48e3-e04e-cff0-b927c63b4a19">
      <Execution id="9aaa8474-246b-469e-8758-2e497f21af8a" />
      <TestMethod codeBase="D:\a\DNN.UserVoice\DNN.UserVoice\UnitTests\bin\UnitTests.dll" adapterTypeName="executor://xunit/VsTestRunner2/net" className="UnitTests.Services.LoggingServiceTests" name="LoggingService_DefaultConstructorExists" />
    </UnitTest>
    <UnitTest name="UnitTests.Data.Repositories.GenericRepositoryTests.GenericRepositoryGetsAll(iterations: 1)" storage="d:\a\dnn.uservoice\dnn.uservoice\unittests\bin\unittests.dll" id="d16880d7-fb44-f209-43d9-ba2e0e1875de">
      <Execution id="4f0844f0-b6e2-4988-8d5d-3187afe132b6" />
      <TestMethod codeBase="D:\a\DNN.UserVoice\DNN.UserVoice\UnitTests\bin\UnitTests.dll" adapterTypeName="executor://xunit/VsTestRunner2/net" className="UnitTests.Data.Repositories.GenericRepositoryTests" name="GenericRepositoryGetsAll" />
    </UnitTest>
    <UnitTest name="UnitTests.EntensionMethodTests.IQueryable_IsOrdered_ThrowsWithNull" storage="d:\a\dnn.uservoice\dnn.uservoice\unittests\bin\unittests.dll" id="73fc5149-51d6-8241-9c9f-f48c28e448e3">
      <Execution id="e825be42-ee76-4b0f-aaf5-4877d9b6819b" />
      <TestMethod codeBase="D:\a\DNN.UserVoice\DNN.UserVoice\UnitTests\bin\UnitTests.dll" adapterTypeName="executor://xunit/VsTestRunner2/net" className="UnitTests.EntensionMethodTests" name="IQueryable_IsOrdered_ThrowsWithNull" />
    </UnitTest>
    <UnitTest name="UnitTests.Data.Repositories.GenericRepositoryTests.GenericRepositoryCreate_ThrowsWithNullEntity" storage="d:\a\dnn.uservoice\dnn.uservoice\unittests\bin\unittests.dll" id="36689490-09d4-917f-648a-70dcfcfede10">
      <Execution id="bd1554c3-5cc2-41b1-8d49-b3cc20a1c4b8" />
      <TestMethod codeBase="D:\a\DNN.UserVoice\DNN.UserVoice\UnitTests\bin\UnitTests.dll" adapterTypeName="executor://xunit/VsTestRunner2/net" className="UnitTests.Data.Repositories.GenericRepositoryTests" name="GenericRepositoryCreate_ThrowsWithNullEntity" />
    </UnitTest>
    <UnitTest name="UnitTests.Controllers.ItemControllerTests.CreateItem_Creates" storage="d:\a\dnn.uservoice\dnn.uservoice\unittests\bin\unittests.dll" id="588a2c1b-7788-beb2-ade0-06788d455d25">
      <Execution id="33f85e67-a17f-49c3-992b-c85739031ae9" />
      <TestMethod codeBase="D:\a\DNN.UserVoice\DNN.UserVoice\UnitTests\bin\UnitTests.dll" adapterTypeName="executor://xunit/VsTestRunner2/net" className="UnitTests.Controllers.ItemControllerTests" name="CreateItem_Creates" />
    </UnitTest>
    <UnitTest name="UnitTests.Controllers.ModuleApiControllerTests.CanEdit_Set_Throws" storage="d:\a\dnn.uservoice\dnn.uservoice\unittests\bin\unittests.dll" id="5f92ec4d-d570-0452-b891-d4cee75db9dd">
      <Execution id="2537d72c-6173-4d1d-b07f-5487964120e6" />
      <TestMethod codeBase="D:\a\DNN.UserVoice\DNN.UserVoice\UnitTests\bin\UnitTests.dll" adapterTypeName="executor://xunit/VsTestRunner2/net" className="UnitTests.Controllers.ModuleApiControllerTests" name="CanEdit_Set_Throws" />
    </UnitTest>
    <UnitTest name="UnitTests.Data.Repositories.GenericRepositoryTests.Repository_Create_UsesUserId" storage="d:\a\dnn.uservoice\dnn.uservoice\unittests\bin\unittests.dll" id="e1c7f76f-6195-c844-23c0-304b47fbae66">
      <Execution id="b10c167a-59bb-41b6-9702-9eaf05dd9586" />
      <TestMethod codeBase="D:\a\DNN.UserVoice\DNN.UserVoice\UnitTests\bin\UnitTests.dll" adapterTypeName="executor://xunit/VsTestRunner2/net" className="UnitTests.Data.Repositories.GenericRepositoryTests" name="Repository_Create_UsesUserId" />
    </UnitTest>
    <UnitTest name="UnitTests.Controllers.ItemControllerTests.UpdateItem_Updates" storage="d:\a\dnn.uservoice\dnn.uservoice\unittests\bin\unittests.dll" id="315adde5-f36d-a74f-aa46-fb22a0f78cd9">
      <Execution id="9218f07e-c924-483e-8811-7936c6fea8b4" />
      <TestMethod codeBase="D:\a\DNN.UserVoice\DNN.UserVoice\UnitTests\bin\UnitTests.dll" adapterTypeName="executor://xunit/VsTestRunner2/net" className="UnitTests.Controllers.ItemControllerTests" name="UpdateItem_Updates" />
    </UnitTest>
    <UnitTest name="UnitTests.Controllers.ModuleExceptionFilterAttributeTests.ArgumentException_BadRequest" storage="d:\a\dnn.uservoice\dnn.uservoice\unittests\bin\unittests.dll" id="a21637b0-54f8-4fa0-bc3b-95481a9fd90b">
      <Execution id="ba240aaf-5665-4a8a-b3a8-29b2817c23f8" />
      <TestMethod codeBase="D:\a\DNN.UserVoice\DNN.UserVoice\UnitTests\bin\UnitTests.dll" adapterTypeName="executor://xunit/VsTestRunner2/net" className="UnitTests.Controllers.ModuleExceptionFilterAttributeTests" name="ArgumentException_BadRequest" />
    </UnitTest>
    <UnitTest name="UnitTests.Controllers.ModuleExceptionFilterAttributeTests.NoException_DoesNothing" storage="d:\a\dnn.uservoice\dnn.uservoice\unittests\bin\unittests.dll" id="113f48ce-a6a3-c5df-7589-ba5a5fcb9c59">
      <Execution id="743bef0f-0c77-4e9a-b8ab-17d4419eb6e5" />
      <TestMethod codeBase="D:\a\DNN.UserVoice\DNN.UserVoice\UnitTests\bin\UnitTests.dll" adapterTypeName="executor://xunit/VsTestRunner2/net" className="UnitTests.Controllers.ModuleExceptionFilterAttributeTests" name="NoException_DoesNothing" />
    </UnitTest>
    <UnitTest name="UnitTests.Controllers.ItemControllerTests.GetItemsPage_GetsProperPages" storage="d:\a\dnn.uservoice\dnn.uservoice\unittests\bin\unittests.dll" id="1017c6c1-9dd0-57dc-36e7-bb573d02562e">
      <Execution id="14d2a177-2ff7-4995-aca5-8bac7ca21bb8" />
      <TestMethod codeBase="D:\a\DNN.UserVoice\DNN.UserVoice\UnitTests\bin\UnitTests.dll" adapterTypeName="executor://xunit/VsTestRunner2/net" className="UnitTests.Controllers.ItemControllerTests" name="GetItemsPage_GetsProperPages" />
    </UnitTest>
    <UnitTest name="UnitTests.Data.Repositories.GenericRepositoryTests.GenericRepositoryDeletes" storage="d:\a\dnn.uservoice\dnn.uservoice\unittests\bin\unittests.dll" id="0bc54975-0bff-692e-a9b3-fc69f2c95a39">
      <Execution id="9563ce85-e2d2-4625-ad54-71300452fc18" />
      <TestMethod codeBase="D:\a\DNN.UserVoice\DNN.UserVoice\UnitTests\bin\UnitTests.dll" adapterTypeName="executor://xunit/VsTestRunner2/net" className="UnitTests.Data.Repositories.GenericRepositoryTests" name="GenericRepositoryDeletes" />
    </UnitTest>
    <UnitTest name="UnitTests.Controllers.ItemControllerTests.DeleteItem_Deletes(itemId: 10)" storage="d:\a\dnn.uservoice\dnn.uservoice\unittests\bin\unittests.dll" id="d6094ca1-b65b-5133-f464-9f7d01f0d023">
      <Execution id="50a0548d-7f33-41c5-a11d-f9cc680c8e1a" />
      <TestMethod codeBase="D:\a\DNN.UserVoice\DNN.UserVoice\UnitTests\bin\UnitTests.dll" adapterTypeName="executor://xunit/VsTestRunner2/net" className="UnitTests.Controllers.ItemControllerTests" name="DeleteItem_Deletes" />
    </UnitTest>
    <UnitTest name="UnitTests.Data.Repositories.GenericRepositoryTests.GenericRepositoryUpdates" storage="d:\a\dnn.uservoice\dnn.uservoice\unittests\bin\unittests.dll" id="70ede014-c412-e387-bb98-e95b3b42090d">
      <Execution id="da2769ca-dba1-4b76-99fa-c8ccddabede1" />
      <TestMethod codeBase="D:\a\DNN.UserVoice\DNN.UserVoice\UnitTests\bin\UnitTests.dll" adapterTypeName="executor://xunit/VsTestRunner2/net" className="UnitTests.Data.Repositories.GenericRepositoryTests" name="GenericRepositoryUpdates" />
    </UnitTest>
    <UnitTest name="UnitTests.Data.Repositories.GenericRepositoryTests.Repository_Update_DefaultAudit" storage="d:\a\dnn.uservoice\dnn.uservoice\unittests\bin\unittests.dll" id="44b00d3a-bad7-aefd-141c-4a35b11463b2">
      <Execution id="ea07c631-0b12-4508-9ff6-90e0a1366e47" />
      <TestMethod codeBase="D:\a\DNN.UserVoice\DNN.UserVoice\UnitTests\bin\UnitTests.dll" adapterTypeName="executor://xunit/VsTestRunner2/net" className="UnitTests.Data.Repositories.GenericRepositoryTests" name="Repository_Update_DefaultAudit" />
    </UnitTest>
    <UnitTest name="UnitTests.Services.ItemServiceTests.UpdateItem_Updates" storage="d:\a\dnn.uservoice\dnn.uservoice\unittests\bin\unittests.dll" id="130d9133-361f-a0da-f15e-423eb98947ac">
      <Execution id="08961c8e-87b3-45f8-8ce7-d586472a28df" />
      <TestMethod codeBase="D:\a\DNN.UserVoice\DNN.UserVoice\UnitTests\bin\UnitTests.dll" adapterTypeName="executor://xunit/VsTestRunner2/net" className="UnitTests.Services.ItemServiceTests" name="UpdateItem_Updates" />
    </UnitTest>
    <UnitTest name="UnitTests.Data.Repositories.GenericRepositoryTests.GenericRepositoryGetsAll(iterations: 2)" storage="d:\a\dnn.uservoice\dnn.uservoice\unittests\bin\unittests.dll" id="ffe5c770-9b99-42c0-ce21-7e50cccf4385">
      <Execution id="1759abe8-f6c6-4d7c-aa0b-c020911f2b18" />
      <TestMethod codeBase="D:\a\DNN.UserVoice\DNN.UserVoice\UnitTests\bin\UnitTests.dll" adapterTypeName="executor://xunit/VsTestRunner2/net" className="UnitTests.Data.Repositories.GenericRepositoryTests" name="GenericRepositoryGetsAll" />
    </UnitTest>
    <UnitTest name="UnitTests.Data.Repositories.GenericRepositoryTests.GenericRepositoryGetsAll(iterations: 0)" storage="d:\a\dnn.uservoice\dnn.uservoice\unittests\bin\unittests.dll" id="4fe0dd0f-2fa0-9c42-e816-a6df28150b72">
      <Execution id="088e9237-582c-4b2a-8e80-6daba24f1b13" />
      <TestMethod codeBase="D:\a\DNN.UserVoice\DNN.UserVoice\UnitTests\bin\UnitTests.dll" adapterTypeName="executor://xunit/VsTestRunner2/net" className="UnitTests.Data.Repositories.GenericRepositoryTests" name="GenericRepositoryGetsAll" />
    </UnitTest>
    <UnitTest name="UnitTests.EntensionMethodTests.IQueryable_IsOrdered_Works(ordered: False, descending: False, lastOrder: True)" storage="d:\a\dnn.uservoice\dnn.uservoice\unittests\bin\unittests.dll" id="0dc5a512-bfd0-bc80-f676-16e6d961ec4d">
      <Execution id="9447b48e-392a-401e-a09e-c7e73446900c" />
      <TestMethod codeBase="D:\a\DNN.UserVoice\DNN.UserVoice\UnitTests\bin\UnitTests.dll" adapterTypeName="executor://xunit/VsTestRunner2/net" className="UnitTests.EntensionMethodTests" name="IQueryable_IsOrdered_Works" />
    </UnitTest>
    <UnitTest name="UnitTests.EntensionMethodTests.IQueryable_GetPage_PagesProperly(count: 0, page: 0, pageSize: 0, expedtedPages: 0, expectedItems: 0, firstId: null, descending: False)" storage="d:\a\dnn.uservoice\dnn.uservoice\unittests\bin\unittests.dll" id="8bbc68bc-7714-d990-1480-dfaedaafbd62">
      <Execution id="a87ee60c-25d3-4964-8754-5ef6e95cb1c3" />
      <TestMethod codeBase="D:\a\DNN.UserVoice\DNN.UserVoice\UnitTests\bin\UnitTests.dll" adapterTypeName="executor://xunit/VsTestRunner2/net" className="UnitTests.EntensionMethodTests" name="IQueryable_GetPage_PagesProperly" />
    </UnitTest>
    <UnitTest name="UnitTests.Services.ItemServiceTests.CreateItem_NoItemThrows" storage="d:\a\dnn.uservoice\dnn.uservoice\unittests\bin\unittests.dll" id="f5652070-1b22-f5a7-3f3f-68b37c9184a8">
      <Execution id="3870e820-a859-40c3-bc0b-a58637778583" />
      <TestMethod codeBase="D:\a\DNN.UserVoice\DNN.UserVoice\UnitTests\bin\UnitTests.dll" adapterTypeName="executor://xunit/VsTestRunner2/net" className="UnitTests.Services.ItemServiceTests" name="CreateItem_NoItemThrows" />
    </UnitTest>
    <UnitTest name="UnitTests.Data.Entities.ItemTests.ItemPropertiesPersist(id: 1, name: &quot;Name1&quot;, description: &quot;Description1&quot;)" storage="d:\a\dnn.uservoice\dnn.uservoice\unittests\bin\unittests.dll" id="392ed628-2028-c945-b97e-893658a1e82b">
      <Execution id="6f6e4717-78c9-4abb-aa63-59d8607798cb" />
      <TestMethod codeBase="D:\a\DNN.UserVoice\DNN.UserVoice\UnitTests\bin\UnitTests.dll" adapterTypeName="executor://xunit/VsTestRunner2/net" className="UnitTests.Data.Entities.ItemTests" name="ItemPropertiesPersist" />
    </UnitTest>
    <UnitTest name="UnitTests.EntensionMethodTests.IQueryable_IsOrdered_Works(ordered: True, descending: False, lastOrder: False)" storage="d:\a\dnn.uservoice\dnn.uservoice\unittests\bin\unittests.dll" id="b72028ed-e29e-ac6a-9e2e-bf700facee4e">
      <Execution id="4cd92d69-3620-4a55-af06-00f8fc451b06" />
      <TestMethod codeBase="D:\a\DNN.UserVoice\DNN.UserVoice\UnitTests\bin\UnitTests.dll" adapterTypeName="executor://xunit/VsTestRunner2/net" className="UnitTests.EntensionMethodTests" name="IQueryable_IsOrdered_Works" />
    </UnitTest>
  </TestDefinitions>
  <TestEntries>
    <TestEntry testId="392ed628-2028-c945-b97e-893658a1e82b" executionId="6f6e4717-78c9-4abb-aa63-59d8607798cb" testListId="8c84fa94-04c1-424b-9868-57a2d4851a1d" />
    <TestEntry testId="315adde5-f36d-a74f-aa46-fb22a0f78cd9" executionId="9218f07e-c924-483e-8811-7936c6fea8b4" testListId="8c84fa94-04c1-424b-9868-57a2d4851a1d" />
    <TestEntry testId="3cbfa5d3-e0f6-eff8-ed5c-556fa1f3e131" executionId="51ec7826-00af-4b42-8b35-236318389cdc" testListId="8c84fa94-04c1-424b-9868-57a2d4851a1d" />
    <TestEntry testId="263c08b1-704a-f3c2-309e-6dee831dbdc9" executionId="5331bb67-326a-4321-8974-21be00cc3788" testListId="8c84fa94-04c1-424b-9868-57a2d4851a1d" />
    <TestEntry testId="92b7b9f6-1294-7ea1-ffa3-91fba85074d4" executionId="3d34d2f6-30cc-4227-b5de-5cdb90e046b2" testListId="8c84fa94-04c1-424b-9868-57a2d4851a1d" />
    <TestEntry testId="a21637b0-54f8-4fa0-bc3b-95481a9fd90b" executionId="ded7edd1-0cf5-4cf9-9989-27df7ad25c8c" testListId="8c84fa94-04c1-424b-9868-57a2d4851a1d" />
    <TestEntry testId="9207202d-19b8-8eb5-74dc-6aa5d849467c" executionId="26da3d42-acd5-4c17-bc64-cebafa97236e" testListId="8c84fa94-04c1-424b-9868-57a2d4851a1d" />
    <TestEntry testId="6f0b47a1-9d18-a5d8-8dd1-c8f266712c15" executionId="b0ade8be-72fe-427a-b9ad-2d5d3d277851" testListId="8c84fa94-04c1-424b-9868-57a2d4851a1d" />
    <TestEntry testId="2695f427-ed7b-9f97-5696-f97a7702128c" executionId="a3d8172e-956e-49b4-806b-736397066a70" testListId="8c84fa94-04c1-424b-9868-57a2d4851a1d" />
    <TestEntry testId="a21637b0-54f8-4fa0-bc3b-95481a9fd90b" executionId="189750ee-68f8-4f4f-aa68-1ba42534e633" testListId="8c84fa94-04c1-424b-9868-57a2d4851a1d" />
    <TestEntry testId="a9198ad3-782e-a37c-0b5f-1330f5318f55" executionId="587edaa2-9dce-4a05-ba36-49dc2aa6be20" testListId="8c84fa94-04c1-424b-9868-57a2d4851a1d" />
    <TestEntry testId="5f92ec4d-d570-0452-b891-d4cee75db9dd" executionId="2537d72c-6173-4d1d-b07f-5487964120e6" testListId="8c84fa94-04c1-424b-9868-57a2d4851a1d" />
    <TestEntry testId="320e3c11-11d1-b3ef-0d2e-5e474f674ff1" executionId="2548d01e-0f03-46c8-a245-29972305f0e2" testListId="8c84fa94-04c1-424b-9868-57a2d4851a1d" />
    <TestEntry testId="f46af852-6230-3d31-e31c-2959bffd491f" executionId="c39c1a05-d5c8-4837-8c65-d9c2518013bb" testListId="8c84fa94-04c1-424b-9868-57a2d4851a1d" />
    <TestEntry testId="986d7e6e-d04d-b204-b01c-fbb8f09c7774" executionId="9967c15f-18e4-4306-9217-5639c3559663" testListId="8c84fa94-04c1-424b-9868-57a2d4851a1d" />
    <TestEntry testId="e6e0a140-85e7-6935-6160-ab95ecfd3c8a" executionId="e41dd6b5-e35e-4432-8dff-e4e7741293b0" testListId="8c84fa94-04c1-424b-9868-57a2d4851a1d" />
    <TestEntry testId="0247c7e7-7d1c-099b-2ac8-81a47ff2509a" executionId="e0bfc7fd-5be4-4f04-ab1c-b05e7112641f" testListId="8c84fa94-04c1-424b-9868-57a2d4851a1d" />
    <TestEntry testId="9168bdef-a759-f4d6-b890-b643e17324cf" executionId="e46297eb-dcf2-434e-b522-e82cbab5e126" testListId="8c84fa94-04c1-424b-9868-57a2d4851a1d" />
    <TestEntry testId="bae3532a-4a9e-c4ab-fc66-4dfa22d16170" executionId="457c3723-b3e1-4268-a982-c205e01fa2bd" testListId="8c84fa94-04c1-424b-9868-57a2d4851a1d" />
    <TestEntry testId="2aef35a8-73ad-0c03-c8a4-2b5a1d37af8f" executionId="17d96f99-4246-417d-b5bf-1dabf50751de" testListId="8c84fa94-04c1-424b-9868-57a2d4851a1d" />
    <TestEntry testId="7e661283-b2b2-d632-266b-6af1f3374c08" executionId="bd84ef4d-032f-42b6-bb7b-77a96a885d4e" testListId="8c84fa94-04c1-424b-9868-57a2d4851a1d" />
    <TestEntry testId="8bbc68bc-7714-d990-1480-dfaedaafbd62" executionId="a87ee60c-25d3-4964-8754-5ef6e95cb1c3" testListId="8c84fa94-04c1-424b-9868-57a2d4851a1d" />
    <TestEntry testId="96a18501-dea4-70b1-d572-baa1bb120da2" executionId="79df69fc-a7f0-40ad-9a9d-cecc7d578942" testListId="8c84fa94-04c1-424b-9868-57a2d4851a1d" />
    <TestEntry testId="478b61ee-7d85-9dbe-985d-08c590f8666a" executionId="c64c7dab-1053-4e68-8492-2d734be19130" testListId="8c84fa94-04c1-424b-9868-57a2d4851a1d" />
    <TestEntry testId="f5652070-1b22-f5a7-3f3f-68b37c9184a8" executionId="3870e820-a859-40c3-bc0b-a58637778583" testListId="8c84fa94-04c1-424b-9868-57a2d4851a1d" />
    <TestEntry testId="b80893de-3e2d-6029-ec19-65c03fd119c3" executionId="3ae7304d-75a9-455e-94aa-97b43d1849b3" testListId="8c84fa94-04c1-424b-9868-57a2d4851a1d" />
    <TestEntry testId="24cfa8b0-48c3-8aab-e4c2-88694c220e2c" executionId="1aa617bd-52b7-44d5-82f9-0682186598fa" testListId="8c84fa94-04c1-424b-9868-57a2d4851a1d" />
    <TestEntry testId="36689490-09d4-917f-648a-70dcfcfede10" executionId="bd1554c3-5cc2-41b1-8d49-b3cc20a1c4b8" testListId="8c84fa94-04c1-424b-9868-57a2d4851a1d" />
    <TestEntry testId="ac1c50bc-98fd-036f-fe0f-d46cb187f90e" executionId="7b89453b-8eff-4ffc-9abe-16fc3b893be1" testListId="8c84fa94-04c1-424b-9868-57a2d4851a1d" />
    <TestEntry testId="0dc5a512-bfd0-bc80-f676-16e6d961ec4d" executionId="9447b48e-392a-401e-a09e-c7e73446900c" testListId="8c84fa94-04c1-424b-9868-57a2d4851a1d" />
    <TestEntry testId="d15ea2a7-9f9f-b92b-50fa-470898da705d" executionId="664e1bda-fff8-46e3-9dae-223cefba0006" testListId="8c84fa94-04c1-424b-9868-57a2d4851a1d" />
    <TestEntry testId="572fc310-4b67-9555-f147-153d39f2eb82" executionId="41e3f965-2596-4f1f-9c6a-f7fba8f06a9d" testListId="8c84fa94-04c1-424b-9868-57a2d4851a1d" />
    <TestEntry testId="d5b75914-a4f0-1327-0212-c8781f6dfe81" executionId="87108644-c6b4-4fb5-a8c6-f992de5e7e88" testListId="8c84fa94-04c1-424b-9868-57a2d4851a1d" />
    <TestEntry testId="1b051fa0-d4cc-1b32-80bb-d56b714e3066" executionId="44eff4d1-3bbd-41e6-9cef-4a5aa0cff3c1" testListId="8c84fa94-04c1-424b-9868-57a2d4851a1d" />
    <TestEntry testId="61a8ccc9-c5b1-047b-3c97-f777ccc7d30b" executionId="40762920-3891-4adc-ab36-c153db639a0f" testListId="8c84fa94-04c1-424b-9868-57a2d4851a1d" />
    <TestEntry testId="4fe0dd0f-2fa0-9c42-e816-a6df28150b72" executionId="088e9237-582c-4b2a-8e80-6daba24f1b13" testListId="8c84fa94-04c1-424b-9868-57a2d4851a1d" />
    <TestEntry testId="1017c6c1-9dd0-57dc-36e7-bb573d02562e" executionId="14d2a177-2ff7-4995-aca5-8bac7ca21bb8" testListId="8c84fa94-04c1-424b-9868-57a2d4851a1d" />
    <TestEntry testId="1c164fbc-1ab1-9884-ccb8-9e84f4c977d0" executionId="da3902ea-525d-4dfe-ad8e-2ddcc3602d7d" testListId="8c84fa94-04c1-424b-9868-57a2d4851a1d" />
    <TestEntry testId="d6094ca1-b65b-5133-f464-9f7d01f0d023" executionId="50a0548d-7f33-41c5-a11d-f9cc680c8e1a" testListId="8c84fa94-04c1-424b-9868-57a2d4851a1d" />
    <TestEntry testId="0bc54975-0bff-692e-a9b3-fc69f2c95a39" executionId="9563ce85-e2d2-4625-ad54-71300452fc18" testListId="8c84fa94-04c1-424b-9868-57a2d4851a1d" />
    <TestEntry testId="b72028ed-e29e-ac6a-9e2e-bf700facee4e" executionId="4cd92d69-3620-4a55-af06-00f8fc451b06" testListId="8c84fa94-04c1-424b-9868-57a2d4851a1d" />
    <TestEntry testId="588a2c1b-7788-beb2-ade0-06788d455d25" executionId="33f85e67-a17f-49c3-992b-c85739031ae9" testListId="8c84fa94-04c1-424b-9868-57a2d4851a1d" />
    <TestEntry testId="e6610648-e456-1c64-d2b1-7e1242b871a8" executionId="d4456b82-0074-45b8-a641-b95d56ffad54" testListId="8c84fa94-04c1-424b-9868-57a2d4851a1d" />
    <TestEntry testId="113f48ce-a6a3-c5df-7589-ba5a5fcb9c59" executionId="743bef0f-0c77-4e9a-b8ab-17d4419eb6e5" testListId="8c84fa94-04c1-424b-9868-57a2d4851a1d" />
    <TestEntry testId="1a74e347-4470-5271-97ab-1ebaf8693270" executionId="68844537-1483-4d26-9dbb-5ca364d61265" testListId="8c84fa94-04c1-424b-9868-57a2d4851a1d" />
    <TestEntry testId="8ba31d1b-48e3-e04e-cff0-b927c63b4a19" executionId="9aaa8474-246b-469e-8758-2e497f21af8a" testListId="8c84fa94-04c1-424b-9868-57a2d4851a1d" />
    <TestEntry testId="d16880d7-fb44-f209-43d9-ba2e0e1875de" executionId="4f0844f0-b6e2-4988-8d5d-3187afe132b6" testListId="8c84fa94-04c1-424b-9868-57a2d4851a1d" />
    <TestEntry testId="19b6234c-c2df-2304-54f9-54b0da4cd6ba" executionId="fb44909b-3d2c-4510-a9d9-3aee5e5ed6be" testListId="8c84fa94-04c1-424b-9868-57a2d4851a1d" />
    <TestEntry testId="2d3a68b5-bf4c-0513-b733-5ed612794244" executionId="77ea335e-580b-4e70-ac77-a1685011f36e" testListId="8c84fa94-04c1-424b-9868-57a2d4851a1d" />
    <TestEntry testId="aec60494-3c2e-8ec9-f948-da5bb2043983" executionId="7426d05a-3292-44c4-9749-a5a81ea1eb15" testListId="8c84fa94-04c1-424b-9868-57a2d4851a1d" />
    <TestEntry testId="d1c63cb7-1f9a-a8bf-a217-a4cbb4e5f73b" executionId="df7fe1a2-9a62-4af8-a0d7-75f9aecec8b6" testListId="8c84fa94-04c1-424b-9868-57a2d4851a1d" />
    <TestEntry testId="0f141a30-05bd-f4ed-a627-d40adca6b3ca" executionId="d7cf9690-e345-4627-b73c-89ae6b7c41de" testListId="8c84fa94-04c1-424b-9868-57a2d4851a1d" />
    <TestEntry testId="ae39aa62-5ff2-56e7-d00e-ef116d711d51" executionId="952ec7ad-9454-42e4-814d-e431b41372fe" testListId="8c84fa94-04c1-424b-9868-57a2d4851a1d" />
    <TestEntry testId="e55f1742-c16d-5086-2251-ad3372dd48f5" executionId="021dc51a-da41-4008-a3df-b58d92453bfa" testListId="8c84fa94-04c1-424b-9868-57a2d4851a1d" />
    <TestEntry testId="4bb697d7-9cb3-28c5-7c49-3e60c8ee823d" executionId="093b6c0b-1fc4-4de9-b4e5-7c47b3abca11" testListId="8c84fa94-04c1-424b-9868-57a2d4851a1d" />
    <TestEntry testId="3140ebc5-2430-06b3-4257-a6794b9b09ac" executionId="9ed3e192-9daa-4bd8-9cb4-bbb1d1781a41" testListId="8c84fa94-04c1-424b-9868-57a2d4851a1d" />
    <TestEntry testId="0ebf358f-9eac-9438-b418-9c6aa81a6377" executionId="952d7398-6b17-4e26-95bf-e33d57bcec5e" testListId="8c84fa94-04c1-424b-9868-57a2d4851a1d" />
    <TestEntry testId="95a0a379-a9bd-3d99-f720-e626260de7f6" executionId="015359ea-a54f-42b4-ae13-9aa57a034c3e" testListId="8c84fa94-04c1-424b-9868-57a2d4851a1d" />
    <TestEntry testId="e1c7f76f-6195-c844-23c0-304b47fbae66" executionId="b10c167a-59bb-41b6-9702-9eaf05dd9586" testListId="8c84fa94-04c1-424b-9868-57a2d4851a1d" />
    <TestEntry testId="130d9133-361f-a0da-f15e-423eb98947ac" executionId="08961c8e-87b3-45f8-8ce7-d586472a28df" testListId="8c84fa94-04c1-424b-9868-57a2d4851a1d" />
    <TestEntry testId="f754f777-4449-23e8-f4ec-917f49117de2" executionId="47af93e6-af1a-48dd-9eae-1f5c36ce1f71" testListId="8c84fa94-04c1-424b-9868-57a2d4851a1d" />
    <TestEntry testId="b76e01b1-6afe-f33b-c6a9-ea3347176509" executionId="a8263ef4-c4e7-4b07-80d4-30cc52ea5c28" testListId="8c84fa94-04c1-424b-9868-57a2d4851a1d" />
    <TestEntry testId="70ede014-c412-e387-bb98-e95b3b42090d" executionId="da2769ca-dba1-4b76-99fa-c8ccddabede1" testListId="8c84fa94-04c1-424b-9868-57a2d4851a1d" />
    <TestEntry testId="a21637b0-54f8-4fa0-bc3b-95481a9fd90b" executionId="d87d841a-8f28-4854-9dc0-5af98e3e48d1" testListId="8c84fa94-04c1-424b-9868-57a2d4851a1d" />
    <TestEntry testId="0864c31d-6119-84d6-7f52-9d349dabbe84" executionId="61ea0d67-181f-4d8a-afca-1590e0c4cc49" testListId="8c84fa94-04c1-424b-9868-57a2d4851a1d" />
    <TestEntry testId="73fc5149-51d6-8241-9c9f-f48c28e448e3" executionId="e825be42-ee76-4b0f-aaf5-4877d9b6819b" testListId="8c84fa94-04c1-424b-9868-57a2d4851a1d" />
    <TestEntry testId="a21637b0-54f8-4fa0-bc3b-95481a9fd90b" executionId="ba240aaf-5665-4a8a-b3a8-29b2817c23f8" testListId="8c84fa94-04c1-424b-9868-57a2d4851a1d" />
    <TestEntry testId="a21637b0-54f8-4fa0-bc3b-95481a9fd90b" executionId="2ce0664a-b4a3-4ab6-945d-e6978fd0aa71" testListId="8c84fa94-04c1-424b-9868-57a2d4851a1d" />
    <TestEntry testId="44b00d3a-bad7-aefd-141c-4a35b11463b2" executionId="ea07c631-0b12-4508-9ff6-90e0a1366e47" testListId="8c84fa94-04c1-424b-9868-57a2d4851a1d" />
    <TestEntry testId="19223079-ea41-5691-855c-970af1a1e611" executionId="950bd77a-aa00-4492-a0cc-19abaa28fbae" testListId="8c84fa94-04c1-424b-9868-57a2d4851a1d" />
    <TestEntry testId="ac2a99ba-3563-74a9-7d4c-8e91a58cd097" executionId="0058d410-b2ad-4406-bbad-4106a27e27af" testListId="8c84fa94-04c1-424b-9868-57a2d4851a1d" />
    <TestEntry testId="168fc980-36e3-101b-62b1-f5ab71e9fc0d" executionId="fc8167c9-1ee9-4efb-96f3-446d55062170" testListId="8c84fa94-04c1-424b-9868-57a2d4851a1d" />
    <TestEntry testId="ffe5c770-9b99-42c0-ce21-7e50cccf4385" executionId="1759abe8-f6c6-4d7c-aa0b-c020911f2b18" testListId="8c84fa94-04c1-424b-9868-57a2d4851a1d" />
    <TestEntry testId="a21637b0-54f8-4fa0-bc3b-95481a9fd90b" executionId="bd1ae113-9cfe-45e0-b9f4-132f8c1794e5" testListId="8c84fa94-04c1-424b-9868-57a2d4851a1d" />
    <TestEntry testId="ad3412e8-5f64-2020-a5b6-bd4cca8c3b7d" executionId="fa6db585-7d14-4d89-93b2-ce4117d99a66" testListId="8c84fa94-04c1-424b-9868-57a2d4851a1d" />
    <TestEntry testId="e4f8faa7-d0ad-86e6-1579-7bd52372b4c3" executionId="2fd8d8dd-09a5-4d0b-b4e7-90556c7cc924" testListId="8c84fa94-04c1-424b-9868-57a2d4851a1d" />
  </TestEntries>
  <TestLists>
    <TestList name="Results Not in a List" id="8c84fa94-04c1-424b-9868-57a2d4851a1d" />
    <TestList name="All Loaded Results" id="19431567-8539-422a-85d7-44ee4e166bda" />
  </TestLists>
  <ResultSummary outcome="Completed">
    <Counters total="76" executed="76" passed="76" failed="0" error="0" timeout="0" aborted="0" inconclusive="0" passedButRunAborted="0" notRunnable="0" notExecuted="0" disconnected="0" warning="0" completed="0" inProgress="0" pending="0" />
    <Output>
      <StdOut>[xUnit.net 00:00:00.00] xUnit.net VSTest Adapter v2.4.3+1b45f5407b (32-bit Desktop .NET 4.0.30319.42000)&#xD;
[xUnit.net 00:00:00.72]   Discovering: UnitTests&#xD;
[xUnit.net 00:00:00.86]   Discovered:  UnitTests&#xD;
[xUnit.net 00:00:00.87]   Starting:    UnitTests&#xD;
[xUnit.net 00:00:03.74]   Finished:    UnitTests&#xD;
</StdOut>
    </Output>
  </ResultSummary>
</TestRun>