<?xml version="1.0" encoding="utf-8"?>
<TestRun id="c607ed9b-9975-4cb0-b999-9514431a5dc9" name="runneradmin@fv-az253-275 2022-04-04 00:58:53" runUser="fv-az253-275\runneradmin" xmlns="http://microsoft.com/schemas/VisualStudio/TeamTest/2010">
  <Times creation="2022-04-04T00:58:53.2267307+00:00" queuing="2022-04-04T00:58:53.2267309+00:00" start="2022-04-04T00:58:51.0750948+00:00" finish="2022-04-04T00:58:56.7214565+00:00" />
  <TestSettings name="default" id="4ecc3848-ca5e-453a-b35d-e6f521b815bc">
    <Deployment runDeploymentRoot="runneradmin_fv-az253-275_2022-04-04_00_58_53" />
  </TestSettings>
  <Results>
    <UnitTestResult executionId="d11df1e3-ee38-4909-bc3f-0effaf43dc2c" testId="ac1c50bc-98fd-036f-fe0f-d46cb187f90e" testName="UnitTests.Services.LoggingServiceTests.LogginService_TestableConstructorLogsError" computerName="fv-az253-275" duration="00:00:00.0290000" startTime="2022-04-04T00:58:53.6620074+00:00" endTime="2022-04-04T00:58:53.6620074+00:00" testType="13cdc9d9-ddb5-4fa4-a97d-d965ccfc6d4b" outcome="Passed" testListId="8c84fa94-04c1-424b-9868-57a2d4851a1d" relativeResultsDirectory="d11df1e3-ee38-4909-bc3f-0effaf43dc2c" />
    <UnitTestResult executionId="eb516163-fbe5-49ff-9692-016a4b8f1d07" testId="9207202d-19b8-8eb5-74dc-6aa5d849467c" testName="UnitTests.EntensionMethodTests.IQueryable_GetPage_PagesProperly(count: 10, page: 1, pageSize: 10, expedtedPages: 1, expectedItems: 10, firstId: 1, descending: False)" computerName="fv-az253-275" duration="00:00:00.0270000" startTime="2022-04-04T00:58:56.4487760+00:00" endTime="2022-04-04T00:58:56.4487760+00:00" testType="13cdc9d9-ddb5-4fa4-a97d-d965ccfc6d4b" outcome="Passed" testListId="8c84fa94-04c1-424b-9868-57a2d4851a1d" relativeResultsDirectory="eb516163-fbe5-49ff-9692-016a4b8f1d07" />
    <UnitTestResult executionId="d374019b-d56f-4435-a472-aaf9d24f343c" testId="8ba31d1b-48e3-e04e-cff0-b927c63b4a19" testName="UnitTests.Services.LoggingServiceTests.LoggingService_DefaultConstructorExists" computerName="fv-az253-275" duration="00:00:00.1910000" startTime="2022-04-04T00:58:53.6589927+00:00" endTime="2022-04-04T00:58:53.6589927+00:00" testType="13cdc9d9-ddb5-4fa4-a97d-d965ccfc6d4b" outcome="Passed" testListId="8c84fa94-04c1-424b-9868-57a2d4851a1d" relativeResultsDirectory="d374019b-d56f-4435-a472-aaf9d24f343c" />
    <UnitTestResult executionId="ddcf23ed-fd76-4d52-ba08-8045e0d226ce" testId="a21637b0-54f8-4fa0-bc3b-95481a9fd90b" testName="UnitTests.Controllers.ModuleExceptionFilterAttributeTests.ArgumentException_BadRequest(exception: System.NotImplementedException: Not Implemented, expectedStatusCode: NotImplemented)" computerName="fv-az253-275" duration="00:00:00.0010000" startTime="2022-04-04T00:58:53.7439969+00:00" endTime="2022-04-04T00:58:53.7439969+00:00" testType="13cdc9d9-ddb5-4fa4-a97d-d965ccfc6d4b" outcome="Passed" testListId="8c84fa94-04c1-424b-9868-57a2d4851a1d" relativeResultsDirectory="ddcf23ed-fd76-4d52-ba08-8045e0d226ce" />
    <UnitTestResult executionId="b5969bc4-1fa2-4e4b-b8fd-ab6e3656c8ce" testId="1a74e347-4470-5271-97ab-1ebaf8693270" testName="UnitTests.Controllers.ModuleExceptionFilterAttributeTests.SystemException_DoesNotExposeDetails" computerName="fv-az253-275" duration="00:00:00.0300000" startTime="2022-04-04T00:58:53.7679921+00:00" endTime="2022-04-04T00:58:53.7679921+00:00" testType="13cdc9d9-ddb5-4fa4-a97d-d965ccfc6d4b" outcome="Passed" testListId="8c84fa94-04c1-424b-9868-57a2d4851a1d" relativeResultsDirectory="b5969bc4-1fa2-4e4b-b8fd-ab6e3656c8ce" />
    <UnitTestResult executionId="b592bb32-11ed-44d4-a473-248242b90690" testId="d6094ca1-b65b-5133-f464-9f7d01f0d023" testName="UnitTests.Controllers.ItemControllerTests.DeleteItem_Deletes(itemId: 10)" computerName="fv-az253-275" duration="00:00:00.0020000" startTime="2022-04-04T00:58:53.7939933+00:00" endTime="2022-04-04T00:58:53.7939933+00:00" testType="13cdc9d9-ddb5-4fa4-a97d-d965ccfc6d4b" outcome="Passed" testListId="8c84fa94-04c1-424b-9868-57a2d4851a1d" relativeResultsDirectory="b592bb32-11ed-44d4-a473-248242b90690" />
    <UnitTestResult executionId="1c5ccc6a-1d4a-4316-953b-23959802ee76" testId="d15ea2a7-9f9f-b92b-50fa-470898da705d" testName="UnitTests.Data.Repositories.GenericRepositoryTests.GenericRepositoryGetsAll(iterations: 3)" computerName="fv-az253-275" duration="00:00:00.0120000" startTime="2022-04-04T00:58:56.4447751+00:00" endTime="2022-04-04T00:58:56.4447751+00:00" testType="13cdc9d9-ddb5-4fa4-a97d-d965ccfc6d4b" outcome="Passed" testListId="8c84fa94-04c1-424b-9868-57a2d4851a1d" relativeResultsDirectory="1c5ccc6a-1d4a-4316-953b-23959802ee76" />
    <UnitTestResult executionId="5495fb5c-fb51-4ce8-b6e9-1a520c53f89c" testId="320e3c11-11d1-b3ef-0d2e-5e474f674ff1" testName="UnitTests.Controllers.ModuleApiControllerTests.CanEdit_DefaultsToFalse" computerName="fv-az253-275" duration="00:00:00.0040000" startTime="2022-04-04T00:58:53.3259893+00:00" endTime="2022-04-04T00:58:53.3259893+00:00" testType="13cdc9d9-ddb5-4fa4-a97d-d965ccfc6d4b" outcome="Passed" testListId="8c84fa94-04c1-424b-9868-57a2d4851a1d" relativeResultsDirectory="5495fb5c-fb51-4ce8-b6e9-1a520c53f89c" />
    <UnitTestResult executionId="db3d66fd-292e-436f-ae5b-13b4eef901d4" testId="315adde5-f36d-a74f-aa46-fb22a0f78cd9" testName="UnitTests.Controllers.ItemControllerTests.UpdateItem_Updates" computerName="fv-az253-275" duration="00:00:00.0030000" startTime="2022-04-04T00:58:53.7919975+00:00" endTime="2022-04-04T00:58:53.7919975+00:00" testType="13cdc9d9-ddb5-4fa4-a97d-d965ccfc6d4b" outcome="Passed" testListId="8c84fa94-04c1-424b-9868-57a2d4851a1d" relativeResultsDirectory="db3d66fd-292e-436f-ae5b-13b4eef901d4" />
    <UnitTestResult executionId="df7239c7-32fd-464c-b46d-ec2a2793cbf2" testId="61a8ccc9-c5b1-047b-3c97-f777ccc7d30b" testName="UnitTests.Controllers.ValidateModelAttributeTests.OnActionExecuting_Invalid_Works" computerName="fv-az253-275" duration="00:00:00.5520000" startTime="2022-04-04T00:58:54.3505850+00:00" endTime="2022-04-04T00:58:54.3505850+00:00" testType="13cdc9d9-ddb5-4fa4-a97d-d965ccfc6d4b" outcome="Passed" testListId="8c84fa94-04c1-424b-9868-57a2d4851a1d" relativeResultsDirectory="df7239c7-32fd-464c-b46d-ec2a2793cbf2" />
    <UnitTestResult executionId="e5c4dc91-cf04-4b32-b191-003d2bcedc46" testId="ffe5c770-9b99-42c0-ce21-7e50cccf4385" testName="UnitTests.Data.Repositories.GenericRepositoryTests.GenericRepositoryGetsAll(iterations: 2)" computerName="fv-az253-275" duration="00:00:00.0220000" startTime="2022-04-04T00:58:56.3767748+00:00" endTime="2022-04-04T00:58:56.3767748+00:00" testType="13cdc9d9-ddb5-4fa4-a97d-d965ccfc6d4b" outcome="Passed" testListId="8c84fa94-04c1-424b-9868-57a2d4851a1d" relativeResultsDirectory="e5c4dc91-cf04-4b32-b191-003d2bcedc46" />
    <UnitTestResult executionId="aa026df4-2e9f-4eb3-874e-3dfdab6f534d" testId="4bb697d7-9cb3-28c5-7c49-3e60c8ee823d" testName="UnitTests.EntensionMethodTests.IQueryable_GetPage_PagesProperly(count: 0, page: -1, pageSize: -1, expedtedPages: 0, expectedItems: 0, firstId: null, descending: False)" computerName="fv-az253-275" duration="00:00:00.0100000" startTime="2022-04-04T00:58:56.3997750+00:00" endTime="2022-04-04T00:58:56.3997750+00:00" testType="13cdc9d9-ddb5-4fa4-a97d-d965ccfc6d4b" outcome="Passed" testListId="8c84fa94-04c1-424b-9868-57a2d4851a1d" relativeResultsDirectory="aa026df4-2e9f-4eb3-874e-3dfdab6f534d" />
    <UnitTestResult executionId="d1ad9dc9-e27e-4593-9fbb-0a490823bea9" testId="96a18501-dea4-70b1-d572-baa1bb120da2" testName="UnitTests.Data.Entities.ItemTests.ItemPropertiesPersist(id: 2, name: &quot;Name2&quot;, description: &quot;Description2&quot;)" computerName="fv-az253-275" duration="00:00:00.0010000" startTime="2022-04-04T00:58:53.3429883+00:00" endTime="2022-04-04T00:58:53.3429883+00:00" testType="13cdc9d9-ddb5-4fa4-a97d-d965ccfc6d4b" outcome="Passed" testListId="8c84fa94-04c1-424b-9868-57a2d4851a1d" relativeResultsDirectory="d1ad9dc9-e27e-4593-9fbb-0a490823bea9" />
    <UnitTestResult executionId="41fc7b28-0d6b-494c-b927-65708bacf3da" testId="478b61ee-7d85-9dbe-985d-08c590f8666a" testName="UnitTests.Controllers.ItemControllerTests.DeleteItem_Deletes(itemId: 1)" computerName="fv-az253-275" duration="00:00:00.0010000" startTime="2022-04-04T00:58:53.7969940+00:00" endTime="2022-04-04T00:58:53.7969940+00:00" testType="13cdc9d9-ddb5-4fa4-a97d-d965ccfc6d4b" outcome="Passed" testListId="8c84fa94-04c1-424b-9868-57a2d4851a1d" relativeResultsDirectory="41fc7b28-0d6b-494c-b927-65708bacf3da" />
    <UnitTestResult executionId="1b860f33-31c3-400f-9b45-fe527adc241b" testId="bae3532a-4a9e-c4ab-fc66-4dfa22d16170" testName="UnitTests.Controllers.ModuleApiControllerTests.HasUserInfo" computerName="fv-az253-275" duration="00:00:00.0760000" startTime="2022-04-04T00:58:53.1429858+00:00" endTime="2022-04-04T00:58:53.1429858+00:00" testType="13cdc9d9-ddb5-4fa4-a97d-d965ccfc6d4b" outcome="Passed" testListId="8c84fa94-04c1-424b-9868-57a2d4851a1d" relativeResultsDirectory="1b860f33-31c3-400f-9b45-fe527adc241b" />
    <UnitTestResult executionId="16eb9268-46bb-4649-85cc-3e453bd35f78" testId="a21637b0-54f8-4fa0-bc3b-95481a9fd90b" testName="UnitTests.Controllers.ModuleExceptionFilterAttributeTests.ArgumentException_BadRequest(exception: System.ArgumentNullException: Value cannot be null.&#xD;&#xA;Parameter name: Null, expectedStatusCode: BadRequest)" computerName="fv-az253-275" duration="00:00:00.0320000" startTime="2022-04-04T00:58:53.7409908+00:00" endTime="2022-04-04T00:58:53.7409908+00:00" testType="13cdc9d9-ddb5-4fa4-a97d-d965ccfc6d4b" outcome="Passed" testListId="8c84fa94-04c1-424b-9868-57a2d4851a1d" relativeResultsDirectory="16eb9268-46bb-4649-85cc-3e453bd35f78" />
    <UnitTestResult executionId="87a92968-7b4e-45dc-a40a-a1b7fc7cd351" testId="5f92ec4d-d570-0452-b891-d4cee75db9dd" testName="UnitTests.Controllers.ModuleApiControllerTests.CanEdit_Set_Throws" computerName="fv-az253-275" duration="00:00:00.0220000" startTime="2022-04-04T00:58:52.9439928+00:00" endTime="2022-04-04T00:58:52.9439928+00:00" testType="13cdc9d9-ddb5-4fa4-a97d-d965ccfc6d4b" outcome="Passed" testListId="8c84fa94-04c1-424b-9868-57a2d4851a1d" relativeResultsDirectory="87a92968-7b4e-45dc-a40a-a1b7fc7cd351" />
    <UnitTestResult executionId="06581bb8-ec2f-4340-bbd1-66407276ffdd" testId="3140ebc5-2430-06b3-4257-a6794b9b09ac" testName="UnitTests.EntensionMethodTests.IQueryable_IsOrdered_Works(ordered: True, descending: False, lastOrder: True)" computerName="fv-az253-275" duration="00:00:00.0080000" startTime="2022-04-04T00:58:56.5417763+00:00" endTime="2022-04-04T00:58:56.5417763+00:00" testType="13cdc9d9-ddb5-4fa4-a97d-d965ccfc6d4b" outcome="Passed" testListId="8c84fa94-04c1-424b-9868-57a2d4851a1d" relativeResultsDirectory="06581bb8-ec2f-4340-bbd1-66407276ffdd" />
    <UnitTestResult executionId="1388b921-70b0-413a-8745-a025fa14e3f8" testId="a21637b0-54f8-4fa0-bc3b-95481a9fd90b" testName="UnitTests.Controllers.ModuleExceptionFilterAttributeTests.ArgumentException_BadRequest(exception: System.UnauthorizedAccessException: Unauthorized, expectedStatusCode: Unauthorized)" computerName="fv-az253-275" duration="00:00:00.0010000" startTime="2022-04-04T00:58:53.7489919+00:00" endTime="2022-04-04T00:58:53.7489919+00:00" testType="13cdc9d9-ddb5-4fa4-a97d-d965ccfc6d4b" outcome="Passed" testListId="8c84fa94-04c1-424b-9868-57a2d4851a1d" relativeResultsDirectory="1388b921-70b0-413a-8745-a025fa14e3f8" />
    <UnitTestResult executionId="9758f2e9-0f22-48e5-a438-28ae6c741f25" testId="2d3a68b5-bf4c-0513-b733-5ed612794244" testName="UnitTests.EntensionMethodTests.IQueryable_GetPage_EmptyDoesNotThrow" computerName="fv-az253-275" duration="00:00:00.0110000" startTime="2022-04-04T00:58:56.5677919+00:00" endTime="2022-04-04T00:58:56.5677919+00:00" testType="13cdc9d9-ddb5-4fa4-a97d-d965ccfc6d4b" outcome="Passed" testListId="8c84fa94-04c1-424b-9868-57a2d4851a1d" relativeResultsDirectory="9758f2e9-0f22-48e5-a438-28ae6c741f25" />
    <UnitTestResult executionId="f7bcd4a1-b894-492c-b616-7d3715c5311e" testId="1c164fbc-1ab1-9884-ccb8-9e84f4c977d0" testName="UnitTests.Services.ItemServiceTests.UpdateItem_NoName_Throws(name: &quot; &quot;)" computerName="fv-az253-275" duration="00:00:00.0010000" startTime="2022-04-04T00:58:53.3889879+00:00" endTime="2022-04-04T00:58:53.3889879+00:00" testType="13cdc9d9-ddb5-4fa4-a97d-d965ccfc6d4b" outcome="Passed" testListId="8c84fa94-04c1-424b-9868-57a2d4851a1d" relativeResultsDirectory="f7bcd4a1-b894-492c-b616-7d3715c5311e" />
    <UnitTestResult executionId="bb47f96a-18bd-4de5-8034-6d301f6a7186" testId="2aef35a8-73ad-0c03-c8a4-2b5a1d37af8f" testName="UnitTests.EntensionMethodTests.IQueryable_IsOrdered_Works(ordered: False, descending: False, lastOrder: False)" computerName="fv-az253-275" duration="00:00:00.0120000" startTime="2022-04-04T00:58:56.5087750+00:00" endTime="2022-04-04T00:58:56.5087750+00:00" testType="13cdc9d9-ddb5-4fa4-a97d-d965ccfc6d4b" outcome="Passed" testListId="8c84fa94-04c1-424b-9868-57a2d4851a1d" relativeResultsDirectory="bb47f96a-18bd-4de5-8034-6d301f6a7186" />
    <UnitTestResult executionId="50c416a3-c2fe-412f-871d-b1a9cb2ffe6f" testId="8bbc68bc-7714-d990-1480-dfaedaafbd62" testName="UnitTests.EntensionMethodTests.IQueryable_GetPage_PagesProperly(count: 0, page: 0, pageSize: 0, expedtedPages: 0, expectedItems: 0, firstId: null, descending: False)" computerName="fv-az253-275" duration="00:00:00.0120000" startTime="2022-04-04T00:58:56.3087733+00:00" endTime="2022-04-04T00:58:56.3087733+00:00" testType="13cdc9d9-ddb5-4fa4-a97d-d965ccfc6d4b" outcome="Passed" testListId="8c84fa94-04c1-424b-9868-57a2d4851a1d" relativeResultsDirectory="50c416a3-c2fe-412f-871d-b1a9cb2ffe6f" />
    <UnitTestResult executionId="31e85240-9b04-42a7-a56b-76150e3f48b9" testId="e6e0a140-85e7-6935-6160-ab95ecfd3c8a" testName="UnitTests.Data.Repositories.GenericRepositoryTests.GenericRepositoryCreatesAndGetsById" computerName="fv-az253-275" duration="00:00:00.0540000" startTime="2022-04-04T00:58:56.5107751+00:00" endTime="2022-04-04T00:58:56.5107751+00:00" testType="13cdc9d9-ddb5-4fa4-a97d-d965ccfc6d4b" outcome="Passed" testListId="8c84fa94-04c1-424b-9868-57a2d4851a1d" relativeResultsDirectory="31e85240-9b04-42a7-a56b-76150e3f48b9" />
    <UnitTestResult executionId="6a3906ed-767b-443c-8708-6095e5fae2ba" testId="d5b75914-a4f0-1327-0212-c8781f6dfe81" testName="UnitTests.EntensionMethodTests.IQueryable_IsOrdered_Works(ordered: False, descending: True, lastOrder: True)" computerName="fv-az253-275" duration="00:00:00.0080000" startTime="2022-04-04T00:58:56.5207757+00:00" endTime="2022-04-04T00:58:56.5207757+00:00" testType="13cdc9d9-ddb5-4fa4-a97d-d965ccfc6d4b" outcome="Passed" testListId="8c84fa94-04c1-424b-9868-57a2d4851a1d" relativeResultsDirectory="6a3906ed-767b-443c-8708-6095e5fae2ba" />
    <UnitTestResult executionId="fa034cd5-430d-4e16-9eec-e59a2cb18686" testId="1b051fa0-d4cc-1b32-80bb-d56b714e3066" testName="UnitTests.Services.ItemServiceTests.GetItemsPage_GetsPages(page: 1, pageSize: 20, descending: False, expectedPages: 2, returnedPage: 1)" computerName="fv-az253-275" duration="00:00:00.0040000" startTime="2022-04-04T00:58:53.3479877+00:00" endTime="2022-04-04T00:58:53.3479877+00:00" testType="13cdc9d9-ddb5-4fa4-a97d-d965ccfc6d4b" outcome="Passed" testListId="8c84fa94-04c1-424b-9868-57a2d4851a1d" relativeResultsDirectory="fa034cd5-430d-4e16-9eec-e59a2cb18686" />
    <UnitTestResult executionId="d881cbbf-d0d4-45fb-b07b-36c34268751e" testId="f46af852-6230-3d31-e31c-2959bffd491f" testName="UnitTests.EntensionMethodTests.IQueryable_IsOrdered_Works(ordered: True, descending: True, lastOrder: True)" computerName="fv-az253-275" duration="00:00:00.0120000" startTime="2022-04-04T00:58:56.5337760+00:00" endTime="2022-04-04T00:58:56.5337760+00:00" testType="13cdc9d9-ddb5-4fa4-a97d-d965ccfc6d4b" outcome="Passed" testListId="8c84fa94-04c1-424b-9868-57a2d4851a1d" relativeResultsDirectory="d881cbbf-d0d4-45fb-b07b-36c34268751e" />
    <UnitTestResult executionId="a2ff9a7a-8651-4e1e-b133-287dcd0ca6c0" testId="392ed628-2028-c945-b97e-893658a1e82b" testName="UnitTests.Data.Entities.ItemTests.ItemPropertiesPersist(id: 1, name: &quot;Name1&quot;, description: &quot;Description1&quot;)" computerName="fv-az253-275" duration="00:00:00.0050000" startTime="2022-04-04T00:58:53.3289977+00:00" endTime="2022-04-04T00:58:53.3289977+00:00" testType="13cdc9d9-ddb5-4fa4-a97d-d965ccfc6d4b" outcome="Passed" testListId="8c84fa94-04c1-424b-9868-57a2d4851a1d" relativeResultsDirectory="a2ff9a7a-8651-4e1e-b133-287dcd0ca6c0" />
    <UnitTestResult executionId="29034e2e-525c-4c73-865f-7b92d44d2c81" testId="70ede014-c412-e387-bb98-e95b3b42090d" testName="UnitTests.Data.Repositories.GenericRepositoryTests.GenericRepositoryUpdates" computerName="fv-az253-275" duration="00:00:00.0140000" startTime="2022-04-04T00:58:56.3707748+00:00" endTime="2022-04-04T00:58:56.3707748+00:00" testType="13cdc9d9-ddb5-4fa4-a97d-d965ccfc6d4b" outcome="Passed" testListId="8c84fa94-04c1-424b-9868-57a2d4851a1d" relativeResultsDirectory="29034e2e-525c-4c73-865f-7b92d44d2c81" />
    <UnitTestResult executionId="ed746d8d-4566-4268-9086-1cdeeef87914" testId="0247c7e7-7d1c-099b-2ac8-81a47ff2509a" testName="UnitTests.Controllers.ItemControllerTests.UserCanEdit_ReturnsBool(canEdit: False)" computerName="fv-az253-275" duration="00:00:00.0110000" startTime="2022-04-04T00:58:53.7799920+00:00" endTime="2022-04-04T00:58:53.7799920+00:00" testType="13cdc9d9-ddb5-4fa4-a97d-d965ccfc6d4b" outcome="Passed" testListId="8c84fa94-04c1-424b-9868-57a2d4851a1d" relativeResultsDirectory="ed746d8d-4566-4268-9086-1cdeeef87914" />
    <UnitTestResult executionId="b12fd54f-6eaa-4fbd-9c3d-9645c87b93f0" testId="24cfa8b0-48c3-8aab-e4c2-88694c220e2c" testName="UnitTests.Data.Repositories.GenericRepositoryTests.GenericRepositoryUpdate_ThrowsWithNullEntity" computerName="fv-az253-275" duration="00:00:00.0010000" startTime="2022-04-04T00:58:56.4567743+00:00" endTime="2022-04-04T00:58:56.4567743+00:00" testType="13cdc9d9-ddb5-4fa4-a97d-d965ccfc6d4b" outcome="Passed" testListId="8c84fa94-04c1-424b-9868-57a2d4851a1d" relativeResultsDirectory="b12fd54f-6eaa-4fbd-9c3d-9645c87b93f0" />
    <UnitTestResult executionId="816cde22-7960-417f-a64a-b81e317b90b5" testId="d16880d7-fb44-f209-43d9-ba2e0e1875de" testName="UnitTests.Data.Repositories.GenericRepositoryTests.GenericRepositoryGetsAll(iterations: 1)" computerName="fv-az253-275" duration="00:00:00.0160000" startTime="2022-04-04T00:58:56.4467773+00:00" endTime="2022-04-04T00:58:56.4467773+00:00" testType="13cdc9d9-ddb5-4fa4-a97d-d965ccfc6d4b" outcome="Passed" testListId="8c84fa94-04c1-424b-9868-57a2d4851a1d" relativeResultsDirectory="816cde22-7960-417f-a64a-b81e317b90b5" />
    <UnitTestResult executionId="911acc7a-cc40-4ce8-a879-ed843587c545" testId="0864c31d-6119-84d6-7f52-9d349dabbe84" testName="UnitTests.Services.ItemServiceTests.GetItemsPage_GetsPages(page: 0, pageSize: 0, descending: True, expectedPages: 30, returnedPage: 1)" computerName="fv-az253-275" duration="00:00:00.4200000" startTime="2022-04-04T00:58:53.3460045+00:00" endTime="2022-04-04T00:58:53.3460045+00:00" testType="13cdc9d9-ddb5-4fa4-a97d-d965ccfc6d4b" outcome="Passed" testListId="8c84fa94-04c1-424b-9868-57a2d4851a1d" relativeResultsDirectory="911acc7a-cc40-4ce8-a879-ed843587c545" />
    <UnitTestResult executionId="deae2572-5aa5-49c3-bbc6-d82da2f16985" testId="0ebf358f-9eac-9438-b418-9c6aa81a6377" testName="UnitTests.Data.Repositories.GenericRepositoryTests.Repository_Update_UsesuserId" computerName="fv-az253-275" duration="00:00:00.0540000" startTime="2022-04-04T00:58:56.3677745+00:00" endTime="2022-04-04T00:58:56.3677745+00:00" testType="13cdc9d9-ddb5-4fa4-a97d-d965ccfc6d4b" outcome="Passed" testListId="8c84fa94-04c1-424b-9868-57a2d4851a1d" relativeResultsDirectory="deae2572-5aa5-49c3-bbc6-d82da2f16985" />
    <UnitTestResult executionId="05fce035-4991-4f40-ad6a-403f000c61e6" testId="0dc5a512-bfd0-bc80-f676-16e6d961ec4d" testName="UnitTests.EntensionMethodTests.IQueryable_IsOrdered_Works(ordered: False, descending: False, lastOrder: True)" computerName="fv-az253-275" duration="00:00:00.0070000" startTime="2022-04-04T00:58:56.5567890+00:00" endTime="2022-04-04T00:58:56.5567890+00:00" testType="13cdc9d9-ddb5-4fa4-a97d-d965ccfc6d4b" outcome="Passed" testListId="8c84fa94-04c1-424b-9868-57a2d4851a1d" relativeResultsDirectory="05fce035-4991-4f40-ad6a-403f000c61e6" />
    <UnitTestResult executionId="ad29ced8-df3a-4d4e-9498-c827f53f12c8" testId="7e661283-b2b2-d632-266b-6af1f3374c08" testName="UnitTests.EntensionMethodTests.IQueryable_GetPage_PagesProperly(count: 21, page: 1, pageSize: 10, expedtedPages: 3, expectedItems: 10, firstId: 21, descending: True)" computerName="fv-az253-275" duration="00:00:00.0550000" startTime="2022-04-04T00:58:56.5067759+00:00" endTime="2022-04-04T00:58:56.5067759+00:00" testType="13cdc9d9-ddb5-4fa4-a97d-d965ccfc6d4b" outcome="Passed" testListId="8c84fa94-04c1-424b-9868-57a2d4851a1d" relativeResultsDirectory="ad29ced8-df3a-4d4e-9498-c827f53f12c8" />
    <UnitTestResult executionId="760a8f02-29ac-4daf-b6f0-c78b1a1e946d" testId="b80893de-3e2d-6029-ec19-65c03fd119c3" testName="UnitTests.EntensionMethodTests.IQueryable_IsOrdered_Works(ordered: False, descending: True, lastOrder: False)" computerName="fv-az253-275" duration="00:00:00.0120000" startTime="2022-04-04T00:58:56.5137753+00:00" endTime="2022-04-04T00:58:56.5137753+00:00" testType="13cdc9d9-ddb5-4fa4-a97d-d965ccfc6d4b" outcome="Passed" testListId="8c84fa94-04c1-424b-9868-57a2d4851a1d" relativeResultsDirectory="760a8f02-29ac-4daf-b6f0-c78b1a1e946d" />
    <UnitTestResult executionId="6f013035-9e42-4735-8965-8bfc50379ede" testId="263c08b1-704a-f3c2-309e-6dee831dbdc9" testName="UnitTests.Services.ItemServiceTests.UpdateItem_NullDto_Throws" computerName="fv-az253-275" duration="00:00:00.0250000" startTime="2022-04-04T00:58:53.3819887+00:00" endTime="2022-04-04T00:58:53.3819887+00:00" testType="13cdc9d9-ddb5-4fa4-a97d-d965ccfc6d4b" outcome="Passed" testListId="8c84fa94-04c1-424b-9868-57a2d4851a1d" relativeResultsDirectory="6f013035-9e42-4735-8965-8bfc50379ede" />
    <UnitTestResult executionId="b524eb20-1f65-4807-9708-51d4fcb1c759" testId="e55f1742-c16d-5086-2251-ad3372dd48f5" testName="UnitTests.Controllers.ValidateModelAttributeTests.OnActionExecuting_Valid_Works" computerName="fv-az253-275" duration="00:00:00.0040000" startTime="2022-04-04T00:58:53.7989942+00:00" endTime="2022-04-04T00:58:53.7989942+00:00" testType="13cdc9d9-ddb5-4fa4-a97d-d965ccfc6d4b" outcome="Passed" testListId="8c84fa94-04c1-424b-9868-57a2d4851a1d" relativeResultsDirectory="b524eb20-1f65-4807-9708-51d4fcb1c759" />
    <UnitTestResult executionId="8f8f3dc8-0f4b-4b90-9663-beb5318675be" testId="92b7b9f6-1294-7ea1-ffa3-91fba85074d4" testName="UnitTests.Services.ItemServiceTests.UpdateItem_NoName_Throws(name: &quot;  &quot;)" computerName="fv-az253-275" duration="00:00:00.0010000" startTime="2022-04-04T00:58:53.3909886+00:00" endTime="2022-04-04T00:58:53.3909886+00:00" testType="13cdc9d9-ddb5-4fa4-a97d-d965ccfc6d4b" outcome="Passed" testListId="8c84fa94-04c1-424b-9868-57a2d4851a1d" relativeResultsDirectory="8f8f3dc8-0f4b-4b90-9663-beb5318675be" />
    <UnitTestResult executionId="a8b8210e-341d-4714-b9a7-66004766c20c" testId="19223079-ea41-5691-855c-970af1a1e611" testName="UnitTests.Services.ItemServiceTests.GetItemsPage_GetsPages(page: 1, pageSize: 10, descending: False, expectedPages: 3, returnedPage: 1)" computerName="fv-az253-275" duration="00:00:00.0020000" startTime="2022-04-04T00:58:53.3489872+00:00" endTime="2022-04-04T00:58:53.3489872+00:00" testType="13cdc9d9-ddb5-4fa4-a97d-d965ccfc6d4b" outcome="Passed" testListId="8c84fa94-04c1-424b-9868-57a2d4851a1d" relativeResultsDirectory="a8b8210e-341d-4714-b9a7-66004766c20c" />
    <UnitTestResult executionId="2cb0d375-5c72-4b87-a378-feeb602d3aa6" testId="ad3412e8-5f64-2020-a5b6-bd4cca8c3b7d" testName="UnitTests.Data.Repositories.GenericRepositoryTests.GenericRepositoryGet" computerName="fv-az253-275" duration="00:00:00.0090000" startTime="2022-04-04T00:58:56.2867739+00:00" endTime="2022-04-04T00:58:56.2867739+00:00" testType="13cdc9d9-ddb5-4fa4-a97d-d965ccfc6d4b" outcome="Passed" testListId="8c84fa94-04c1-424b-9868-57a2d4851a1d" relativeResultsDirectory="2cb0d375-5c72-4b87-a378-feeb602d3aa6" />
    <UnitTestResult executionId="c20dab56-e4c6-4e76-91f2-6bc7f1352299" testId="e4f8faa7-d0ad-86e6-1579-7bd52372b4c3" testName="UnitTests.Data.Repositories.GenericRepositoryTests.GenericRepositoryConstructs" computerName="fv-az253-275" duration="00:00:00.0010000" startTime="2022-04-04T00:58:56.4537751+00:00" endTime="2022-04-04T00:58:56.4537751+00:00" testType="13cdc9d9-ddb5-4fa4-a97d-d965ccfc6d4b" outcome="Passed" testListId="8c84fa94-04c1-424b-9868-57a2d4851a1d" relativeResultsDirectory="c20dab56-e4c6-4e76-91f2-6bc7f1352299" />
    <UnitTestResult executionId="5803ca02-df60-4cf7-8c59-d3fdacacf8d6" testId="572fc310-4b67-9555-f147-153d39f2eb82" testName="UnitTests.Data.Entities.ItemTests.ItemConstructsProperly" computerName="fv-az253-275" duration="00:00:00.0010000" startTime="2022-04-04T00:58:53.3439885+00:00" endTime="2022-04-04T00:58:53.3439885+00:00" testType="13cdc9d9-ddb5-4fa4-a97d-d965ccfc6d4b" outcome="Passed" testListId="8c84fa94-04c1-424b-9868-57a2d4851a1d" relativeResultsDirectory="5803ca02-df60-4cf7-8c59-d3fdacacf8d6" />
    <UnitTestResult executionId="2a8229e3-9b0e-46a9-ab0a-39044d5a4808" testId="2695f427-ed7b-9f97-5696-f97a7702128c" testName="UnitTests.EntensionMethodTests.IQueryable_GetPage_PagesProperly(count: 20, page: 2, pageSize: 10, expedtedPages: 2, expectedItems: 10, firstId: 11, descending: False)" computerName="fv-az253-275" duration="00:00:03.2630000" startTime="2022-04-04T00:58:56.2937882+00:00" endTime="2022-04-04T00:58:56.2937882+00:00" testType="13cdc9d9-ddb5-4fa4-a97d-d965ccfc6d4b" outcome="Passed" testListId="8c84fa94-04c1-424b-9868-57a2d4851a1d" relativeResultsDirectory="2a8229e3-9b0e-46a9-ab0a-39044d5a4808" />
    <UnitTestResult executionId="701f4478-7f5f-43ca-bb14-be36d389f809" testId="130d9133-361f-a0da-f15e-423eb98947ac" testName="UnitTests.Services.ItemServiceTests.UpdateItem_Updates" computerName="fv-az253-275" duration="00:00:00.0290000" startTime="2022-04-04T00:58:53.4169852+00:00" endTime="2022-04-04T00:58:53.4169852+00:00" testType="13cdc9d9-ddb5-4fa4-a97d-d965ccfc6d4b" outcome="Passed" testListId="8c84fa94-04c1-424b-9868-57a2d4851a1d" relativeResultsDirectory="701f4478-7f5f-43ca-bb14-be36d389f809" />
    <UnitTestResult executionId="6e330505-1aff-49ac-8737-ce4ae6df086c" testId="e1c7f76f-6195-c844-23c0-304b47fbae66" testName="UnitTests.Data.Repositories.GenericRepositoryTests.Repository_Create_UsesUserId" computerName="fv-az253-275" duration="00:00:00.0080000" startTime="2022-04-04T00:58:56.2767716+00:00" endTime="2022-04-04T00:58:56.2767716+00:00" testType="13cdc9d9-ddb5-4fa4-a97d-d965ccfc6d4b" outcome="Passed" testListId="8c84fa94-04c1-424b-9868-57a2d4851a1d" relativeResultsDirectory="6e330505-1aff-49ac-8737-ce4ae6df086c" />
    <UnitTestResult executionId="ec73d20b-70bd-4984-98da-a588f452bb48" testId="a9198ad3-782e-a37c-0b5f-1330f5318f55" testName="UnitTests.Services.ItemServiceTests.CreateItem_Creates" computerName="fv-az253-275" duration="00:00:00.0070000" startTime="2022-04-04T00:58:53.4260063+00:00" endTime="2022-04-04T00:58:53.4260063+00:00" testType="13cdc9d9-ddb5-4fa4-a97d-d965ccfc6d4b" outcome="Passed" testListId="8c84fa94-04c1-424b-9868-57a2d4851a1d" relativeResultsDirectory="ec73d20b-70bd-4984-98da-a588f452bb48" />
    <UnitTestResult executionId="8c1fe160-7f41-4f0f-93ac-fe6e58b5bd05" testId="19b6234c-c2df-2304-54f9-54b0da4cd6ba" testName="UnitTests.Services.ItemServiceTests.CreateItem_NoNameThrows" computerName="fv-az253-275" duration="00:00:00.0010000" startTime="2022-04-04T00:58:53.3849974+00:00" endTime="2022-04-04T00:58:53.3849974+00:00" testType="13cdc9d9-ddb5-4fa4-a97d-d965ccfc6d4b" outcome="Passed" testListId="8c84fa94-04c1-424b-9868-57a2d4851a1d" relativeResultsDirectory="8c1fe160-7f41-4f0f-93ac-fe6e58b5bd05" />
    <UnitTestResult executionId="4014b70a-feb9-47fd-843b-3d89929e37c9" testId="168fc980-36e3-101b-62b1-f5ab71e9fc0d" testName="UnitTests.Controllers.LocalizationControllerTests.GetLocalization_CallsLocalizationService" computerName="fv-az253-275" duration="00:00:00.0120000" startTime="2022-04-04T00:58:54.3635780+00:00" endTime="2022-04-04T00:58:54.3635780+00:00" testType="13cdc9d9-ddb5-4fa4-a97d-d965ccfc6d4b" outcome="Passed" testListId="8c84fa94-04c1-424b-9868-57a2d4851a1d" relativeResultsDirectory="4014b70a-feb9-47fd-843b-3d89929e37c9" />
    <UnitTestResult executionId="0a35fde8-562c-4a9a-94ee-cafd09a41e94" testId="113f48ce-a6a3-c5df-7589-ba5a5fcb9c59" testName="UnitTests.Controllers.ModuleExceptionFilterAttributeTests.NoException_DoesNothing" computerName="fv-az253-275" duration="00:00:00.0010000" startTime="2022-04-04T00:58:53.7609936+00:00" endTime="2022-04-04T00:58:53.7609936+00:00" testType="13cdc9d9-ddb5-4fa4-a97d-d965ccfc6d4b" outcome="Passed" testListId="8c84fa94-04c1-424b-9868-57a2d4851a1d" relativeResultsDirectory="0a35fde8-562c-4a9a-94ee-cafd09a41e94" />
    <UnitTestResult executionId="aa3362fa-2561-480f-a9d3-3870d88c3b21" testId="f5652070-1b22-f5a7-3f3f-68b37c9184a8" testName="UnitTests.Services.ItemServiceTests.CreateItem_NoItemThrows" computerName="fv-az253-275" duration="00:00:00.0010000" startTime="2022-04-04T00:58:53.4179893+00:00" endTime="2022-04-04T00:58:53.4179893+00:00" testType="13cdc9d9-ddb5-4fa4-a97d-d965ccfc6d4b" outcome="Passed" testListId="8c84fa94-04c1-424b-9868-57a2d4851a1d" relativeResultsDirectory="aa3362fa-2561-480f-a9d3-3870d88c3b21" />
    <UnitTestResult executionId="63987220-bd9a-401b-9667-3688f5e1ba4f" testId="ac2a99ba-3563-74a9-7d4c-8e91a58cd097" testName="UnitTests.Data.ModuleDbContextTests.DefaultConstructorThrows" computerName="fv-az253-275" duration="00:00:00.0030000" startTime="2022-04-04T00:58:56.5177788+00:00" endTime="2022-04-04T00:58:56.5177788+00:00" testType="13cdc9d9-ddb5-4fa4-a97d-d965ccfc6d4b" outcome="Passed" testListId="8c84fa94-04c1-424b-9868-57a2d4851a1d" relativeResultsDirectory="63987220-bd9a-401b-9667-3688f5e1ba4f" />
    <UnitTestResult executionId="b13ae054-9524-4eb7-8ae7-f400ea223592" testId="3cbfa5d3-e0f6-eff8-ed5c-556fa1f3e131" testName="UnitTests.Services.ItemServiceTests.UpdateItem_NoName_Throws(name: &quot;&quot;)" computerName="fv-az253-275" duration="00:00:00.0010000" startTime="2022-04-04T00:58:53.3919921+00:00" endTime="2022-04-04T00:58:53.3919921+00:00" testType="13cdc9d9-ddb5-4fa4-a97d-d965ccfc6d4b" outcome="Passed" testListId="8c84fa94-04c1-424b-9868-57a2d4851a1d" relativeResultsDirectory="b13ae054-9524-4eb7-8ae7-f400ea223592" />
    <UnitTestResult executionId="662aaab8-a7c5-47f5-a8cb-99740ea69366" testId="b76e01b1-6afe-f33b-c6a9-ea3347176509" testName="UnitTests.Services.ItemServiceTests.UpdateItem_NoName_Throws(name: null)" computerName="fv-az253-275" duration="00:00:00.0010000" startTime="2022-04-04T00:58:53.3869872+00:00" endTime="2022-04-04T00:58:53.3869872+00:00" testType="13cdc9d9-ddb5-4fa4-a97d-d965ccfc6d4b" outcome="Passed" testListId="8c84fa94-04c1-424b-9868-57a2d4851a1d" relativeResultsDirectory="662aaab8-a7c5-47f5-a8cb-99740ea69366" />
    <UnitTestResult executionId="65686e82-eebe-41c2-97d0-72f57d89aba0" testId="36689490-09d4-917f-648a-70dcfcfede10" testName="UnitTests.Data.Repositories.GenericRepositoryTests.GenericRepositoryCreate_ThrowsWithNullEntity" computerName="fv-az253-275" duration="00:00:00.0010000" startTime="2022-04-04T00:58:56.2887743+00:00" endTime="2022-04-04T00:58:56.2887743+00:00" testType="13cdc9d9-ddb5-4fa4-a97d-d965ccfc6d4b" outcome="Passed" testListId="8c84fa94-04c1-424b-9868-57a2d4851a1d" relativeResultsDirectory="65686e82-eebe-41c2-97d0-72f57d89aba0" />
    <UnitTestResult executionId="c716a565-afab-4d8f-9aff-49d744164716" testId="6f0b47a1-9d18-a5d8-8dd1-c8f266712c15" testName="UnitTests.EntensionMethodTests.IQueryable_IsOrdered_Works(ordered: True, descending: True, lastOrder: False)" computerName="fv-az253-275" duration="00:00:00.0080000" startTime="2022-04-04T00:58:56.5187753+00:00" endTime="2022-04-04T00:58:56.5187753+00:00" testType="13cdc9d9-ddb5-4fa4-a97d-d965ccfc6d4b" outcome="Passed" testListId="8c84fa94-04c1-424b-9868-57a2d4851a1d" relativeResultsDirectory="c716a565-afab-4d8f-9aff-49d744164716" />
    <UnitTestResult executionId="a4c5facf-781d-4c13-955b-0690d0b8d499" testId="a21637b0-54f8-4fa0-bc3b-95481a9fd90b" testName="UnitTests.Controllers.ModuleExceptionFilterAttributeTests.ArgumentException_BadRequest(exception: System.TimeoutException: Timed out, expectedStatusCode: RequestTimeout)" computerName="fv-az253-275" duration="00:00:00.0010000" startTime="2022-04-04T00:58:53.7449918+00:00" endTime="2022-04-04T00:58:53.7449918+00:00" testType="13cdc9d9-ddb5-4fa4-a97d-d965ccfc6d4b" outcome="Passed" testListId="8c84fa94-04c1-424b-9868-57a2d4851a1d" relativeResultsDirectory="a4c5facf-781d-4c13-955b-0690d0b8d499" />
    <UnitTestResult executionId="d730bfc0-dc23-4a9a-bac5-42a9133a3f8c" testId="e6610648-e456-1c64-d2b1-7e1242b871a8" testName="UnitTests.Services.ItemServiceTests.DeleteItem_Deletes" computerName="fv-az253-275" duration="00:00:00.0010000" startTime="2022-04-04T00:58:53.4200060+00:00" endTime="2022-04-04T00:58:53.4200060+00:00" testType="13cdc9d9-ddb5-4fa4-a97d-d965ccfc6d4b" outcome="Passed" testListId="8c84fa94-04c1-424b-9868-57a2d4851a1d" relativeResultsDirectory="d730bfc0-dc23-4a9a-bac5-42a9133a3f8c" />
    <UnitTestResult executionId="b9f175a7-8091-4ac7-bef4-e758d30c7f38" testId="4fe0dd0f-2fa0-9c42-e816-a6df28150b72" testName="UnitTests.Data.Repositories.GenericRepositoryTests.GenericRepositoryGetsAll(iterations: 0)" computerName="fv-az253-275" duration="00:00:00.0080000" startTime="2022-04-04T00:58:56.3867740+00:00" endTime="2022-04-04T00:58:56.3867740+00:00" testType="13cdc9d9-ddb5-4fa4-a97d-d965ccfc6d4b" outcome="Passed" testListId="8c84fa94-04c1-424b-9868-57a2d4851a1d" relativeResultsDirectory="b9f175a7-8091-4ac7-bef4-e758d30c7f38" />
    <UnitTestResult executionId="33e2b6a2-7caa-461e-b17f-b78383057043" testId="73fc5149-51d6-8241-9c9f-f48c28e448e3" testName="UnitTests.EntensionMethodTests.IQueryable_IsOrdered_ThrowsWithNull" computerName="fv-az253-275" duration="00:00:00.0010000" startTime="2022-04-04T00:58:56.5697761+00:00" endTime="2022-04-04T00:58:56.5697761+00:00" testType="13cdc9d9-ddb5-4fa4-a97d-d965ccfc6d4b" outcome="Passed" testListId="8c84fa94-04c1-424b-9868-57a2d4851a1d" relativeResultsDirectory="33e2b6a2-7caa-461e-b17f-b78383057043" />
    <UnitTestResult executionId="55d6ff3c-02eb-40b5-b467-7297e2c87f65" testId="a21637b0-54f8-4fa0-bc3b-95481a9fd90b" testName="UnitTests.Controllers.ModuleExceptionFilterAttributeTests.ArgumentException_BadRequest(exception: System.ArgumentOutOfRangeException: Specified argument was out of the range of valid values.&#xD;&#xA;Parameter name: Out of range, expectedStatusCode: BadRequest)" computerName="fv-az253-275" duration="00:00:00.0010000" startTime="2022-04-04T00:58:53.7429919+00:00" endTime="2022-04-04T00:58:53.7429919+00:00" testType="13cdc9d9-ddb5-4fa4-a97d-d965ccfc6d4b" outcome="Passed" testListId="8c84fa94-04c1-424b-9868-57a2d4851a1d" relativeResultsDirectory="55d6ff3c-02eb-40b5-b467-7297e2c87f65" />
    <UnitTestResult executionId="0420c00a-0c69-4567-afeb-16b8f93e716e" testId="588a2c1b-7788-beb2-ade0-06788d455d25" testName="UnitTests.Controllers.ItemControllerTests.CreateItem_Creates" computerName="fv-az253-275" duration="00:00:00.0030000" startTime="2022-04-04T00:58:53.7839933+00:00" endTime="2022-04-04T00:58:53.7839933+00:00" testType="13cdc9d9-ddb5-4fa4-a97d-d965ccfc6d4b" outcome="Passed" testListId="8c84fa94-04c1-424b-9868-57a2d4851a1d" relativeResultsDirectory="0420c00a-0c69-4567-afeb-16b8f93e716e" />
    <UnitTestResult executionId="c7603af6-2ebd-412e-96df-10b29a31c725" testId="ae39aa62-5ff2-56e7-d00e-ef116d711d51" testName="UnitTests.Data.Repositories.GenericRepositoryTests.Repository_Create_DefaultAudit" computerName="fv-az253-275" duration="00:00:00.0120000" startTime="2022-04-04T00:58:56.4587741+00:00" endTime="2022-04-04T00:58:56.4587741+00:00" testType="13cdc9d9-ddb5-4fa4-a97d-d965ccfc6d4b" outcome="Passed" testListId="8c84fa94-04c1-424b-9868-57a2d4851a1d" relativeResultsDirectory="c7603af6-2ebd-412e-96df-10b29a31c725" />
    <UnitTestResult executionId="32610ca0-1800-4689-ba3e-bea9bc8ad47e" testId="986d7e6e-d04d-b204-b01c-fbb8f09c7774" testName="UnitTests.Controllers.ServiceRouteMapperTests.RegisterRoutes_RegistersAtLestOneRoute" computerName="fv-az253-275" duration="00:00:00.0350000" startTime="2022-04-04T00:58:53.6899930+00:00" endTime="2022-04-04T00:58:53.6899930+00:00" testType="13cdc9d9-ddb5-4fa4-a97d-d965ccfc6d4b" outcome="Passed" testListId="8c84fa94-04c1-424b-9868-57a2d4851a1d" relativeResultsDirectory="32610ca0-1800-4689-ba3e-bea9bc8ad47e" />
    <UnitTestResult executionId="f90dfea4-650b-4ec9-ac45-2995af129080" testId="9168bdef-a759-f4d6-b890-b643e17324cf" testName="UnitTests.Services.LoggingServiceTests.LogginService_TestableConstructorLogsErrorWithException" computerName="fv-az253-275" duration="00:00:00.0020000" startTime="2022-04-04T00:58:53.6629926+00:00" endTime="2022-04-04T00:58:53.6629926+00:00" testType="13cdc9d9-ddb5-4fa4-a97d-d965ccfc6d4b" outcome="Passed" testListId="8c84fa94-04c1-424b-9868-57a2d4851a1d" relativeResultsDirectory="f90dfea4-650b-4ec9-ac45-2995af129080" />
    <UnitTestResult executionId="a946dec7-16f5-4a94-a427-8c233053be8e" testId="d1c63cb7-1f9a-a8bf-a217-a4cbb4e5f73b" testName="UnitTests.Common.GlobalsTests.ModulePrefixIsValid" computerName="fv-az253-275" duration="00:00:00.0010000" startTime="2022-04-04T00:58:54.3655780+00:00" endTime="2022-04-04T00:58:54.3655780+00:00" testType="13cdc9d9-ddb5-4fa4-a97d-d965ccfc6d4b" outcome="Passed" testListId="8c84fa94-04c1-424b-9868-57a2d4851a1d" relativeResultsDirectory="a946dec7-16f5-4a94-a427-8c233053be8e" />
    <UnitTestResult executionId="2be78f94-32bf-47cc-92d1-5a623610fb9a" testId="0bc54975-0bff-692e-a9b3-fc69f2c95a39" testName="UnitTests.Data.Repositories.GenericRepositoryTests.GenericRepositoryDeletes" computerName="fv-az253-275" duration="00:00:01.9040000" startTime="2022-04-04T00:58:56.2687732+00:00" endTime="2022-04-04T00:58:56.2687732+00:00" testType="13cdc9d9-ddb5-4fa4-a97d-d965ccfc6d4b" outcome="Passed" testListId="8c84fa94-04c1-424b-9868-57a2d4851a1d" relativeResultsDirectory="2be78f94-32bf-47cc-92d1-5a623610fb9a" />
    <UnitTestResult executionId="86ba9278-649d-4712-bd8e-c2fa0f959129" testId="aec60494-3c2e-8ec9-f948-da5bb2043983" testName="UnitTests.Controllers.ItemControllerTests.UserCanEdit_ReturnsBool(canEdit: True)" computerName="fv-az253-275" duration="00:00:00.0010000" startTime="2022-04-04T00:58:53.7809919+00:00" endTime="2022-04-04T00:58:53.7809919+00:00" testType="13cdc9d9-ddb5-4fa4-a97d-d965ccfc6d4b" outcome="Passed" testListId="8c84fa94-04c1-424b-9868-57a2d4851a1d" relativeResultsDirectory="86ba9278-649d-4712-bd8e-c2fa0f959129" />
    <UnitTestResult executionId="6ff8fe6b-4c0a-4687-b412-f61362de4c29" testId="44b00d3a-bad7-aefd-141c-4a35b11463b2" testName="UnitTests.Data.Repositories.GenericRepositoryTests.Repository_Update_DefaultAudit" computerName="fv-az253-275" duration="00:00:00.0090000" startTime="2022-04-04T00:58:56.4547748+00:00" endTime="2022-04-04T00:58:56.4547748+00:00" testType="13cdc9d9-ddb5-4fa4-a97d-d965ccfc6d4b" outcome="Passed" testListId="8c84fa94-04c1-424b-9868-57a2d4851a1d" relativeResultsDirectory="6ff8fe6b-4c0a-4687-b412-f61362de4c29" />
    <UnitTestResult executionId="7c061fd5-715c-41ad-8a1b-3f5dc5c5f2bb" testId="f754f777-4449-23e8-f4ec-917f49117de2" testName="UnitTests.Data.Repositories.GenericRepositoryTests.Repository_DeleteMissing_DoesNotThrow" computerName="fv-az253-275" duration="00:00:00.0090000" startTime="2022-04-04T00:58:56.4507745+00:00" endTime="2022-04-04T00:58:56.4507745+00:00" testType="13cdc9d9-ddb5-4fa4-a97d-d965ccfc6d4b" outcome="Passed" testListId="8c84fa94-04c1-424b-9868-57a2d4851a1d" relativeResultsDirectory="7c061fd5-715c-41ad-8a1b-3f5dc5c5f2bb" />
    <UnitTestResult executionId="4b3bfc17-8fdb-4108-a1b9-d34e8ec7ff66" testId="b72028ed-e29e-ac6a-9e2e-bf700facee4e" testName="UnitTests.EntensionMethodTests.IQueryable_IsOrdered_Works(ordered: True, descending: False, lastOrder: False)" computerName="fv-az253-275" duration="00:00:00.0080000" startTime="2022-04-04T00:58:56.5487756+00:00" endTime="2022-04-04T00:58:56.5487756+00:00" testType="13cdc9d9-ddb5-4fa4-a97d-d965ccfc6d4b" outcome="Passed" testListId="8c84fa94-04c1-424b-9868-57a2d4851a1d" relativeResultsDirectory="4b3bfc17-8fdb-4108-a1b9-d34e8ec7ff66" />
    <UnitTestResult executionId="64d90f72-1c5c-4c8d-b7fd-86ed905e7552" testId="a21637b0-54f8-4fa0-bc3b-95481a9fd90b" testName="UnitTests.Controllers.ModuleExceptionFilterAttributeTests.ArgumentException_BadRequest(exception: System.ArgumentException: Argument, expectedStatusCode: BadRequest)" computerName="fv-az253-275" duration="00:00:00.0010000" startTime="2022-04-04T00:58:53.7429919+00:00" endTime="2022-04-04T00:58:53.7429919+00:00" testType="13cdc9d9-ddb5-4fa4-a97d-d965ccfc6d4b" outcome="Passed" testListId="8c84fa94-04c1-424b-9868-57a2d4851a1d" relativeResultsDirectory="64d90f72-1c5c-4c8d-b7fd-86ed905e7552" />
    <UnitTestResult executionId="1ac402ce-d155-4b52-ae37-1a7897656cdf" testId="1017c6c1-9dd0-57dc-36e7-bb573d02562e" testName="UnitTests.Controllers.ItemControllerTests.GetItemsPage_GetsProperPages" computerName="fv-az253-275" duration="00:00:00.0050000" startTime="2022-04-04T00:58:53.7889933+00:00" endTime="2022-04-04T00:58:53.7889933+00:00" testType="13cdc9d9-ddb5-4fa4-a97d-d965ccfc6d4b" outcome="Passed" testListId="8c84fa94-04c1-424b-9868-57a2d4851a1d" relativeResultsDirectory="1ac402ce-d155-4b52-ae37-1a7897656cdf" />
    <UnitTestResult executionId="9f03bdf1-2d67-4c50-8698-2bd6201381ba" testId="95a0a379-a9bd-3d99-f720-e626260de7f6" testName="UnitTests.EntensionMethodTests.IQueryable_GetPage_PagesProperly(count: 101, page: 1, pageSize: 50, expedtedPages: 3, expectedItems: 50, firstId: 1, descending: False)" computerName="fv-az253-275" duration="00:00:00.0810000" startTime="2022-04-04T00:58:56.3887732+00:00" endTime="2022-04-04T00:58:56.3887732+00:00" testType="13cdc9d9-ddb5-4fa4-a97d-d965ccfc6d4b" outcome="Passed" testListId="8c84fa94-04c1-424b-9868-57a2d4851a1d" relativeResultsDirectory="9f03bdf1-2d67-4c50-8698-2bd6201381ba" />
    <UnitTestResult executionId="c399be1a-512e-4ff7-a6bf-49a5f4c3fb91" testId="0f141a30-05bd-f4ed-a627-d40adca6b3ca" testName="UnitTests.Services.ItemServiceTests.GetItemsPage_GetsPages(page: 4, pageSize: 10, descending: False, expectedPages: 3, returnedPage: 3)" computerName="fv-az253-275" duration="00:00:00.0240000" startTime="2022-04-04T00:58:53.3509873+00:00" endTime="2022-04-04T00:58:53.3509873+00:00" testType="13cdc9d9-ddb5-4fa4-a97d-d965ccfc6d4b" outcome="Passed" testListId="8c84fa94-04c1-424b-9868-57a2d4851a1d" relativeResultsDirectory="c399be1a-512e-4ff7-a6bf-49a5f4c3fb91" />
  </Results>
  <TestDefinitions>
    <UnitTest name="UnitTests.Controllers.ItemControllerTests.DeleteItem_Deletes(itemId: 1)" storage="d:\a\dnn.uservoice\dnn.uservoice\unittests\bin\unittests.dll" id="478b61ee-7d85-9dbe-985d-08c590f8666a">
      <Execution id="41fc7b28-0d6b-494c-b927-65708bacf3da" />
      <TestMethod codeBase="D:\a\DNN.UserVoice\DNN.UserVoice\UnitTests\bin\UnitTests.dll" adapterTypeName="executor://xunit/VsTestRunner2/net" className="UnitTests.Controllers.ItemControllerTests" name="DeleteItem_Deletes" />
    </UnitTest>
    <UnitTest name="UnitTests.EntensionMethodTests.IQueryable_IsOrdered_Works(ordered: True, descending: True, lastOrder: False)" storage="d:\a\dnn.uservoice\dnn.uservoice\unittests\bin\unittests.dll" id="6f0b47a1-9d18-a5d8-8dd1-c8f266712c15">
      <Execution id="c716a565-afab-4d8f-9aff-49d744164716" />
      <TestMethod codeBase="D:\a\DNN.UserVoice\DNN.UserVoice\UnitTests\bin\UnitTests.dll" adapterTypeName="executor://xunit/VsTestRunner2/net" className="UnitTests.EntensionMethodTests" name="IQueryable_IsOrdered_Works" />
    </UnitTest>
    <UnitTest name="UnitTests.Controllers.ItemControllerTests.UserCanEdit_ReturnsBool(canEdit: False)" storage="d:\a\dnn.uservoice\dnn.uservoice\unittests\bin\unittests.dll" id="0247c7e7-7d1c-099b-2ac8-81a47ff2509a">
      <Execution id="ed746d8d-4566-4268-9086-1cdeeef87914" />
      <TestMethod codeBase="D:\a\DNN.UserVoice\DNN.UserVoice\UnitTests\bin\UnitTests.dll" adapterTypeName="executor://xunit/VsTestRunner2/net" className="UnitTests.Controllers.ItemControllerTests" name="UserCanEdit_ReturnsBool" />
    </UnitTest>
    <UnitTest name="UnitTests.EntensionMethodTests.IQueryable_GetPage_PagesProperly(count: 21, page: 1, pageSize: 10, expedtedPages: 3, expectedItems: 10, firstId: 21, descending: True)" storage="d:\a\dnn.uservoice\dnn.uservoice\unittests\bin\unittests.dll" id="7e661283-b2b2-d632-266b-6af1f3374c08">
      <Execution id="ad29ced8-df3a-4d4e-9498-c827f53f12c8" />
      <TestMethod codeBase="D:\a\DNN.UserVoice\DNN.UserVoice\UnitTests\bin\UnitTests.dll" adapterTypeName="executor://xunit/VsTestRunner2/net" className="UnitTests.EntensionMethodTests" name="IQueryable_GetPage_PagesProperly" />
    </UnitTest>
    <UnitTest name="UnitTests.Data.ModuleDbContextTests.DefaultConstructorThrows" storage="d:\a\dnn.uservoice\dnn.uservoice\unittests\bin\unittests.dll" id="ac2a99ba-3563-74a9-7d4c-8e91a58cd097">
      <Execution id="63987220-bd9a-401b-9667-3688f5e1ba4f" />
      <TestMethod codeBase="D:\a\DNN.UserVoice\DNN.UserVoice\UnitTests\bin\UnitTests.dll" adapterTypeName="executor://xunit/VsTestRunner2/net" className="UnitTests.Data.ModuleDbContextTests" name="DefaultConstructorThrows" />
    </UnitTest>
    <UnitTest name="UnitTests.Controllers.LocalizationControllerTests.GetLocalization_CallsLocalizationService" storage="d:\a\dnn.uservoice\dnn.uservoice\unittests\bin\unittests.dll" id="168fc980-36e3-101b-62b1-f5ab71e9fc0d">
      <Execution id="4014b70a-feb9-47fd-843b-3d89929e37c9" />
      <TestMethod codeBase="D:\a\DNN.UserVoice\DNN.UserVoice\UnitTests\bin\UnitTests.dll" adapterTypeName="executor://xunit/VsTestRunner2/net" className="UnitTests.Controllers.LocalizationControllerTests" name="GetLocalization_CallsLocalizationService" />
    </UnitTest>
    <UnitTest name="UnitTests.Controllers.ModuleApiControllerTests.CanEdit_DefaultsToFalse" storage="d:\a\dnn.uservoice\dnn.uservoice\unittests\bin\unittests.dll" id="320e3c11-11d1-b3ef-0d2e-5e474f674ff1">
      <Execution id="5495fb5c-fb51-4ce8-b6e9-1a520c53f89c" />
      <TestMethod codeBase="D:\a\DNN.UserVoice\DNN.UserVoice\UnitTests\bin\UnitTests.dll" adapterTypeName="executor://xunit/VsTestRunner2/net" className="UnitTests.Controllers.ModuleApiControllerTests" name="CanEdit_DefaultsToFalse" />
    </UnitTest>
    <UnitTest name="UnitTests.Data.Repositories.GenericRepositoryTests.GenericRepositoryCreatesAndGetsById" storage="d:\a\dnn.uservoice\dnn.uservoice\unittests\bin\unittests.dll" id="e6e0a140-85e7-6935-6160-ab95ecfd3c8a">
      <Execution id="31e85240-9b04-42a7-a56b-76150e3f48b9" />
      <TestMethod codeBase="D:\a\DNN.UserVoice\DNN.UserVoice\UnitTests\bin\UnitTests.dll" adapterTypeName="executor://xunit/VsTestRunner2/net" className="UnitTests.Data.Repositories.GenericRepositoryTests" name="GenericRepositoryCreatesAndGetsById" />
    </UnitTest>
    <UnitTest name="UnitTests.Services.ItemServiceTests.GetItemsPage_GetsPages(page: 4, pageSize: 10, descending: False, expectedPages: 3, returnedPage: 3)" storage="d:\a\dnn.uservoice\dnn.uservoice\unittests\bin\unittests.dll" id="0f141a30-05bd-f4ed-a627-d40adca6b3ca">
      <Execution id="c399be1a-512e-4ff7-a6bf-49a5f4c3fb91" />
      <TestMethod codeBase="D:\a\DNN.UserVoice\DNN.UserVoice\UnitTests\bin\UnitTests.dll" adapterTypeName="executor://xunit/VsTestRunner2/net" className="UnitTests.Services.ItemServiceTests" name="GetItemsPage_GetsPages" />
    </UnitTest>
    <UnitTest name="UnitTests.Services.ItemServiceTests.UpdateItem_NoName_Throws(name: &quot; &quot;)" storage="d:\a\dnn.uservoice\dnn.uservoice\unittests\bin\unittests.dll" id="1c164fbc-1ab1-9884-ccb8-9e84f4c977d0">
      <Execution id="f7bcd4a1-b894-492c-b616-7d3715c5311e" />
      <TestMethod codeBase="D:\a\DNN.UserVoice\DNN.UserVoice\UnitTests\bin\UnitTests.dll" adapterTypeName="executor://xunit/VsTestRunner2/net" className="UnitTests.Services.ItemServiceTests" name="UpdateItem_NoName_Throws" />
    </UnitTest>
    <UnitTest name="UnitTests.EntensionMethodTests.IQueryable_IsOrdered_Works(ordered: False, descending: False, lastOrder: False)" storage="d:\a\dnn.uservoice\dnn.uservoice\unittests\bin\unittests.dll" id="2aef35a8-73ad-0c03-c8a4-2b5a1d37af8f">
      <Execution id="bb47f96a-18bd-4de5-8034-6d301f6a7186" />
      <TestMethod codeBase="D:\a\DNN.UserVoice\DNN.UserVoice\UnitTests\bin\UnitTests.dll" adapterTypeName="executor://xunit/VsTestRunner2/net" className="UnitTests.EntensionMethodTests" name="IQueryable_IsOrdered_Works" />
    </UnitTest>
    <UnitTest name="UnitTests.EntensionMethodTests.IQueryable_GetPage_PagesProperly(count: 101, page: 1, pageSize: 50, expedtedPages: 3, expectedItems: 50, firstId: 1, descending: False)" storage="d:\a\dnn.uservoice\dnn.uservoice\unittests\bin\unittests.dll" id="95a0a379-a9bd-3d99-f720-e626260de7f6">
      <Execution id="9f03bdf1-2d67-4c50-8698-2bd6201381ba" />
      <TestMethod codeBase="D:\a\DNN.UserVoice\DNN.UserVoice\UnitTests\bin\UnitTests.dll" adapterTypeName="executor://xunit/VsTestRunner2/net" className="UnitTests.EntensionMethodTests" name="IQueryable_GetPage_PagesProperly" />
    </UnitTest>
    <UnitTest name="UnitTests.EntensionMethodTests.IQueryable_GetPage_PagesProperly(count: 0, page: -1, pageSize: -1, expedtedPages: 0, expectedItems: 0, firstId: null, descending: False)" storage="d:\a\dnn.uservoice\dnn.uservoice\unittests\bin\unittests.dll" id="4bb697d7-9cb3-28c5-7c49-3e60c8ee823d">
      <Execution id="aa026df4-2e9f-4eb3-874e-3dfdab6f534d" />
      <TestMethod codeBase="D:\a\DNN.UserVoice\DNN.UserVoice\UnitTests\bin\UnitTests.dll" adapterTypeName="executor://xunit/VsTestRunner2/net" className="UnitTests.EntensionMethodTests" name="IQueryable_GetPage_PagesProperly" />
    </UnitTest>
    <UnitTest name="UnitTests.Data.Repositories.GenericRepositoryTests.Repository_Update_UsesuserId" storage="d:\a\dnn.uservoice\dnn.uservoice\unittests\bin\unittests.dll" id="0ebf358f-9eac-9438-b418-9c6aa81a6377">
      <Execution id="deae2572-5aa5-49c3-bbc6-d82da2f16985" />
      <TestMethod codeBase="D:\a\DNN.UserVoice\DNN.UserVoice\UnitTests\bin\UnitTests.dll" adapterTypeName="executor://xunit/VsTestRunner2/net" className="UnitTests.Data.Repositories.GenericRepositoryTests" name="Repository_Update_UsesuserId" />
    </UnitTest>
    <UnitTest name="UnitTests.Services.ItemServiceTests.CreateItem_Creates" storage="d:\a\dnn.uservoice\dnn.uservoice\unittests\bin\unittests.dll" id="a9198ad3-782e-a37c-0b5f-1330f5318f55">
      <Execution id="ec73d20b-70bd-4984-98da-a588f452bb48" />
      <TestMethod codeBase="D:\a\DNN.UserVoice\DNN.UserVoice\UnitTests\bin\UnitTests.dll" adapterTypeName="executor://xunit/VsTestRunner2/net" className="UnitTests.Services.ItemServiceTests" name="CreateItem_Creates" />
    </UnitTest>
    <UnitTest name="UnitTests.Controllers.ValidateModelAttributeTests.OnActionExecuting_Invalid_Works" storage="d:\a\dnn.uservoice\dnn.uservoice\unittests\bin\unittests.dll" id="61a8ccc9-c5b1-047b-3c97-f777ccc7d30b">
      <Execution id="df7239c7-32fd-464c-b46d-ec2a2793cbf2" />
      <TestMethod codeBase="D:\a\DNN.UserVoice\DNN.UserVoice\UnitTests\bin\UnitTests.dll" adapterTypeName="executor://xunit/VsTestRunner2/net" className="UnitTests.Controllers.ValidateModelAttributeTests" name="OnActionExecuting_Invalid_Works" />
    </UnitTest>
    <UnitTest name="UnitTests.EntensionMethodTests.IQueryable_IsOrdered_Works(ordered: False, descending: True, lastOrder: False)" storage="d:\a\dnn.uservoice\dnn.uservoice\unittests\bin\unittests.dll" id="b80893de-3e2d-6029-ec19-65c03fd119c3">
      <Execution id="760a8f02-29ac-4daf-b6f0-c78b1a1e946d" />
      <TestMethod codeBase="D:\a\DNN.UserVoice\DNN.UserVoice\UnitTests\bin\UnitTests.dll" adapterTypeName="executor://xunit/VsTestRunner2/net" className="UnitTests.EntensionMethodTests" name="IQueryable_IsOrdered_Works" />
    </UnitTest>
    <UnitTest name="UnitTests.Services.ItemServiceTests.GetItemsPage_GetsPages(page: 1, pageSize: 20, descending: False, expectedPages: 2, returnedPage: 1)" storage="d:\a\dnn.uservoice\dnn.uservoice\unittests\bin\unittests.dll" id="1b051fa0-d4cc-1b32-80bb-d56b714e3066">
      <Execution id="fa034cd5-430d-4e16-9eec-e59a2cb18686" />
      <TestMethod codeBase="D:\a\DNN.UserVoice\DNN.UserVoice\UnitTests\bin\UnitTests.dll" adapterTypeName="executor://xunit/VsTestRunner2/net" className="UnitTests.Services.ItemServiceTests" name="GetItemsPage_GetsPages" />
    </UnitTest>
    <UnitTest name="UnitTests.Data.Repositories.GenericRepositoryTests.GenericRepositoryGet" storage="d:\a\dnn.uservoice\dnn.uservoice\unittests\bin\unittests.dll" id="ad3412e8-5f64-2020-a5b6-bd4cca8c3b7d">
      <Execution id="2cb0d375-5c72-4b87-a378-feeb602d3aa6" />
      <TestMethod codeBase="D:\a\DNN.UserVoice\DNN.UserVoice\UnitTests\bin\UnitTests.dll" adapterTypeName="executor://xunit/VsTestRunner2/net" className="UnitTests.Data.Repositories.GenericRepositoryTests" name="GenericRepositoryGet" />
    </UnitTest>
    <UnitTest name="UnitTests.Data.Repositories.GenericRepositoryTests.GenericRepositoryUpdate_ThrowsWithNullEntity" storage="d:\a\dnn.uservoice\dnn.uservoice\unittests\bin\unittests.dll" id="24cfa8b0-48c3-8aab-e4c2-88694c220e2c">
      <Execution id="b12fd54f-6eaa-4fbd-9c3d-9645c87b93f0" />
      <TestMethod codeBase="D:\a\DNN.UserVoice\DNN.UserVoice\UnitTests\bin\UnitTests.dll" adapterTypeName="executor://xunit/VsTestRunner2/net" className="UnitTests.Data.Repositories.GenericRepositoryTests" name="GenericRepositoryUpdate_ThrowsWithNullEntity" />
    </UnitTest>
    <UnitTest name="UnitTests.Services.LoggingServiceTests.LogginService_TestableConstructorLogsError" storage="d:\a\dnn.uservoice\dnn.uservoice\unittests\bin\unittests.dll" id="ac1c50bc-98fd-036f-fe0f-d46cb187f90e">
      <Execution id="d11df1e3-ee38-4909-bc3f-0effaf43dc2c" />
      <TestMethod codeBase="D:\a\DNN.UserVoice\DNN.UserVoice\UnitTests\bin\UnitTests.dll" adapterTypeName="executor://xunit/VsTestRunner2/net" className="UnitTests.Services.LoggingServiceTests" name="LogginService_TestableConstructorLogsError" />
    </UnitTest>
    <UnitTest name="UnitTests.Data.Repositories.GenericRepositoryTests.GenericRepositoryGetsAll(iterations: 3)" storage="d:\a\dnn.uservoice\dnn.uservoice\unittests\bin\unittests.dll" id="d15ea2a7-9f9f-b92b-50fa-470898da705d">
      <Execution id="1c5ccc6a-1d4a-4316-953b-23959802ee76" />
      <TestMethod codeBase="D:\a\DNN.UserVoice\DNN.UserVoice\UnitTests\bin\UnitTests.dll" adapterTypeName="executor://xunit/VsTestRunner2/net" className="UnitTests.Data.Repositories.GenericRepositoryTests" name="GenericRepositoryGetsAll" />
    </UnitTest>
    <UnitTest name="UnitTests.Common.GlobalsTests.ModulePrefixIsValid" storage="d:\a\dnn.uservoice\dnn.uservoice\unittests\bin\unittests.dll" id="d1c63cb7-1f9a-a8bf-a217-a4cbb4e5f73b">
      <Execution id="a946dec7-16f5-4a94-a427-8c233053be8e" />
      <TestMethod codeBase="D:\a\DNN.UserVoice\DNN.UserVoice\UnitTests\bin\UnitTests.dll" adapterTypeName="executor://xunit/VsTestRunner2/net" className="UnitTests.Common.GlobalsTests" name="ModulePrefixIsValid" />
    </UnitTest>
    <UnitTest name="UnitTests.Data.Entities.ItemTests.ItemPropertiesPersist(id: 2, name: &quot;Name2&quot;, description: &quot;Description2&quot;)" storage="d:\a\dnn.uservoice\dnn.uservoice\unittests\bin\unittests.dll" id="96a18501-dea4-70b1-d572-baa1bb120da2">
      <Execution id="d1ad9dc9-e27e-4593-9fbb-0a490823bea9" />
      <TestMethod codeBase="D:\a\DNN.UserVoice\DNN.UserVoice\UnitTests\bin\UnitTests.dll" adapterTypeName="executor://xunit/VsTestRunner2/net" className="UnitTests.Data.Entities.ItemTests" name="ItemPropertiesPersist" />
    </UnitTest>
    <UnitTest name="UnitTests.Controllers.ServiceRouteMapperTests.RegisterRoutes_RegistersAtLestOneRoute" storage="d:\a\dnn.uservoice\dnn.uservoice\unittests\bin\unittests.dll" id="986d7e6e-d04d-b204-b01c-fbb8f09c7774">
      <Execution id="32610ca0-1800-4689-ba3e-bea9bc8ad47e" />
      <TestMethod codeBase="D:\a\DNN.UserVoice\DNN.UserVoice\UnitTests\bin\UnitTests.dll" adapterTypeName="executor://xunit/VsTestRunner2/net" className="UnitTests.Controllers.ServiceRouteMapperTests" name="RegisterRoutes_RegistersAtLestOneRoute" />
    </UnitTest>
    <UnitTest name="UnitTests.EntensionMethodTests.IQueryable_GetPage_PagesProperly(count: 10, page: 1, pageSize: 10, expedtedPages: 1, expectedItems: 10, firstId: 1, descending: False)" storage="d:\a\dnn.uservoice\dnn.uservoice\unittests\bin\unittests.dll" id="9207202d-19b8-8eb5-74dc-6aa5d849467c">
      <Execution id="eb516163-fbe5-49ff-9692-016a4b8f1d07" />
      <TestMethod codeBase="D:\a\DNN.UserVoice\DNN.UserVoice\UnitTests\bin\UnitTests.dll" adapterTypeName="executor://xunit/VsTestRunner2/net" className="UnitTests.EntensionMethodTests" name="IQueryable_GetPage_PagesProperly" />
    </UnitTest>
    <UnitTest name="UnitTests.Controllers.ModuleExceptionFilterAttributeTests.SystemException_DoesNotExposeDetails" storage="d:\a\dnn.uservoice\dnn.uservoice\unittests\bin\unittests.dll" id="1a74e347-4470-5271-97ab-1ebaf8693270">
      <Execution id="b5969bc4-1fa2-4e4b-b8fd-ab6e3656c8ce" />
      <TestMethod codeBase="D:\a\DNN.UserVoice\DNN.UserVoice\UnitTests\bin\UnitTests.dll" adapterTypeName="executor://xunit/VsTestRunner2/net" className="UnitTests.Controllers.ModuleExceptionFilterAttributeTests" name="SystemException_DoesNotExposeDetails" />
    </UnitTest>
    <UnitTest name="UnitTests.Data.Repositories.GenericRepositoryTests.GenericRepositoryConstructs" storage="d:\a\dnn.uservoice\dnn.uservoice\unittests\bin\unittests.dll" id="e4f8faa7-d0ad-86e6-1579-7bd52372b4c3">
      <Execution id="c20dab56-e4c6-4e76-91f2-6bc7f1352299" />
      <TestMethod codeBase="D:\a\DNN.UserVoice\DNN.UserVoice\UnitTests\bin\UnitTests.dll" adapterTypeName="executor://xunit/VsTestRunner2/net" className="UnitTests.Data.Repositories.GenericRepositoryTests" name="GenericRepositoryConstructs" />
    </UnitTest>
    <UnitTest name="UnitTests.Data.Repositories.GenericRepositoryTests.Repository_DeleteMissing_DoesNotThrow" storage="d:\a\dnn.uservoice\dnn.uservoice\unittests\bin\unittests.dll" id="f754f777-4449-23e8-f4ec-917f49117de2">
      <Execution id="7c061fd5-715c-41ad-8a1b-3f5dc5c5f2bb" />
      <TestMethod codeBase="D:\a\DNN.UserVoice\DNN.UserVoice\UnitTests\bin\UnitTests.dll" adapterTypeName="executor://xunit/VsTestRunner2/net" className="UnitTests.Data.Repositories.GenericRepositoryTests" name="Repository_DeleteMissing_DoesNotThrow" />
    </UnitTest>
    <UnitTest name="UnitTests.Services.ItemServiceTests.UpdateItem_NoName_Throws(name: null)" storage="d:\a\dnn.uservoice\dnn.uservoice\unittests\bin\unittests.dll" id="b76e01b1-6afe-f33b-c6a9-ea3347176509">
      <Execution id="662aaab8-a7c5-47f5-a8cb-99740ea69366" />
      <TestMethod codeBase="D:\a\DNN.UserVoice\DNN.UserVoice\UnitTests\bin\UnitTests.dll" adapterTypeName="executor://xunit/VsTestRunner2/net" className="UnitTests.Services.ItemServiceTests" name="UpdateItem_NoName_Throws" />
    </UnitTest>
    <UnitTest name="UnitTests.EntensionMethodTests.IQueryable_IsOrdered_Works(ordered: True, descending: False, lastOrder: True)" storage="d:\a\dnn.uservoice\dnn.uservoice\unittests\bin\unittests.dll" id="3140ebc5-2430-06b3-4257-a6794b9b09ac">
      <Execution id="06581bb8-ec2f-4340-bbd1-66407276ffdd" />
      <TestMethod codeBase="D:\a\DNN.UserVoice\DNN.UserVoice\UnitTests\bin\UnitTests.dll" adapterTypeName="executor://xunit/VsTestRunner2/net" className="UnitTests.EntensionMethodTests" name="IQueryable_IsOrdered_Works" />
    </UnitTest>
    <UnitTest name="UnitTests.Services.ItemServiceTests.CreateItem_NoNameThrows" storage="d:\a\dnn.uservoice\dnn.uservoice\unittests\bin\unittests.dll" id="19b6234c-c2df-2304-54f9-54b0da4cd6ba">
      <Execution id="8c1fe160-7f41-4f0f-93ac-fe6e58b5bd05" />
      <TestMethod codeBase="D:\a\DNN.UserVoice\DNN.UserVoice\UnitTests\bin\UnitTests.dll" adapterTypeName="executor://xunit/VsTestRunner2/net" className="UnitTests.Services.ItemServiceTests" name="CreateItem_NoNameThrows" />
    </UnitTest>
    <UnitTest name="UnitTests.Services.ItemServiceTests.DeleteItem_Deletes" storage="d:\a\dnn.uservoice\dnn.uservoice\unittests\bin\unittests.dll" id="e6610648-e456-1c64-d2b1-7e1242b871a8">
      <Execution id="d730bfc0-dc23-4a9a-bac5-42a9133a3f8c" />
      <TestMethod codeBase="D:\a\DNN.UserVoice\DNN.UserVoice\UnitTests\bin\UnitTests.dll" adapterTypeName="executor://xunit/VsTestRunner2/net" className="UnitTests.Services.ItemServiceTests" name="DeleteItem_Deletes" />
    </UnitTest>
    <UnitTest name="UnitTests.Data.Entities.ItemTests.ItemConstructsProperly" storage="d:\a\dnn.uservoice\dnn.uservoice\unittests\bin\unittests.dll" id="572fc310-4b67-9555-f147-153d39f2eb82">
      <Execution id="5803ca02-df60-4cf7-8c59-d3fdacacf8d6" />
      <TestMethod codeBase="D:\a\DNN.UserVoice\DNN.UserVoice\UnitTests\bin\UnitTests.dll" adapterTypeName="executor://xunit/VsTestRunner2/net" className="UnitTests.Data.Entities.ItemTests" name="ItemConstructsProperly" />
    </UnitTest>
    <UnitTest name="UnitTests.EntensionMethodTests.IQueryable_IsOrdered_Works(ordered: True, descending: True, lastOrder: True)" storage="d:\a\dnn.uservoice\dnn.uservoice\unittests\bin\unittests.dll" id="f46af852-6230-3d31-e31c-2959bffd491f">
      <Execution id="d881cbbf-d0d4-45fb-b07b-36c34268751e" />
      <TestMethod codeBase="D:\a\DNN.UserVoice\DNN.UserVoice\UnitTests\bin\UnitTests.dll" adapterTypeName="executor://xunit/VsTestRunner2/net" className="UnitTests.EntensionMethodTests" name="IQueryable_IsOrdered_Works" />
    </UnitTest>
    <UnitTest name="UnitTests.Services.ItemServiceTests.GetItemsPage_GetsPages(page: 1, pageSize: 10, descending: False, expectedPages: 3, returnedPage: 1)" storage="d:\a\dnn.uservoice\dnn.uservoice\unittests\bin\unittests.dll" id="19223079-ea41-5691-855c-970af1a1e611">
      <Execution id="a8b8210e-341d-4714-b9a7-66004766c20c" />
      <TestMethod codeBase="D:\a\DNN.UserVoice\DNN.UserVoice\UnitTests\bin\UnitTests.dll" adapterTypeName="executor://xunit/VsTestRunner2/net" className="UnitTests.Services.ItemServiceTests" name="GetItemsPage_GetsPages" />
    </UnitTest>
    <UnitTest name="UnitTests.Services.ItemServiceTests.UpdateItem_NoName_Throws(name: &quot;&quot;)" storage="d:\a\dnn.uservoice\dnn.uservoice\unittests\bin\unittests.dll" id="3cbfa5d3-e0f6-eff8-ed5c-556fa1f3e131">
      <Execution id="b13ae054-9524-4eb7-8ae7-f400ea223592" />
      <TestMethod codeBase="D:\a\DNN.UserVoice\DNN.UserVoice\UnitTests\bin\UnitTests.dll" adapterTypeName="executor://xunit/VsTestRunner2/net" className="UnitTests.Services.ItemServiceTests" name="UpdateItem_NoName_Throws" />
    </UnitTest>
    <UnitTest name="UnitTests.Services.LoggingServiceTests.LogginService_TestableConstructorLogsErrorWithException" storage="d:\a\dnn.uservoice\dnn.uservoice\unittests\bin\unittests.dll" id="9168bdef-a759-f4d6-b890-b643e17324cf">
      <Execution id="f90dfea4-650b-4ec9-ac45-2995af129080" />
      <TestMethod codeBase="D:\a\DNN.UserVoice\DNN.UserVoice\UnitTests\bin\UnitTests.dll" adapterTypeName="executor://xunit/VsTestRunner2/net" className="UnitTests.Services.LoggingServiceTests" name="LogginService_TestableConstructorLogsErrorWithException" />
    </UnitTest>
    <UnitTest name="UnitTests.EntensionMethodTests.IQueryable_GetPage_PagesProperly(count: 20, page: 2, pageSize: 10, expedtedPages: 2, expectedItems: 10, firstId: 11, descending: False)" storage="d:\a\dnn.uservoice\dnn.uservoice\unittests\bin\unittests.dll" id="2695f427-ed7b-9f97-5696-f97a7702128c">
      <Execution id="2a8229e3-9b0e-46a9-ab0a-39044d5a4808" />
      <TestMethod codeBase="D:\a\DNN.UserVoice\DNN.UserVoice\UnitTests\bin\UnitTests.dll" adapterTypeName="executor://xunit/VsTestRunner2/net" className="UnitTests.EntensionMethodTests" name="IQueryable_GetPage_PagesProperly" />
    </UnitTest>
    <UnitTest name="UnitTests.EntensionMethodTests.IQueryable_IsOrdered_Works(ordered: False, descending: True, lastOrder: True)" storage="d:\a\dnn.uservoice\dnn.uservoice\unittests\bin\unittests.dll" id="d5b75914-a4f0-1327-0212-c8781f6dfe81">
      <Execution id="6a3906ed-767b-443c-8708-6095e5fae2ba" />
      <TestMethod codeBase="D:\a\DNN.UserVoice\DNN.UserVoice\UnitTests\bin\UnitTests.dll" adapterTypeName="executor://xunit/VsTestRunner2/net" className="UnitTests.EntensionMethodTests" name="IQueryable_IsOrdered_Works" />
    </UnitTest>
    <UnitTest name="UnitTests.Controllers.ItemControllerTests.UserCanEdit_ReturnsBool(canEdit: True)" storage="d:\a\dnn.uservoice\dnn.uservoice\unittests\bin\unittests.dll" id="aec60494-3c2e-8ec9-f948-da5bb2043983">
      <Execution id="86ba9278-649d-4712-bd8e-c2fa0f959129" />
      <TestMethod codeBase="D:\a\DNN.UserVoice\DNN.UserVoice\UnitTests\bin\UnitTests.dll" adapterTypeName="executor://xunit/VsTestRunner2/net" className="UnitTests.Controllers.ItemControllerTests" name="UserCanEdit_ReturnsBool" />
    </UnitTest>
    <UnitTest name="UnitTests.Services.ItemServiceTests.GetItemsPage_GetsPages(page: 0, pageSize: 0, descending: True, expectedPages: 30, returnedPage: 1)" storage="d:\a\dnn.uservoice\dnn.uservoice\unittests\bin\unittests.dll" id="0864c31d-6119-84d6-7f52-9d349dabbe84">
      <Execution id="911acc7a-cc40-4ce8-a879-ed843587c545" />
      <TestMethod codeBase="D:\a\DNN.UserVoice\DNN.UserVoice\UnitTests\bin\UnitTests.dll" adapterTypeName="executor://xunit/VsTestRunner2/net" className="UnitTests.Services.ItemServiceTests" name="GetItemsPage_GetsPages" />
    </UnitTest>
    <UnitTest name="UnitTests.EntensionMethodTests.IQueryable_GetPage_EmptyDoesNotThrow" storage="d:\a\dnn.uservoice\dnn.uservoice\unittests\bin\unittests.dll" id="2d3a68b5-bf4c-0513-b733-5ed612794244">
      <Execution id="9758f2e9-0f22-48e5-a438-28ae6c741f25" />
      <TestMethod codeBase="D:\a\DNN.UserVoice\DNN.UserVoice\UnitTests\bin\UnitTests.dll" adapterTypeName="executor://xunit/VsTestRunner2/net" className="UnitTests.EntensionMethodTests" name="IQueryable_GetPage_EmptyDoesNotThrow" />
    </UnitTest>
    <UnitTest name="UnitTests.Controllers.ModuleApiControllerTests.HasUserInfo" storage="d:\a\dnn.uservoice\dnn.uservoice\unittests\bin\unittests.dll" id="bae3532a-4a9e-c4ab-fc66-4dfa22d16170">
      <Execution id="1b860f33-31c3-400f-9b45-fe527adc241b" />
      <TestMethod codeBase="D:\a\DNN.UserVoice\DNN.UserVoice\UnitTests\bin\UnitTests.dll" adapterTypeName="executor://xunit/VsTestRunner2/net" className="UnitTests.Controllers.ModuleApiControllerTests" name="HasUserInfo" />
    </UnitTest>
    <UnitTest name="UnitTests.Services.ItemServiceTests.UpdateItem_NoName_Throws(name: &quot;  &quot;)" storage="d:\a\dnn.uservoice\dnn.uservoice\unittests\bin\unittests.dll" id="92b7b9f6-1294-7ea1-ffa3-91fba85074d4">
      <Execution id="8f8f3dc8-0f4b-4b90-9663-beb5318675be" />
      <TestMethod codeBase="D:\a\DNN.UserVoice\DNN.UserVoice\UnitTests\bin\UnitTests.dll" adapterTypeName="executor://xunit/VsTestRunner2/net" className="UnitTests.Services.ItemServiceTests" name="UpdateItem_NoName_Throws" />
    </UnitTest>
    <UnitTest name="UnitTests.Data.Repositories.GenericRepositoryTests.Repository_Create_DefaultAudit" storage="d:\a\dnn.uservoice\dnn.uservoice\unittests\bin\unittests.dll" id="ae39aa62-5ff2-56e7-d00e-ef116d711d51">
      <Execution id="c7603af6-2ebd-412e-96df-10b29a31c725" />
      <TestMethod codeBase="D:\a\DNN.UserVoice\DNN.UserVoice\UnitTests\bin\UnitTests.dll" adapterTypeName="executor://xunit/VsTestRunner2/net" className="UnitTests.Data.Repositories.GenericRepositoryTests" name="Repository_Create_DefaultAudit" />
    </UnitTest>
    <UnitTest name="UnitTests.Controllers.ValidateModelAttributeTests.OnActionExecuting_Valid_Works" storage="d:\a\dnn.uservoice\dnn.uservoice\unittests\bin\unittests.dll" id="e55f1742-c16d-5086-2251-ad3372dd48f5">
      <Execution id="b524eb20-1f65-4807-9708-51d4fcb1c759" />
      <TestMethod codeBase="D:\a\DNN.UserVoice\DNN.UserVoice\UnitTests\bin\UnitTests.dll" adapterTypeName="executor://xunit/VsTestRunner2/net" className="UnitTests.Controllers.ValidateModelAttributeTests" name="OnActionExecuting_Valid_Works" />
    </UnitTest>
    <UnitTest name="UnitTests.Data.Repositories.GenericRepositoryTests.GenericRepositoryGetsAll(iterations: 1)" storage="d:\a\dnn.uservoice\dnn.uservoice\unittests\bin\unittests.dll" id="d16880d7-fb44-f209-43d9-ba2e0e1875de">
      <Execution id="816cde22-7960-417f-a64a-b81e317b90b5" />
      <TestMethod codeBase="D:\a\DNN.UserVoice\DNN.UserVoice\UnitTests\bin\UnitTests.dll" adapterTypeName="executor://xunit/VsTestRunner2/net" className="UnitTests.Data.Repositories.GenericRepositoryTests" name="GenericRepositoryGetsAll" />
    </UnitTest>
    <UnitTest name="UnitTests.Services.ItemServiceTests.UpdateItem_NullDto_Throws" storage="d:\a\dnn.uservoice\dnn.uservoice\unittests\bin\unittests.dll" id="263c08b1-704a-f3c2-309e-6dee831dbdc9">
      <Execution id="6f013035-9e42-4735-8965-8bfc50379ede" />
      <TestMethod codeBase="D:\a\DNN.UserVoice\DNN.UserVoice\UnitTests\bin\UnitTests.dll" adapterTypeName="executor://xunit/VsTestRunner2/net" className="UnitTests.Services.ItemServiceTests" name="UpdateItem_NullDto_Throws" />
    </UnitTest>
    <UnitTest name="UnitTests.Services.LoggingServiceTests.LoggingService_DefaultConstructorExists" storage="d:\a\dnn.uservoice\dnn.uservoice\unittests\bin\unittests.dll" id="8ba31d1b-48e3-e04e-cff0-b927c63b4a19">
      <Execution id="d374019b-d56f-4435-a472-aaf9d24f343c" />
      <TestMethod codeBase="D:\a\DNN.UserVoice\DNN.UserVoice\UnitTests\bin\UnitTests.dll" adapterTypeName="executor://xunit/VsTestRunner2/net" className="UnitTests.Services.LoggingServiceTests" name="LoggingService_DefaultConstructorExists" />
    </UnitTest>
    <UnitTest name="UnitTests.EntensionMethodTests.IQueryable_IsOrdered_ThrowsWithNull" storage="d:\a\dnn.uservoice\dnn.uservoice\unittests\bin\unittests.dll" id="73fc5149-51d6-8241-9c9f-f48c28e448e3">
      <Execution id="33e2b6a2-7caa-461e-b17f-b78383057043" />
      <TestMethod codeBase="D:\a\DNN.UserVoice\DNN.UserVoice\UnitTests\bin\UnitTests.dll" adapterTypeName="executor://xunit/VsTestRunner2/net" className="UnitTests.EntensionMethodTests" name="IQueryable_IsOrdered_ThrowsWithNull" />
    </UnitTest>
    <UnitTest name="UnitTests.Data.Repositories.GenericRepositoryTests.GenericRepositoryCreate_ThrowsWithNullEntity" storage="d:\a\dnn.uservoice\dnn.uservoice\unittests\bin\unittests.dll" id="36689490-09d4-917f-648a-70dcfcfede10">
      <Execution id="65686e82-eebe-41c2-97d0-72f57d89aba0" />
      <TestMethod codeBase="D:\a\DNN.UserVoice\DNN.UserVoice\UnitTests\bin\UnitTests.dll" adapterTypeName="executor://xunit/VsTestRunner2/net" className="UnitTests.Data.Repositories.GenericRepositoryTests" name="GenericRepositoryCreate_ThrowsWithNullEntity" />
    </UnitTest>
    <UnitTest name="UnitTests.Controllers.ItemControllerTests.CreateItem_Creates" storage="d:\a\dnn.uservoice\dnn.uservoice\unittests\bin\unittests.dll" id="588a2c1b-7788-beb2-ade0-06788d455d25">
      <Execution id="0420c00a-0c69-4567-afeb-16b8f93e716e" />
      <TestMethod codeBase="D:\a\DNN.UserVoice\DNN.UserVoice\UnitTests\bin\UnitTests.dll" adapterTypeName="executor://xunit/VsTestRunner2/net" className="UnitTests.Controllers.ItemControllerTests" name="CreateItem_Creates" />
    </UnitTest>
    <UnitTest name="UnitTests.Controllers.ModuleApiControllerTests.CanEdit_Set_Throws" storage="d:\a\dnn.uservoice\dnn.uservoice\unittests\bin\unittests.dll" id="5f92ec4d-d570-0452-b891-d4cee75db9dd">
      <Execution id="87a92968-7b4e-45dc-a40a-a1b7fc7cd351" />
      <TestMethod codeBase="D:\a\DNN.UserVoice\DNN.UserVoice\UnitTests\bin\UnitTests.dll" adapterTypeName="executor://xunit/VsTestRunner2/net" className="UnitTests.Controllers.ModuleApiControllerTests" name="CanEdit_Set_Throws" />
    </UnitTest>
    <UnitTest name="UnitTests.Data.Repositories.GenericRepositoryTests.Repository_Create_UsesUserId" storage="d:\a\dnn.uservoice\dnn.uservoice\unittests\bin\unittests.dll" id="e1c7f76f-6195-c844-23c0-304b47fbae66">
      <Execution id="6e330505-1aff-49ac-8737-ce4ae6df086c" />
      <TestMethod codeBase="D:\a\DNN.UserVoice\DNN.UserVoice\UnitTests\bin\UnitTests.dll" adapterTypeName="executor://xunit/VsTestRunner2/net" className="UnitTests.Data.Repositories.GenericRepositoryTests" name="Repository_Create_UsesUserId" />
    </UnitTest>
    <UnitTest name="UnitTests.Controllers.ItemControllerTests.UpdateItem_Updates" storage="d:\a\dnn.uservoice\dnn.uservoice\unittests\bin\unittests.dll" id="315adde5-f36d-a74f-aa46-fb22a0f78cd9">
      <Execution id="db3d66fd-292e-436f-ae5b-13b4eef901d4" />
      <TestMethod codeBase="D:\a\DNN.UserVoice\DNN.UserVoice\UnitTests\bin\UnitTests.dll" adapterTypeName="executor://xunit/VsTestRunner2/net" className="UnitTests.Controllers.ItemControllerTests" name="UpdateItem_Updates" />
    </UnitTest>
    <UnitTest name="UnitTests.Controllers.ModuleExceptionFilterAttributeTests.ArgumentException_BadRequest" storage="d:\a\dnn.uservoice\dnn.uservoice\unittests\bin\unittests.dll" id="a21637b0-54f8-4fa0-bc3b-95481a9fd90b">
      <Execution id="16eb9268-46bb-4649-85cc-3e453bd35f78" />
      <TestMethod codeBase="D:\a\DNN.UserVoice\DNN.UserVoice\UnitTests\bin\UnitTests.dll" adapterTypeName="executor://xunit/VsTestRunner2/net" className="UnitTests.Controllers.ModuleExceptionFilterAttributeTests" name="ArgumentException_BadRequest" />
    </UnitTest>
    <UnitTest name="UnitTests.Controllers.ModuleExceptionFilterAttributeTests.NoException_DoesNothing" storage="d:\a\dnn.uservoice\dnn.uservoice\unittests\bin\unittests.dll" id="113f48ce-a6a3-c5df-7589-ba5a5fcb9c59">
      <Execution id="0a35fde8-562c-4a9a-94ee-cafd09a41e94" />
      <TestMethod codeBase="D:\a\DNN.UserVoice\DNN.UserVoice\UnitTests\bin\UnitTests.dll" adapterTypeName="executor://xunit/VsTestRunner2/net" className="UnitTests.Controllers.ModuleExceptionFilterAttributeTests" name="NoException_DoesNothing" />
    </UnitTest>
    <UnitTest name="UnitTests.Controllers.ItemControllerTests.GetItemsPage_GetsProperPages" storage="d:\a\dnn.uservoice\dnn.uservoice\unittests\bin\unittests.dll" id="1017c6c1-9dd0-57dc-36e7-bb573d02562e">
      <Execution id="1ac402ce-d155-4b52-ae37-1a7897656cdf" />
      <TestMethod codeBase="D:\a\DNN.UserVoice\DNN.UserVoice\UnitTests\bin\UnitTests.dll" adapterTypeName="executor://xunit/VsTestRunner2/net" className="UnitTests.Controllers.ItemControllerTests" name="GetItemsPage_GetsProperPages" />
    </UnitTest>
    <UnitTest name="UnitTests.Data.Repositories.GenericRepositoryTests.GenericRepositoryDeletes" storage="d:\a\dnn.uservoice\dnn.uservoice\unittests\bin\unittests.dll" id="0bc54975-0bff-692e-a9b3-fc69f2c95a39">
      <Execution id="2be78f94-32bf-47cc-92d1-5a623610fb9a" />
      <TestMethod codeBase="D:\a\DNN.UserVoice\DNN.UserVoice\UnitTests\bin\UnitTests.dll" adapterTypeName="executor://xunit/VsTestRunner2/net" className="UnitTests.Data.Repositories.GenericRepositoryTests" name="GenericRepositoryDeletes" />
    </UnitTest>
    <UnitTest name="UnitTests.Controllers.ItemControllerTests.DeleteItem_Deletes(itemId: 10)" storage="d:\a\dnn.uservoice\dnn.uservoice\unittests\bin\unittests.dll" id="d6094ca1-b65b-5133-f464-9f7d01f0d023">
      <Execution id="b592bb32-11ed-44d4-a473-248242b90690" />
      <TestMethod codeBase="D:\a\DNN.UserVoice\DNN.UserVoice\UnitTests\bin\UnitTests.dll" adapterTypeName="executor://xunit/VsTestRunner2/net" className="UnitTests.Controllers.ItemControllerTests" name="DeleteItem_Deletes" />
    </UnitTest>
    <UnitTest name="UnitTests.Data.Repositories.GenericRepositoryTests.GenericRepositoryUpdates" storage="d:\a\dnn.uservoice\dnn.uservoice\unittests\bin\unittests.dll" id="70ede014-c412-e387-bb98-e95b3b42090d">
      <Execution id="29034e2e-525c-4c73-865f-7b92d44d2c81" />
      <TestMethod codeBase="D:\a\DNN.UserVoice\DNN.UserVoice\UnitTests\bin\UnitTests.dll" adapterTypeName="executor://xunit/VsTestRunner2/net" className="UnitTests.Data.Repositories.GenericRepositoryTests" name="GenericRepositoryUpdates" />
    </UnitTest>
    <UnitTest name="UnitTests.Data.Repositories.GenericRepositoryTests.Repository_Update_DefaultAudit" storage="d:\a\dnn.uservoice\dnn.uservoice\unittests\bin\unittests.dll" id="44b00d3a-bad7-aefd-141c-4a35b11463b2">
      <Execution id="6ff8fe6b-4c0a-4687-b412-f61362de4c29" />
      <TestMethod codeBase="D:\a\DNN.UserVoice\DNN.UserVoice\UnitTests\bin\UnitTests.dll" adapterTypeName="executor://xunit/VsTestRunner2/net" className="UnitTests.Data.Repositories.GenericRepositoryTests" name="Repository_Update_DefaultAudit" />
    </UnitTest>
    <UnitTest name="UnitTests.Services.ItemServiceTests.UpdateItem_Updates" storage="d:\a\dnn.uservoice\dnn.uservoice\unittests\bin\unittests.dll" id="130d9133-361f-a0da-f15e-423eb98947ac">
      <Execution id="701f4478-7f5f-43ca-bb14-be36d389f809" />
      <TestMethod codeBase="D:\a\DNN.UserVoice\DNN.UserVoice\UnitTests\bin\UnitTests.dll" adapterTypeName="executor://xunit/VsTestRunner2/net" className="UnitTests.Services.ItemServiceTests" name="UpdateItem_Updates" />
    </UnitTest>
    <UnitTest name="UnitTests.Data.Repositories.GenericRepositoryTests.GenericRepositoryGetsAll(iterations: 2)" storage="d:\a\dnn.uservoice\dnn.uservoice\unittests\bin\unittests.dll" id="ffe5c770-9b99-42c0-ce21-7e50cccf4385">
      <Execution id="e5c4dc91-cf04-4b32-b191-003d2bcedc46" />
      <TestMethod codeBase="D:\a\DNN.UserVoice\DNN.UserVoice\UnitTests\bin\UnitTests.dll" adapterTypeName="executor://xunit/VsTestRunner2/net" className="UnitTests.Data.Repositories.GenericRepositoryTests" name="GenericRepositoryGetsAll" />
    </UnitTest>
    <UnitTest name="UnitTests.Data.Repositories.GenericRepositoryTests.GenericRepositoryGetsAll(iterations: 0)" storage="d:\a\dnn.uservoice\dnn.uservoice\unittests\bin\unittests.dll" id="4fe0dd0f-2fa0-9c42-e816-a6df28150b72">
      <Execution id="b9f175a7-8091-4ac7-bef4-e758d30c7f38" />
      <TestMethod codeBase="D:\a\DNN.UserVoice\DNN.UserVoice\UnitTests\bin\UnitTests.dll" adapterTypeName="executor://xunit/VsTestRunner2/net" className="UnitTests.Data.Repositories.GenericRepositoryTests" name="GenericRepositoryGetsAll" />
    </UnitTest>
    <UnitTest name="UnitTests.EntensionMethodTests.IQueryable_IsOrdered_Works(ordered: False, descending: False, lastOrder: True)" storage="d:\a\dnn.uservoice\dnn.uservoice\unittests\bin\unittests.dll" id="0dc5a512-bfd0-bc80-f676-16e6d961ec4d">
      <Execution id="05fce035-4991-4f40-ad6a-403f000c61e6" />
      <TestMethod codeBase="D:\a\DNN.UserVoice\DNN.UserVoice\UnitTests\bin\UnitTests.dll" adapterTypeName="executor://xunit/VsTestRunner2/net" className="UnitTests.EntensionMethodTests" name="IQueryable_IsOrdered_Works" />
    </UnitTest>
    <UnitTest name="UnitTests.EntensionMethodTests.IQueryable_GetPage_PagesProperly(count: 0, page: 0, pageSize: 0, expedtedPages: 0, expectedItems: 0, firstId: null, descending: False)" storage="d:\a\dnn.uservoice\dnn.uservoice\unittests\bin\unittests.dll" id="8bbc68bc-7714-d990-1480-dfaedaafbd62">
      <Execution id="50c416a3-c2fe-412f-871d-b1a9cb2ffe6f" />
      <TestMethod codeBase="D:\a\DNN.UserVoice\DNN.UserVoice\UnitTests\bin\UnitTests.dll" adapterTypeName="executor://xunit/VsTestRunner2/net" className="UnitTests.EntensionMethodTests" name="IQueryable_GetPage_PagesProperly" />
    </UnitTest>
    <UnitTest name="UnitTests.Services.ItemServiceTests.CreateItem_NoItemThrows" storage="d:\a\dnn.uservoice\dnn.uservoice\unittests\bin\unittests.dll" id="f5652070-1b22-f5a7-3f3f-68b37c9184a8">
      <Execution id="aa3362fa-2561-480f-a9d3-3870d88c3b21" />
      <TestMethod codeBase="D:\a\DNN.UserVoice\DNN.UserVoice\UnitTests\bin\UnitTests.dll" adapterTypeName="executor://xunit/VsTestRunner2/net" className="UnitTests.Services.ItemServiceTests" name="CreateItem_NoItemThrows" />
    </UnitTest>
    <UnitTest name="UnitTests.Data.Entities.ItemTests.ItemPropertiesPersist(id: 1, name: &quot;Name1&quot;, description: &quot;Description1&quot;)" storage="d:\a\dnn.uservoice\dnn.uservoice\unittests\bin\unittests.dll" id="392ed628-2028-c945-b97e-893658a1e82b">
      <Execution id="a2ff9a7a-8651-4e1e-b133-287dcd0ca6c0" />
      <TestMethod codeBase="D:\a\DNN.UserVoice\DNN.UserVoice\UnitTests\bin\UnitTests.dll" adapterTypeName="executor://xunit/VsTestRunner2/net" className="UnitTests.Data.Entities.ItemTests" name="ItemPropertiesPersist" />
    </UnitTest>
    <UnitTest name="UnitTests.EntensionMethodTests.IQueryable_IsOrdered_Works(ordered: True, descending: False, lastOrder: False)" storage="d:\a\dnn.uservoice\dnn.uservoice\unittests\bin\unittests.dll" id="b72028ed-e29e-ac6a-9e2e-bf700facee4e">
      <Execution id="4b3bfc17-8fdb-4108-a1b9-d34e8ec7ff66" />
      <TestMethod codeBase="D:\a\DNN.UserVoice\DNN.UserVoice\UnitTests\bin\UnitTests.dll" adapterTypeName="executor://xunit/VsTestRunner2/net" className="UnitTests.EntensionMethodTests" name="IQueryable_IsOrdered_Works" />
    </UnitTest>
  </TestDefinitions>
  <TestEntries>
    <TestEntry testId="ac1c50bc-98fd-036f-fe0f-d46cb187f90e" executionId="d11df1e3-ee38-4909-bc3f-0effaf43dc2c" testListId="8c84fa94-04c1-424b-9868-57a2d4851a1d" />
    <TestEntry testId="9207202d-19b8-8eb5-74dc-6aa5d849467c" executionId="eb516163-fbe5-49ff-9692-016a4b8f1d07" testListId="8c84fa94-04c1-424b-9868-57a2d4851a1d" />
    <TestEntry testId="8ba31d1b-48e3-e04e-cff0-b927c63b4a19" executionId="d374019b-d56f-4435-a472-aaf9d24f343c" testListId="8c84fa94-04c1-424b-9868-57a2d4851a1d" />
    <TestEntry testId="a21637b0-54f8-4fa0-bc3b-95481a9fd90b" executionId="ddcf23ed-fd76-4d52-ba08-8045e0d226ce" testListId="8c84fa94-04c1-424b-9868-57a2d4851a1d" />
    <TestEntry testId="1a74e347-4470-5271-97ab-1ebaf8693270" executionId="b5969bc4-1fa2-4e4b-b8fd-ab6e3656c8ce" testListId="8c84fa94-04c1-424b-9868-57a2d4851a1d" />
    <TestEntry testId="d6094ca1-b65b-5133-f464-9f7d01f0d023" executionId="b592bb32-11ed-44d4-a473-248242b90690" testListId="8c84fa94-04c1-424b-9868-57a2d4851a1d" />
    <TestEntry testId="d15ea2a7-9f9f-b92b-50fa-470898da705d" executionId="1c5ccc6a-1d4a-4316-953b-23959802ee76" testListId="8c84fa94-04c1-424b-9868-57a2d4851a1d" />
    <TestEntry testId="320e3c11-11d1-b3ef-0d2e-5e474f674ff1" executionId="5495fb5c-fb51-4ce8-b6e9-1a520c53f89c" testListId="8c84fa94-04c1-424b-9868-57a2d4851a1d" />
    <TestEntry testId="315adde5-f36d-a74f-aa46-fb22a0f78cd9" executionId="db3d66fd-292e-436f-ae5b-13b4eef901d4" testListId="8c84fa94-04c1-424b-9868-57a2d4851a1d" />
    <TestEntry testId="61a8ccc9-c5b1-047b-3c97-f777ccc7d30b" executionId="df7239c7-32fd-464c-b46d-ec2a2793cbf2" testListId="8c84fa94-04c1-424b-9868-57a2d4851a1d" />
    <TestEntry testId="ffe5c770-9b99-42c0-ce21-7e50cccf4385" executionId="e5c4dc91-cf04-4b32-b191-003d2bcedc46" testListId="8c84fa94-04c1-424b-9868-57a2d4851a1d" />
    <TestEntry testId="4bb697d7-9cb3-28c5-7c49-3e60c8ee823d" executionId="aa026df4-2e9f-4eb3-874e-3dfdab6f534d" testListId="8c84fa94-04c1-424b-9868-57a2d4851a1d" />
    <TestEntry testId="96a18501-dea4-70b1-d572-baa1bb120da2" executionId="d1ad9dc9-e27e-4593-9fbb-0a490823bea9" testListId="8c84fa94-04c1-424b-9868-57a2d4851a1d" />
    <TestEntry testId="478b61ee-7d85-9dbe-985d-08c590f8666a" executionId="41fc7b28-0d6b-494c-b927-65708bacf3da" testListId="8c84fa94-04c1-424b-9868-57a2d4851a1d" />
    <TestEntry testId="bae3532a-4a9e-c4ab-fc66-4dfa22d16170" executionId="1b860f33-31c3-400f-9b45-fe527adc241b" testListId="8c84fa94-04c1-424b-9868-57a2d4851a1d" />
    <TestEntry testId="a21637b0-54f8-4fa0-bc3b-95481a9fd90b" executionId="16eb9268-46bb-4649-85cc-3e453bd35f78" testListId="8c84fa94-04c1-424b-9868-57a2d4851a1d" />
    <TestEntry testId="5f92ec4d-d570-0452-b891-d4cee75db9dd" executionId="87a92968-7b4e-45dc-a40a-a1b7fc7cd351" testListId="8c84fa94-04c1-424b-9868-57a2d4851a1d" />
    <TestEntry testId="3140ebc5-2430-06b3-4257-a6794b9b09ac" executionId="06581bb8-ec2f-4340-bbd1-66407276ffdd" testListId="8c84fa94-04c1-424b-9868-57a2d4851a1d" />
    <TestEntry testId="a21637b0-54f8-4fa0-bc3b-95481a9fd90b" executionId="1388b921-70b0-413a-8745-a025fa14e3f8" testListId="8c84fa94-04c1-424b-9868-57a2d4851a1d" />
    <TestEntry testId="2d3a68b5-bf4c-0513-b733-5ed612794244" executionId="9758f2e9-0f22-48e5-a438-28ae6c741f25" testListId="8c84fa94-04c1-424b-9868-57a2d4851a1d" />
    <TestEntry testId="1c164fbc-1ab1-9884-ccb8-9e84f4c977d0" executionId="f7bcd4a1-b894-492c-b616-7d3715c5311e" testListId="8c84fa94-04c1-424b-9868-57a2d4851a1d" />
    <TestEntry testId="2aef35a8-73ad-0c03-c8a4-2b5a1d37af8f" executionId="bb47f96a-18bd-4de5-8034-6d301f6a7186" testListId="8c84fa94-04c1-424b-9868-57a2d4851a1d" />
    <TestEntry testId="8bbc68bc-7714-d990-1480-dfaedaafbd62" executionId="50c416a3-c2fe-412f-871d-b1a9cb2ffe6f" testListId="8c84fa94-04c1-424b-9868-57a2d4851a1d" />
    <TestEntry testId="e6e0a140-85e7-6935-6160-ab95ecfd3c8a" executionId="31e85240-9b04-42a7-a56b-76150e3f48b9" testListId="8c84fa94-04c1-424b-9868-57a2d4851a1d" />
    <TestEntry testId="d5b75914-a4f0-1327-0212-c8781f6dfe81" executionId="6a3906ed-767b-443c-8708-6095e5fae2ba" testListId="8c84fa94-04c1-424b-9868-57a2d4851a1d" />
    <TestEntry testId="1b051fa0-d4cc-1b32-80bb-d56b714e3066" executionId="fa034cd5-430d-4e16-9eec-e59a2cb18686" testListId="8c84fa94-04c1-424b-9868-57a2d4851a1d" />
    <TestEntry testId="f46af852-6230-3d31-e31c-2959bffd491f" executionId="d881cbbf-d0d4-45fb-b07b-36c34268751e" testListId="8c84fa94-04c1-424b-9868-57a2d4851a1d" />
    <TestEntry testId="392ed628-2028-c945-b97e-893658a1e82b" executionId="a2ff9a7a-8651-4e1e-b133-287dcd0ca6c0" testListId="8c84fa94-04c1-424b-9868-57a2d4851a1d" />
    <TestEntry testId="70ede014-c412-e387-bb98-e95b3b42090d" executionId="29034e2e-525c-4c73-865f-7b92d44d2c81" testListId="8c84fa94-04c1-424b-9868-57a2d4851a1d" />
    <TestEntry testId="0247c7e7-7d1c-099b-2ac8-81a47ff2509a" executionId="ed746d8d-4566-4268-9086-1cdeeef87914" testListId="8c84fa94-04c1-424b-9868-57a2d4851a1d" />
    <TestEntry testId="24cfa8b0-48c3-8aab-e4c2-88694c220e2c" executionId="b12fd54f-6eaa-4fbd-9c3d-9645c87b93f0" testListId="8c84fa94-04c1-424b-9868-57a2d4851a1d" />
    <TestEntry testId="d16880d7-fb44-f209-43d9-ba2e0e1875de" executionId="816cde22-7960-417f-a64a-b81e317b90b5" testListId="8c84fa94-04c1-424b-9868-57a2d4851a1d" />
    <TestEntry testId="0864c31d-6119-84d6-7f52-9d349dabbe84" executionId="911acc7a-cc40-4ce8-a879-ed843587c545" testListId="8c84fa94-04c1-424b-9868-57a2d4851a1d" />
    <TestEntry testId="0ebf358f-9eac-9438-b418-9c6aa81a6377" executionId="deae2572-5aa5-49c3-bbc6-d82da2f16985" testListId="8c84fa94-04c1-424b-9868-57a2d4851a1d" />
    <TestEntry testId="0dc5a512-bfd0-bc80-f676-16e6d961ec4d" executionId="05fce035-4991-4f40-ad6a-403f000c61e6" testListId="8c84fa94-04c1-424b-9868-57a2d4851a1d" />
    <TestEntry testId="7e661283-b2b2-d632-266b-6af1f3374c08" executionId="ad29ced8-df3a-4d4e-9498-c827f53f12c8" testListId="8c84fa94-04c1-424b-9868-57a2d4851a1d" />
    <TestEntry testId="b80893de-3e2d-6029-ec19-65c03fd119c3" executionId="760a8f02-29ac-4daf-b6f0-c78b1a1e946d" testListId="8c84fa94-04c1-424b-9868-57a2d4851a1d" />
    <TestEntry testId="263c08b1-704a-f3c2-309e-6dee831dbdc9" executionId="6f013035-9e42-4735-8965-8bfc50379ede" testListId="8c84fa94-04c1-424b-9868-57a2d4851a1d" />
    <TestEntry testId="e55f1742-c16d-5086-2251-ad3372dd48f5" executionId="b524eb20-1f65-4807-9708-51d4fcb1c759" testListId="8c84fa94-04c1-424b-9868-57a2d4851a1d" />
    <TestEntry testId="92b7b9f6-1294-7ea1-ffa3-91fba85074d4" executionId="8f8f3dc8-0f4b-4b90-9663-beb5318675be" testListId="8c84fa94-04c1-424b-9868-57a2d4851a1d" />
    <TestEntry testId="19223079-ea41-5691-855c-970af1a1e611" executionId="a8b8210e-341d-4714-b9a7-66004766c20c" testListId="8c84fa94-04c1-424b-9868-57a2d4851a1d" />
    <TestEntry testId="ad3412e8-5f64-2020-a5b6-bd4cca8c3b7d" executionId="2cb0d375-5c72-4b87-a378-feeb602d3aa6" testListId="8c84fa94-04c1-424b-9868-57a2d4851a1d" />
    <TestEntry testId="e4f8faa7-d0ad-86e6-1579-7bd52372b4c3" executionId="c20dab56-e4c6-4e76-91f2-6bc7f1352299" testListId="8c84fa94-04c1-424b-9868-57a2d4851a1d" />
    <TestEntry testId="572fc310-4b67-9555-f147-153d39f2eb82" executionId="5803ca02-df60-4cf7-8c59-d3fdacacf8d6" testListId="8c84fa94-04c1-424b-9868-57a2d4851a1d" />
    <TestEntry testId="2695f427-ed7b-9f97-5696-f97a7702128c" executionId="2a8229e3-9b0e-46a9-ab0a-39044d5a4808" testListId="8c84fa94-04c1-424b-9868-57a2d4851a1d" />
    <TestEntry testId="130d9133-361f-a0da-f15e-423eb98947ac" executionId="701f4478-7f5f-43ca-bb14-be36d389f809" testListId="8c84fa94-04c1-424b-9868-57a2d4851a1d" />
    <TestEntry testId="e1c7f76f-6195-c844-23c0-304b47fbae66" executionId="6e330505-1aff-49ac-8737-ce4ae6df086c" testListId="8c84fa94-04c1-424b-9868-57a2d4851a1d" />
    <TestEntry testId="a9198ad3-782e-a37c-0b5f-1330f5318f55" executionId="ec73d20b-70bd-4984-98da-a588f452bb48" testListId="8c84fa94-04c1-424b-9868-57a2d4851a1d" />
    <TestEntry testId="19b6234c-c2df-2304-54f9-54b0da4cd6ba" executionId="8c1fe160-7f41-4f0f-93ac-fe6e58b5bd05" testListId="8c84fa94-04c1-424b-9868-57a2d4851a1d" />
    <TestEntry testId="168fc980-36e3-101b-62b1-f5ab71e9fc0d" executionId="4014b70a-feb9-47fd-843b-3d89929e37c9" testListId="8c84fa94-04c1-424b-9868-57a2d4851a1d" />
    <TestEntry testId="113f48ce-a6a3-c5df-7589-ba5a5fcb9c59" executionId="0a35fde8-562c-4a9a-94ee-cafd09a41e94" testListId="8c84fa94-04c1-424b-9868-57a2d4851a1d" />
    <TestEntry testId="f5652070-1b22-f5a7-3f3f-68b37c9184a8" executionId="aa3362fa-2561-480f-a9d3-3870d88c3b21" testListId="8c84fa94-04c1-424b-9868-57a2d4851a1d" />
    <TestEntry testId="ac2a99ba-3563-74a9-7d4c-8e91a58cd097" executionId="63987220-bd9a-401b-9667-3688f5e1ba4f" testListId="8c84fa94-04c1-424b-9868-57a2d4851a1d" />
    <TestEntry testId="3cbfa5d3-e0f6-eff8-ed5c-556fa1f3e131" executionId="b13ae054-9524-4eb7-8ae7-f400ea223592" testListId="8c84fa94-04c1-424b-9868-57a2d4851a1d" />
    <TestEntry testId="b76e01b1-6afe-f33b-c6a9-ea3347176509" executionId="662aaab8-a7c5-47f5-a8cb-99740ea69366" testListId="8c84fa94-04c1-424b-9868-57a2d4851a1d" />
    <TestEntry testId="36689490-09d4-917f-648a-70dcfcfede10" executionId="65686e82-eebe-41c2-97d0-72f57d89aba0" testListId="8c84fa94-04c1-424b-9868-57a2d4851a1d" />
    <TestEntry testId="6f0b47a1-9d18-a5d8-8dd1-c8f266712c15" executionId="c716a565-afab-4d8f-9aff-49d744164716" testListId="8c84fa94-04c1-424b-9868-57a2d4851a1d" />
    <TestEntry testId="a21637b0-54f8-4fa0-bc3b-95481a9fd90b" executionId="a4c5facf-781d-4c13-955b-0690d0b8d499" testListId="8c84fa94-04c1-424b-9868-57a2d4851a1d" />
    <TestEntry testId="e6610648-e456-1c64-d2b1-7e1242b871a8" executionId="d730bfc0-dc23-4a9a-bac5-42a9133a3f8c" testListId="8c84fa94-04c1-424b-9868-57a2d4851a1d" />
    <TestEntry testId="4fe0dd0f-2fa0-9c42-e816-a6df28150b72" executionId="b9f175a7-8091-4ac7-bef4-e758d30c7f38" testListId="8c84fa94-04c1-424b-9868-57a2d4851a1d" />
    <TestEntry testId="73fc5149-51d6-8241-9c9f-f48c28e448e3" executionId="33e2b6a2-7caa-461e-b17f-b78383057043" testListId="8c84fa94-04c1-424b-9868-57a2d4851a1d" />
    <TestEntry testId="a21637b0-54f8-4fa0-bc3b-95481a9fd90b" executionId="55d6ff3c-02eb-40b5-b467-7297e2c87f65" testListId="8c84fa94-04c1-424b-9868-57a2d4851a1d" />
    <TestEntry testId="588a2c1b-7788-beb2-ade0-06788d455d25" executionId="0420c00a-0c69-4567-afeb-16b8f93e716e" testListId="8c84fa94-04c1-424b-9868-57a2d4851a1d" />
    <TestEntry testId="ae39aa62-5ff2-56e7-d00e-ef116d711d51" executionId="c7603af6-2ebd-412e-96df-10b29a31c725" testListId="8c84fa94-04c1-424b-9868-57a2d4851a1d" />
    <TestEntry testId="986d7e6e-d04d-b204-b01c-fbb8f09c7774" executionId="32610ca0-1800-4689-ba3e-bea9bc8ad47e" testListId="8c84fa94-04c1-424b-9868-57a2d4851a1d" />
    <TestEntry testId="9168bdef-a759-f4d6-b890-b643e17324cf" executionId="f90dfea4-650b-4ec9-ac45-2995af129080" testListId="8c84fa94-04c1-424b-9868-57a2d4851a1d" />
    <TestEntry testId="d1c63cb7-1f9a-a8bf-a217-a4cbb4e5f73b" executionId="a946dec7-16f5-4a94-a427-8c233053be8e" testListId="8c84fa94-04c1-424b-9868-57a2d4851a1d" />
    <TestEntry testId="0bc54975-0bff-692e-a9b3-fc69f2c95a39" executionId="2be78f94-32bf-47cc-92d1-5a623610fb9a" testListId="8c84fa94-04c1-424b-9868-57a2d4851a1d" />
    <TestEntry testId="aec60494-3c2e-8ec9-f948-da5bb2043983" executionId="86ba9278-649d-4712-bd8e-c2fa0f959129" testListId="8c84fa94-04c1-424b-9868-57a2d4851a1d" />
    <TestEntry testId="44b00d3a-bad7-aefd-141c-4a35b11463b2" executionId="6ff8fe6b-4c0a-4687-b412-f61362de4c29" testListId="8c84fa94-04c1-424b-9868-57a2d4851a1d" />
    <TestEntry testId="f754f777-4449-23e8-f4ec-917f49117de2" executionId="7c061fd5-715c-41ad-8a1b-3f5dc5c5f2bb" testListId="8c84fa94-04c1-424b-9868-57a2d4851a1d" />
    <TestEntry testId="b72028ed-e29e-ac6a-9e2e-bf700facee4e" executionId="4b3bfc17-8fdb-4108-a1b9-d34e8ec7ff66" testListId="8c84fa94-04c1-424b-9868-57a2d4851a1d" />
    <TestEntry testId="a21637b0-54f8-4fa0-bc3b-95481a9fd90b" executionId="64d90f72-1c5c-4c8d-b7fd-86ed905e7552" testListId="8c84fa94-04c1-424b-9868-57a2d4851a1d" />
    <TestEntry testId="1017c6c1-9dd0-57dc-36e7-bb573d02562e" executionId="1ac402ce-d155-4b52-ae37-1a7897656cdf" testListId="8c84fa94-04c1-424b-9868-57a2d4851a1d" />
    <TestEntry testId="95a0a379-a9bd-3d99-f720-e626260de7f6" executionId="9f03bdf1-2d67-4c50-8698-2bd6201381ba" testListId="8c84fa94-04c1-424b-9868-57a2d4851a1d" />
    <TestEntry testId="0f141a30-05bd-f4ed-a627-d40adca6b3ca" executionId="c399be1a-512e-4ff7-a6bf-49a5f4c3fb91" testListId="8c84fa94-04c1-424b-9868-57a2d4851a1d" />
  </TestEntries>
  <TestLists>
    <TestList name="Results Not in a List" id="8c84fa94-04c1-424b-9868-57a2d4851a1d" />
    <TestList name="All Loaded Results" id="19431567-8539-422a-85d7-44ee4e166bda" />
  </TestLists>
  <ResultSummary outcome="Completed">
    <Counters total="76" executed="76" passed="76" failed="0" error="0" timeout="0" aborted="0" inconclusive="0" passedButRunAborted="0" notRunnable="0" notExecuted="0" disconnected="0" warning="0" completed="0" inProgress="0" pending="0" />
    <Output>
      <StdOut>[xUnit.net 00:00:00.00] xUnit.net VSTest Adapter v2.4.3+1b45f5407b (32-bit Desktop .NET 4.0.30319.42000)&#xD;
[xUnit.net 00:00:00.87]   Discovering: UnitTests&#xD;
[xUnit.net 00:00:01.06]   Discovered:  UnitTests&#xD;
[xUnit.net 00:00:01.07]   Starting:    UnitTests&#xD;
[xUnit.net 00:00:04.84]   Finished:    UnitTests&#xD;
</StdOut>
    </Output>
  </ResultSummary>
</TestRun>