<?xml version="1.0" encoding="utf-8"?>
<TestRun id="f9958f54-96e2-486f-b95b-1f78aae046fd" name="runneradmin@fv-az252-455 2022-04-04 01:35:48" runUser="fv-az252-455\runneradmin" xmlns="http://microsoft.com/schemas/VisualStudio/TeamTest/2010">
  <Times creation="2022-04-04T01:35:48.9961492+00:00" queuing="2022-04-04T01:35:48.9961495+00:00" start="2022-04-04T01:35:46.9535947+00:00" finish="2022-04-04T01:35:51.6585522+00:00" />
  <TestSettings name="default" id="e9c40431-1874-43a9-830d-27579bf90fcc">
    <Deployment runDeploymentRoot="runneradmin_fv-az252-455_2022-04-04_01_35_48" />
  </TestSettings>
  <Results>
    <UnitTestResult executionId="a11cbd01-4b0b-4755-a510-e416ba1ebb34" testId="1c164fbc-1ab1-9884-ccb8-9e84f4c977d0" testName="UnitTests.Services.ItemServiceTests.UpdateItem_NoName_Throws(name: &quot; &quot;)" computerName="fv-az252-455" duration="00:00:00.0010000" startTime="2022-04-04T01:35:49.7619091+00:00" endTime="2022-04-04T01:35:49.7619091+00:00" testType="13cdc9d9-ddb5-4fa4-a97d-d965ccfc6d4b" outcome="Passed" testListId="8c84fa94-04c1-424b-9868-57a2d4851a1d" relativeResultsDirectory="a11cbd01-4b0b-4755-a510-e416ba1ebb34" />
    <UnitTestResult executionId="d5a1cf55-d334-4bea-b46a-f776d288d9f5" testId="92b7b9f6-1294-7ea1-ffa3-91fba85074d4" testName="UnitTests.Services.ItemServiceTests.UpdateItem_NoName_Throws(name: &quot;  &quot;)" computerName="fv-az252-455" duration="00:00:00.0010000" startTime="2022-04-04T01:35:49.7629094+00:00" endTime="2022-04-04T01:35:49.7629094+00:00" testType="13cdc9d9-ddb5-4fa4-a97d-d965ccfc6d4b" outcome="Passed" testListId="8c84fa94-04c1-424b-9868-57a2d4851a1d" relativeResultsDirectory="d5a1cf55-d334-4bea-b46a-f776d288d9f5" />
    <UnitTestResult executionId="d4e19895-269e-40f1-961d-1eaacbbecd9b" testId="3cbfa5d3-e0f6-eff8-ed5c-556fa1f3e131" testName="UnitTests.Services.ItemServiceTests.UpdateItem_NoName_Throws(name: &quot;&quot;)" computerName="fv-az252-455" duration="00:00:00.0010000" startTime="2022-04-04T01:35:49.7759081+00:00" endTime="2022-04-04T01:35:49.7759081+00:00" testType="13cdc9d9-ddb5-4fa4-a97d-d965ccfc6d4b" outcome="Passed" testListId="8c84fa94-04c1-424b-9868-57a2d4851a1d" relativeResultsDirectory="d4e19895-269e-40f1-961d-1eaacbbecd9b" />
    <UnitTestResult executionId="7508b410-19fb-4f0e-a746-760b4a35f27d" testId="b80893de-3e2d-6029-ec19-65c03fd119c3" testName="UnitTests.EntensionMethodTests.IQueryable_IsOrdered_Works(ordered: False, descending: True, lastOrder: False)" computerName="fv-az252-455" duration="00:00:00.0070000" startTime="2022-04-04T01:35:51.4992649+00:00" endTime="2022-04-04T01:35:51.4992649+00:00" testType="13cdc9d9-ddb5-4fa4-a97d-d965ccfc6d4b" outcome="Passed" testListId="8c84fa94-04c1-424b-9868-57a2d4851a1d" relativeResultsDirectory="7508b410-19fb-4f0e-a746-760b4a35f27d" />
    <UnitTestResult executionId="bc02fc96-6012-476a-b0a0-adeda6e4e61b" testId="4fe0dd0f-2fa0-9c42-e816-a6df28150b72" testName="UnitTests.Data.Repositories.GenericRepositoryTests.GenericRepositoryGetsAll(iterations: 0)" computerName="fv-az252-455" duration="00:00:00.0060000" startTime="2022-04-04T01:35:51.4212660+00:00" endTime="2022-04-04T01:35:51.4212660+00:00" testType="13cdc9d9-ddb5-4fa4-a97d-d965ccfc6d4b" outcome="Passed" testListId="8c84fa94-04c1-424b-9868-57a2d4851a1d" relativeResultsDirectory="bc02fc96-6012-476a-b0a0-adeda6e4e61b" />
    <UnitTestResult executionId="0b3eb2cb-e097-45a8-806b-d43335077fc5" testId="ac1c50bc-98fd-036f-fe0f-d46cb187f90e" testName="UnitTests.Services.LoggingServiceTests.LogginService_TestableConstructorLogsError" computerName="fv-az252-455" duration="00:00:00.0280000" startTime="2022-04-04T01:35:49.6939109+00:00" endTime="2022-04-04T01:35:49.6939109+00:00" testType="13cdc9d9-ddb5-4fa4-a97d-d965ccfc6d4b" outcome="Passed" testListId="8c84fa94-04c1-424b-9868-57a2d4851a1d" relativeResultsDirectory="0b3eb2cb-e097-45a8-806b-d43335077fc5" />
    <UnitTestResult executionId="ffc129e7-efbb-4839-abdc-8207a33b756b" testId="9207202d-19b8-8eb5-74dc-6aa5d849467c" testName="UnitTests.EntensionMethodTests.IQueryable_GetPage_PagesProperly(count: 10, page: 1, pageSize: 10, expedtedPages: 1, expectedItems: 10, firstId: 1, descending: False)" computerName="fv-az252-455" duration="00:00:00.0190000" startTime="2022-04-04T01:35:51.4422666+00:00" endTime="2022-04-04T01:35:51.4422666+00:00" testType="13cdc9d9-ddb5-4fa4-a97d-d965ccfc6d4b" outcome="Passed" testListId="8c84fa94-04c1-424b-9868-57a2d4851a1d" relativeResultsDirectory="ffc129e7-efbb-4839-abdc-8207a33b756b" />
    <UnitTestResult executionId="74223926-acb6-4600-8246-bd12b24e9200" testId="a21637b0-54f8-4fa0-bc3b-95481a9fd90b" testName="UnitTests.Controllers.ModuleExceptionFilterAttributeTests.ArgumentException_BadRequest(exception: System.NotImplementedException: Not Implemented, expectedStatusCode: NotImplemented)" computerName="fv-az252-455" duration="00:00:00.0010000" startTime="2022-04-04T01:35:49.8509099+00:00" endTime="2022-04-04T01:35:49.8509099+00:00" testType="13cdc9d9-ddb5-4fa4-a97d-d965ccfc6d4b" outcome="Passed" testListId="8c84fa94-04c1-424b-9868-57a2d4851a1d" relativeResultsDirectory="74223926-acb6-4600-8246-bd12b24e9200" />
    <UnitTestResult executionId="53f9036e-b520-4418-bd6c-110b0a5d3dc1" testId="5f92ec4d-d570-0452-b891-d4cee75db9dd" testName="UnitTests.Controllers.ModuleApiControllerTests.CanEdit_Set_Throws" computerName="fv-az252-455" duration="00:00:00.0010000" startTime="2022-04-04T01:35:49.8029099+00:00" endTime="2022-04-04T01:35:49.8029099+00:00" testType="13cdc9d9-ddb5-4fa4-a97d-d965ccfc6d4b" outcome="Passed" testListId="8c84fa94-04c1-424b-9868-57a2d4851a1d" relativeResultsDirectory="53f9036e-b520-4418-bd6c-110b0a5d3dc1" />
    <UnitTestResult executionId="5c8a130a-9e16-41fa-9c57-beb2bf203d06" testId="bae3532a-4a9e-c4ab-fc66-4dfa22d16170" testName="UnitTests.Controllers.ModuleApiControllerTests.HasUserInfo" computerName="fv-az252-455" duration="00:00:00.0010000" startTime="2022-04-04T01:35:49.8039098+00:00" endTime="2022-04-04T01:35:49.8039098+00:00" testType="13cdc9d9-ddb5-4fa4-a97d-d965ccfc6d4b" outcome="Passed" testListId="8c84fa94-04c1-424b-9868-57a2d4851a1d" relativeResultsDirectory="5c8a130a-9e16-41fa-9c57-beb2bf203d06" />
    <UnitTestResult executionId="eeb076ba-2595-444e-9512-7154f961a6c2" testId="0247c7e7-7d1c-099b-2ac8-81a47ff2509a" testName="UnitTests.Controllers.ItemControllerTests.UserCanEdit_ReturnsBool(canEdit: False)" computerName="fv-az252-455" duration="00:00:00.0090000" startTime="2022-04-04T01:35:49.8709081+00:00" endTime="2022-04-04T01:35:49.8709081+00:00" testType="13cdc9d9-ddb5-4fa4-a97d-d965ccfc6d4b" outcome="Passed" testListId="8c84fa94-04c1-424b-9868-57a2d4851a1d" relativeResultsDirectory="eeb076ba-2595-444e-9512-7154f961a6c2" />
    <UnitTestResult executionId="6f900186-3592-486a-abdc-97394d2c3a01" testId="e6610648-e456-1c64-d2b1-7e1242b871a8" testName="UnitTests.Services.ItemServiceTests.DeleteItem_Deletes" computerName="fv-az252-455" duration="00:00:00.0010000" startTime="2022-04-04T01:35:49.7949096+00:00" endTime="2022-04-04T01:35:49.7949096+00:00" testType="13cdc9d9-ddb5-4fa4-a97d-d965ccfc6d4b" outcome="Passed" testListId="8c84fa94-04c1-424b-9868-57a2d4851a1d" relativeResultsDirectory="6f900186-3592-486a-abdc-97394d2c3a01" />
    <UnitTestResult executionId="cf59b804-a316-45fb-a1cd-2798d2109a6b" testId="8bbc68bc-7714-d990-1480-dfaedaafbd62" testName="UnitTests.EntensionMethodTests.IQueryable_GetPage_PagesProperly(count: 0, page: 0, pageSize: 0, expedtedPages: 0, expectedItems: 0, firstId: null, descending: False)" computerName="fv-az252-455" duration="00:00:00.0140000" startTime="2022-04-04T01:35:51.3532661+00:00" endTime="2022-04-04T01:35:51.3532661+00:00" testType="13cdc9d9-ddb5-4fa4-a97d-d965ccfc6d4b" outcome="Passed" testListId="8c84fa94-04c1-424b-9868-57a2d4851a1d" relativeResultsDirectory="cf59b804-a316-45fb-a1cd-2798d2109a6b" />
    <UnitTestResult executionId="c461e59d-1b7a-46cd-944c-cbd5e4bd937b" testId="7e661283-b2b2-d632-266b-6af1f3374c08" testName="UnitTests.EntensionMethodTests.IQueryable_GetPage_PagesProperly(count: 21, page: 1, pageSize: 10, expedtedPages: 3, expectedItems: 10, firstId: 21, descending: True)" computerName="fv-az252-455" duration="00:00:00.0400000" startTime="2022-04-04T01:35:51.4822657+00:00" endTime="2022-04-04T01:35:51.4822657+00:00" testType="13cdc9d9-ddb5-4fa4-a97d-d965ccfc6d4b" outcome="Passed" testListId="8c84fa94-04c1-424b-9868-57a2d4851a1d" relativeResultsDirectory="c461e59d-1b7a-46cd-944c-cbd5e4bd937b" />
    <UnitTestResult executionId="95264b7a-525f-4fca-90db-1fe376bdb650" testId="d6094ca1-b65b-5133-f464-9f7d01f0d023" testName="UnitTests.Controllers.ItemControllerTests.DeleteItem_Deletes(itemId: 10)" computerName="fv-az252-455" duration="00:00:00.0010000" startTime="2022-04-04T01:35:49.8859088+00:00" endTime="2022-04-04T01:35:49.8859088+00:00" testType="13cdc9d9-ddb5-4fa4-a97d-d965ccfc6d4b" outcome="Passed" testListId="8c84fa94-04c1-424b-9868-57a2d4851a1d" relativeResultsDirectory="95264b7a-525f-4fca-90db-1fe376bdb650" />
    <UnitTestResult executionId="2dd1383b-71d1-4246-9248-a7ec947e42a7" testId="ac2a99ba-3563-74a9-7d4c-8e91a58cd097" testName="UnitTests.Data.ModuleDbContextTests.DefaultConstructorThrows" computerName="fv-az252-455" duration="00:00:00.0050000" startTime="2022-04-04T01:35:49.8899084+00:00" endTime="2022-04-04T01:35:49.8899084+00:00" testType="13cdc9d9-ddb5-4fa4-a97d-d965ccfc6d4b" outcome="Passed" testListId="8c84fa94-04c1-424b-9868-57a2d4851a1d" relativeResultsDirectory="2dd1383b-71d1-4246-9248-a7ec947e42a7" />
    <UnitTestResult executionId="4153b11c-6929-4264-b265-a29c851cd2ab" testId="70ede014-c412-e387-bb98-e95b3b42090d" testName="UnitTests.Data.Repositories.GenericRepositoryTests.GenericRepositoryUpdates" computerName="fv-az252-455" duration="00:00:00.0290000" startTime="2022-04-04T01:35:51.4052660+00:00" endTime="2022-04-04T01:35:51.4052660+00:00" testType="13cdc9d9-ddb5-4fa4-a97d-d965ccfc6d4b" outcome="Passed" testListId="8c84fa94-04c1-424b-9868-57a2d4851a1d" relativeResultsDirectory="4153b11c-6929-4264-b265-a29c851cd2ab" />
    <UnitTestResult executionId="6d90f871-b7d9-4c50-b1b4-2dbffc7cf2bb" testId="d15ea2a7-9f9f-b92b-50fa-470898da705d" testName="UnitTests.Data.Repositories.GenericRepositoryTests.GenericRepositoryGetsAll(iterations: 3)" computerName="fv-az252-455" duration="00:00:00.0120000" startTime="2022-04-04T01:35:51.4332663+00:00" endTime="2022-04-04T01:35:51.4332663+00:00" testType="13cdc9d9-ddb5-4fa4-a97d-d965ccfc6d4b" outcome="Passed" testListId="8c84fa94-04c1-424b-9868-57a2d4851a1d" relativeResultsDirectory="6d90f871-b7d9-4c50-b1b4-2dbffc7cf2bb" />
    <UnitTestResult executionId="2a4c7ed6-fb15-4a55-bff6-1b3078c72a71" testId="a21637b0-54f8-4fa0-bc3b-95481a9fd90b" testName="UnitTests.Controllers.ModuleExceptionFilterAttributeTests.ArgumentException_BadRequest(exception: System.ArgumentNullException: Value cannot be null.&#xD;&#xA;Parameter name: Null, expectedStatusCode: BadRequest)" computerName="fv-az252-455" duration="00:00:00.0020000" startTime="2022-04-04T01:35:49.8489089+00:00" endTime="2022-04-04T01:35:49.8489089+00:00" testType="13cdc9d9-ddb5-4fa4-a97d-d965ccfc6d4b" outcome="Passed" testListId="8c84fa94-04c1-424b-9868-57a2d4851a1d" relativeResultsDirectory="2a4c7ed6-fb15-4a55-bff6-1b3078c72a71" />
    <UnitTestResult executionId="240bdc5f-60fb-4748-af3d-86f2fbcbb51d" testId="1a74e347-4470-5271-97ab-1ebaf8693270" testName="UnitTests.Controllers.ModuleExceptionFilterAttributeTests.SystemException_DoesNotExposeDetails" computerName="fv-az252-455" duration="00:00:00.0120000" startTime="2022-04-04T01:35:49.8619083+00:00" endTime="2022-04-04T01:35:49.8619083+00:00" testType="13cdc9d9-ddb5-4fa4-a97d-d965ccfc6d4b" outcome="Passed" testListId="8c84fa94-04c1-424b-9868-57a2d4851a1d" relativeResultsDirectory="240bdc5f-60fb-4748-af3d-86f2fbcbb51d" />
    <UnitTestResult executionId="468bfb93-d277-4608-9bd2-588f5d08dabd" testId="73fc5149-51d6-8241-9c9f-f48c28e448e3" testName="UnitTests.EntensionMethodTests.IQueryable_IsOrdered_ThrowsWithNull" computerName="fv-az252-455" duration="00:00:00.0010000" startTime="2022-04-04T01:35:51.5749258+00:00" endTime="2022-04-04T01:35:51.5749258+00:00" testType="13cdc9d9-ddb5-4fa4-a97d-d965ccfc6d4b" outcome="Passed" testListId="8c84fa94-04c1-424b-9868-57a2d4851a1d" relativeResultsDirectory="468bfb93-d277-4608-9bd2-588f5d08dabd" />
    <UnitTestResult executionId="77e050f7-65c0-4f8d-bd1d-d20c88f53046" testId="0bc54975-0bff-692e-a9b3-fc69f2c95a39" testName="UnitTests.Data.Repositories.GenericRepositoryTests.GenericRepositoryDeletes" computerName="fv-az252-455" duration="00:00:02.7510000" startTime="2022-04-04T01:35:51.3252666+00:00" endTime="2022-04-04T01:35:51.3252666+00:00" testType="13cdc9d9-ddb5-4fa4-a97d-d965ccfc6d4b" outcome="Passed" testListId="8c84fa94-04c1-424b-9868-57a2d4851a1d" relativeResultsDirectory="77e050f7-65c0-4f8d-bd1d-d20c88f53046" />
    <UnitTestResult executionId="fdcdad3e-956a-497f-889c-a773cb347fe1" testId="ffe5c770-9b99-42c0-ce21-7e50cccf4385" testName="UnitTests.Data.Repositories.GenericRepositoryTests.GenericRepositoryGetsAll(iterations: 2)" computerName="fv-az252-455" duration="00:00:00.0090000" startTime="2022-04-04T01:35:51.4142661+00:00" endTime="2022-04-04T01:35:51.4142661+00:00" testType="13cdc9d9-ddb5-4fa4-a97d-d965ccfc6d4b" outcome="Passed" testListId="8c84fa94-04c1-424b-9868-57a2d4851a1d" relativeResultsDirectory="fdcdad3e-956a-497f-889c-a773cb347fe1" />
    <UnitTestResult executionId="d6a7be0e-9b9d-4c26-a2a1-cab983dfc3c1" testId="d1c63cb7-1f9a-a8bf-a217-a4cbb4e5f73b" testName="UnitTests.Common.GlobalsTests.ModulePrefixIsValid" computerName="fv-az252-455" duration="00:00:00.0010000" startTime="2022-04-04T01:35:49.5257204+00:00" endTime="2022-04-04T01:35:49.5257204+00:00" testType="13cdc9d9-ddb5-4fa4-a97d-d965ccfc6d4b" outcome="Passed" testListId="8c84fa94-04c1-424b-9868-57a2d4851a1d" relativeResultsDirectory="d6a7be0e-9b9d-4c26-a2a1-cab983dfc3c1" />
    <UnitTestResult executionId="53baa83b-f4d4-42f9-b009-8c994a4473e9" testId="263c08b1-704a-f3c2-309e-6dee831dbdc9" testName="UnitTests.Services.ItemServiceTests.UpdateItem_NullDto_Throws" computerName="fv-az252-455" duration="00:00:00.0030000" startTime="2022-04-04T01:35:49.7579109+00:00" endTime="2022-04-04T01:35:49.7579109+00:00" testType="13cdc9d9-ddb5-4fa4-a97d-d965ccfc6d4b" outcome="Passed" testListId="8c84fa94-04c1-424b-9868-57a2d4851a1d" relativeResultsDirectory="53baa83b-f4d4-42f9-b009-8c994a4473e9" />
    <UnitTestResult executionId="8912ae9d-c06c-45bf-844e-28a55abc9339" testId="e6e0a140-85e7-6935-6160-ab95ecfd3c8a" testName="UnitTests.Data.Repositories.GenericRepositoryTests.GenericRepositoryCreatesAndGetsById" computerName="fv-az252-455" duration="00:00:00.0510000" startTime="2022-04-04T01:35:51.5302650+00:00" endTime="2022-04-04T01:35:51.5302650+00:00" testType="13cdc9d9-ddb5-4fa4-a97d-d965ccfc6d4b" outcome="Passed" testListId="8c84fa94-04c1-424b-9868-57a2d4851a1d" relativeResultsDirectory="8912ae9d-c06c-45bf-844e-28a55abc9339" />
    <UnitTestResult executionId="b01414c2-2155-452c-b666-71436285bda1" testId="b76e01b1-6afe-f33b-c6a9-ea3347176509" testName="UnitTests.Services.ItemServiceTests.UpdateItem_NoName_Throws(name: null)" computerName="fv-az252-455" duration="00:00:00.0010000" startTime="2022-04-04T01:35:49.7609109+00:00" endTime="2022-04-04T01:35:49.7609109+00:00" testType="13cdc9d9-ddb5-4fa4-a97d-d965ccfc6d4b" outcome="Passed" testListId="8c84fa94-04c1-424b-9868-57a2d4851a1d" relativeResultsDirectory="b01414c2-2155-452c-b666-71436285bda1" />
    <UnitTestResult executionId="10991c97-99bf-4103-8ab9-e8909dd3a41c" testId="0ebf358f-9eac-9438-b418-9c6aa81a6377" testName="UnitTests.Data.Repositories.GenericRepositoryTests.Repository_Update_UsesuserId" computerName="fv-az252-455" duration="00:00:00.0290000" startTime="2022-04-04T01:35:51.3742654+00:00" endTime="2022-04-04T01:35:51.3742654+00:00" testType="13cdc9d9-ddb5-4fa4-a97d-d965ccfc6d4b" outcome="Passed" testListId="8c84fa94-04c1-424b-9868-57a2d4851a1d" relativeResultsDirectory="10991c97-99bf-4103-8ab9-e8909dd3a41c" />
    <UnitTestResult executionId="dcf15383-d427-43d0-bd78-e88f78ddc436" testId="ad3412e8-5f64-2020-a5b6-bd4cca8c3b7d" testName="UnitTests.Data.Repositories.GenericRepositoryTests.GenericRepositoryGet" computerName="fv-az252-455" duration="00:00:00.0100000" startTime="2022-04-04T01:35:51.3442672+00:00" endTime="2022-04-04T01:35:51.3442672+00:00" testType="13cdc9d9-ddb5-4fa4-a97d-d965ccfc6d4b" outcome="Passed" testListId="8c84fa94-04c1-424b-9868-57a2d4851a1d" relativeResultsDirectory="dcf15383-d427-43d0-bd78-e88f78ddc436" />
    <UnitTestResult executionId="3506569b-c115-46ea-be40-476b12a4498c" testId="44b00d3a-bad7-aefd-141c-4a35b11463b2" testName="UnitTests.Data.Repositories.GenericRepositoryTests.Repository_Update_DefaultAudit" computerName="fv-az252-455" duration="00:00:00.0080000" startTime="2022-04-04T01:35:51.4712660+00:00" endTime="2022-04-04T01:35:51.4712660+00:00" testType="13cdc9d9-ddb5-4fa4-a97d-d965ccfc6d4b" outcome="Passed" testListId="8c84fa94-04c1-424b-9868-57a2d4851a1d" relativeResultsDirectory="3506569b-c115-46ea-be40-476b12a4498c" />
    <UnitTestResult executionId="7ba68abe-4e41-4a4c-bb87-31fa0bd55955" testId="9168bdef-a759-f4d6-b890-b643e17324cf" testName="UnitTests.Services.LoggingServiceTests.LogginService_TestableConstructorLogsErrorWithException" computerName="fv-az252-455" duration="00:00:00.0070000" startTime="2022-04-04T01:35:49.7009101+00:00" endTime="2022-04-04T01:35:49.7009101+00:00" testType="13cdc9d9-ddb5-4fa4-a97d-d965ccfc6d4b" outcome="Passed" testListId="8c84fa94-04c1-424b-9868-57a2d4851a1d" relativeResultsDirectory="7ba68abe-4e41-4a4c-bb87-31fa0bd55955" />
    <UnitTestResult executionId="e4174650-18c0-4871-91c3-c76201574dee" testId="61a8ccc9-c5b1-047b-3c97-f777ccc7d30b" testName="UnitTests.Controllers.ValidateModelAttributeTests.OnActionExecuting_Invalid_Works" computerName="fv-az252-455" duration="00:00:00.6300000" startTime="2022-04-04T01:35:49.2757243+00:00" endTime="2022-04-04T01:35:49.2757243+00:00" testType="13cdc9d9-ddb5-4fa4-a97d-d965ccfc6d4b" outcome="Passed" testListId="8c84fa94-04c1-424b-9868-57a2d4851a1d" relativeResultsDirectory="e4174650-18c0-4871-91c3-c76201574dee" />
    <UnitTestResult executionId="40f13315-a246-4fef-9e2c-640e69d39bfd" testId="0864c31d-6119-84d6-7f52-9d349dabbe84" testName="UnitTests.Services.ItemServiceTests.GetItemsPage_GetsPages(page: 0, pageSize: 0, descending: True, expectedPages: 30, returnedPage: 1)" computerName="fv-az252-455" duration="00:00:00.0460000" startTime="2022-04-04T01:35:49.7469087+00:00" endTime="2022-04-04T01:35:49.7469087+00:00" testType="13cdc9d9-ddb5-4fa4-a97d-d965ccfc6d4b" outcome="Passed" testListId="8c84fa94-04c1-424b-9868-57a2d4851a1d" relativeResultsDirectory="40f13315-a246-4fef-9e2c-640e69d39bfd" />
    <UnitTestResult executionId="9d938d79-2df3-4570-ab93-3e587bdb88db" testId="168fc980-36e3-101b-62b1-f5ab71e9fc0d" testName="UnitTests.Controllers.LocalizationControllerTests.GetLocalization_CallsLocalizationService" computerName="fv-az252-455" duration="00:00:00.1980000" startTime="2022-04-04T01:35:49.4867215+00:00" endTime="2022-04-04T01:35:49.4867215+00:00" testType="13cdc9d9-ddb5-4fa4-a97d-d965ccfc6d4b" outcome="Passed" testListId="8c84fa94-04c1-424b-9868-57a2d4851a1d" relativeResultsDirectory="9d938d79-2df3-4570-ab93-3e587bdb88db" />
    <UnitTestResult executionId="dac85a51-4ce9-498d-994c-745e90460ae2" testId="a21637b0-54f8-4fa0-bc3b-95481a9fd90b" testName="UnitTests.Controllers.ModuleExceptionFilterAttributeTests.ArgumentException_BadRequest(exception: System.TimeoutException: Timed out, expectedStatusCode: RequestTimeout)" computerName="fv-az252-455" duration="00:00:00.0010000" startTime="2022-04-04T01:35:49.8529082+00:00" endTime="2022-04-04T01:35:49.8529082+00:00" testType="13cdc9d9-ddb5-4fa4-a97d-d965ccfc6d4b" outcome="Passed" testListId="8c84fa94-04c1-424b-9868-57a2d4851a1d" relativeResultsDirectory="dac85a51-4ce9-498d-994c-745e90460ae2" />
    <UnitTestResult executionId="2cd4bf59-cef9-45c3-b464-ac65af7fb9bd" testId="315adde5-f36d-a74f-aa46-fb22a0f78cd9" testName="UnitTests.Controllers.ItemControllerTests.UpdateItem_Updates" computerName="fv-az252-455" duration="00:00:00.0020000" startTime="2022-04-04T01:35:49.8829088+00:00" endTime="2022-04-04T01:35:49.8829088+00:00" testType="13cdc9d9-ddb5-4fa4-a97d-d965ccfc6d4b" outcome="Passed" testListId="8c84fa94-04c1-424b-9868-57a2d4851a1d" relativeResultsDirectory="2cd4bf59-cef9-45c3-b464-ac65af7fb9bd" />
    <UnitTestResult executionId="ccafe04f-ee8e-4515-82a8-5b3941532037" testId="2d3a68b5-bf4c-0513-b733-5ed612794244" testName="UnitTests.EntensionMethodTests.IQueryable_GetPage_EmptyDoesNotThrow" computerName="fv-az252-455" duration="00:00:00.0260000" startTime="2022-04-04T01:35:51.5729247+00:00" endTime="2022-04-04T01:35:51.5729247+00:00" testType="13cdc9d9-ddb5-4fa4-a97d-d965ccfc6d4b" outcome="Passed" testListId="8c84fa94-04c1-424b-9868-57a2d4851a1d" relativeResultsDirectory="ccafe04f-ee8e-4515-82a8-5b3941532037" />
    <UnitTestResult executionId="a8c62ae8-5523-4e94-b855-9216e052fd8d" testId="0f141a30-05bd-f4ed-a627-d40adca6b3ca" testName="UnitTests.Services.ItemServiceTests.GetItemsPage_GetsPages(page: 4, pageSize: 10, descending: False, expectedPages: 3, returnedPage: 3)" computerName="fv-az252-455" duration="00:00:00.0020000" startTime="2022-04-04T01:35:49.7559102+00:00" endTime="2022-04-04T01:35:49.7559102+00:00" testType="13cdc9d9-ddb5-4fa4-a97d-d965ccfc6d4b" outcome="Passed" testListId="8c84fa94-04c1-424b-9868-57a2d4851a1d" relativeResultsDirectory="a8c62ae8-5523-4e94-b855-9216e052fd8d" />
    <UnitTestResult executionId="5ff20286-2048-4cb5-87f1-f53b52cfe125" testId="6f0b47a1-9d18-a5d8-8dd1-c8f266712c15" testName="UnitTests.EntensionMethodTests.IQueryable_IsOrdered_Works(ordered: True, descending: True, lastOrder: False)" computerName="fv-az252-455" duration="00:00:00.0070000" startTime="2022-04-04T01:35:51.5062654+00:00" endTime="2022-04-04T01:35:51.5062654+00:00" testType="13cdc9d9-ddb5-4fa4-a97d-d965ccfc6d4b" outcome="Passed" testListId="8c84fa94-04c1-424b-9868-57a2d4851a1d" relativeResultsDirectory="5ff20286-2048-4cb5-87f1-f53b52cfe125" />
    <UnitTestResult executionId="5c8d504e-eec4-4448-8654-4389899bdf26" testId="aec60494-3c2e-8ec9-f948-da5bb2043983" testName="UnitTests.Controllers.ItemControllerTests.UserCanEdit_ReturnsBool(canEdit: True)" computerName="fv-az252-455" duration="00:00:00.0010000" startTime="2022-04-04T01:35:49.8729092+00:00" endTime="2022-04-04T01:35:49.8729092+00:00" testType="13cdc9d9-ddb5-4fa4-a97d-d965ccfc6d4b" outcome="Passed" testListId="8c84fa94-04c1-424b-9868-57a2d4851a1d" relativeResultsDirectory="5c8d504e-eec4-4448-8654-4389899bdf26" />
    <UnitTestResult executionId="7c2958c5-8b72-4e19-a3e1-d165027496c0" testId="2aef35a8-73ad-0c03-c8a4-2b5a1d37af8f" testName="UnitTests.EntensionMethodTests.IQueryable_IsOrdered_Works(ordered: False, descending: False, lastOrder: False)" computerName="fv-az252-455" duration="00:00:00.0110000" startTime="2022-04-04T01:35:51.4922652+00:00" endTime="2022-04-04T01:35:51.4922652+00:00" testType="13cdc9d9-ddb5-4fa4-a97d-d965ccfc6d4b" outcome="Passed" testListId="8c84fa94-04c1-424b-9868-57a2d4851a1d" relativeResultsDirectory="7c2958c5-8b72-4e19-a3e1-d165027496c0" />
    <UnitTestResult executionId="48f50511-66c3-4065-b24e-543e6ee5d9a6" testId="24cfa8b0-48c3-8aab-e4c2-88694c220e2c" testName="UnitTests.Data.Repositories.GenericRepositoryTests.GenericRepositoryUpdate_ThrowsWithNullEntity" computerName="fv-az252-455" duration="00:00:00.0010000" startTime="2022-04-04T01:35:51.4722672+00:00" endTime="2022-04-04T01:35:51.4722672+00:00" testType="13cdc9d9-ddb5-4fa4-a97d-d965ccfc6d4b" outcome="Passed" testListId="8c84fa94-04c1-424b-9868-57a2d4851a1d" relativeResultsDirectory="48f50511-66c3-4065-b24e-543e6ee5d9a6" />
    <UnitTestResult executionId="63343787-aa8f-451f-a114-5300b5ea6fb4" testId="f46af852-6230-3d31-e31c-2959bffd491f" testName="UnitTests.EntensionMethodTests.IQueryable_IsOrdered_Works(ordered: True, descending: True, lastOrder: True)" computerName="fv-az252-455" duration="00:00:00.0110000" startTime="2022-04-04T01:35:51.5242644+00:00" endTime="2022-04-04T01:35:51.5242644+00:00" testType="13cdc9d9-ddb5-4fa4-a97d-d965ccfc6d4b" outcome="Passed" testListId="8c84fa94-04c1-424b-9868-57a2d4851a1d" relativeResultsDirectory="63343787-aa8f-451f-a114-5300b5ea6fb4" />
    <UnitTestResult executionId="ef8a5619-1ebf-45a5-80d6-07aafef276ea" testId="f754f777-4449-23e8-f4ec-917f49117de2" testName="UnitTests.Data.Repositories.GenericRepositoryTests.Repository_DeleteMissing_DoesNotThrow" computerName="fv-az252-455" duration="00:00:00.0150000" startTime="2022-04-04T01:35:51.4622649+00:00" endTime="2022-04-04T01:35:51.4622649+00:00" testType="13cdc9d9-ddb5-4fa4-a97d-d965ccfc6d4b" outcome="Passed" testListId="8c84fa94-04c1-424b-9868-57a2d4851a1d" relativeResultsDirectory="ef8a5619-1ebf-45a5-80d6-07aafef276ea" />
    <UnitTestResult executionId="ea18cc3f-1c44-476f-8656-323a7e149f5f" testId="a21637b0-54f8-4fa0-bc3b-95481a9fd90b" testName="UnitTests.Controllers.ModuleExceptionFilterAttributeTests.ArgumentException_BadRequest(exception: System.ArgumentException: Argument, expectedStatusCode: BadRequest)" computerName="fv-az252-455" duration="00:00:00.0010000" startTime="2022-04-04T01:35:49.8499090+00:00" endTime="2022-04-04T01:35:49.8499090+00:00" testType="13cdc9d9-ddb5-4fa4-a97d-d965ccfc6d4b" outcome="Passed" testListId="8c84fa94-04c1-424b-9868-57a2d4851a1d" relativeResultsDirectory="ea18cc3f-1c44-476f-8656-323a7e149f5f" />
    <UnitTestResult executionId="a746e7ac-29d2-4c11-ba11-e02f570b905a" testId="0dc5a512-bfd0-bc80-f676-16e6d961ec4d" testName="UnitTests.EntensionMethodTests.IQueryable_IsOrdered_Works(ordered: False, descending: False, lastOrder: True)" computerName="fv-az252-455" duration="00:00:00.0060000" startTime="2022-04-04T01:35:51.5469270+00:00" endTime="2022-04-04T01:35:51.5469270+00:00" testType="13cdc9d9-ddb5-4fa4-a97d-d965ccfc6d4b" outcome="Passed" testListId="8c84fa94-04c1-424b-9868-57a2d4851a1d" relativeResultsDirectory="a746e7ac-29d2-4c11-ba11-e02f570b905a" />
    <UnitTestResult executionId="bfd0c067-a4a7-4175-a1eb-557cbcc14fc0" testId="b72028ed-e29e-ac6a-9e2e-bf700facee4e" testName="UnitTests.EntensionMethodTests.IQueryable_IsOrdered_Works(ordered: True, descending: False, lastOrder: False)" computerName="fv-az252-455" duration="00:00:00.0080000" startTime="2022-04-04T01:35:51.5412654+00:00" endTime="2022-04-04T01:35:51.5412654+00:00" testType="13cdc9d9-ddb5-4fa4-a97d-d965ccfc6d4b" outcome="Passed" testListId="8c84fa94-04c1-424b-9868-57a2d4851a1d" relativeResultsDirectory="bfd0c067-a4a7-4175-a1eb-557cbcc14fc0" />
    <UnitTestResult executionId="389ce008-8220-49f9-9eec-8e6b522e6373" testId="d16880d7-fb44-f209-43d9-ba2e0e1875de" testName="UnitTests.Data.Repositories.GenericRepositoryTests.GenericRepositoryGetsAll(iterations: 1)" computerName="fv-az252-455" duration="00:00:00.0090000" startTime="2022-04-04T01:35:51.4452660+00:00" endTime="2022-04-04T01:35:51.4452660+00:00" testType="13cdc9d9-ddb5-4fa4-a97d-d965ccfc6d4b" outcome="Passed" testListId="8c84fa94-04c1-424b-9868-57a2d4851a1d" relativeResultsDirectory="389ce008-8220-49f9-9eec-8e6b522e6373" />
    <UnitTestResult executionId="fc492df7-de3a-4b2f-9049-58be226a33df" testId="ae39aa62-5ff2-56e7-d00e-ef116d711d51" testName="UnitTests.Data.Repositories.GenericRepositoryTests.Repository_Create_DefaultAudit" computerName="fv-az252-455" duration="00:00:00.0060000" startTime="2022-04-04T01:35:51.4772664+00:00" endTime="2022-04-04T01:35:51.4772664+00:00" testType="13cdc9d9-ddb5-4fa4-a97d-d965ccfc6d4b" outcome="Passed" testListId="8c84fa94-04c1-424b-9868-57a2d4851a1d" relativeResultsDirectory="fc492df7-de3a-4b2f-9049-58be226a33df" />
    <UnitTestResult executionId="3813c625-d8ef-4921-91cd-f3ce61061aba" testId="a9198ad3-782e-a37c-0b5f-1330f5318f55" testName="UnitTests.Services.ItemServiceTests.CreateItem_Creates" computerName="fv-az252-455" duration="00:00:00.0080000" startTime="2022-04-04T01:35:49.8009090+00:00" endTime="2022-04-04T01:35:49.8009090+00:00" testType="13cdc9d9-ddb5-4fa4-a97d-d965ccfc6d4b" outcome="Passed" testListId="8c84fa94-04c1-424b-9868-57a2d4851a1d" relativeResultsDirectory="3813c625-d8ef-4921-91cd-f3ce61061aba" />
    <UnitTestResult executionId="6599355a-87c4-4592-aba0-d35527bdae2c" testId="8ba31d1b-48e3-e04e-cff0-b927c63b4a19" testName="UnitTests.Services.LoggingServiceTests.LoggingService_DefaultConstructorExists" computerName="fv-az252-455" duration="00:00:00.1380000" startTime="2022-04-04T01:35:49.6649096+00:00" endTime="2022-04-04T01:35:49.6649096+00:00" testType="13cdc9d9-ddb5-4fa4-a97d-d965ccfc6d4b" outcome="Passed" testListId="8c84fa94-04c1-424b-9868-57a2d4851a1d" relativeResultsDirectory="6599355a-87c4-4592-aba0-d35527bdae2c" />
    <UnitTestResult executionId="004cd5af-bc2b-4b63-985a-8b25e8501d58" testId="d5b75914-a4f0-1327-0212-c8781f6dfe81" testName="UnitTests.EntensionMethodTests.IQueryable_IsOrdered_Works(ordered: False, descending: True, lastOrder: True)" computerName="fv-az252-455" duration="00:00:00.0060000" startTime="2022-04-04T01:35:51.5122653+00:00" endTime="2022-04-04T01:35:51.5122653+00:00" testType="13cdc9d9-ddb5-4fa4-a97d-d965ccfc6d4b" outcome="Passed" testListId="8c84fa94-04c1-424b-9868-57a2d4851a1d" relativeResultsDirectory="004cd5af-bc2b-4b63-985a-8b25e8501d58" />
    <UnitTestResult executionId="6dcf276d-bed3-4cfb-9300-6521bc2a7db5" testId="986d7e6e-d04d-b204-b01c-fbb8f09c7774" testName="UnitTests.Controllers.ServiceRouteMapperTests.RegisterRoutes_RegistersAtLestOneRoute" computerName="fv-az252-455" duration="00:00:00.0330000" startTime="2022-04-04T01:35:49.5227199+00:00" endTime="2022-04-04T01:35:49.5227199+00:00" testType="13cdc9d9-ddb5-4fa4-a97d-d965ccfc6d4b" outcome="Passed" testListId="8c84fa94-04c1-424b-9868-57a2d4851a1d" relativeResultsDirectory="6dcf276d-bed3-4cfb-9300-6521bc2a7db5" />
    <UnitTestResult executionId="d80b577d-30c8-4701-a1f4-3054b1e97bf5" testId="a21637b0-54f8-4fa0-bc3b-95481a9fd90b" testName="UnitTests.Controllers.ModuleExceptionFilterAttributeTests.ArgumentException_BadRequest(exception: System.UnauthorizedAccessException: Unauthorized, expectedStatusCode: Unauthorized)" computerName="fv-az252-455" duration="00:00:00.0010000" startTime="2022-04-04T01:35:49.8539095+00:00" endTime="2022-04-04T01:35:49.8539095+00:00" testType="13cdc9d9-ddb5-4fa4-a97d-d965ccfc6d4b" outcome="Passed" testListId="8c84fa94-04c1-424b-9868-57a2d4851a1d" relativeResultsDirectory="d80b577d-30c8-4701-a1f4-3054b1e97bf5" />
    <UnitTestResult executionId="ea70277b-5135-4566-8c19-761b4ffd3aeb" testId="e55f1742-c16d-5086-2251-ad3372dd48f5" testName="UnitTests.Controllers.ValidateModelAttributeTests.OnActionExecuting_Valid_Works" computerName="fv-az252-455" duration="00:00:00.0610000" startTime="2022-04-04T01:35:48.6577294+00:00" endTime="2022-04-04T01:35:48.6577294+00:00" testType="13cdc9d9-ddb5-4fa4-a97d-d965ccfc6d4b" outcome="Passed" testListId="8c84fa94-04c1-424b-9868-57a2d4851a1d" relativeResultsDirectory="ea70277b-5135-4566-8c19-761b4ffd3aeb" />
    <UnitTestResult executionId="682ddc8c-ed30-4427-9cfc-28f715318800" testId="95a0a379-a9bd-3d99-f720-e626260de7f6" testName="UnitTests.EntensionMethodTests.IQueryable_GetPage_PagesProperly(count: 101, page: 1, pageSize: 50, expedtedPages: 3, expectedItems: 50, firstId: 1, descending: False)" computerName="fv-az252-455" duration="00:00:00.0500000" startTime="2022-04-04T01:35:51.4072677+00:00" endTime="2022-04-04T01:35:51.4072677+00:00" testType="13cdc9d9-ddb5-4fa4-a97d-d965ccfc6d4b" outcome="Passed" testListId="8c84fa94-04c1-424b-9868-57a2d4851a1d" relativeResultsDirectory="682ddc8c-ed30-4427-9cfc-28f715318800" />
    <UnitTestResult executionId="ff25226d-6557-475d-9a7e-2cccb45e09f4" testId="4bb697d7-9cb3-28c5-7c49-3e60c8ee823d" testName="UnitTests.EntensionMethodTests.IQueryable_GetPage_PagesProperly(count: 0, page: -1, pageSize: -1, expedtedPages: 0, expectedItems: 0, firstId: null, descending: False)" computerName="fv-az252-455" duration="00:00:00.0110000" startTime="2022-04-04T01:35:51.4202646+00:00" endTime="2022-04-04T01:35:51.4202646+00:00" testType="13cdc9d9-ddb5-4fa4-a97d-d965ccfc6d4b" outcome="Passed" testListId="8c84fa94-04c1-424b-9868-57a2d4851a1d" relativeResultsDirectory="ff25226d-6557-475d-9a7e-2cccb45e09f4" />
    <UnitTestResult executionId="a3aabfff-b356-4f4b-a31a-dfae1adc5c5a" testId="36689490-09d4-917f-648a-70dcfcfede10" testName="UnitTests.Data.Repositories.GenericRepositoryTests.GenericRepositoryCreate_ThrowsWithNullEntity" computerName="fv-az252-455" duration="00:00:00.0010000" startTime="2022-04-04T01:35:51.3462687+00:00" endTime="2022-04-04T01:35:51.3462687+00:00" testType="13cdc9d9-ddb5-4fa4-a97d-d965ccfc6d4b" outcome="Passed" testListId="8c84fa94-04c1-424b-9868-57a2d4851a1d" relativeResultsDirectory="a3aabfff-b356-4f4b-a31a-dfae1adc5c5a" />
    <UnitTestResult executionId="c5e5857f-ede7-4fdc-86ec-82a95cf6d111" testId="19223079-ea41-5691-855c-970af1a1e611" testName="UnitTests.Services.ItemServiceTests.GetItemsPage_GetsPages(page: 1, pageSize: 10, descending: False, expectedPages: 3, returnedPage: 1)" computerName="fv-az252-455" duration="00:00:00.0020000" startTime="2022-04-04T01:35:49.7549107+00:00" endTime="2022-04-04T01:35:49.7549107+00:00" testType="13cdc9d9-ddb5-4fa4-a97d-d965ccfc6d4b" outcome="Passed" testListId="8c84fa94-04c1-424b-9868-57a2d4851a1d" relativeResultsDirectory="c5e5857f-ede7-4fdc-86ec-82a95cf6d111" />
    <UnitTestResult executionId="d7bbeab4-8df5-48d1-b4bf-126a276bf74e" testId="478b61ee-7d85-9dbe-985d-08c590f8666a" testName="UnitTests.Controllers.ItemControllerTests.DeleteItem_Deletes(itemId: 1)" computerName="fv-az252-455" duration="00:00:00.0010000" startTime="2022-04-04T01:35:49.8869083+00:00" endTime="2022-04-04T01:35:49.8869083+00:00" testType="13cdc9d9-ddb5-4fa4-a97d-d965ccfc6d4b" outcome="Passed" testListId="8c84fa94-04c1-424b-9868-57a2d4851a1d" relativeResultsDirectory="d7bbeab4-8df5-48d1-b4bf-126a276bf74e" />
    <UnitTestResult executionId="f1e435bc-b240-480a-9a4e-31ff5aaaa11f" testId="588a2c1b-7788-beb2-ade0-06788d455d25" testName="UnitTests.Controllers.ItemControllerTests.CreateItem_Creates" computerName="fv-az252-455" duration="00:00:00.0030000" startTime="2022-04-04T01:35:49.8739082+00:00" endTime="2022-04-04T01:35:49.8739082+00:00" testType="13cdc9d9-ddb5-4fa4-a97d-d965ccfc6d4b" outcome="Passed" testListId="8c84fa94-04c1-424b-9868-57a2d4851a1d" relativeResultsDirectory="f1e435bc-b240-480a-9a4e-31ff5aaaa11f" />
    <UnitTestResult executionId="159e880f-b4d4-41d7-afac-e8bffa377d97" testId="e4f8faa7-d0ad-86e6-1579-7bd52372b4c3" testName="UnitTests.Data.Repositories.GenericRepositoryTests.GenericRepositoryConstructs" computerName="fv-az252-455" duration="00:00:00.0010000" startTime="2022-04-04T01:35:51.4642669+00:00" endTime="2022-04-04T01:35:51.4642669+00:00" testType="13cdc9d9-ddb5-4fa4-a97d-d965ccfc6d4b" outcome="Passed" testListId="8c84fa94-04c1-424b-9868-57a2d4851a1d" relativeResultsDirectory="159e880f-b4d4-41d7-afac-e8bffa377d97" />
    <UnitTestResult executionId="0793340f-a268-49b0-85f1-f7f01e2ecf80" testId="572fc310-4b67-9555-f147-153d39f2eb82" testName="UnitTests.Data.Entities.ItemTests.ItemConstructsProperly" computerName="fv-az252-455" duration="00:00:00.0010000" startTime="2022-04-04T01:35:51.5342650+00:00" endTime="2022-04-04T01:35:51.5342650+00:00" testType="13cdc9d9-ddb5-4fa4-a97d-d965ccfc6d4b" outcome="Passed" testListId="8c84fa94-04c1-424b-9868-57a2d4851a1d" relativeResultsDirectory="0793340f-a268-49b0-85f1-f7f01e2ecf80" />
    <UnitTestResult executionId="2e7b83a4-a675-4ffb-84ed-ea30b1fb407a" testId="1b051fa0-d4cc-1b32-80bb-d56b714e3066" testName="UnitTests.Services.ItemServiceTests.GetItemsPage_GetsPages(page: 1, pageSize: 20, descending: False, expectedPages: 2, returnedPage: 1)" computerName="fv-az252-455" duration="00:00:00.0030000" startTime="2022-04-04T01:35:49.7499097+00:00" endTime="2022-04-04T01:35:49.7499097+00:00" testType="13cdc9d9-ddb5-4fa4-a97d-d965ccfc6d4b" outcome="Passed" testListId="8c84fa94-04c1-424b-9868-57a2d4851a1d" relativeResultsDirectory="2e7b83a4-a675-4ffb-84ed-ea30b1fb407a" />
    <UnitTestResult executionId="a6eb652a-365b-4eeb-8b9d-6c19cea6be6e" testId="392ed628-2028-c945-b97e-893658a1e82b" testName="UnitTests.Data.Entities.ItemTests.ItemPropertiesPersist(id: 1, name: &quot;Name1&quot;, description: &quot;Description1&quot;)" computerName="fv-az252-455" duration="00:00:00.0010000" startTime="2022-04-04T01:35:51.5312665+00:00" endTime="2022-04-04T01:35:51.5312665+00:00" testType="13cdc9d9-ddb5-4fa4-a97d-d965ccfc6d4b" outcome="Passed" testListId="8c84fa94-04c1-424b-9868-57a2d4851a1d" relativeResultsDirectory="a6eb652a-365b-4eeb-8b9d-6c19cea6be6e" />
    <UnitTestResult executionId="6f2f05d2-6f19-4417-a4e2-4216b0b3f938" testId="1017c6c1-9dd0-57dc-36e7-bb573d02562e" testName="UnitTests.Controllers.ItemControllerTests.GetItemsPage_GetsProperPages" computerName="fv-az252-455" duration="00:00:00.0060000" startTime="2022-04-04T01:35:49.8809088+00:00" endTime="2022-04-04T01:35:49.8809088+00:00" testType="13cdc9d9-ddb5-4fa4-a97d-d965ccfc6d4b" outcome="Passed" testListId="8c84fa94-04c1-424b-9868-57a2d4851a1d" relativeResultsDirectory="6f2f05d2-6f19-4417-a4e2-4216b0b3f938" />
    <UnitTestResult executionId="11eb51c7-248f-459a-b35a-5189af5995a5" testId="113f48ce-a6a3-c5df-7589-ba5a5fcb9c59" testName="UnitTests.Controllers.ModuleExceptionFilterAttributeTests.NoException_DoesNothing" computerName="fv-az252-455" duration="00:00:00.0010000" startTime="2022-04-04T01:35:49.8549084+00:00" endTime="2022-04-04T01:35:49.8549084+00:00" testType="13cdc9d9-ddb5-4fa4-a97d-d965ccfc6d4b" outcome="Passed" testListId="8c84fa94-04c1-424b-9868-57a2d4851a1d" relativeResultsDirectory="11eb51c7-248f-459a-b35a-5189af5995a5" />
    <UnitTestResult executionId="7561fa54-5c8c-498b-9199-c15e1bf77aeb" testId="130d9133-361f-a0da-f15e-423eb98947ac" testName="UnitTests.Services.ItemServiceTests.UpdateItem_Updates" computerName="fv-az252-455" duration="00:00:00.0330000" startTime="2022-04-04T01:35:49.7919091+00:00" endTime="2022-04-04T01:35:49.7919091+00:00" testType="13cdc9d9-ddb5-4fa4-a97d-d965ccfc6d4b" outcome="Passed" testListId="8c84fa94-04c1-424b-9868-57a2d4851a1d" relativeResultsDirectory="7561fa54-5c8c-498b-9199-c15e1bf77aeb" />
    <UnitTestResult executionId="9294adaa-0c17-40c8-844f-6973176e8942" testId="3140ebc5-2430-06b3-4257-a6794b9b09ac" testName="UnitTests.EntensionMethodTests.IQueryable_IsOrdered_Works(ordered: True, descending: False, lastOrder: True)" computerName="fv-az252-455" duration="00:00:00.0070000" startTime="2022-04-04T01:35:51.5362657+00:00" endTime="2022-04-04T01:35:51.5362657+00:00" testType="13cdc9d9-ddb5-4fa4-a97d-d965ccfc6d4b" outcome="Passed" testListId="8c84fa94-04c1-424b-9868-57a2d4851a1d" relativeResultsDirectory="9294adaa-0c17-40c8-844f-6973176e8942" />
    <UnitTestResult executionId="cffe6d8a-9985-44fd-9fe9-bd02ee38ca24" testId="320e3c11-11d1-b3ef-0d2e-5e474f674ff1" testName="UnitTests.Controllers.ModuleApiControllerTests.CanEdit_DefaultsToFalse" computerName="fv-az252-455" duration="00:00:00.0020000" startTime="2022-04-04T01:35:49.8049094+00:00" endTime="2022-04-04T01:35:49.8049094+00:00" testType="13cdc9d9-ddb5-4fa4-a97d-d965ccfc6d4b" outcome="Passed" testListId="8c84fa94-04c1-424b-9868-57a2d4851a1d" relativeResultsDirectory="cffe6d8a-9985-44fd-9fe9-bd02ee38ca24" />
    <UnitTestResult executionId="8411b19f-0bf7-47cd-8216-0689ed915e8d" testId="19b6234c-c2df-2304-54f9-54b0da4cd6ba" testName="UnitTests.Services.ItemServiceTests.CreateItem_NoNameThrows" computerName="fv-az252-455" duration="00:00:00.0010000" startTime="2022-04-04T01:35:49.7589103+00:00" endTime="2022-04-04T01:35:49.7589103+00:00" testType="13cdc9d9-ddb5-4fa4-a97d-d965ccfc6d4b" outcome="Passed" testListId="8c84fa94-04c1-424b-9868-57a2d4851a1d" relativeResultsDirectory="8411b19f-0bf7-47cd-8216-0689ed915e8d" />
    <UnitTestResult executionId="bb579654-eebd-49ec-b5fb-4a51eb65c792" testId="a21637b0-54f8-4fa0-bc3b-95481a9fd90b" testName="UnitTests.Controllers.ModuleExceptionFilterAttributeTests.ArgumentException_BadRequest(exception: System.ArgumentOutOfRangeException: Specified argument was out of the range of valid values.&#xD;&#xA;Parameter name: Out of range, expectedStatusCode: BadRequest)" computerName="fv-az252-455" duration="00:00:00.0010000" startTime="2022-04-04T01:35:49.8499090+00:00" endTime="2022-04-04T01:35:49.8499090+00:00" testType="13cdc9d9-ddb5-4fa4-a97d-d965ccfc6d4b" outcome="Passed" testListId="8c84fa94-04c1-424b-9868-57a2d4851a1d" relativeResultsDirectory="bb579654-eebd-49ec-b5fb-4a51eb65c792" />
    <UnitTestResult executionId="a977ef99-bf77-46c6-8b66-1ee0ba00e655" testId="96a18501-dea4-70b1-d572-baa1bb120da2" testName="UnitTests.Data.Entities.ItemTests.ItemPropertiesPersist(id: 2, name: &quot;Name2&quot;, description: &quot;Description2&quot;)" computerName="fv-az252-455" duration="00:00:00.0010000" startTime="2022-04-04T01:35:51.5332660+00:00" endTime="2022-04-04T01:35:51.5332660+00:00" testType="13cdc9d9-ddb5-4fa4-a97d-d965ccfc6d4b" outcome="Passed" testListId="8c84fa94-04c1-424b-9868-57a2d4851a1d" relativeResultsDirectory="a977ef99-bf77-46c6-8b66-1ee0ba00e655" />
    <UnitTestResult executionId="2fe0832c-e758-4e9e-a1b9-22949721f5a4" testId="e1c7f76f-6195-c844-23c0-304b47fbae66" testName="UnitTests.Data.Repositories.GenericRepositoryTests.Repository_Create_UsesUserId" computerName="fv-az252-455" duration="00:00:00.0080000" startTime="2022-04-04T01:35:51.3332664+00:00" endTime="2022-04-04T01:35:51.3332664+00:00" testType="13cdc9d9-ddb5-4fa4-a97d-d965ccfc6d4b" outcome="Passed" testListId="8c84fa94-04c1-424b-9868-57a2d4851a1d" relativeResultsDirectory="2fe0832c-e758-4e9e-a1b9-22949721f5a4" />
    <UnitTestResult executionId="f067f66a-3d59-4db3-b1de-3aacd886cce3" testId="f5652070-1b22-f5a7-3f3f-68b37c9184a8" testName="UnitTests.Services.ItemServiceTests.CreateItem_NoItemThrows" computerName="fv-az252-455" duration="00:00:00.0010000" startTime="2022-04-04T01:35:49.7939108+00:00" endTime="2022-04-04T01:35:49.7939108+00:00" testType="13cdc9d9-ddb5-4fa4-a97d-d965ccfc6d4b" outcome="Passed" testListId="8c84fa94-04c1-424b-9868-57a2d4851a1d" relativeResultsDirectory="f067f66a-3d59-4db3-b1de-3aacd886cce3" />
    <UnitTestResult executionId="755f63f7-9500-4270-9729-e9fce242664e" testId="2695f427-ed7b-9f97-5696-f97a7702128c" testName="UnitTests.EntensionMethodTests.IQueryable_GetPage_PagesProperly(count: 20, page: 2, pageSize: 10, expedtedPages: 2, expectedItems: 10, firstId: 11, descending: False)" computerName="fv-az252-455" duration="00:00:01.4490000" startTime="2022-04-04T01:35:51.3382655+00:00" endTime="2022-04-04T01:35:51.3382655+00:00" testType="13cdc9d9-ddb5-4fa4-a97d-d965ccfc6d4b" outcome="Passed" testListId="8c84fa94-04c1-424b-9868-57a2d4851a1d" relativeResultsDirectory="755f63f7-9500-4270-9729-e9fce242664e" />
  </Results>
  <TestDefinitions>
    <UnitTest name="UnitTests.Controllers.ItemControllerTests.DeleteItem_Deletes(itemId: 1)" storage="d:\a\dnn.uservoice\dnn.uservoice\unittests\bin\unittests.dll" id="478b61ee-7d85-9dbe-985d-08c590f8666a">
      <Execution id="d7bbeab4-8df5-48d1-b4bf-126a276bf74e" />
      <TestMethod codeBase="D:\a\DNN.UserVoice\DNN.UserVoice\UnitTests\bin\UnitTests.dll" adapterTypeName="executor://xunit/VsTestRunner2/net" className="UnitTests.Controllers.ItemControllerTests" name="DeleteItem_Deletes" />
    </UnitTest>
    <UnitTest name="UnitTests.EntensionMethodTests.IQueryable_IsOrdered_Works(ordered: True, descending: True, lastOrder: False)" storage="d:\a\dnn.uservoice\dnn.uservoice\unittests\bin\unittests.dll" id="6f0b47a1-9d18-a5d8-8dd1-c8f266712c15">
      <Execution id="5ff20286-2048-4cb5-87f1-f53b52cfe125" />
      <TestMethod codeBase="D:\a\DNN.UserVoice\DNN.UserVoice\UnitTests\bin\UnitTests.dll" adapterTypeName="executor://xunit/VsTestRunner2/net" className="UnitTests.EntensionMethodTests" name="IQueryable_IsOrdered_Works" />
    </UnitTest>
    <UnitTest name="UnitTests.Controllers.ItemControllerTests.UserCanEdit_ReturnsBool(canEdit: False)" storage="d:\a\dnn.uservoice\dnn.uservoice\unittests\bin\unittests.dll" id="0247c7e7-7d1c-099b-2ac8-81a47ff2509a">
      <Execution id="eeb076ba-2595-444e-9512-7154f961a6c2" />
      <TestMethod codeBase="D:\a\DNN.UserVoice\DNN.UserVoice\UnitTests\bin\UnitTests.dll" adapterTypeName="executor://xunit/VsTestRunner2/net" className="UnitTests.Controllers.ItemControllerTests" name="UserCanEdit_ReturnsBool" />
    </UnitTest>
    <UnitTest name="UnitTests.EntensionMethodTests.IQueryable_GetPage_PagesProperly(count: 21, page: 1, pageSize: 10, expedtedPages: 3, expectedItems: 10, firstId: 21, descending: True)" storage="d:\a\dnn.uservoice\dnn.uservoice\unittests\bin\unittests.dll" id="7e661283-b2b2-d632-266b-6af1f3374c08">
      <Execution id="c461e59d-1b7a-46cd-944c-cbd5e4bd937b" />
      <TestMethod codeBase="D:\a\DNN.UserVoice\DNN.UserVoice\UnitTests\bin\UnitTests.dll" adapterTypeName="executor://xunit/VsTestRunner2/net" className="UnitTests.EntensionMethodTests" name="IQueryable_GetPage_PagesProperly" />
    </UnitTest>
    <UnitTest name="UnitTests.Controllers.LocalizationControllerTests.GetLocalization_CallsLocalizationService" storage="d:\a\dnn.uservoice\dnn.uservoice\unittests\bin\unittests.dll" id="168fc980-36e3-101b-62b1-f5ab71e9fc0d">
      <Execution id="9d938d79-2df3-4570-ab93-3e587bdb88db" />
      <TestMethod codeBase="D:\a\DNN.UserVoice\DNN.UserVoice\UnitTests\bin\UnitTests.dll" adapterTypeName="executor://xunit/VsTestRunner2/net" className="UnitTests.Controllers.LocalizationControllerTests" name="GetLocalization_CallsLocalizationService" />
    </UnitTest>
    <UnitTest name="UnitTests.Data.ModuleDbContextTests.DefaultConstructorThrows" storage="d:\a\dnn.uservoice\dnn.uservoice\unittests\bin\unittests.dll" id="ac2a99ba-3563-74a9-7d4c-8e91a58cd097">
      <Execution id="2dd1383b-71d1-4246-9248-a7ec947e42a7" />
      <TestMethod codeBase="D:\a\DNN.UserVoice\DNN.UserVoice\UnitTests\bin\UnitTests.dll" adapterTypeName="executor://xunit/VsTestRunner2/net" className="UnitTests.Data.ModuleDbContextTests" name="DefaultConstructorThrows" />
    </UnitTest>
    <UnitTest name="UnitTests.Controllers.ModuleApiControllerTests.CanEdit_DefaultsToFalse" storage="d:\a\dnn.uservoice\dnn.uservoice\unittests\bin\unittests.dll" id="320e3c11-11d1-b3ef-0d2e-5e474f674ff1">
      <Execution id="cffe6d8a-9985-44fd-9fe9-bd02ee38ca24" />
      <TestMethod codeBase="D:\a\DNN.UserVoice\DNN.UserVoice\UnitTests\bin\UnitTests.dll" adapterTypeName="executor://xunit/VsTestRunner2/net" className="UnitTests.Controllers.ModuleApiControllerTests" name="CanEdit_DefaultsToFalse" />
    </UnitTest>
    <UnitTest name="UnitTests.Data.Repositories.GenericRepositoryTests.GenericRepositoryCreatesAndGetsById" storage="d:\a\dnn.uservoice\dnn.uservoice\unittests\bin\unittests.dll" id="e6e0a140-85e7-6935-6160-ab95ecfd3c8a">
      <Execution id="8912ae9d-c06c-45bf-844e-28a55abc9339" />
      <TestMethod codeBase="D:\a\DNN.UserVoice\DNN.UserVoice\UnitTests\bin\UnitTests.dll" adapterTypeName="executor://xunit/VsTestRunner2/net" className="UnitTests.Data.Repositories.GenericRepositoryTests" name="GenericRepositoryCreatesAndGetsById" />
    </UnitTest>
    <UnitTest name="UnitTests.Services.ItemServiceTests.GetItemsPage_GetsPages(page: 4, pageSize: 10, descending: False, expectedPages: 3, returnedPage: 3)" storage="d:\a\dnn.uservoice\dnn.uservoice\unittests\bin\unittests.dll" id="0f141a30-05bd-f4ed-a627-d40adca6b3ca">
      <Execution id="a8c62ae8-5523-4e94-b855-9216e052fd8d" />
      <TestMethod codeBase="D:\a\DNN.UserVoice\DNN.UserVoice\UnitTests\bin\UnitTests.dll" adapterTypeName="executor://xunit/VsTestRunner2/net" className="UnitTests.Services.ItemServiceTests" name="GetItemsPage_GetsPages" />
    </UnitTest>
    <UnitTest name="UnitTests.Services.ItemServiceTests.UpdateItem_NoName_Throws(name: &quot; &quot;)" storage="d:\a\dnn.uservoice\dnn.uservoice\unittests\bin\unittests.dll" id="1c164fbc-1ab1-9884-ccb8-9e84f4c977d0">
      <Execution id="a11cbd01-4b0b-4755-a510-e416ba1ebb34" />
      <TestMethod codeBase="D:\a\DNN.UserVoice\DNN.UserVoice\UnitTests\bin\UnitTests.dll" adapterTypeName="executor://xunit/VsTestRunner2/net" className="UnitTests.Services.ItemServiceTests" name="UpdateItem_NoName_Throws" />
    </UnitTest>
    <UnitTest name="UnitTests.EntensionMethodTests.IQueryable_IsOrdered_Works(ordered: False, descending: False, lastOrder: False)" storage="d:\a\dnn.uservoice\dnn.uservoice\unittests\bin\unittests.dll" id="2aef35a8-73ad-0c03-c8a4-2b5a1d37af8f">
      <Execution id="7c2958c5-8b72-4e19-a3e1-d165027496c0" />
      <TestMethod codeBase="D:\a\DNN.UserVoice\DNN.UserVoice\UnitTests\bin\UnitTests.dll" adapterTypeName="executor://xunit/VsTestRunner2/net" className="UnitTests.EntensionMethodTests" name="IQueryable_IsOrdered_Works" />
    </UnitTest>
    <UnitTest name="UnitTests.EntensionMethodTests.IQueryable_GetPage_PagesProperly(count: 101, page: 1, pageSize: 50, expedtedPages: 3, expectedItems: 50, firstId: 1, descending: False)" storage="d:\a\dnn.uservoice\dnn.uservoice\unittests\bin\unittests.dll" id="95a0a379-a9bd-3d99-f720-e626260de7f6">
      <Execution id="682ddc8c-ed30-4427-9cfc-28f715318800" />
      <TestMethod codeBase="D:\a\DNN.UserVoice\DNN.UserVoice\UnitTests\bin\UnitTests.dll" adapterTypeName="executor://xunit/VsTestRunner2/net" className="UnitTests.EntensionMethodTests" name="IQueryable_GetPage_PagesProperly" />
    </UnitTest>
    <UnitTest name="UnitTests.EntensionMethodTests.IQueryable_GetPage_PagesProperly(count: 0, page: -1, pageSize: -1, expedtedPages: 0, expectedItems: 0, firstId: null, descending: False)" storage="d:\a\dnn.uservoice\dnn.uservoice\unittests\bin\unittests.dll" id="4bb697d7-9cb3-28c5-7c49-3e60c8ee823d">
      <Execution id="ff25226d-6557-475d-9a7e-2cccb45e09f4" />
      <TestMethod codeBase="D:\a\DNN.UserVoice\DNN.UserVoice\UnitTests\bin\UnitTests.dll" adapterTypeName="executor://xunit/VsTestRunner2/net" className="UnitTests.EntensionMethodTests" name="IQueryable_GetPage_PagesProperly" />
    </UnitTest>
    <UnitTest name="UnitTests.Data.Repositories.GenericRepositoryTests.Repository_Update_UsesuserId" storage="d:\a\dnn.uservoice\dnn.uservoice\unittests\bin\unittests.dll" id="0ebf358f-9eac-9438-b418-9c6aa81a6377">
      <Execution id="10991c97-99bf-4103-8ab9-e8909dd3a41c" />
      <TestMethod codeBase="D:\a\DNN.UserVoice\DNN.UserVoice\UnitTests\bin\UnitTests.dll" adapterTypeName="executor://xunit/VsTestRunner2/net" className="UnitTests.Data.Repositories.GenericRepositoryTests" name="Repository_Update_UsesuserId" />
    </UnitTest>
    <UnitTest name="UnitTests.Services.ItemServiceTests.CreateItem_Creates" storage="d:\a\dnn.uservoice\dnn.uservoice\unittests\bin\unittests.dll" id="a9198ad3-782e-a37c-0b5f-1330f5318f55">
      <Execution id="3813c625-d8ef-4921-91cd-f3ce61061aba" />
      <TestMethod codeBase="D:\a\DNN.UserVoice\DNN.UserVoice\UnitTests\bin\UnitTests.dll" adapterTypeName="executor://xunit/VsTestRunner2/net" className="UnitTests.Services.ItemServiceTests" name="CreateItem_Creates" />
    </UnitTest>
    <UnitTest name="UnitTests.Controllers.ValidateModelAttributeTests.OnActionExecuting_Invalid_Works" storage="d:\a\dnn.uservoice\dnn.uservoice\unittests\bin\unittests.dll" id="61a8ccc9-c5b1-047b-3c97-f777ccc7d30b">
      <Execution id="e4174650-18c0-4871-91c3-c76201574dee" />
      <TestMethod codeBase="D:\a\DNN.UserVoice\DNN.UserVoice\UnitTests\bin\UnitTests.dll" adapterTypeName="executor://xunit/VsTestRunner2/net" className="UnitTests.Controllers.ValidateModelAttributeTests" name="OnActionExecuting_Invalid_Works" />
    </UnitTest>
    <UnitTest name="UnitTests.EntensionMethodTests.IQueryable_IsOrdered_Works(ordered: False, descending: True, lastOrder: False)" storage="d:\a\dnn.uservoice\dnn.uservoice\unittests\bin\unittests.dll" id="b80893de-3e2d-6029-ec19-65c03fd119c3">
      <Execution id="7508b410-19fb-4f0e-a746-760b4a35f27d" />
      <TestMethod codeBase="D:\a\DNN.UserVoice\DNN.UserVoice\UnitTests\bin\UnitTests.dll" adapterTypeName="executor://xunit/VsTestRunner2/net" className="UnitTests.EntensionMethodTests" name="IQueryable_IsOrdered_Works" />
    </UnitTest>
    <UnitTest name="UnitTests.Services.ItemServiceTests.GetItemsPage_GetsPages(page: 1, pageSize: 20, descending: False, expectedPages: 2, returnedPage: 1)" storage="d:\a\dnn.uservoice\dnn.uservoice\unittests\bin\unittests.dll" id="1b051fa0-d4cc-1b32-80bb-d56b714e3066">
      <Execution id="2e7b83a4-a675-4ffb-84ed-ea30b1fb407a" />
      <TestMethod codeBase="D:\a\DNN.UserVoice\DNN.UserVoice\UnitTests\bin\UnitTests.dll" adapterTypeName="executor://xunit/VsTestRunner2/net" className="UnitTests.Services.ItemServiceTests" name="GetItemsPage_GetsPages" />
    </UnitTest>
    <UnitTest name="UnitTests.Data.Repositories.GenericRepositoryTests.GenericRepositoryGet" storage="d:\a\dnn.uservoice\dnn.uservoice\unittests\bin\unittests.dll" id="ad3412e8-5f64-2020-a5b6-bd4cca8c3b7d">
      <Execution id="dcf15383-d427-43d0-bd78-e88f78ddc436" />
      <TestMethod codeBase="D:\a\DNN.UserVoice\DNN.UserVoice\UnitTests\bin\UnitTests.dll" adapterTypeName="executor://xunit/VsTestRunner2/net" className="UnitTests.Data.Repositories.GenericRepositoryTests" name="GenericRepositoryGet" />
    </UnitTest>
    <UnitTest name="UnitTests.Data.Repositories.GenericRepositoryTests.GenericRepositoryUpdate_ThrowsWithNullEntity" storage="d:\a\dnn.uservoice\dnn.uservoice\unittests\bin\unittests.dll" id="24cfa8b0-48c3-8aab-e4c2-88694c220e2c">
      <Execution id="48f50511-66c3-4065-b24e-543e6ee5d9a6" />
      <TestMethod codeBase="D:\a\DNN.UserVoice\DNN.UserVoice\UnitTests\bin\UnitTests.dll" adapterTypeName="executor://xunit/VsTestRunner2/net" className="UnitTests.Data.Repositories.GenericRepositoryTests" name="GenericRepositoryUpdate_ThrowsWithNullEntity" />
    </UnitTest>
    <UnitTest name="UnitTests.Services.LoggingServiceTests.LogginService_TestableConstructorLogsError" storage="d:\a\dnn.uservoice\dnn.uservoice\unittests\bin\unittests.dll" id="ac1c50bc-98fd-036f-fe0f-d46cb187f90e">
      <Execution id="0b3eb2cb-e097-45a8-806b-d43335077fc5" />
      <TestMethod codeBase="D:\a\DNN.UserVoice\DNN.UserVoice\UnitTests\bin\UnitTests.dll" adapterTypeName="executor://xunit/VsTestRunner2/net" className="UnitTests.Services.LoggingServiceTests" name="LogginService_TestableConstructorLogsError" />
    </UnitTest>
    <UnitTest name="UnitTests.Data.Entities.ItemTests.ItemPropertiesPersist(id: 2, name: &quot;Name2&quot;, description: &quot;Description2&quot;)" storage="d:\a\dnn.uservoice\dnn.uservoice\unittests\bin\unittests.dll" id="96a18501-dea4-70b1-d572-baa1bb120da2">
      <Execution id="a977ef99-bf77-46c6-8b66-1ee0ba00e655" />
      <TestMethod codeBase="D:\a\DNN.UserVoice\DNN.UserVoice\UnitTests\bin\UnitTests.dll" adapterTypeName="executor://xunit/VsTestRunner2/net" className="UnitTests.Data.Entities.ItemTests" name="ItemPropertiesPersist" />
    </UnitTest>
    <UnitTest name="UnitTests.Data.Repositories.GenericRepositoryTests.GenericRepositoryGetsAll(iterations: 3)" storage="d:\a\dnn.uservoice\dnn.uservoice\unittests\bin\unittests.dll" id="d15ea2a7-9f9f-b92b-50fa-470898da705d">
      <Execution id="6d90f871-b7d9-4c50-b1b4-2dbffc7cf2bb" />
      <TestMethod codeBase="D:\a\DNN.UserVoice\DNN.UserVoice\UnitTests\bin\UnitTests.dll" adapterTypeName="executor://xunit/VsTestRunner2/net" className="UnitTests.Data.Repositories.GenericRepositoryTests" name="GenericRepositoryGetsAll" />
    </UnitTest>
    <UnitTest name="UnitTests.Common.GlobalsTests.ModulePrefixIsValid" storage="d:\a\dnn.uservoice\dnn.uservoice\unittests\bin\unittests.dll" id="d1c63cb7-1f9a-a8bf-a217-a4cbb4e5f73b">
      <Execution id="d6a7be0e-9b9d-4c26-a2a1-cab983dfc3c1" />
      <TestMethod codeBase="D:\a\DNN.UserVoice\DNN.UserVoice\UnitTests\bin\UnitTests.dll" adapterTypeName="executor://xunit/VsTestRunner2/net" className="UnitTests.Common.GlobalsTests" name="ModulePrefixIsValid" />
    </UnitTest>
    <UnitTest name="UnitTests.Controllers.ServiceRouteMapperTests.RegisterRoutes_RegistersAtLestOneRoute" storage="d:\a\dnn.uservoice\dnn.uservoice\unittests\bin\unittests.dll" id="986d7e6e-d04d-b204-b01c-fbb8f09c7774">
      <Execution id="6dcf276d-bed3-4cfb-9300-6521bc2a7db5" />
      <TestMethod codeBase="D:\a\DNN.UserVoice\DNN.UserVoice\UnitTests\bin\UnitTests.dll" adapterTypeName="executor://xunit/VsTestRunner2/net" className="UnitTests.Controllers.ServiceRouteMapperTests" name="RegisterRoutes_RegistersAtLestOneRoute" />
    </UnitTest>
    <UnitTest name="UnitTests.EntensionMethodTests.IQueryable_GetPage_PagesProperly(count: 10, page: 1, pageSize: 10, expedtedPages: 1, expectedItems: 10, firstId: 1, descending: False)" storage="d:\a\dnn.uservoice\dnn.uservoice\unittests\bin\unittests.dll" id="9207202d-19b8-8eb5-74dc-6aa5d849467c">
      <Execution id="ffc129e7-efbb-4839-abdc-8207a33b756b" />
      <TestMethod codeBase="D:\a\DNN.UserVoice\DNN.UserVoice\UnitTests\bin\UnitTests.dll" adapterTypeName="executor://xunit/VsTestRunner2/net" className="UnitTests.EntensionMethodTests" name="IQueryable_GetPage_PagesProperly" />
    </UnitTest>
    <UnitTest name="UnitTests.Controllers.ModuleExceptionFilterAttributeTests.SystemException_DoesNotExposeDetails" storage="d:\a\dnn.uservoice\dnn.uservoice\unittests\bin\unittests.dll" id="1a74e347-4470-5271-97ab-1ebaf8693270">
      <Execution id="240bdc5f-60fb-4748-af3d-86f2fbcbb51d" />
      <TestMethod codeBase="D:\a\DNN.UserVoice\DNN.UserVoice\UnitTests\bin\UnitTests.dll" adapterTypeName="executor://xunit/VsTestRunner2/net" className="UnitTests.Controllers.ModuleExceptionFilterAttributeTests" name="SystemException_DoesNotExposeDetails" />
    </UnitTest>
    <UnitTest name="UnitTests.Data.Repositories.GenericRepositoryTests.GenericRepositoryConstructs" storage="d:\a\dnn.uservoice\dnn.uservoice\unittests\bin\unittests.dll" id="e4f8faa7-d0ad-86e6-1579-7bd52372b4c3">
      <Execution id="159e880f-b4d4-41d7-afac-e8bffa377d97" />
      <TestMethod codeBase="D:\a\DNN.UserVoice\DNN.UserVoice\UnitTests\bin\UnitTests.dll" adapterTypeName="executor://xunit/VsTestRunner2/net" className="UnitTests.Data.Repositories.GenericRepositoryTests" name="GenericRepositoryConstructs" />
    </UnitTest>
    <UnitTest name="UnitTests.Services.ItemServiceTests.UpdateItem_NoName_Throws(name: null)" storage="d:\a\dnn.uservoice\dnn.uservoice\unittests\bin\unittests.dll" id="b76e01b1-6afe-f33b-c6a9-ea3347176509">
      <Execution id="b01414c2-2155-452c-b666-71436285bda1" />
      <TestMethod codeBase="D:\a\DNN.UserVoice\DNN.UserVoice\UnitTests\bin\UnitTests.dll" adapterTypeName="executor://xunit/VsTestRunner2/net" className="UnitTests.Services.ItemServiceTests" name="UpdateItem_NoName_Throws" />
    </UnitTest>
    <UnitTest name="UnitTests.Data.Repositories.GenericRepositoryTests.Repository_DeleteMissing_DoesNotThrow" storage="d:\a\dnn.uservoice\dnn.uservoice\unittests\bin\unittests.dll" id="f754f777-4449-23e8-f4ec-917f49117de2">
      <Execution id="ef8a5619-1ebf-45a5-80d6-07aafef276ea" />
      <TestMethod codeBase="D:\a\DNN.UserVoice\DNN.UserVoice\UnitTests\bin\UnitTests.dll" adapterTypeName="executor://xunit/VsTestRunner2/net" className="UnitTests.Data.Repositories.GenericRepositoryTests" name="Repository_DeleteMissing_DoesNotThrow" />
    </UnitTest>
    <UnitTest name="UnitTests.EntensionMethodTests.IQueryable_IsOrdered_Works(ordered: True, descending: False, lastOrder: True)" storage="d:\a\dnn.uservoice\dnn.uservoice\unittests\bin\unittests.dll" id="3140ebc5-2430-06b3-4257-a6794b9b09ac">
      <Execution id="9294adaa-0c17-40c8-844f-6973176e8942" />
      <TestMethod codeBase="D:\a\DNN.UserVoice\DNN.UserVoice\UnitTests\bin\UnitTests.dll" adapterTypeName="executor://xunit/VsTestRunner2/net" className="UnitTests.EntensionMethodTests" name="IQueryable_IsOrdered_Works" />
    </UnitTest>
    <UnitTest name="UnitTests.Services.ItemServiceTests.CreateItem_NoNameThrows" storage="d:\a\dnn.uservoice\dnn.uservoice\unittests\bin\unittests.dll" id="19b6234c-c2df-2304-54f9-54b0da4cd6ba">
      <Execution id="8411b19f-0bf7-47cd-8216-0689ed915e8d" />
      <TestMethod codeBase="D:\a\DNN.UserVoice\DNN.UserVoice\UnitTests\bin\UnitTests.dll" adapterTypeName="executor://xunit/VsTestRunner2/net" className="UnitTests.Services.ItemServiceTests" name="CreateItem_NoNameThrows" />
    </UnitTest>
    <UnitTest name="UnitTests.Services.ItemServiceTests.DeleteItem_Deletes" storage="d:\a\dnn.uservoice\dnn.uservoice\unittests\bin\unittests.dll" id="e6610648-e456-1c64-d2b1-7e1242b871a8">
      <Execution id="6f900186-3592-486a-abdc-97394d2c3a01" />
      <TestMethod codeBase="D:\a\DNN.UserVoice\DNN.UserVoice\UnitTests\bin\UnitTests.dll" adapterTypeName="executor://xunit/VsTestRunner2/net" className="UnitTests.Services.ItemServiceTests" name="DeleteItem_Deletes" />
    </UnitTest>
    <UnitTest name="UnitTests.Data.Entities.ItemTests.ItemConstructsProperly" storage="d:\a\dnn.uservoice\dnn.uservoice\unittests\bin\unittests.dll" id="572fc310-4b67-9555-f147-153d39f2eb82">
      <Execution id="0793340f-a268-49b0-85f1-f7f01e2ecf80" />
      <TestMethod codeBase="D:\a\DNN.UserVoice\DNN.UserVoice\UnitTests\bin\UnitTests.dll" adapterTypeName="executor://xunit/VsTestRunner2/net" className="UnitTests.Data.Entities.ItemTests" name="ItemConstructsProperly" />
    </UnitTest>
    <UnitTest name="UnitTests.EntensionMethodTests.IQueryable_IsOrdered_Works(ordered: True, descending: True, lastOrder: True)" storage="d:\a\dnn.uservoice\dnn.uservoice\unittests\bin\unittests.dll" id="f46af852-6230-3d31-e31c-2959bffd491f">
      <Execution id="63343787-aa8f-451f-a114-5300b5ea6fb4" />
      <TestMethod codeBase="D:\a\DNN.UserVoice\DNN.UserVoice\UnitTests\bin\UnitTests.dll" adapterTypeName="executor://xunit/VsTestRunner2/net" className="UnitTests.EntensionMethodTests" name="IQueryable_IsOrdered_Works" />
    </UnitTest>
    <UnitTest name="UnitTests.Services.ItemServiceTests.GetItemsPage_GetsPages(page: 1, pageSize: 10, descending: False, expectedPages: 3, returnedPage: 1)" storage="d:\a\dnn.uservoice\dnn.uservoice\unittests\bin\unittests.dll" id="19223079-ea41-5691-855c-970af1a1e611">
      <Execution id="c5e5857f-ede7-4fdc-86ec-82a95cf6d111" />
      <TestMethod codeBase="D:\a\DNN.UserVoice\DNN.UserVoice\UnitTests\bin\UnitTests.dll" adapterTypeName="executor://xunit/VsTestRunner2/net" className="UnitTests.Services.ItemServiceTests" name="GetItemsPage_GetsPages" />
    </UnitTest>
    <UnitTest name="UnitTests.Services.ItemServiceTests.UpdateItem_NoName_Throws(name: &quot;&quot;)" storage="d:\a\dnn.uservoice\dnn.uservoice\unittests\bin\unittests.dll" id="3cbfa5d3-e0f6-eff8-ed5c-556fa1f3e131">
      <Execution id="d4e19895-269e-40f1-961d-1eaacbbecd9b" />
      <TestMethod codeBase="D:\a\DNN.UserVoice\DNN.UserVoice\UnitTests\bin\UnitTests.dll" adapterTypeName="executor://xunit/VsTestRunner2/net" className="UnitTests.Services.ItemServiceTests" name="UpdateItem_NoName_Throws" />
    </UnitTest>
    <UnitTest name="UnitTests.Services.LoggingServiceTests.LogginService_TestableConstructorLogsErrorWithException" storage="d:\a\dnn.uservoice\dnn.uservoice\unittests\bin\unittests.dll" id="9168bdef-a759-f4d6-b890-b643e17324cf">
      <Execution id="7ba68abe-4e41-4a4c-bb87-31fa0bd55955" />
      <TestMethod codeBase="D:\a\DNN.UserVoice\DNN.UserVoice\UnitTests\bin\UnitTests.dll" adapterTypeName="executor://xunit/VsTestRunner2/net" className="UnitTests.Services.LoggingServiceTests" name="LogginService_TestableConstructorLogsErrorWithException" />
    </UnitTest>
    <UnitTest name="UnitTests.EntensionMethodTests.IQueryable_GetPage_PagesProperly(count: 20, page: 2, pageSize: 10, expedtedPages: 2, expectedItems: 10, firstId: 11, descending: False)" storage="d:\a\dnn.uservoice\dnn.uservoice\unittests\bin\unittests.dll" id="2695f427-ed7b-9f97-5696-f97a7702128c">
      <Execution id="755f63f7-9500-4270-9729-e9fce242664e" />
      <TestMethod codeBase="D:\a\DNN.UserVoice\DNN.UserVoice\UnitTests\bin\UnitTests.dll" adapterTypeName="executor://xunit/VsTestRunner2/net" className="UnitTests.EntensionMethodTests" name="IQueryable_GetPage_PagesProperly" />
    </UnitTest>
    <UnitTest name="UnitTests.EntensionMethodTests.IQueryable_IsOrdered_Works(ordered: False, descending: True, lastOrder: True)" storage="d:\a\dnn.uservoice\dnn.uservoice\unittests\bin\unittests.dll" id="d5b75914-a4f0-1327-0212-c8781f6dfe81">
      <Execution id="004cd5af-bc2b-4b63-985a-8b25e8501d58" />
      <TestMethod codeBase="D:\a\DNN.UserVoice\DNN.UserVoice\UnitTests\bin\UnitTests.dll" adapterTypeName="executor://xunit/VsTestRunner2/net" className="UnitTests.EntensionMethodTests" name="IQueryable_IsOrdered_Works" />
    </UnitTest>
    <UnitTest name="UnitTests.Controllers.ItemControllerTests.UserCanEdit_ReturnsBool(canEdit: True)" storage="d:\a\dnn.uservoice\dnn.uservoice\unittests\bin\unittests.dll" id="aec60494-3c2e-8ec9-f948-da5bb2043983">
      <Execution id="5c8d504e-eec4-4448-8654-4389899bdf26" />
      <TestMethod codeBase="D:\a\DNN.UserVoice\DNN.UserVoice\UnitTests\bin\UnitTests.dll" adapterTypeName="executor://xunit/VsTestRunner2/net" className="UnitTests.Controllers.ItemControllerTests" name="UserCanEdit_ReturnsBool" />
    </UnitTest>
    <UnitTest name="UnitTests.Services.ItemServiceTests.GetItemsPage_GetsPages(page: 0, pageSize: 0, descending: True, expectedPages: 30, returnedPage: 1)" storage="d:\a\dnn.uservoice\dnn.uservoice\unittests\bin\unittests.dll" id="0864c31d-6119-84d6-7f52-9d349dabbe84">
      <Execution id="40f13315-a246-4fef-9e2c-640e69d39bfd" />
      <TestMethod codeBase="D:\a\DNN.UserVoice\DNN.UserVoice\UnitTests\bin\UnitTests.dll" adapterTypeName="executor://xunit/VsTestRunner2/net" className="UnitTests.Services.ItemServiceTests" name="GetItemsPage_GetsPages" />
    </UnitTest>
    <UnitTest name="UnitTests.EntensionMethodTests.IQueryable_GetPage_EmptyDoesNotThrow" storage="d:\a\dnn.uservoice\dnn.uservoice\unittests\bin\unittests.dll" id="2d3a68b5-bf4c-0513-b733-5ed612794244">
      <Execution id="ccafe04f-ee8e-4515-82a8-5b3941532037" />
      <TestMethod codeBase="D:\a\DNN.UserVoice\DNN.UserVoice\UnitTests\bin\UnitTests.dll" adapterTypeName="executor://xunit/VsTestRunner2/net" className="UnitTests.EntensionMethodTests" name="IQueryable_GetPage_EmptyDoesNotThrow" />
    </UnitTest>
    <UnitTest name="UnitTests.Controllers.ModuleApiControllerTests.HasUserInfo" storage="d:\a\dnn.uservoice\dnn.uservoice\unittests\bin\unittests.dll" id="bae3532a-4a9e-c4ab-fc66-4dfa22d16170">
      <Execution id="5c8a130a-9e16-41fa-9c57-beb2bf203d06" />
      <TestMethod codeBase="D:\a\DNN.UserVoice\DNN.UserVoice\UnitTests\bin\UnitTests.dll" adapterTypeName="executor://xunit/VsTestRunner2/net" className="UnitTests.Controllers.ModuleApiControllerTests" name="HasUserInfo" />
    </UnitTest>
    <UnitTest name="UnitTests.Services.ItemServiceTests.UpdateItem_NoName_Throws(name: &quot;  &quot;)" storage="d:\a\dnn.uservoice\dnn.uservoice\unittests\bin\unittests.dll" id="92b7b9f6-1294-7ea1-ffa3-91fba85074d4">
      <Execution id="d5a1cf55-d334-4bea-b46a-f776d288d9f5" />
      <TestMethod codeBase="D:\a\DNN.UserVoice\DNN.UserVoice\UnitTests\bin\UnitTests.dll" adapterTypeName="executor://xunit/VsTestRunner2/net" className="UnitTests.Services.ItemServiceTests" name="UpdateItem_NoName_Throws" />
    </UnitTest>
    <UnitTest name="UnitTests.Data.Repositories.GenericRepositoryTests.Repository_Create_DefaultAudit" storage="d:\a\dnn.uservoice\dnn.uservoice\unittests\bin\unittests.dll" id="ae39aa62-5ff2-56e7-d00e-ef116d711d51">
      <Execution id="fc492df7-de3a-4b2f-9049-58be226a33df" />
      <TestMethod codeBase="D:\a\DNN.UserVoice\DNN.UserVoice\UnitTests\bin\UnitTests.dll" adapterTypeName="executor://xunit/VsTestRunner2/net" className="UnitTests.Data.Repositories.GenericRepositoryTests" name="Repository_Create_DefaultAudit" />
    </UnitTest>
    <UnitTest name="UnitTests.Controllers.ValidateModelAttributeTests.OnActionExecuting_Valid_Works" storage="d:\a\dnn.uservoice\dnn.uservoice\unittests\bin\unittests.dll" id="e55f1742-c16d-5086-2251-ad3372dd48f5">
      <Execution id="ea70277b-5135-4566-8c19-761b4ffd3aeb" />
      <TestMethod codeBase="D:\a\DNN.UserVoice\DNN.UserVoice\UnitTests\bin\UnitTests.dll" adapterTypeName="executor://xunit/VsTestRunner2/net" className="UnitTests.Controllers.ValidateModelAttributeTests" name="OnActionExecuting_Valid_Works" />
    </UnitTest>
    <UnitTest name="UnitTests.Services.ItemServiceTests.UpdateItem_NullDto_Throws" storage="d:\a\dnn.uservoice\dnn.uservoice\unittests\bin\unittests.dll" id="263c08b1-704a-f3c2-309e-6dee831dbdc9">
      <Execution id="53baa83b-f4d4-42f9-b009-8c994a4473e9" />
      <TestMethod codeBase="D:\a\DNN.UserVoice\DNN.UserVoice\UnitTests\bin\UnitTests.dll" adapterTypeName="executor://xunit/VsTestRunner2/net" className="UnitTests.Services.ItemServiceTests" name="UpdateItem_NullDto_Throws" />
    </UnitTest>
    <UnitTest name="UnitTests.Services.LoggingServiceTests.LoggingService_DefaultConstructorExists" storage="d:\a\dnn.uservoice\dnn.uservoice\unittests\bin\unittests.dll" id="8ba31d1b-48e3-e04e-cff0-b927c63b4a19">
      <Execution id="6599355a-87c4-4592-aba0-d35527bdae2c" />
      <TestMethod codeBase="D:\a\DNN.UserVoice\DNN.UserVoice\UnitTests\bin\UnitTests.dll" adapterTypeName="executor://xunit/VsTestRunner2/net" className="UnitTests.Services.LoggingServiceTests" name="LoggingService_DefaultConstructorExists" />
    </UnitTest>
    <UnitTest name="UnitTests.Data.Repositories.GenericRepositoryTests.GenericRepositoryGetsAll(iterations: 1)" storage="d:\a\dnn.uservoice\dnn.uservoice\unittests\bin\unittests.dll" id="d16880d7-fb44-f209-43d9-ba2e0e1875de">
      <Execution id="389ce008-8220-49f9-9eec-8e6b522e6373" />
      <TestMethod codeBase="D:\a\DNN.UserVoice\DNN.UserVoice\UnitTests\bin\UnitTests.dll" adapterTypeName="executor://xunit/VsTestRunner2/net" className="UnitTests.Data.Repositories.GenericRepositoryTests" name="GenericRepositoryGetsAll" />
    </UnitTest>
    <UnitTest name="UnitTests.EntensionMethodTests.IQueryable_IsOrdered_ThrowsWithNull" storage="d:\a\dnn.uservoice\dnn.uservoice\unittests\bin\unittests.dll" id="73fc5149-51d6-8241-9c9f-f48c28e448e3">
      <Execution id="468bfb93-d277-4608-9bd2-588f5d08dabd" />
      <TestMethod codeBase="D:\a\DNN.UserVoice\DNN.UserVoice\UnitTests\bin\UnitTests.dll" adapterTypeName="executor://xunit/VsTestRunner2/net" className="UnitTests.EntensionMethodTests" name="IQueryable_IsOrdered_ThrowsWithNull" />
    </UnitTest>
    <UnitTest name="UnitTests.Data.Repositories.GenericRepositoryTests.GenericRepositoryCreate_ThrowsWithNullEntity" storage="d:\a\dnn.uservoice\dnn.uservoice\unittests\bin\unittests.dll" id="36689490-09d4-917f-648a-70dcfcfede10">
      <Execution id="a3aabfff-b356-4f4b-a31a-dfae1adc5c5a" />
      <TestMethod codeBase="D:\a\DNN.UserVoice\DNN.UserVoice\UnitTests\bin\UnitTests.dll" adapterTypeName="executor://xunit/VsTestRunner2/net" className="UnitTests.Data.Repositories.GenericRepositoryTests" name="GenericRepositoryCreate_ThrowsWithNullEntity" />
    </UnitTest>
    <UnitTest name="UnitTests.Controllers.ItemControllerTests.CreateItem_Creates" storage="d:\a\dnn.uservoice\dnn.uservoice\unittests\bin\unittests.dll" id="588a2c1b-7788-beb2-ade0-06788d455d25">
      <Execution id="f1e435bc-b240-480a-9a4e-31ff5aaaa11f" />
      <TestMethod codeBase="D:\a\DNN.UserVoice\DNN.UserVoice\UnitTests\bin\UnitTests.dll" adapterTypeName="executor://xunit/VsTestRunner2/net" className="UnitTests.Controllers.ItemControllerTests" name="CreateItem_Creates" />
    </UnitTest>
    <UnitTest name="UnitTests.Controllers.ModuleApiControllerTests.CanEdit_Set_Throws" storage="d:\a\dnn.uservoice\dnn.uservoice\unittests\bin\unittests.dll" id="5f92ec4d-d570-0452-b891-d4cee75db9dd">
      <Execution id="53f9036e-b520-4418-bd6c-110b0a5d3dc1" />
      <TestMethod codeBase="D:\a\DNN.UserVoice\DNN.UserVoice\UnitTests\bin\UnitTests.dll" adapterTypeName="executor://xunit/VsTestRunner2/net" className="UnitTests.Controllers.ModuleApiControllerTests" name="CanEdit_Set_Throws" />
    </UnitTest>
    <UnitTest name="UnitTests.Data.Repositories.GenericRepositoryTests.Repository_Create_UsesUserId" storage="d:\a\dnn.uservoice\dnn.uservoice\unittests\bin\unittests.dll" id="e1c7f76f-6195-c844-23c0-304b47fbae66">
      <Execution id="2fe0832c-e758-4e9e-a1b9-22949721f5a4" />
      <TestMethod codeBase="D:\a\DNN.UserVoice\DNN.UserVoice\UnitTests\bin\UnitTests.dll" adapterTypeName="executor://xunit/VsTestRunner2/net" className="UnitTests.Data.Repositories.GenericRepositoryTests" name="Repository_Create_UsesUserId" />
    </UnitTest>
    <UnitTest name="UnitTests.Controllers.ItemControllerTests.UpdateItem_Updates" storage="d:\a\dnn.uservoice\dnn.uservoice\unittests\bin\unittests.dll" id="315adde5-f36d-a74f-aa46-fb22a0f78cd9">
      <Execution id="2cd4bf59-cef9-45c3-b464-ac65af7fb9bd" />
      <TestMethod codeBase="D:\a\DNN.UserVoice\DNN.UserVoice\UnitTests\bin\UnitTests.dll" adapterTypeName="executor://xunit/VsTestRunner2/net" className="UnitTests.Controllers.ItemControllerTests" name="UpdateItem_Updates" />
    </UnitTest>
    <UnitTest name="UnitTests.Controllers.ModuleExceptionFilterAttributeTests.ArgumentException_BadRequest" storage="d:\a\dnn.uservoice\dnn.uservoice\unittests\bin\unittests.dll" id="a21637b0-54f8-4fa0-bc3b-95481a9fd90b">
      <Execution id="2a4c7ed6-fb15-4a55-bff6-1b3078c72a71" />
      <TestMethod codeBase="D:\a\DNN.UserVoice\DNN.UserVoice\UnitTests\bin\UnitTests.dll" adapterTypeName="executor://xunit/VsTestRunner2/net" className="UnitTests.Controllers.ModuleExceptionFilterAttributeTests" name="ArgumentException_BadRequest" />
    </UnitTest>
    <UnitTest name="UnitTests.Controllers.ModuleExceptionFilterAttributeTests.NoException_DoesNothing" storage="d:\a\dnn.uservoice\dnn.uservoice\unittests\bin\unittests.dll" id="113f48ce-a6a3-c5df-7589-ba5a5fcb9c59">
      <Execution id="11eb51c7-248f-459a-b35a-5189af5995a5" />
      <TestMethod codeBase="D:\a\DNN.UserVoice\DNN.UserVoice\UnitTests\bin\UnitTests.dll" adapterTypeName="executor://xunit/VsTestRunner2/net" className="UnitTests.Controllers.ModuleExceptionFilterAttributeTests" name="NoException_DoesNothing" />
    </UnitTest>
    <UnitTest name="UnitTests.Controllers.ItemControllerTests.GetItemsPage_GetsProperPages" storage="d:\a\dnn.uservoice\dnn.uservoice\unittests\bin\unittests.dll" id="1017c6c1-9dd0-57dc-36e7-bb573d02562e">
      <Execution id="6f2f05d2-6f19-4417-a4e2-4216b0b3f938" />
      <TestMethod codeBase="D:\a\DNN.UserVoice\DNN.UserVoice\UnitTests\bin\UnitTests.dll" adapterTypeName="executor://xunit/VsTestRunner2/net" className="UnitTests.Controllers.ItemControllerTests" name="GetItemsPage_GetsProperPages" />
    </UnitTest>
    <UnitTest name="UnitTests.Data.Repositories.GenericRepositoryTests.GenericRepositoryDeletes" storage="d:\a\dnn.uservoice\dnn.uservoice\unittests\bin\unittests.dll" id="0bc54975-0bff-692e-a9b3-fc69f2c95a39">
      <Execution id="77e050f7-65c0-4f8d-bd1d-d20c88f53046" />
      <TestMethod codeBase="D:\a\DNN.UserVoice\DNN.UserVoice\UnitTests\bin\UnitTests.dll" adapterTypeName="executor://xunit/VsTestRunner2/net" className="UnitTests.Data.Repositories.GenericRepositoryTests" name="GenericRepositoryDeletes" />
    </UnitTest>
    <UnitTest name="UnitTests.Controllers.ItemControllerTests.DeleteItem_Deletes(itemId: 10)" storage="d:\a\dnn.uservoice\dnn.uservoice\unittests\bin\unittests.dll" id="d6094ca1-b65b-5133-f464-9f7d01f0d023">
      <Execution id="95264b7a-525f-4fca-90db-1fe376bdb650" />
      <TestMethod codeBase="D:\a\DNN.UserVoice\DNN.UserVoice\UnitTests\bin\UnitTests.dll" adapterTypeName="executor://xunit/VsTestRunner2/net" className="UnitTests.Controllers.ItemControllerTests" name="DeleteItem_Deletes" />
    </UnitTest>
    <UnitTest name="UnitTests.Data.Repositories.GenericRepositoryTests.GenericRepositoryUpdates" storage="d:\a\dnn.uservoice\dnn.uservoice\unittests\bin\unittests.dll" id="70ede014-c412-e387-bb98-e95b3b42090d">
      <Execution id="4153b11c-6929-4264-b265-a29c851cd2ab" />
      <TestMethod codeBase="D:\a\DNN.UserVoice\DNN.UserVoice\UnitTests\bin\UnitTests.dll" adapterTypeName="executor://xunit/VsTestRunner2/net" className="UnitTests.Data.Repositories.GenericRepositoryTests" name="GenericRepositoryUpdates" />
    </UnitTest>
    <UnitTest name="UnitTests.Services.ItemServiceTests.UpdateItem_Updates" storage="d:\a\dnn.uservoice\dnn.uservoice\unittests\bin\unittests.dll" id="130d9133-361f-a0da-f15e-423eb98947ac">
      <Execution id="7561fa54-5c8c-498b-9199-c15e1bf77aeb" />
      <TestMethod codeBase="D:\a\DNN.UserVoice\DNN.UserVoice\UnitTests\bin\UnitTests.dll" adapterTypeName="executor://xunit/VsTestRunner2/net" className="UnitTests.Services.ItemServiceTests" name="UpdateItem_Updates" />
    </UnitTest>
    <UnitTest name="UnitTests.Data.Repositories.GenericRepositoryTests.Repository_Update_DefaultAudit" storage="d:\a\dnn.uservoice\dnn.uservoice\unittests\bin\unittests.dll" id="44b00d3a-bad7-aefd-141c-4a35b11463b2">
      <Execution id="3506569b-c115-46ea-be40-476b12a4498c" />
      <TestMethod codeBase="D:\a\DNN.UserVoice\DNN.UserVoice\UnitTests\bin\UnitTests.dll" adapterTypeName="executor://xunit/VsTestRunner2/net" className="UnitTests.Data.Repositories.GenericRepositoryTests" name="Repository_Update_DefaultAudit" />
    </UnitTest>
    <UnitTest name="UnitTests.Data.Repositories.GenericRepositoryTests.GenericRepositoryGetsAll(iterations: 2)" storage="d:\a\dnn.uservoice\dnn.uservoice\unittests\bin\unittests.dll" id="ffe5c770-9b99-42c0-ce21-7e50cccf4385">
      <Execution id="fdcdad3e-956a-497f-889c-a773cb347fe1" />
      <TestMethod codeBase="D:\a\DNN.UserVoice\DNN.UserVoice\UnitTests\bin\UnitTests.dll" adapterTypeName="executor://xunit/VsTestRunner2/net" className="UnitTests.Data.Repositories.GenericRepositoryTests" name="GenericRepositoryGetsAll" />
    </UnitTest>
    <UnitTest name="UnitTests.Data.Repositories.GenericRepositoryTests.GenericRepositoryGetsAll(iterations: 0)" storage="d:\a\dnn.uservoice\dnn.uservoice\unittests\bin\unittests.dll" id="4fe0dd0f-2fa0-9c42-e816-a6df28150b72">
      <Execution id="bc02fc96-6012-476a-b0a0-adeda6e4e61b" />
      <TestMethod codeBase="D:\a\DNN.UserVoice\DNN.UserVoice\UnitTests\bin\UnitTests.dll" adapterTypeName="executor://xunit/VsTestRunner2/net" className="UnitTests.Data.Repositories.GenericRepositoryTests" name="GenericRepositoryGetsAll" />
    </UnitTest>
    <UnitTest name="UnitTests.EntensionMethodTests.IQueryable_IsOrdered_Works(ordered: False, descending: False, lastOrder: True)" storage="d:\a\dnn.uservoice\dnn.uservoice\unittests\bin\unittests.dll" id="0dc5a512-bfd0-bc80-f676-16e6d961ec4d">
      <Execution id="a746e7ac-29d2-4c11-ba11-e02f570b905a" />
      <TestMethod codeBase="D:\a\DNN.UserVoice\DNN.UserVoice\UnitTests\bin\UnitTests.dll" adapterTypeName="executor://xunit/VsTestRunner2/net" className="UnitTests.EntensionMethodTests" name="IQueryable_IsOrdered_Works" />
    </UnitTest>
    <UnitTest name="UnitTests.EntensionMethodTests.IQueryable_GetPage_PagesProperly(count: 0, page: 0, pageSize: 0, expedtedPages: 0, expectedItems: 0, firstId: null, descending: False)" storage="d:\a\dnn.uservoice\dnn.uservoice\unittests\bin\unittests.dll" id="8bbc68bc-7714-d990-1480-dfaedaafbd62">
      <Execution id="cf59b804-a316-45fb-a1cd-2798d2109a6b" />
      <TestMethod codeBase="D:\a\DNN.UserVoice\DNN.UserVoice\UnitTests\bin\UnitTests.dll" adapterTypeName="executor://xunit/VsTestRunner2/net" className="UnitTests.EntensionMethodTests" name="IQueryable_GetPage_PagesProperly" />
    </UnitTest>
    <UnitTest name="UnitTests.Services.ItemServiceTests.CreateItem_NoItemThrows" storage="d:\a\dnn.uservoice\dnn.uservoice\unittests\bin\unittests.dll" id="f5652070-1b22-f5a7-3f3f-68b37c9184a8">
      <Execution id="f067f66a-3d59-4db3-b1de-3aacd886cce3" />
      <TestMethod codeBase="D:\a\DNN.UserVoice\DNN.UserVoice\UnitTests\bin\UnitTests.dll" adapterTypeName="executor://xunit/VsTestRunner2/net" className="UnitTests.Services.ItemServiceTests" name="CreateItem_NoItemThrows" />
    </UnitTest>
    <UnitTest name="UnitTests.Data.Entities.ItemTests.ItemPropertiesPersist(id: 1, name: &quot;Name1&quot;, description: &quot;Description1&quot;)" storage="d:\a\dnn.uservoice\dnn.uservoice\unittests\bin\unittests.dll" id="392ed628-2028-c945-b97e-893658a1e82b">
      <Execution id="a6eb652a-365b-4eeb-8b9d-6c19cea6be6e" />
      <TestMethod codeBase="D:\a\DNN.UserVoice\DNN.UserVoice\UnitTests\bin\UnitTests.dll" adapterTypeName="executor://xunit/VsTestRunner2/net" className="UnitTests.Data.Entities.ItemTests" name="ItemPropertiesPersist" />
    </UnitTest>
    <UnitTest name="UnitTests.EntensionMethodTests.IQueryable_IsOrdered_Works(ordered: True, descending: False, lastOrder: False)" storage="d:\a\dnn.uservoice\dnn.uservoice\unittests\bin\unittests.dll" id="b72028ed-e29e-ac6a-9e2e-bf700facee4e">
      <Execution id="bfd0c067-a4a7-4175-a1eb-557cbcc14fc0" />
      <TestMethod codeBase="D:\a\DNN.UserVoice\DNN.UserVoice\UnitTests\bin\UnitTests.dll" adapterTypeName="executor://xunit/VsTestRunner2/net" className="UnitTests.EntensionMethodTests" name="IQueryable_IsOrdered_Works" />
    </UnitTest>
  </TestDefinitions>
  <TestEntries>
    <TestEntry testId="1c164fbc-1ab1-9884-ccb8-9e84f4c977d0" executionId="a11cbd01-4b0b-4755-a510-e416ba1ebb34" testListId="8c84fa94-04c1-424b-9868-57a2d4851a1d" />
    <TestEntry testId="92b7b9f6-1294-7ea1-ffa3-91fba85074d4" executionId="d5a1cf55-d334-4bea-b46a-f776d288d9f5" testListId="8c84fa94-04c1-424b-9868-57a2d4851a1d" />
    <TestEntry testId="3cbfa5d3-e0f6-eff8-ed5c-556fa1f3e131" executionId="d4e19895-269e-40f1-961d-1eaacbbecd9b" testListId="8c84fa94-04c1-424b-9868-57a2d4851a1d" />
    <TestEntry testId="b80893de-3e2d-6029-ec19-65c03fd119c3" executionId="7508b410-19fb-4f0e-a746-760b4a35f27d" testListId="8c84fa94-04c1-424b-9868-57a2d4851a1d" />
    <TestEntry testId="4fe0dd0f-2fa0-9c42-e816-a6df28150b72" executionId="bc02fc96-6012-476a-b0a0-adeda6e4e61b" testListId="8c84fa94-04c1-424b-9868-57a2d4851a1d" />
    <TestEntry testId="ac1c50bc-98fd-036f-fe0f-d46cb187f90e" executionId="0b3eb2cb-e097-45a8-806b-d43335077fc5" testListId="8c84fa94-04c1-424b-9868-57a2d4851a1d" />
    <TestEntry testId="9207202d-19b8-8eb5-74dc-6aa5d849467c" executionId="ffc129e7-efbb-4839-abdc-8207a33b756b" testListId="8c84fa94-04c1-424b-9868-57a2d4851a1d" />
    <TestEntry testId="a21637b0-54f8-4fa0-bc3b-95481a9fd90b" executionId="74223926-acb6-4600-8246-bd12b24e9200" testListId="8c84fa94-04c1-424b-9868-57a2d4851a1d" />
    <TestEntry testId="5f92ec4d-d570-0452-b891-d4cee75db9dd" executionId="53f9036e-b520-4418-bd6c-110b0a5d3dc1" testListId="8c84fa94-04c1-424b-9868-57a2d4851a1d" />
    <TestEntry testId="bae3532a-4a9e-c4ab-fc66-4dfa22d16170" executionId="5c8a130a-9e16-41fa-9c57-beb2bf203d06" testListId="8c84fa94-04c1-424b-9868-57a2d4851a1d" />
    <TestEntry testId="0247c7e7-7d1c-099b-2ac8-81a47ff2509a" executionId="eeb076ba-2595-444e-9512-7154f961a6c2" testListId="8c84fa94-04c1-424b-9868-57a2d4851a1d" />
    <TestEntry testId="e6610648-e456-1c64-d2b1-7e1242b871a8" executionId="6f900186-3592-486a-abdc-97394d2c3a01" testListId="8c84fa94-04c1-424b-9868-57a2d4851a1d" />
    <TestEntry testId="8bbc68bc-7714-d990-1480-dfaedaafbd62" executionId="cf59b804-a316-45fb-a1cd-2798d2109a6b" testListId="8c84fa94-04c1-424b-9868-57a2d4851a1d" />
    <TestEntry testId="7e661283-b2b2-d632-266b-6af1f3374c08" executionId="c461e59d-1b7a-46cd-944c-cbd5e4bd937b" testListId="8c84fa94-04c1-424b-9868-57a2d4851a1d" />
    <TestEntry testId="d6094ca1-b65b-5133-f464-9f7d01f0d023" executionId="95264b7a-525f-4fca-90db-1fe376bdb650" testListId="8c84fa94-04c1-424b-9868-57a2d4851a1d" />
    <TestEntry testId="ac2a99ba-3563-74a9-7d4c-8e91a58cd097" executionId="2dd1383b-71d1-4246-9248-a7ec947e42a7" testListId="8c84fa94-04c1-424b-9868-57a2d4851a1d" />
    <TestEntry testId="70ede014-c412-e387-bb98-e95b3b42090d" executionId="4153b11c-6929-4264-b265-a29c851cd2ab" testListId="8c84fa94-04c1-424b-9868-57a2d4851a1d" />
    <TestEntry testId="d15ea2a7-9f9f-b92b-50fa-470898da705d" executionId="6d90f871-b7d9-4c50-b1b4-2dbffc7cf2bb" testListId="8c84fa94-04c1-424b-9868-57a2d4851a1d" />
    <TestEntry testId="a21637b0-54f8-4fa0-bc3b-95481a9fd90b" executionId="2a4c7ed6-fb15-4a55-bff6-1b3078c72a71" testListId="8c84fa94-04c1-424b-9868-57a2d4851a1d" />
    <TestEntry testId="1a74e347-4470-5271-97ab-1ebaf8693270" executionId="240bdc5f-60fb-4748-af3d-86f2fbcbb51d" testListId="8c84fa94-04c1-424b-9868-57a2d4851a1d" />
    <TestEntry testId="73fc5149-51d6-8241-9c9f-f48c28e448e3" executionId="468bfb93-d277-4608-9bd2-588f5d08dabd" testListId="8c84fa94-04c1-424b-9868-57a2d4851a1d" />
    <TestEntry testId="0bc54975-0bff-692e-a9b3-fc69f2c95a39" executionId="77e050f7-65c0-4f8d-bd1d-d20c88f53046" testListId="8c84fa94-04c1-424b-9868-57a2d4851a1d" />
    <TestEntry testId="ffe5c770-9b99-42c0-ce21-7e50cccf4385" executionId="fdcdad3e-956a-497f-889c-a773cb347fe1" testListId="8c84fa94-04c1-424b-9868-57a2d4851a1d" />
    <TestEntry testId="d1c63cb7-1f9a-a8bf-a217-a4cbb4e5f73b" executionId="d6a7be0e-9b9d-4c26-a2a1-cab983dfc3c1" testListId="8c84fa94-04c1-424b-9868-57a2d4851a1d" />
    <TestEntry testId="263c08b1-704a-f3c2-309e-6dee831dbdc9" executionId="53baa83b-f4d4-42f9-b009-8c994a4473e9" testListId="8c84fa94-04c1-424b-9868-57a2d4851a1d" />
    <TestEntry testId="e6e0a140-85e7-6935-6160-ab95ecfd3c8a" executionId="8912ae9d-c06c-45bf-844e-28a55abc9339" testListId="8c84fa94-04c1-424b-9868-57a2d4851a1d" />
    <TestEntry testId="b76e01b1-6afe-f33b-c6a9-ea3347176509" executionId="b01414c2-2155-452c-b666-71436285bda1" testListId="8c84fa94-04c1-424b-9868-57a2d4851a1d" />
    <TestEntry testId="0ebf358f-9eac-9438-b418-9c6aa81a6377" executionId="10991c97-99bf-4103-8ab9-e8909dd3a41c" testListId="8c84fa94-04c1-424b-9868-57a2d4851a1d" />
    <TestEntry testId="ad3412e8-5f64-2020-a5b6-bd4cca8c3b7d" executionId="dcf15383-d427-43d0-bd78-e88f78ddc436" testListId="8c84fa94-04c1-424b-9868-57a2d4851a1d" />
    <TestEntry testId="44b00d3a-bad7-aefd-141c-4a35b11463b2" executionId="3506569b-c115-46ea-be40-476b12a4498c" testListId="8c84fa94-04c1-424b-9868-57a2d4851a1d" />
    <TestEntry testId="9168bdef-a759-f4d6-b890-b643e17324cf" executionId="7ba68abe-4e41-4a4c-bb87-31fa0bd55955" testListId="8c84fa94-04c1-424b-9868-57a2d4851a1d" />
    <TestEntry testId="61a8ccc9-c5b1-047b-3c97-f777ccc7d30b" executionId="e4174650-18c0-4871-91c3-c76201574dee" testListId="8c84fa94-04c1-424b-9868-57a2d4851a1d" />
    <TestEntry testId="0864c31d-6119-84d6-7f52-9d349dabbe84" executionId="40f13315-a246-4fef-9e2c-640e69d39bfd" testListId="8c84fa94-04c1-424b-9868-57a2d4851a1d" />
    <TestEntry testId="168fc980-36e3-101b-62b1-f5ab71e9fc0d" executionId="9d938d79-2df3-4570-ab93-3e587bdb88db" testListId="8c84fa94-04c1-424b-9868-57a2d4851a1d" />
    <TestEntry testId="a21637b0-54f8-4fa0-bc3b-95481a9fd90b" executionId="dac85a51-4ce9-498d-994c-745e90460ae2" testListId="8c84fa94-04c1-424b-9868-57a2d4851a1d" />
    <TestEntry testId="315adde5-f36d-a74f-aa46-fb22a0f78cd9" executionId="2cd4bf59-cef9-45c3-b464-ac65af7fb9bd" testListId="8c84fa94-04c1-424b-9868-57a2d4851a1d" />
    <TestEntry testId="2d3a68b5-bf4c-0513-b733-5ed612794244" executionId="ccafe04f-ee8e-4515-82a8-5b3941532037" testListId="8c84fa94-04c1-424b-9868-57a2d4851a1d" />
    <TestEntry testId="0f141a30-05bd-f4ed-a627-d40adca6b3ca" executionId="a8c62ae8-5523-4e94-b855-9216e052fd8d" testListId="8c84fa94-04c1-424b-9868-57a2d4851a1d" />
    <TestEntry testId="6f0b47a1-9d18-a5d8-8dd1-c8f266712c15" executionId="5ff20286-2048-4cb5-87f1-f53b52cfe125" testListId="8c84fa94-04c1-424b-9868-57a2d4851a1d" />
    <TestEntry testId="aec60494-3c2e-8ec9-f948-da5bb2043983" executionId="5c8d504e-eec4-4448-8654-4389899bdf26" testListId="8c84fa94-04c1-424b-9868-57a2d4851a1d" />
    <TestEntry testId="2aef35a8-73ad-0c03-c8a4-2b5a1d37af8f" executionId="7c2958c5-8b72-4e19-a3e1-d165027496c0" testListId="8c84fa94-04c1-424b-9868-57a2d4851a1d" />
    <TestEntry testId="24cfa8b0-48c3-8aab-e4c2-88694c220e2c" executionId="48f50511-66c3-4065-b24e-543e6ee5d9a6" testListId="8c84fa94-04c1-424b-9868-57a2d4851a1d" />
    <TestEntry testId="f46af852-6230-3d31-e31c-2959bffd491f" executionId="63343787-aa8f-451f-a114-5300b5ea6fb4" testListId="8c84fa94-04c1-424b-9868-57a2d4851a1d" />
    <TestEntry testId="f754f777-4449-23e8-f4ec-917f49117de2" executionId="ef8a5619-1ebf-45a5-80d6-07aafef276ea" testListId="8c84fa94-04c1-424b-9868-57a2d4851a1d" />
    <TestEntry testId="a21637b0-54f8-4fa0-bc3b-95481a9fd90b" executionId="ea18cc3f-1c44-476f-8656-323a7e149f5f" testListId="8c84fa94-04c1-424b-9868-57a2d4851a1d" />
    <TestEntry testId="0dc5a512-bfd0-bc80-f676-16e6d961ec4d" executionId="a746e7ac-29d2-4c11-ba11-e02f570b905a" testListId="8c84fa94-04c1-424b-9868-57a2d4851a1d" />
    <TestEntry testId="b72028ed-e29e-ac6a-9e2e-bf700facee4e" executionId="bfd0c067-a4a7-4175-a1eb-557cbcc14fc0" testListId="8c84fa94-04c1-424b-9868-57a2d4851a1d" />
    <TestEntry testId="d16880d7-fb44-f209-43d9-ba2e0e1875de" executionId="389ce008-8220-49f9-9eec-8e6b522e6373" testListId="8c84fa94-04c1-424b-9868-57a2d4851a1d" />
    <TestEntry testId="ae39aa62-5ff2-56e7-d00e-ef116d711d51" executionId="fc492df7-de3a-4b2f-9049-58be226a33df" testListId="8c84fa94-04c1-424b-9868-57a2d4851a1d" />
    <TestEntry testId="a9198ad3-782e-a37c-0b5f-1330f5318f55" executionId="3813c625-d8ef-4921-91cd-f3ce61061aba" testListId="8c84fa94-04c1-424b-9868-57a2d4851a1d" />
    <TestEntry testId="8ba31d1b-48e3-e04e-cff0-b927c63b4a19" executionId="6599355a-87c4-4592-aba0-d35527bdae2c" testListId="8c84fa94-04c1-424b-9868-57a2d4851a1d" />
    <TestEntry testId="d5b75914-a4f0-1327-0212-c8781f6dfe81" executionId="004cd5af-bc2b-4b63-985a-8b25e8501d58" testListId="8c84fa94-04c1-424b-9868-57a2d4851a1d" />
    <TestEntry testId="986d7e6e-d04d-b204-b01c-fbb8f09c7774" executionId="6dcf276d-bed3-4cfb-9300-6521bc2a7db5" testListId="8c84fa94-04c1-424b-9868-57a2d4851a1d" />
    <TestEntry testId="a21637b0-54f8-4fa0-bc3b-95481a9fd90b" executionId="d80b577d-30c8-4701-a1f4-3054b1e97bf5" testListId="8c84fa94-04c1-424b-9868-57a2d4851a1d" />
    <TestEntry testId="e55f1742-c16d-5086-2251-ad3372dd48f5" executionId="ea70277b-5135-4566-8c19-761b4ffd3aeb" testListId="8c84fa94-04c1-424b-9868-57a2d4851a1d" />
    <TestEntry testId="95a0a379-a9bd-3d99-f720-e626260de7f6" executionId="682ddc8c-ed30-4427-9cfc-28f715318800" testListId="8c84fa94-04c1-424b-9868-57a2d4851a1d" />
    <TestEntry testId="4bb697d7-9cb3-28c5-7c49-3e60c8ee823d" executionId="ff25226d-6557-475d-9a7e-2cccb45e09f4" testListId="8c84fa94-04c1-424b-9868-57a2d4851a1d" />
    <TestEntry testId="36689490-09d4-917f-648a-70dcfcfede10" executionId="a3aabfff-b356-4f4b-a31a-dfae1adc5c5a" testListId="8c84fa94-04c1-424b-9868-57a2d4851a1d" />
    <TestEntry testId="19223079-ea41-5691-855c-970af1a1e611" executionId="c5e5857f-ede7-4fdc-86ec-82a95cf6d111" testListId="8c84fa94-04c1-424b-9868-57a2d4851a1d" />
    <TestEntry testId="478b61ee-7d85-9dbe-985d-08c590f8666a" executionId="d7bbeab4-8df5-48d1-b4bf-126a276bf74e" testListId="8c84fa94-04c1-424b-9868-57a2d4851a1d" />
    <TestEntry testId="588a2c1b-7788-beb2-ade0-06788d455d25" executionId="f1e435bc-b240-480a-9a4e-31ff5aaaa11f" testListId="8c84fa94-04c1-424b-9868-57a2d4851a1d" />
    <TestEntry testId="e4f8faa7-d0ad-86e6-1579-7bd52372b4c3" executionId="159e880f-b4d4-41d7-afac-e8bffa377d97" testListId="8c84fa94-04c1-424b-9868-57a2d4851a1d" />
    <TestEntry testId="572fc310-4b67-9555-f147-153d39f2eb82" executionId="0793340f-a268-49b0-85f1-f7f01e2ecf80" testListId="8c84fa94-04c1-424b-9868-57a2d4851a1d" />
    <TestEntry testId="1b051fa0-d4cc-1b32-80bb-d56b714e3066" executionId="2e7b83a4-a675-4ffb-84ed-ea30b1fb407a" testListId="8c84fa94-04c1-424b-9868-57a2d4851a1d" />
    <TestEntry testId="392ed628-2028-c945-b97e-893658a1e82b" executionId="a6eb652a-365b-4eeb-8b9d-6c19cea6be6e" testListId="8c84fa94-04c1-424b-9868-57a2d4851a1d" />
    <TestEntry testId="1017c6c1-9dd0-57dc-36e7-bb573d02562e" executionId="6f2f05d2-6f19-4417-a4e2-4216b0b3f938" testListId="8c84fa94-04c1-424b-9868-57a2d4851a1d" />
    <TestEntry testId="113f48ce-a6a3-c5df-7589-ba5a5fcb9c59" executionId="11eb51c7-248f-459a-b35a-5189af5995a5" testListId="8c84fa94-04c1-424b-9868-57a2d4851a1d" />
    <TestEntry testId="130d9133-361f-a0da-f15e-423eb98947ac" executionId="7561fa54-5c8c-498b-9199-c15e1bf77aeb" testListId="8c84fa94-04c1-424b-9868-57a2d4851a1d" />
    <TestEntry testId="3140ebc5-2430-06b3-4257-a6794b9b09ac" executionId="9294adaa-0c17-40c8-844f-6973176e8942" testListId="8c84fa94-04c1-424b-9868-57a2d4851a1d" />
    <TestEntry testId="320e3c11-11d1-b3ef-0d2e-5e474f674ff1" executionId="cffe6d8a-9985-44fd-9fe9-bd02ee38ca24" testListId="8c84fa94-04c1-424b-9868-57a2d4851a1d" />
    <TestEntry testId="19b6234c-c2df-2304-54f9-54b0da4cd6ba" executionId="8411b19f-0bf7-47cd-8216-0689ed915e8d" testListId="8c84fa94-04c1-424b-9868-57a2d4851a1d" />
    <TestEntry testId="a21637b0-54f8-4fa0-bc3b-95481a9fd90b" executionId="bb579654-eebd-49ec-b5fb-4a51eb65c792" testListId="8c84fa94-04c1-424b-9868-57a2d4851a1d" />
    <TestEntry testId="96a18501-dea4-70b1-d572-baa1bb120da2" executionId="a977ef99-bf77-46c6-8b66-1ee0ba00e655" testListId="8c84fa94-04c1-424b-9868-57a2d4851a1d" />
    <TestEntry testId="e1c7f76f-6195-c844-23c0-304b47fbae66" executionId="2fe0832c-e758-4e9e-a1b9-22949721f5a4" testListId="8c84fa94-04c1-424b-9868-57a2d4851a1d" />
    <TestEntry testId="f5652070-1b22-f5a7-3f3f-68b37c9184a8" executionId="f067f66a-3d59-4db3-b1de-3aacd886cce3" testListId="8c84fa94-04c1-424b-9868-57a2d4851a1d" />
    <TestEntry testId="2695f427-ed7b-9f97-5696-f97a7702128c" executionId="755f63f7-9500-4270-9729-e9fce242664e" testListId="8c84fa94-04c1-424b-9868-57a2d4851a1d" />
  </TestEntries>
  <TestLists>
    <TestList name="Results Not in a List" id="8c84fa94-04c1-424b-9868-57a2d4851a1d" />
    <TestList name="All Loaded Results" id="19431567-8539-422a-85d7-44ee4e166bda" />
  </TestLists>
  <ResultSummary outcome="Completed">
    <Counters total="76" executed="76" passed="76" failed="0" error="0" timeout="0" aborted="0" inconclusive="0" passedButRunAborted="0" notRunnable="0" notExecuted="0" disconnected="0" warning="0" completed="0" inProgress="0" pending="0" />
    <Output>
      <StdOut>[xUnit.net 00:00:00.00] xUnit.net VSTest Adapter v2.4.3+1b45f5407b (32-bit Desktop .NET 4.0.30319.42000)&#xD;
[xUnit.net 00:00:00.77]   Discovering: UnitTests&#xD;
[xUnit.net 00:00:00.94]   Discovered:  UnitTests&#xD;
[xUnit.net 00:00:00.95]   Starting:    UnitTests&#xD;
[xUnit.net 00:00:04.04]   Finished:    UnitTests&#xD;
</StdOut>
    </Output>
  </ResultSummary>
</TestRun>