<?xml version="1.0" encoding="utf-8"?>
<TestRun id="272b05c7-8b13-41ad-8899-3bb778df1020" name="runneradmin@fv-az252-455 2022-04-04 02:38:35" runUser="fv-az252-455\runneradmin" xmlns="http://microsoft.com/schemas/VisualStudio/TeamTest/2010">
  <Times creation="2022-04-04T02:38:35.3935611+00:00" queuing="2022-04-04T02:38:35.3935612+00:00" start="2022-04-04T02:38:33.3678860+00:00" finish="2022-04-04T02:38:38.7349721+00:00" />
  <TestSettings name="default" id="1a063c6c-52a4-4fef-8dea-1f003a81b763">
    <Deployment runDeploymentRoot="runneradmin_fv-az252-455_2022-04-04_02_38_35" />
  </TestSettings>
  <Results>
    <UnitTestResult executionId="468339c0-c387-43d6-b946-553391bc2125" testId="0bc54975-0bff-692e-a9b3-fc69f2c95a39" testName="UnitTests.Data.Repositories.GenericRepositoryTests.GenericRepositoryDeletes" computerName="fv-az252-455" duration="00:00:02.5580000" startTime="2022-04-04T02:38:37.7794958+00:00" endTime="2022-04-04T02:38:37.7794958+00:00" testType="13cdc9d9-ddb5-4fa4-a97d-d965ccfc6d4b" outcome="Passed" testListId="8c84fa94-04c1-424b-9868-57a2d4851a1d" relativeResultsDirectory="468339c0-c387-43d6-b946-553391bc2125" />
    <UnitTestResult executionId="6fc287c0-a03e-427e-8007-ae098dd88659" testId="aec60494-3c2e-8ec9-f948-da5bb2043983" testName="UnitTests.Controllers.ItemControllerTests.UserCanEdit_ReturnsBool(canEdit: True)" computerName="fv-az252-455" duration="00:00:00.0010000" startTime="2022-04-04T02:38:35.5625528+00:00" endTime="2022-04-04T02:38:35.5625528+00:00" testType="13cdc9d9-ddb5-4fa4-a97d-d965ccfc6d4b" outcome="Passed" testListId="8c84fa94-04c1-424b-9868-57a2d4851a1d" relativeResultsDirectory="6fc287c0-a03e-427e-8007-ae098dd88659" />
    <UnitTestResult executionId="3dd2e6bc-2f98-4c58-aa9e-8392fea06a62" testId="bae3532a-4a9e-c4ab-fc66-4dfa22d16170" testName="UnitTests.Controllers.ModuleApiControllerTests.HasUserInfo" computerName="fv-az252-455" duration="00:00:00.0600000" startTime="2022-04-04T02:38:38.2961416+00:00" endTime="2022-04-04T02:38:38.2961416+00:00" testType="13cdc9d9-ddb5-4fa4-a97d-d965ccfc6d4b" outcome="Passed" testListId="8c84fa94-04c1-424b-9868-57a2d4851a1d" relativeResultsDirectory="3dd2e6bc-2f98-4c58-aa9e-8392fea06a62" />
    <UnitTestResult executionId="121d04f3-00ae-4f78-9e79-94a293011de4" testId="572fc310-4b67-9555-f147-153d39f2eb82" testName="UnitTests.Data.Entities.ItemTests.ItemConstructsProperly" computerName="fv-az252-455" duration="00:00:00.0010000" startTime="2022-04-04T02:38:38.2441430+00:00" endTime="2022-04-04T02:38:38.2441430+00:00" testType="13cdc9d9-ddb5-4fa4-a97d-d965ccfc6d4b" outcome="Passed" testListId="8c84fa94-04c1-424b-9868-57a2d4851a1d" relativeResultsDirectory="121d04f3-00ae-4f78-9e79-94a293011de4" />
    <UnitTestResult executionId="be114d63-d8ec-4ba2-a733-43eb9f7ec5f4" testId="4bb697d7-9cb3-28c5-7c49-3e60c8ee823d" testName="UnitTests.EntensionMethodTests.IQueryable_GetPage_PagesProperly(count: 0, page: -1, pageSize: -1, expedtedPages: 0, expectedItems: 0, firstId: null, descending: False)" computerName="fv-az252-455" duration="00:00:00.0090000" startTime="2022-04-04T02:38:37.8944948+00:00" endTime="2022-04-04T02:38:37.8944948+00:00" testType="13cdc9d9-ddb5-4fa4-a97d-d965ccfc6d4b" outcome="Passed" testListId="8c84fa94-04c1-424b-9868-57a2d4851a1d" relativeResultsDirectory="be114d63-d8ec-4ba2-a733-43eb9f7ec5f4" />
    <UnitTestResult executionId="68152b78-48cb-41a7-8b7c-57ebc6fdbb9e" testId="24cfa8b0-48c3-8aab-e4c2-88694c220e2c" testName="UnitTests.Data.Repositories.GenericRepositoryTests.GenericRepositoryUpdate_ThrowsWithNullEntity" computerName="fv-az252-455" duration="00:00:00.0010000" startTime="2022-04-04T02:38:37.9384936+00:00" endTime="2022-04-04T02:38:37.9384936+00:00" testType="13cdc9d9-ddb5-4fa4-a97d-d965ccfc6d4b" outcome="Passed" testListId="8c84fa94-04c1-424b-9868-57a2d4851a1d" relativeResultsDirectory="68152b78-48cb-41a7-8b7c-57ebc6fdbb9e" />
    <UnitTestResult executionId="f6197f11-84b9-4601-aa72-63fdbf27a59d" testId="a21637b0-54f8-4fa0-bc3b-95481a9fd90b" testName="UnitTests.Controllers.ModuleExceptionFilterAttributeTests.ArgumentException_BadRequest(exception: System.ArgumentException: Argument, expectedStatusCode: BadRequest)" computerName="fv-az252-455" duration="00:00:00.0010000" startTime="2022-04-04T02:38:38.2231431+00:00" endTime="2022-04-04T02:38:38.2231431+00:00" testType="13cdc9d9-ddb5-4fa4-a97d-d965ccfc6d4b" outcome="Passed" testListId="8c84fa94-04c1-424b-9868-57a2d4851a1d" relativeResultsDirectory="f6197f11-84b9-4601-aa72-63fdbf27a59d" />
    <UnitTestResult executionId="a193cb39-a157-4335-aaf0-c05972ef739f" testId="f46af852-6230-3d31-e31c-2959bffd491f" testName="UnitTests.EntensionMethodTests.IQueryable_IsOrdered_Works(ordered: True, descending: True, lastOrder: True)" computerName="fv-az252-455" duration="00:00:00.0100000" startTime="2022-04-04T02:38:37.9754952+00:00" endTime="2022-04-04T02:38:37.9754952+00:00" testType="13cdc9d9-ddb5-4fa4-a97d-d965ccfc6d4b" outcome="Passed" testListId="8c84fa94-04c1-424b-9868-57a2d4851a1d" relativeResultsDirectory="a193cb39-a157-4335-aaf0-c05972ef739f" />
    <UnitTestResult executionId="71712646-5c49-4b8a-9cc2-43da7f4b1152" testId="36689490-09d4-917f-648a-70dcfcfede10" testName="UnitTests.Data.Repositories.GenericRepositoryTests.GenericRepositoryCreate_ThrowsWithNullEntity" computerName="fv-az252-455" duration="00:00:00.0010000" startTime="2022-04-04T02:38:37.8124944+00:00" endTime="2022-04-04T02:38:37.8124944+00:00" testType="13cdc9d9-ddb5-4fa4-a97d-d965ccfc6d4b" outcome="Passed" testListId="8c84fa94-04c1-424b-9868-57a2d4851a1d" relativeResultsDirectory="71712646-5c49-4b8a-9cc2-43da7f4b1152" />
    <UnitTestResult executionId="0c7f60f1-e851-4bcf-9511-ce66dea803d8" testId="44b00d3a-bad7-aefd-141c-4a35b11463b2" testName="UnitTests.Data.Repositories.GenericRepositoryTests.Repository_Update_DefaultAudit" computerName="fv-az252-455" duration="00:00:00.0080000" startTime="2022-04-04T02:38:37.9364948+00:00" endTime="2022-04-04T02:38:37.9364948+00:00" testType="13cdc9d9-ddb5-4fa4-a97d-d965ccfc6d4b" outcome="Passed" testListId="8c84fa94-04c1-424b-9868-57a2d4851a1d" relativeResultsDirectory="0c7f60f1-e851-4bcf-9511-ce66dea803d8" />
    <UnitTestResult executionId="6ed9ee34-51ee-451a-b650-a14cad9fe5fb" testId="95a0a379-a9bd-3d99-f720-e626260de7f6" testName="UnitTests.EntensionMethodTests.IQueryable_GetPage_PagesProperly(count: 101, page: 1, pageSize: 50, expedtedPages: 3, expectedItems: 50, firstId: 1, descending: False)" computerName="fv-az252-455" duration="00:00:00.0550000" startTime="2022-04-04T02:38:37.8894945+00:00" endTime="2022-04-04T02:38:37.8894945+00:00" testType="13cdc9d9-ddb5-4fa4-a97d-d965ccfc6d4b" outcome="Passed" testListId="8c84fa94-04c1-424b-9868-57a2d4851a1d" relativeResultsDirectory="6ed9ee34-51ee-451a-b650-a14cad9fe5fb" />
    <UnitTestResult executionId="95d40e66-03d1-4f0e-a0e7-f66a880ddc53" testId="96a18501-dea4-70b1-d572-baa1bb120da2" testName="UnitTests.Data.Entities.ItemTests.ItemPropertiesPersist(id: 2, name: &quot;Name2&quot;, description: &quot;Description2&quot;)" computerName="fv-az252-455" duration="00:00:00.0010000" startTime="2022-04-04T02:38:38.2431425+00:00" endTime="2022-04-04T02:38:38.2431425+00:00" testType="13cdc9d9-ddb5-4fa4-a97d-d965ccfc6d4b" outcome="Passed" testListId="8c84fa94-04c1-424b-9868-57a2d4851a1d" relativeResultsDirectory="95d40e66-03d1-4f0e-a0e7-f66a880ddc53" />
    <UnitTestResult executionId="60087553-a677-42e8-ac9d-0f109b6eb9b9" testId="ac2a99ba-3563-74a9-7d4c-8e91a58cd097" testName="UnitTests.Data.ModuleDbContextTests.DefaultConstructorThrows" computerName="fv-az252-455" duration="00:00:00.1610000" startTime="2022-04-04T02:38:35.5585518+00:00" endTime="2022-04-04T02:38:35.5585518+00:00" testType="13cdc9d9-ddb5-4fa4-a97d-d965ccfc6d4b" outcome="Passed" testListId="8c84fa94-04c1-424b-9868-57a2d4851a1d" relativeResultsDirectory="60087553-a677-42e8-ac9d-0f109b6eb9b9" />
    <UnitTestResult executionId="a880f043-eac4-411a-872e-901938408820" testId="113f48ce-a6a3-c5df-7589-ba5a5fcb9c59" testName="UnitTests.Controllers.ModuleExceptionFilterAttributeTests.NoException_DoesNothing" computerName="fv-az252-455" duration="00:00:00.0010000" startTime="2022-04-04T02:38:38.2251425+00:00" endTime="2022-04-04T02:38:38.2251425+00:00" testType="13cdc9d9-ddb5-4fa4-a97d-d965ccfc6d4b" outcome="Passed" testListId="8c84fa94-04c1-424b-9868-57a2d4851a1d" relativeResultsDirectory="a880f043-eac4-411a-872e-901938408820" />
    <UnitTestResult executionId="239cc14a-51b5-496a-8663-8188422b81c4" testId="263c08b1-704a-f3c2-309e-6dee831dbdc9" testName="UnitTests.Services.ItemServiceTests.UpdateItem_NullDto_Throws" computerName="fv-az252-455" duration="00:00:00.0210000" startTime="2022-04-04T02:38:35.3145518+00:00" endTime="2022-04-04T02:38:35.3145518+00:00" testType="13cdc9d9-ddb5-4fa4-a97d-d965ccfc6d4b" outcome="Passed" testListId="8c84fa94-04c1-424b-9868-57a2d4851a1d" relativeResultsDirectory="239cc14a-51b5-496a-8663-8188422b81c4" />
    <UnitTestResult executionId="b5c8606c-4c53-4e11-bcda-1587389d1acc" testId="1c164fbc-1ab1-9884-ccb8-9e84f4c977d0" testName="UnitTests.Services.ItemServiceTests.UpdateItem_NoName_Throws(name: &quot; &quot;)" computerName="fv-az252-455" duration="00:00:00.0010000" startTime="2022-04-04T02:38:35.3615510+00:00" endTime="2022-04-04T02:38:35.3615510+00:00" testType="13cdc9d9-ddb5-4fa4-a97d-d965ccfc6d4b" outcome="Passed" testListId="8c84fa94-04c1-424b-9868-57a2d4851a1d" relativeResultsDirectory="b5c8606c-4c53-4e11-bcda-1587389d1acc" />
    <UnitTestResult executionId="7fb2fa18-a491-4698-aec5-dd70cfd1bf32" testId="1017c6c1-9dd0-57dc-36e7-bb573d02562e" testName="UnitTests.Controllers.ItemControllerTests.GetItemsPage_GetsProperPages" computerName="fv-az252-455" duration="00:00:00.0050000" startTime="2022-04-04T02:38:35.5705511+00:00" endTime="2022-04-04T02:38:35.5705511+00:00" testType="13cdc9d9-ddb5-4fa4-a97d-d965ccfc6d4b" outcome="Passed" testListId="8c84fa94-04c1-424b-9868-57a2d4851a1d" relativeResultsDirectory="7fb2fa18-a491-4698-aec5-dd70cfd1bf32" />
    <UnitTestResult executionId="6a0a27a6-4f92-44c4-8f51-e22122601cc2" testId="a21637b0-54f8-4fa0-bc3b-95481a9fd90b" testName="UnitTests.Controllers.ModuleExceptionFilterAttributeTests.ArgumentException_BadRequest(exception: System.UnauthorizedAccessException: Unauthorized, expectedStatusCode: Unauthorized)" computerName="fv-az252-455" duration="00:00:00.0010000" startTime="2022-04-04T02:38:38.2241433+00:00" endTime="2022-04-04T02:38:38.2241433+00:00" testType="13cdc9d9-ddb5-4fa4-a97d-d965ccfc6d4b" outcome="Passed" testListId="8c84fa94-04c1-424b-9868-57a2d4851a1d" relativeResultsDirectory="6a0a27a6-4f92-44c4-8f51-e22122601cc2" />
    <UnitTestResult executionId="a167427d-b5a8-4a0c-a858-3197dec6b15f" testId="b72028ed-e29e-ac6a-9e2e-bf700facee4e" testName="UnitTests.EntensionMethodTests.IQueryable_IsOrdered_Works(ordered: True, descending: False, lastOrder: False)" computerName="fv-az252-455" duration="00:00:00.0070000" startTime="2022-04-04T02:38:37.9884941+00:00" endTime="2022-04-04T02:38:37.9884941+00:00" testType="13cdc9d9-ddb5-4fa4-a97d-d965ccfc6d4b" outcome="Passed" testListId="8c84fa94-04c1-424b-9868-57a2d4851a1d" relativeResultsDirectory="a167427d-b5a8-4a0c-a858-3197dec6b15f" />
    <UnitTestResult executionId="a2c0c24b-34bc-4cc3-ad6e-420f98d9fe53" testId="e1c7f76f-6195-c844-23c0-304b47fbae66" testName="UnitTests.Data.Repositories.GenericRepositoryTests.Repository_Create_UsesUserId" computerName="fv-az252-455" duration="00:00:00.0070000" startTime="2022-04-04T02:38:37.7894944+00:00" endTime="2022-04-04T02:38:37.7894944+00:00" testType="13cdc9d9-ddb5-4fa4-a97d-d965ccfc6d4b" outcome="Passed" testListId="8c84fa94-04c1-424b-9868-57a2d4851a1d" relativeResultsDirectory="a2c0c24b-34bc-4cc3-ad6e-420f98d9fe53" />
    <UnitTestResult executionId="1849e649-32b7-4b9f-a35d-59fcb728e4cc" testId="ad3412e8-5f64-2020-a5b6-bd4cca8c3b7d" testName="UnitTests.Data.Repositories.GenericRepositoryTests.GenericRepositoryGet" computerName="fv-az252-455" duration="00:00:00.0190000" startTime="2022-04-04T02:38:37.8104960+00:00" endTime="2022-04-04T02:38:37.8104960+00:00" testType="13cdc9d9-ddb5-4fa4-a97d-d965ccfc6d4b" outcome="Passed" testListId="8c84fa94-04c1-424b-9868-57a2d4851a1d" relativeResultsDirectory="1849e649-32b7-4b9f-a35d-59fcb728e4cc" />
    <UnitTestResult executionId="21c3e9a7-be3c-4046-9ab2-c3cd695334c3" testId="61a8ccc9-c5b1-047b-3c97-f777ccc7d30b" testName="UnitTests.Controllers.ValidateModelAttributeTests.OnActionExecuting_Invalid_Works" computerName="fv-az252-455" duration="00:00:00.3840000" startTime="2022-04-04T02:38:38.6454264+00:00" endTime="2022-04-04T02:38:38.6454264+00:00" testType="13cdc9d9-ddb5-4fa4-a97d-d965ccfc6d4b" outcome="Passed" testListId="8c84fa94-04c1-424b-9868-57a2d4851a1d" relativeResultsDirectory="21c3e9a7-be3c-4046-9ab2-c3cd695334c3" />
    <UnitTestResult executionId="acd5f982-bf0c-43c9-8f4f-f32ed6dadf99" testId="ffe5c770-9b99-42c0-ce21-7e50cccf4385" testName="UnitTests.Data.Repositories.GenericRepositoryTests.GenericRepositoryGetsAll(iterations: 2)" computerName="fv-az252-455" duration="00:00:00.0080000" startTime="2022-04-04T02:38:37.8974956+00:00" endTime="2022-04-04T02:38:37.8974956+00:00" testType="13cdc9d9-ddb5-4fa4-a97d-d965ccfc6d4b" outcome="Passed" testListId="8c84fa94-04c1-424b-9868-57a2d4851a1d" relativeResultsDirectory="acd5f982-bf0c-43c9-8f4f-f32ed6dadf99" />
    <UnitTestResult executionId="4ba5054f-97b7-44af-8cb8-07b3f5476776" testId="6f0b47a1-9d18-a5d8-8dd1-c8f266712c15" testName="UnitTests.EntensionMethodTests.IQueryable_IsOrdered_Works(ordered: True, descending: True, lastOrder: False)" computerName="fv-az252-455" duration="00:00:00.0070000" startTime="2022-04-04T02:38:37.9634939+00:00" endTime="2022-04-04T02:38:37.9634939+00:00" testType="13cdc9d9-ddb5-4fa4-a97d-d965ccfc6d4b" outcome="Passed" testListId="8c84fa94-04c1-424b-9868-57a2d4851a1d" relativeResultsDirectory="4ba5054f-97b7-44af-8cb8-07b3f5476776" />
    <UnitTestResult executionId="35922144-61c9-455f-bbfb-80d023f8240b" testId="315adde5-f36d-a74f-aa46-fb22a0f78cd9" testName="UnitTests.Controllers.ItemControllerTests.UpdateItem_Updates" computerName="fv-az252-455" duration="00:00:00.0020000" startTime="2022-04-04T02:38:35.5725515+00:00" endTime="2022-04-04T02:38:35.5725515+00:00" testType="13cdc9d9-ddb5-4fa4-a97d-d965ccfc6d4b" outcome="Passed" testListId="8c84fa94-04c1-424b-9868-57a2d4851a1d" relativeResultsDirectory="35922144-61c9-455f-bbfb-80d023f8240b" />
    <UnitTestResult executionId="bc3c4b42-26a9-4c23-a946-2a7ad1fc282a" testId="8bbc68bc-7714-d990-1480-dfaedaafbd62" testName="UnitTests.EntensionMethodTests.IQueryable_GetPage_PagesProperly(count: 0, page: 0, pageSize: 0, expedtedPages: 0, expectedItems: 0, firstId: null, descending: False)" computerName="fv-az252-455" duration="00:00:00.0100000" startTime="2022-04-04T02:38:37.7984956+00:00" endTime="2022-04-04T02:38:37.7984956+00:00" testType="13cdc9d9-ddb5-4fa4-a97d-d965ccfc6d4b" outcome="Passed" testListId="8c84fa94-04c1-424b-9868-57a2d4851a1d" relativeResultsDirectory="bc3c4b42-26a9-4c23-a946-2a7ad1fc282a" />
    <UnitTestResult executionId="e5e1a44b-7191-4f9b-8d7c-c7cf6a09f9a4" testId="168fc980-36e3-101b-62b1-f5ab71e9fc0d" testName="UnitTests.Controllers.LocalizationControllerTests.GetLocalization_CallsLocalizationService" computerName="fv-az252-455" duration="00:00:00.2310000" startTime="2022-04-04T02:38:35.2105508+00:00" endTime="2022-04-04T02:38:35.2105508+00:00" testType="13cdc9d9-ddb5-4fa4-a97d-d965ccfc6d4b" outcome="Passed" testListId="8c84fa94-04c1-424b-9868-57a2d4851a1d" relativeResultsDirectory="e5e1a44b-7191-4f9b-8d7c-c7cf6a09f9a4" />
    <UnitTestResult executionId="fcf05ddb-202c-4d44-b1c0-8380b4a19ce2" testId="0247c7e7-7d1c-099b-2ac8-81a47ff2509a" testName="UnitTests.Controllers.ItemControllerTests.UserCanEdit_ReturnsBool(canEdit: False)" computerName="fv-az252-455" duration="00:00:00.0100000" startTime="2022-04-04T02:38:35.5605505+00:00" endTime="2022-04-04T02:38:35.5605505+00:00" testType="13cdc9d9-ddb5-4fa4-a97d-d965ccfc6d4b" outcome="Passed" testListId="8c84fa94-04c1-424b-9868-57a2d4851a1d" relativeResultsDirectory="fcf05ddb-202c-4d44-b1c0-8380b4a19ce2" />
    <UnitTestResult executionId="0c4923ac-678a-4da0-a7f3-d2813e4d3e11" testId="2695f427-ed7b-9f97-5696-f97a7702128c" testName="UnitTests.EntensionMethodTests.IQueryable_GetPage_PagesProperly(count: 20, page: 2, pageSize: 10, expedtedPages: 2, expectedItems: 10, firstId: 11, descending: False)" computerName="fv-az252-455" duration="00:00:02.2130000" startTime="2022-04-04T02:38:37.7884950+00:00" endTime="2022-04-04T02:38:37.7884950+00:00" testType="13cdc9d9-ddb5-4fa4-a97d-d965ccfc6d4b" outcome="Passed" testListId="8c84fa94-04c1-424b-9868-57a2d4851a1d" relativeResultsDirectory="0c4923ac-678a-4da0-a7f3-d2813e4d3e11" />
    <UnitTestResult executionId="890ada8a-348a-4332-97ee-027ebecd4da0" testId="19223079-ea41-5691-855c-970af1a1e611" testName="UnitTests.Services.ItemServiceTests.GetItemsPage_GetsPages(page: 1, pageSize: 10, descending: False, expectedPages: 3, returnedPage: 1)" computerName="fv-az252-455" duration="00:00:00.0020000" startTime="2022-04-04T02:38:35.2875513+00:00" endTime="2022-04-04T02:38:35.2875513+00:00" testType="13cdc9d9-ddb5-4fa4-a97d-d965ccfc6d4b" outcome="Passed" testListId="8c84fa94-04c1-424b-9868-57a2d4851a1d" relativeResultsDirectory="890ada8a-348a-4332-97ee-027ebecd4da0" />
    <UnitTestResult executionId="718e896c-d7e8-486a-9da5-f58c43cb0a04" testId="7e661283-b2b2-d632-266b-6af1f3374c08" testName="UnitTests.EntensionMethodTests.IQueryable_GetPage_PagesProperly(count: 21, page: 1, pageSize: 10, expedtedPages: 3, expectedItems: 10, firstId: 21, descending: True)" computerName="fv-az252-455" duration="00:00:00.0400000" startTime="2022-04-04T02:38:37.9224951+00:00" endTime="2022-04-04T02:38:37.9224951+00:00" testType="13cdc9d9-ddb5-4fa4-a97d-d965ccfc6d4b" outcome="Passed" testListId="8c84fa94-04c1-424b-9868-57a2d4851a1d" relativeResultsDirectory="718e896c-d7e8-486a-9da5-f58c43cb0a04" />
    <UnitTestResult executionId="b102c142-0aa9-4351-bb22-a85fc68fb73d" testId="92b7b9f6-1294-7ea1-ffa3-91fba85074d4" testName="UnitTests.Services.ItemServiceTests.UpdateItem_NoName_Throws(name: &quot;  &quot;)" computerName="fv-az252-455" duration="00:00:00.0010000" startTime="2022-04-04T02:38:35.3635521+00:00" endTime="2022-04-04T02:38:35.3635521+00:00" testType="13cdc9d9-ddb5-4fa4-a97d-d965ccfc6d4b" outcome="Passed" testListId="8c84fa94-04c1-424b-9868-57a2d4851a1d" relativeResultsDirectory="b102c142-0aa9-4351-bb22-a85fc68fb73d" />
    <UnitTestResult executionId="3978cf7b-79e7-4c40-ae47-cc19d9412b8c" testId="e4f8faa7-d0ad-86e6-1579-7bd52372b4c3" testName="UnitTests.Data.Repositories.GenericRepositoryTests.GenericRepositoryConstructs" computerName="fv-az252-455" duration="00:00:00.0010000" startTime="2022-04-04T02:38:37.9304938+00:00" endTime="2022-04-04T02:38:37.9304938+00:00" testType="13cdc9d9-ddb5-4fa4-a97d-d965ccfc6d4b" outcome="Passed" testListId="8c84fa94-04c1-424b-9868-57a2d4851a1d" relativeResultsDirectory="3978cf7b-79e7-4c40-ae47-cc19d9412b8c" />
    <UnitTestResult executionId="0c975f00-b708-43d5-a6e7-355ffbaaedc4" testId="478b61ee-7d85-9dbe-985d-08c590f8666a" testName="UnitTests.Controllers.ItemControllerTests.DeleteItem_Deletes(itemId: 1)" computerName="fv-az252-455" duration="00:00:00.0010000" startTime="2022-04-04T02:38:35.5755516+00:00" endTime="2022-04-04T02:38:35.5755516+00:00" testType="13cdc9d9-ddb5-4fa4-a97d-d965ccfc6d4b" outcome="Passed" testListId="8c84fa94-04c1-424b-9868-57a2d4851a1d" relativeResultsDirectory="0c975f00-b708-43d5-a6e7-355ffbaaedc4" />
    <UnitTestResult executionId="b4dae89e-f38b-49a2-903b-0164c649c6fd" testId="ac1c50bc-98fd-036f-fe0f-d46cb187f90e" testName="UnitTests.Services.LoggingServiceTests.LogginService_TestableConstructorLogsError" computerName="fv-az252-455" duration="00:00:00.0360000" startTime="2022-04-04T02:38:38.2381429+00:00" endTime="2022-04-04T02:38:38.2381429+00:00" testType="13cdc9d9-ddb5-4fa4-a97d-d965ccfc6d4b" outcome="Passed" testListId="8c84fa94-04c1-424b-9868-57a2d4851a1d" relativeResultsDirectory="b4dae89e-f38b-49a2-903b-0164c649c6fd" />
    <UnitTestResult executionId="dde5956c-d7af-4b77-958d-83fc1f1819a7" testId="d6094ca1-b65b-5133-f464-9f7d01f0d023" testName="UnitTests.Controllers.ItemControllerTests.DeleteItem_Deletes(itemId: 10)" computerName="fv-az252-455" duration="00:00:00.0010000" startTime="2022-04-04T02:38:35.5745520+00:00" endTime="2022-04-04T02:38:35.5745520+00:00" testType="13cdc9d9-ddb5-4fa4-a97d-d965ccfc6d4b" outcome="Passed" testListId="8c84fa94-04c1-424b-9868-57a2d4851a1d" relativeResultsDirectory="dde5956c-d7af-4b77-958d-83fc1f1819a7" />
    <UnitTestResult executionId="3d2835e3-3647-41c9-9b65-d7b1c762f937" testId="588a2c1b-7788-beb2-ade0-06788d455d25" testName="UnitTests.Controllers.ItemControllerTests.CreateItem_Creates" computerName="fv-az252-455" duration="00:00:00.0050000" startTime="2022-04-04T02:38:35.5655515+00:00" endTime="2022-04-04T02:38:35.5655515+00:00" testType="13cdc9d9-ddb5-4fa4-a97d-d965ccfc6d4b" outcome="Passed" testListId="8c84fa94-04c1-424b-9868-57a2d4851a1d" relativeResultsDirectory="3d2835e3-3647-41c9-9b65-d7b1c762f937" />
    <UnitTestResult executionId="ac757902-5d4e-4251-b6d0-5424583e5c32" testId="a21637b0-54f8-4fa0-bc3b-95481a9fd90b" testName="UnitTests.Controllers.ModuleExceptionFilterAttributeTests.ArgumentException_BadRequest(exception: System.ArgumentNullException: Value cannot be null.&#xD;&#xA;Parameter name: Null, expectedStatusCode: BadRequest)" computerName="fv-az252-455" duration="00:00:00.2010000" startTime="2022-04-04T02:38:38.2221423+00:00" endTime="2022-04-04T02:38:38.2221423+00:00" testType="13cdc9d9-ddb5-4fa4-a97d-d965ccfc6d4b" outcome="Passed" testListId="8c84fa94-04c1-424b-9868-57a2d4851a1d" relativeResultsDirectory="ac757902-5d4e-4251-b6d0-5424583e5c32" />
    <UnitTestResult executionId="0c9c7843-fc40-4535-944e-976bc3bdb0af" testId="d5b75914-a4f0-1327-0212-c8781f6dfe81" testName="UnitTests.EntensionMethodTests.IQueryable_IsOrdered_Works(ordered: False, descending: True, lastOrder: True)" computerName="fv-az252-455" duration="00:00:00.0060000" startTime="2022-04-04T02:38:37.9664955+00:00" endTime="2022-04-04T02:38:37.9664955+00:00" testType="13cdc9d9-ddb5-4fa4-a97d-d965ccfc6d4b" outcome="Passed" testListId="8c84fa94-04c1-424b-9868-57a2d4851a1d" relativeResultsDirectory="0c9c7843-fc40-4535-944e-976bc3bdb0af" />
    <UnitTestResult executionId="1abac33c-f69c-4ff9-8ef0-79742a6565ed" testId="986d7e6e-d04d-b204-b01c-fbb8f09c7774" testName="UnitTests.Controllers.ServiceRouteMapperTests.RegisterRoutes_RegistersAtLestOneRoute" computerName="fv-az252-455" duration="00:00:00.0170000" startTime="2022-04-04T02:38:38.2571451+00:00" endTime="2022-04-04T02:38:38.2571451+00:00" testType="13cdc9d9-ddb5-4fa4-a97d-d965ccfc6d4b" outcome="Passed" testListId="8c84fa94-04c1-424b-9868-57a2d4851a1d" relativeResultsDirectory="1abac33c-f69c-4ff9-8ef0-79742a6565ed" />
    <UnitTestResult executionId="a1d9ce19-327e-4ed8-b95e-aa5e2ad0a79c" testId="ae39aa62-5ff2-56e7-d00e-ef116d711d51" testName="UnitTests.Data.Repositories.GenericRepositoryTests.Repository_Create_DefaultAudit" computerName="fv-az252-455" duration="00:00:00.0060000" startTime="2022-04-04T02:38:37.9424953+00:00" endTime="2022-04-04T02:38:37.9424953+00:00" testType="13cdc9d9-ddb5-4fa4-a97d-d965ccfc6d4b" outcome="Passed" testListId="8c84fa94-04c1-424b-9868-57a2d4851a1d" relativeResultsDirectory="a1d9ce19-327e-4ed8-b95e-aa5e2ad0a79c" />
    <UnitTestResult executionId="0418d84b-91a7-4029-92a0-e770a61b219f" testId="9168bdef-a759-f4d6-b890-b643e17324cf" testName="UnitTests.Services.LoggingServiceTests.LogginService_TestableConstructorLogsErrorWithException" computerName="fv-az252-455" duration="00:00:00.0020000" startTime="2022-04-04T02:38:38.2391434+00:00" endTime="2022-04-04T02:38:38.2391434+00:00" testType="13cdc9d9-ddb5-4fa4-a97d-d965ccfc6d4b" outcome="Passed" testListId="8c84fa94-04c1-424b-9868-57a2d4851a1d" relativeResultsDirectory="0418d84b-91a7-4029-92a0-e770a61b219f" />
    <UnitTestResult executionId="59ffbd44-0297-4e1a-95cc-90d16353537f" testId="e6e0a140-85e7-6935-6160-ab95ecfd3c8a" testName="UnitTests.Data.Repositories.GenericRepositoryTests.GenericRepositoryCreatesAndGetsById" computerName="fv-az252-455" duration="00:00:00.1360000" startTime="2022-04-04T02:38:38.0794956+00:00" endTime="2022-04-04T02:38:38.0794956+00:00" testType="13cdc9d9-ddb5-4fa4-a97d-d965ccfc6d4b" outcome="Passed" testListId="8c84fa94-04c1-424b-9868-57a2d4851a1d" relativeResultsDirectory="59ffbd44-0297-4e1a-95cc-90d16353537f" />
    <UnitTestResult executionId="3514b450-d6d9-4e30-add7-0e0c89290f17" testId="a21637b0-54f8-4fa0-bc3b-95481a9fd90b" testName="UnitTests.Controllers.ModuleExceptionFilterAttributeTests.ArgumentException_BadRequest(exception: System.NotImplementedException: Not Implemented, expectedStatusCode: NotImplemented)" computerName="fv-az252-455" duration="00:00:00.0010000" startTime="2022-04-04T02:38:38.2231431+00:00" endTime="2022-04-04T02:38:38.2231431+00:00" testType="13cdc9d9-ddb5-4fa4-a97d-d965ccfc6d4b" outcome="Passed" testListId="8c84fa94-04c1-424b-9868-57a2d4851a1d" relativeResultsDirectory="3514b450-d6d9-4e30-add7-0e0c89290f17" />
    <UnitTestResult executionId="015f71de-4374-421b-9ff3-b78f9b21fa61" testId="0ebf358f-9eac-9438-b418-9c6aa81a6377" testName="UnitTests.Data.Repositories.GenericRepositoryTests.Repository_Update_UsesuserId" computerName="fv-az252-455" duration="00:00:00.0370000" startTime="2022-04-04T02:38:37.8874945+00:00" endTime="2022-04-04T02:38:37.8874945+00:00" testType="13cdc9d9-ddb5-4fa4-a97d-d965ccfc6d4b" outcome="Passed" testListId="8c84fa94-04c1-424b-9868-57a2d4851a1d" relativeResultsDirectory="015f71de-4374-421b-9ff3-b78f9b21fa61" />
    <UnitTestResult executionId="665f0c42-479b-433d-95e7-d15d36636d1e" testId="5f92ec4d-d570-0452-b891-d4cee75db9dd" testName="UnitTests.Controllers.ModuleApiControllerTests.CanEdit_Set_Throws" computerName="fv-az252-455" duration="00:00:00.0010000" startTime="2022-04-04T02:38:38.2341411+00:00" endTime="2022-04-04T02:38:38.2341411+00:00" testType="13cdc9d9-ddb5-4fa4-a97d-d965ccfc6d4b" outcome="Passed" testListId="8c84fa94-04c1-424b-9868-57a2d4851a1d" relativeResultsDirectory="665f0c42-479b-433d-95e7-d15d36636d1e" />
    <UnitTestResult executionId="286465bb-40d3-4d9f-90a9-a0cb32cbed55" testId="d15ea2a7-9f9f-b92b-50fa-470898da705d" testName="UnitTests.Data.Repositories.GenericRepositoryTests.GenericRepositoryGetsAll(iterations: 3)" computerName="fv-az252-455" duration="00:00:00.0290000" startTime="2022-04-04T02:38:37.9064946+00:00" endTime="2022-04-04T02:38:37.9064946+00:00" testType="13cdc9d9-ddb5-4fa4-a97d-d965ccfc6d4b" outcome="Passed" testListId="8c84fa94-04c1-424b-9868-57a2d4851a1d" relativeResultsDirectory="286465bb-40d3-4d9f-90a9-a0cb32cbed55" />
    <UnitTestResult executionId="0a72139a-266a-4598-9b04-f7e0571853aa" testId="d1c63cb7-1f9a-a8bf-a217-a4cbb4e5f73b" testName="UnitTests.Common.GlobalsTests.ModulePrefixIsValid" computerName="fv-az252-455" duration="00:00:00.0010000" startTime="2022-04-04T02:38:38.3001418+00:00" endTime="2022-04-04T02:38:38.3001418+00:00" testType="13cdc9d9-ddb5-4fa4-a97d-d965ccfc6d4b" outcome="Passed" testListId="8c84fa94-04c1-424b-9868-57a2d4851a1d" relativeResultsDirectory="0a72139a-266a-4598-9b04-f7e0571853aa" />
    <UnitTestResult executionId="77d75c44-17cb-425f-80ec-ec368f7818aa" testId="b80893de-3e2d-6029-ec19-65c03fd119c3" testName="UnitTests.EntensionMethodTests.IQueryable_IsOrdered_Works(ordered: False, descending: True, lastOrder: False)" computerName="fv-az252-455" duration="00:00:00.0110000" startTime="2022-04-04T02:38:37.9624946+00:00" endTime="2022-04-04T02:38:37.9624946+00:00" testType="13cdc9d9-ddb5-4fa4-a97d-d965ccfc6d4b" outcome="Passed" testListId="8c84fa94-04c1-424b-9868-57a2d4851a1d" relativeResultsDirectory="77d75c44-17cb-425f-80ec-ec368f7818aa" />
    <UnitTestResult executionId="34d726ba-669d-499e-ae3a-e7645f01e88d" testId="f754f777-4449-23e8-f4ec-917f49117de2" testName="UnitTests.Data.Repositories.GenericRepositoryTests.Repository_DeleteMissing_DoesNotThrow" computerName="fv-az252-455" duration="00:00:00.0130000" startTime="2022-04-04T02:38:37.9284953+00:00" endTime="2022-04-04T02:38:37.9284953+00:00" testType="13cdc9d9-ddb5-4fa4-a97d-d965ccfc6d4b" outcome="Passed" testListId="8c84fa94-04c1-424b-9868-57a2d4851a1d" relativeResultsDirectory="34d726ba-669d-499e-ae3a-e7645f01e88d" />
    <UnitTestResult executionId="fed0af67-7e02-4794-97ca-240012137ce8" testId="b76e01b1-6afe-f33b-c6a9-ea3347176509" testName="UnitTests.Services.ItemServiceTests.UpdateItem_NoName_Throws(name: null)" computerName="fv-az252-455" duration="00:00:00.0010000" startTime="2022-04-04T02:38:35.3185524+00:00" endTime="2022-04-04T02:38:35.3185524+00:00" testType="13cdc9d9-ddb5-4fa4-a97d-d965ccfc6d4b" outcome="Passed" testListId="8c84fa94-04c1-424b-9868-57a2d4851a1d" relativeResultsDirectory="fed0af67-7e02-4794-97ca-240012137ce8" />
    <UnitTestResult executionId="bafb4e7a-0bcf-4404-baf5-770a4b1a3207" testId="2aef35a8-73ad-0c03-c8a4-2b5a1d37af8f" testName="UnitTests.EntensionMethodTests.IQueryable_IsOrdered_Works(ordered: False, descending: False, lastOrder: False)" computerName="fv-az252-455" duration="00:00:00.0180000" startTime="2022-04-04T02:38:37.9364948+00:00" endTime="2022-04-04T02:38:37.9364948+00:00" testType="13cdc9d9-ddb5-4fa4-a97d-d965ccfc6d4b" outcome="Passed" testListId="8c84fa94-04c1-424b-9868-57a2d4851a1d" relativeResultsDirectory="bafb4e7a-0bcf-4404-baf5-770a4b1a3207" />
    <UnitTestResult executionId="d6853c7b-1b49-41b2-9585-d43cf6055354" testId="320e3c11-11d1-b3ef-0d2e-5e474f674ff1" testName="UnitTests.Controllers.ModuleApiControllerTests.CanEdit_DefaultsToFalse" computerName="fv-az252-455" duration="00:00:00.0020000" startTime="2022-04-04T02:38:38.2981450+00:00" endTime="2022-04-04T02:38:38.2981450+00:00" testType="13cdc9d9-ddb5-4fa4-a97d-d965ccfc6d4b" outcome="Passed" testListId="8c84fa94-04c1-424b-9868-57a2d4851a1d" relativeResultsDirectory="d6853c7b-1b49-41b2-9585-d43cf6055354" />
    <UnitTestResult executionId="e785ed74-a9c7-4069-9c51-c0dba695efd4" testId="0dc5a512-bfd0-bc80-f676-16e6d961ec4d" testName="UnitTests.EntensionMethodTests.IQueryable_IsOrdered_Works(ordered: False, descending: False, lastOrder: True)" computerName="fv-az252-455" duration="00:00:00.0060000" startTime="2022-04-04T02:38:37.9954945+00:00" endTime="2022-04-04T02:38:37.9954945+00:00" testType="13cdc9d9-ddb5-4fa4-a97d-d965ccfc6d4b" outcome="Passed" testListId="8c84fa94-04c1-424b-9868-57a2d4851a1d" relativeResultsDirectory="e785ed74-a9c7-4069-9c51-c0dba695efd4" />
    <UnitTestResult executionId="d573f018-501b-4f54-b880-6db5763ce91b" testId="4fe0dd0f-2fa0-9c42-e816-a6df28150b72" testName="UnitTests.Data.Repositories.GenericRepositoryTests.GenericRepositoryGetsAll(iterations: 0)" computerName="fv-az252-455" duration="00:00:00.0060000" startTime="2022-04-04T02:38:37.9004952+00:00" endTime="2022-04-04T02:38:37.9004952+00:00" testType="13cdc9d9-ddb5-4fa4-a97d-d965ccfc6d4b" outcome="Passed" testListId="8c84fa94-04c1-424b-9868-57a2d4851a1d" relativeResultsDirectory="d573f018-501b-4f54-b880-6db5763ce91b" />
    <UnitTestResult executionId="9696ec80-826c-4c2d-a1f2-f91d6b96d3b1" testId="130d9133-361f-a0da-f15e-423eb98947ac" testName="UnitTests.Services.ItemServiceTests.UpdateItem_Updates" computerName="fv-az252-455" duration="00:00:00.0300000" startTime="2022-04-04T02:38:35.3755513+00:00" endTime="2022-04-04T02:38:35.3755513+00:00" testType="13cdc9d9-ddb5-4fa4-a97d-d965ccfc6d4b" outcome="Passed" testListId="8c84fa94-04c1-424b-9868-57a2d4851a1d" relativeResultsDirectory="9696ec80-826c-4c2d-a1f2-f91d6b96d3b1" />
    <UnitTestResult executionId="bea6c773-5969-4fa4-8c2d-19a8e0e93549" testId="d16880d7-fb44-f209-43d9-ba2e0e1875de" testName="UnitTests.Data.Repositories.GenericRepositoryTests.GenericRepositoryGetsAll(iterations: 1)" computerName="fv-az252-455" duration="00:00:00.0070000" startTime="2022-04-04T02:38:37.9134937+00:00" endTime="2022-04-04T02:38:37.9134937+00:00" testType="13cdc9d9-ddb5-4fa4-a97d-d965ccfc6d4b" outcome="Passed" testListId="8c84fa94-04c1-424b-9868-57a2d4851a1d" relativeResultsDirectory="bea6c773-5969-4fa4-8c2d-19a8e0e93549" />
    <UnitTestResult executionId="53a40043-aca5-461c-b5c6-ab65cabc7808" testId="a9198ad3-782e-a37c-0b5f-1330f5318f55" testName="UnitTests.Services.ItemServiceTests.CreateItem_Creates" computerName="fv-az252-455" duration="00:00:00.0060000" startTime="2022-04-04T02:38:35.3875529+00:00" endTime="2022-04-04T02:38:35.3875529+00:00" testType="13cdc9d9-ddb5-4fa4-a97d-d965ccfc6d4b" outcome="Passed" testListId="8c84fa94-04c1-424b-9868-57a2d4851a1d" relativeResultsDirectory="53a40043-aca5-461c-b5c6-ab65cabc7808" />
    <UnitTestResult executionId="87704d9e-54f2-4b8d-805a-4c6ac3a5c9d0" testId="3cbfa5d3-e0f6-eff8-ed5c-556fa1f3e131" testName="UnitTests.Services.ItemServiceTests.UpdateItem_NoName_Throws(name: &quot;&quot;)" computerName="fv-az252-455" duration="00:00:00.0010000" startTime="2022-04-04T02:38:35.3645510+00:00" endTime="2022-04-04T02:38:35.3645510+00:00" testType="13cdc9d9-ddb5-4fa4-a97d-d965ccfc6d4b" outcome="Passed" testListId="8c84fa94-04c1-424b-9868-57a2d4851a1d" relativeResultsDirectory="87704d9e-54f2-4b8d-805a-4c6ac3a5c9d0" />
    <UnitTestResult executionId="8d7d1091-6db6-4ac8-8fec-42af87cbdbfd" testId="2d3a68b5-bf4c-0513-b733-5ed612794244" testName="UnitTests.EntensionMethodTests.IQueryable_GetPage_EmptyDoesNotThrow" computerName="fv-az252-455" duration="00:00:00.0100000" startTime="2022-04-04T02:38:38.0054952+00:00" endTime="2022-04-04T02:38:38.0054952+00:00" testType="13cdc9d9-ddb5-4fa4-a97d-d965ccfc6d4b" outcome="Passed" testListId="8c84fa94-04c1-424b-9868-57a2d4851a1d" relativeResultsDirectory="8d7d1091-6db6-4ac8-8fec-42af87cbdbfd" />
    <UnitTestResult executionId="03225b90-a73a-48b1-b0a4-9bb8f3ed4e3e" testId="e6610648-e456-1c64-d2b1-7e1242b871a8" testName="UnitTests.Services.ItemServiceTests.DeleteItem_Deletes" computerName="fv-az252-455" duration="00:00:00.0010000" startTime="2022-04-04T02:38:35.3795522+00:00" endTime="2022-04-04T02:38:35.3795522+00:00" testType="13cdc9d9-ddb5-4fa4-a97d-d965ccfc6d4b" outcome="Passed" testListId="8c84fa94-04c1-424b-9868-57a2d4851a1d" relativeResultsDirectory="03225b90-a73a-48b1-b0a4-9bb8f3ed4e3e" />
    <UnitTestResult executionId="8b032d18-ffd3-40b7-b3ab-0aa8d0c22034" testId="19b6234c-c2df-2304-54f9-54b0da4cd6ba" testName="UnitTests.Services.ItemServiceTests.CreateItem_NoNameThrows" computerName="fv-az252-455" duration="00:00:00.0010000" startTime="2022-04-04T02:38:35.3165510+00:00" endTime="2022-04-04T02:38:35.3165510+00:00" testType="13cdc9d9-ddb5-4fa4-a97d-d965ccfc6d4b" outcome="Passed" testListId="8c84fa94-04c1-424b-9868-57a2d4851a1d" relativeResultsDirectory="8b032d18-ffd3-40b7-b3ab-0aa8d0c22034" />
    <UnitTestResult executionId="cf5ca56a-45fa-4755-8d94-03d8a29a89db" testId="1b051fa0-d4cc-1b32-80bb-d56b714e3066" testName="UnitTests.Services.ItemServiceTests.GetItemsPage_GetsPages(page: 1, pageSize: 20, descending: False, expectedPages: 2, returnedPage: 1)" computerName="fv-az252-455" duration="00:00:00.0030000" startTime="2022-04-04T02:38:35.2835510+00:00" endTime="2022-04-04T02:38:35.2835510+00:00" testType="13cdc9d9-ddb5-4fa4-a97d-d965ccfc6d4b" outcome="Passed" testListId="8c84fa94-04c1-424b-9868-57a2d4851a1d" relativeResultsDirectory="cf5ca56a-45fa-4755-8d94-03d8a29a89db" />
    <UnitTestResult executionId="66ab87f0-c12c-41e8-9ab8-086a08313e1e" testId="70ede014-c412-e387-bb98-e95b3b42090d" testName="UnitTests.Data.Repositories.GenericRepositoryTests.GenericRepositoryUpdates" computerName="fv-az252-455" duration="00:00:00.0120000" startTime="2022-04-04T02:38:37.8964937+00:00" endTime="2022-04-04T02:38:37.8964937+00:00" testType="13cdc9d9-ddb5-4fa4-a97d-d965ccfc6d4b" outcome="Passed" testListId="8c84fa94-04c1-424b-9868-57a2d4851a1d" relativeResultsDirectory="66ab87f0-c12c-41e8-9ab8-086a08313e1e" />
    <UnitTestResult executionId="a2fe7ff3-b2bc-4632-9c04-cd2d7ef39a6d" testId="0f141a30-05bd-f4ed-a627-d40adca6b3ca" testName="UnitTests.Services.ItemServiceTests.GetItemsPage_GetsPages(page: 4, pageSize: 10, descending: False, expectedPages: 3, returnedPage: 3)" computerName="fv-az252-455" duration="00:00:00.0020000" startTime="2022-04-04T02:38:35.2915517+00:00" endTime="2022-04-04T02:38:35.2915517+00:00" testType="13cdc9d9-ddb5-4fa4-a97d-d965ccfc6d4b" outcome="Passed" testListId="8c84fa94-04c1-424b-9868-57a2d4851a1d" relativeResultsDirectory="a2fe7ff3-b2bc-4632-9c04-cd2d7ef39a6d" />
    <UnitTestResult executionId="cea3a2f8-fdaa-4271-94cb-b9d0cff9f6a4" testId="f5652070-1b22-f5a7-3f3f-68b37c9184a8" testName="UnitTests.Services.ItemServiceTests.CreateItem_NoItemThrows" computerName="fv-az252-455" duration="00:00:00.0010000" startTime="2022-04-04T02:38:35.3775519+00:00" endTime="2022-04-04T02:38:35.3775519+00:00" testType="13cdc9d9-ddb5-4fa4-a97d-d965ccfc6d4b" outcome="Passed" testListId="8c84fa94-04c1-424b-9868-57a2d4851a1d" relativeResultsDirectory="cea3a2f8-fdaa-4271-94cb-b9d0cff9f6a4" />
    <UnitTestResult executionId="3bc8133d-37d4-4ad6-a547-d24e3936945b" testId="a21637b0-54f8-4fa0-bc3b-95481a9fd90b" testName="UnitTests.Controllers.ModuleExceptionFilterAttributeTests.ArgumentException_BadRequest(exception: System.ArgumentOutOfRangeException: Specified argument was out of the range of valid values.&#xD;&#xA;Parameter name: Out of range, expectedStatusCode: BadRequest)" computerName="fv-az252-455" duration="00:00:00.0010000" startTime="2022-04-04T02:38:38.2221423+00:00" endTime="2022-04-04T02:38:38.2221423+00:00" testType="13cdc9d9-ddb5-4fa4-a97d-d965ccfc6d4b" outcome="Passed" testListId="8c84fa94-04c1-424b-9868-57a2d4851a1d" relativeResultsDirectory="3bc8133d-37d4-4ad6-a547-d24e3936945b" />
    <UnitTestResult executionId="a6e95275-4d35-4063-9be6-efed4c53be11" testId="0864c31d-6119-84d6-7f52-9d349dabbe84" testName="UnitTests.Services.ItemServiceTests.GetItemsPage_GetsPages(page: 0, pageSize: 0, descending: True, expectedPages: 30, returnedPage: 1)" computerName="fv-az252-455" duration="00:00:00.3040000" startTime="2022-04-04T02:38:35.2795513+00:00" endTime="2022-04-04T02:38:35.2795513+00:00" testType="13cdc9d9-ddb5-4fa4-a97d-d965ccfc6d4b" outcome="Passed" testListId="8c84fa94-04c1-424b-9868-57a2d4851a1d" relativeResultsDirectory="a6e95275-4d35-4063-9be6-efed4c53be11" />
    <UnitTestResult executionId="810b25da-0bab-42c7-9928-e505445c2e2e" testId="3140ebc5-2430-06b3-4257-a6794b9b09ac" testName="UnitTests.EntensionMethodTests.IQueryable_IsOrdered_Works(ordered: True, descending: False, lastOrder: True)" computerName="fv-az252-455" duration="00:00:00.0070000" startTime="2022-04-04T02:38:37.9824944+00:00" endTime="2022-04-04T02:38:37.9824944+00:00" testType="13cdc9d9-ddb5-4fa4-a97d-d965ccfc6d4b" outcome="Passed" testListId="8c84fa94-04c1-424b-9868-57a2d4851a1d" relativeResultsDirectory="810b25da-0bab-42c7-9928-e505445c2e2e" />
    <UnitTestResult executionId="97b37b5d-2286-4dd5-a344-4e3b03a1d668" testId="9207202d-19b8-8eb5-74dc-6aa5d849467c" testName="UnitTests.EntensionMethodTests.IQueryable_GetPage_PagesProperly(count: 10, page: 1, pageSize: 10, expedtedPages: 1, expectedItems: 10, firstId: 1, descending: False)" computerName="fv-az252-455" duration="00:00:00.0160000" startTime="2022-04-04T02:38:37.8994962+00:00" endTime="2022-04-04T02:38:37.8994962+00:00" testType="13cdc9d9-ddb5-4fa4-a97d-d965ccfc6d4b" outcome="Passed" testListId="8c84fa94-04c1-424b-9868-57a2d4851a1d" relativeResultsDirectory="97b37b5d-2286-4dd5-a344-4e3b03a1d668" />
    <UnitTestResult executionId="64dcd3ae-5ec9-49e1-92d9-5b450385a7a0" testId="8ba31d1b-48e3-e04e-cff0-b927c63b4a19" testName="UnitTests.Services.LoggingServiceTests.LoggingService_DefaultConstructorExists" computerName="fv-az252-455" duration="00:00:00.1230000" startTime="2022-04-04T02:38:38.2071410+00:00" endTime="2022-04-04T02:38:38.2071410+00:00" testType="13cdc9d9-ddb5-4fa4-a97d-d965ccfc6d4b" outcome="Passed" testListId="8c84fa94-04c1-424b-9868-57a2d4851a1d" relativeResultsDirectory="64dcd3ae-5ec9-49e1-92d9-5b450385a7a0" />
    <UnitTestResult executionId="a1718409-0907-46c7-9582-50180f45e12e" testId="1a74e347-4470-5271-97ab-1ebaf8693270" testName="UnitTests.Controllers.ModuleExceptionFilterAttributeTests.SystemException_DoesNotExposeDetails" computerName="fv-az252-455" duration="00:00:00.0080000" startTime="2022-04-04T02:38:38.2311424+00:00" endTime="2022-04-04T02:38:38.2311424+00:00" testType="13cdc9d9-ddb5-4fa4-a97d-d965ccfc6d4b" outcome="Passed" testListId="8c84fa94-04c1-424b-9868-57a2d4851a1d" relativeResultsDirectory="a1718409-0907-46c7-9582-50180f45e12e" />
    <UnitTestResult executionId="abac9117-26c8-4e13-bac0-a36dac6e4055" testId="392ed628-2028-c945-b97e-893658a1e82b" testName="UnitTests.Data.Entities.ItemTests.ItemPropertiesPersist(id: 1, name: &quot;Name1&quot;, description: &quot;Description1&quot;)" computerName="fv-az252-455" duration="00:00:00.0010000" startTime="2022-04-04T02:38:38.2411442+00:00" endTime="2022-04-04T02:38:38.2411442+00:00" testType="13cdc9d9-ddb5-4fa4-a97d-d965ccfc6d4b" outcome="Passed" testListId="8c84fa94-04c1-424b-9868-57a2d4851a1d" relativeResultsDirectory="abac9117-26c8-4e13-bac0-a36dac6e4055" />
    <UnitTestResult executionId="1f25e4c7-3fbf-4fe9-b66d-06bdc298d06e" testId="a21637b0-54f8-4fa0-bc3b-95481a9fd90b" testName="UnitTests.Controllers.ModuleExceptionFilterAttributeTests.ArgumentException_BadRequest(exception: System.TimeoutException: Timed out, expectedStatusCode: RequestTimeout)" computerName="fv-az252-455" duration="00:00:00.0010000" startTime="2022-04-04T02:38:38.2241433+00:00" endTime="2022-04-04T02:38:38.2241433+00:00" testType="13cdc9d9-ddb5-4fa4-a97d-d965ccfc6d4b" outcome="Passed" testListId="8c84fa94-04c1-424b-9868-57a2d4851a1d" relativeResultsDirectory="1f25e4c7-3fbf-4fe9-b66d-06bdc298d06e" />
    <UnitTestResult executionId="084db508-9dae-4caa-86b2-ada24c2a5d80" testId="73fc5149-51d6-8241-9c9f-f48c28e448e3" testName="UnitTests.EntensionMethodTests.IQueryable_IsOrdered_ThrowsWithNull" computerName="fv-az252-455" duration="00:00:00.0010000" startTime="2022-04-04T02:38:38.0074943+00:00" endTime="2022-04-04T02:38:38.0074943+00:00" testType="13cdc9d9-ddb5-4fa4-a97d-d965ccfc6d4b" outcome="Passed" testListId="8c84fa94-04c1-424b-9868-57a2d4851a1d" relativeResultsDirectory="084db508-9dae-4caa-86b2-ada24c2a5d80" />
    <UnitTestResult executionId="58a3c4fe-fea9-45c2-8c49-20b57d1ec2ab" testId="e55f1742-c16d-5086-2251-ad3372dd48f5" testName="UnitTests.Controllers.ValidateModelAttributeTests.OnActionExecuting_Valid_Works" computerName="fv-az252-455" duration="00:00:00.0040000" startTime="2022-04-04T02:38:38.2611433+00:00" endTime="2022-04-04T02:38:38.2611433+00:00" testType="13cdc9d9-ddb5-4fa4-a97d-d965ccfc6d4b" outcome="Passed" testListId="8c84fa94-04c1-424b-9868-57a2d4851a1d" relativeResultsDirectory="58a3c4fe-fea9-45c2-8c49-20b57d1ec2ab" />
  </Results>
  <TestDefinitions>
    <UnitTest name="UnitTests.Controllers.ItemControllerTests.DeleteItem_Deletes(itemId: 1)" storage="d:\a\dnn.uservoice\dnn.uservoice\unittests\bin\unittests.dll" id="478b61ee-7d85-9dbe-985d-08c590f8666a">
      <Execution id="0c975f00-b708-43d5-a6e7-355ffbaaedc4" />
      <TestMethod codeBase="D:\a\DNN.UserVoice\DNN.UserVoice\UnitTests\bin\UnitTests.dll" adapterTypeName="executor://xunit/VsTestRunner2/net" className="UnitTests.Controllers.ItemControllerTests" name="DeleteItem_Deletes" />
    </UnitTest>
    <UnitTest name="UnitTests.EntensionMethodTests.IQueryable_IsOrdered_Works(ordered: True, descending: True, lastOrder: False)" storage="d:\a\dnn.uservoice\dnn.uservoice\unittests\bin\unittests.dll" id="6f0b47a1-9d18-a5d8-8dd1-c8f266712c15">
      <Execution id="4ba5054f-97b7-44af-8cb8-07b3f5476776" />
      <TestMethod codeBase="D:\a\DNN.UserVoice\DNN.UserVoice\UnitTests\bin\UnitTests.dll" adapterTypeName="executor://xunit/VsTestRunner2/net" className="UnitTests.EntensionMethodTests" name="IQueryable_IsOrdered_Works" />
    </UnitTest>
    <UnitTest name="UnitTests.Controllers.ItemControllerTests.UserCanEdit_ReturnsBool(canEdit: False)" storage="d:\a\dnn.uservoice\dnn.uservoice\unittests\bin\unittests.dll" id="0247c7e7-7d1c-099b-2ac8-81a47ff2509a">
      <Execution id="fcf05ddb-202c-4d44-b1c0-8380b4a19ce2" />
      <TestMethod codeBase="D:\a\DNN.UserVoice\DNN.UserVoice\UnitTests\bin\UnitTests.dll" adapterTypeName="executor://xunit/VsTestRunner2/net" className="UnitTests.Controllers.ItemControllerTests" name="UserCanEdit_ReturnsBool" />
    </UnitTest>
    <UnitTest name="UnitTests.EntensionMethodTests.IQueryable_GetPage_PagesProperly(count: 21, page: 1, pageSize: 10, expedtedPages: 3, expectedItems: 10, firstId: 21, descending: True)" storage="d:\a\dnn.uservoice\dnn.uservoice\unittests\bin\unittests.dll" id="7e661283-b2b2-d632-266b-6af1f3374c08">
      <Execution id="718e896c-d7e8-486a-9da5-f58c43cb0a04" />
      <TestMethod codeBase="D:\a\DNN.UserVoice\DNN.UserVoice\UnitTests\bin\UnitTests.dll" adapterTypeName="executor://xunit/VsTestRunner2/net" className="UnitTests.EntensionMethodTests" name="IQueryable_GetPage_PagesProperly" />
    </UnitTest>
    <UnitTest name="UnitTests.Controllers.LocalizationControllerTests.GetLocalization_CallsLocalizationService" storage="d:\a\dnn.uservoice\dnn.uservoice\unittests\bin\unittests.dll" id="168fc980-36e3-101b-62b1-f5ab71e9fc0d">
      <Execution id="e5e1a44b-7191-4f9b-8d7c-c7cf6a09f9a4" />
      <TestMethod codeBase="D:\a\DNN.UserVoice\DNN.UserVoice\UnitTests\bin\UnitTests.dll" adapterTypeName="executor://xunit/VsTestRunner2/net" className="UnitTests.Controllers.LocalizationControllerTests" name="GetLocalization_CallsLocalizationService" />
    </UnitTest>
    <UnitTest name="UnitTests.Data.ModuleDbContextTests.DefaultConstructorThrows" storage="d:\a\dnn.uservoice\dnn.uservoice\unittests\bin\unittests.dll" id="ac2a99ba-3563-74a9-7d4c-8e91a58cd097">
      <Execution id="60087553-a677-42e8-ac9d-0f109b6eb9b9" />
      <TestMethod codeBase="D:\a\DNN.UserVoice\DNN.UserVoice\UnitTests\bin\UnitTests.dll" adapterTypeName="executor://xunit/VsTestRunner2/net" className="UnitTests.Data.ModuleDbContextTests" name="DefaultConstructorThrows" />
    </UnitTest>
    <UnitTest name="UnitTests.Controllers.ModuleApiControllerTests.CanEdit_DefaultsToFalse" storage="d:\a\dnn.uservoice\dnn.uservoice\unittests\bin\unittests.dll" id="320e3c11-11d1-b3ef-0d2e-5e474f674ff1">
      <Execution id="d6853c7b-1b49-41b2-9585-d43cf6055354" />
      <TestMethod codeBase="D:\a\DNN.UserVoice\DNN.UserVoice\UnitTests\bin\UnitTests.dll" adapterTypeName="executor://xunit/VsTestRunner2/net" className="UnitTests.Controllers.ModuleApiControllerTests" name="CanEdit_DefaultsToFalse" />
    </UnitTest>
    <UnitTest name="UnitTests.Data.Repositories.GenericRepositoryTests.GenericRepositoryCreatesAndGetsById" storage="d:\a\dnn.uservoice\dnn.uservoice\unittests\bin\unittests.dll" id="e6e0a140-85e7-6935-6160-ab95ecfd3c8a">
      <Execution id="59ffbd44-0297-4e1a-95cc-90d16353537f" />
      <TestMethod codeBase="D:\a\DNN.UserVoice\DNN.UserVoice\UnitTests\bin\UnitTests.dll" adapterTypeName="executor://xunit/VsTestRunner2/net" className="UnitTests.Data.Repositories.GenericRepositoryTests" name="GenericRepositoryCreatesAndGetsById" />
    </UnitTest>
    <UnitTest name="UnitTests.Services.ItemServiceTests.GetItemsPage_GetsPages(page: 4, pageSize: 10, descending: False, expectedPages: 3, returnedPage: 3)" storage="d:\a\dnn.uservoice\dnn.uservoice\unittests\bin\unittests.dll" id="0f141a30-05bd-f4ed-a627-d40adca6b3ca">
      <Execution id="a2fe7ff3-b2bc-4632-9c04-cd2d7ef39a6d" />
      <TestMethod codeBase="D:\a\DNN.UserVoice\DNN.UserVoice\UnitTests\bin\UnitTests.dll" adapterTypeName="executor://xunit/VsTestRunner2/net" className="UnitTests.Services.ItemServiceTests" name="GetItemsPage_GetsPages" />
    </UnitTest>
    <UnitTest name="UnitTests.Services.ItemServiceTests.UpdateItem_NoName_Throws(name: &quot; &quot;)" storage="d:\a\dnn.uservoice\dnn.uservoice\unittests\bin\unittests.dll" id="1c164fbc-1ab1-9884-ccb8-9e84f4c977d0">
      <Execution id="b5c8606c-4c53-4e11-bcda-1587389d1acc" />
      <TestMethod codeBase="D:\a\DNN.UserVoice\DNN.UserVoice\UnitTests\bin\UnitTests.dll" adapterTypeName="executor://xunit/VsTestRunner2/net" className="UnitTests.Services.ItemServiceTests" name="UpdateItem_NoName_Throws" />
    </UnitTest>
    <UnitTest name="UnitTests.EntensionMethodTests.IQueryable_IsOrdered_Works(ordered: False, descending: False, lastOrder: False)" storage="d:\a\dnn.uservoice\dnn.uservoice\unittests\bin\unittests.dll" id="2aef35a8-73ad-0c03-c8a4-2b5a1d37af8f">
      <Execution id="bafb4e7a-0bcf-4404-baf5-770a4b1a3207" />
      <TestMethod codeBase="D:\a\DNN.UserVoice\DNN.UserVoice\UnitTests\bin\UnitTests.dll" adapterTypeName="executor://xunit/VsTestRunner2/net" className="UnitTests.EntensionMethodTests" name="IQueryable_IsOrdered_Works" />
    </UnitTest>
    <UnitTest name="UnitTests.EntensionMethodTests.IQueryable_GetPage_PagesProperly(count: 101, page: 1, pageSize: 50, expedtedPages: 3, expectedItems: 50, firstId: 1, descending: False)" storage="d:\a\dnn.uservoice\dnn.uservoice\unittests\bin\unittests.dll" id="95a0a379-a9bd-3d99-f720-e626260de7f6">
      <Execution id="6ed9ee34-51ee-451a-b650-a14cad9fe5fb" />
      <TestMethod codeBase="D:\a\DNN.UserVoice\DNN.UserVoice\UnitTests\bin\UnitTests.dll" adapterTypeName="executor://xunit/VsTestRunner2/net" className="UnitTests.EntensionMethodTests" name="IQueryable_GetPage_PagesProperly" />
    </UnitTest>
    <UnitTest name="UnitTests.EntensionMethodTests.IQueryable_GetPage_PagesProperly(count: 0, page: -1, pageSize: -1, expedtedPages: 0, expectedItems: 0, firstId: null, descending: False)" storage="d:\a\dnn.uservoice\dnn.uservoice\unittests\bin\unittests.dll" id="4bb697d7-9cb3-28c5-7c49-3e60c8ee823d">
      <Execution id="be114d63-d8ec-4ba2-a733-43eb9f7ec5f4" />
      <TestMethod codeBase="D:\a\DNN.UserVoice\DNN.UserVoice\UnitTests\bin\UnitTests.dll" adapterTypeName="executor://xunit/VsTestRunner2/net" className="UnitTests.EntensionMethodTests" name="IQueryable_GetPage_PagesProperly" />
    </UnitTest>
    <UnitTest name="UnitTests.Data.Repositories.GenericRepositoryTests.Repository_Update_UsesuserId" storage="d:\a\dnn.uservoice\dnn.uservoice\unittests\bin\unittests.dll" id="0ebf358f-9eac-9438-b418-9c6aa81a6377">
      <Execution id="015f71de-4374-421b-9ff3-b78f9b21fa61" />
      <TestMethod codeBase="D:\a\DNN.UserVoice\DNN.UserVoice\UnitTests\bin\UnitTests.dll" adapterTypeName="executor://xunit/VsTestRunner2/net" className="UnitTests.Data.Repositories.GenericRepositoryTests" name="Repository_Update_UsesuserId" />
    </UnitTest>
    <UnitTest name="UnitTests.Services.ItemServiceTests.CreateItem_Creates" storage="d:\a\dnn.uservoice\dnn.uservoice\unittests\bin\unittests.dll" id="a9198ad3-782e-a37c-0b5f-1330f5318f55">
      <Execution id="53a40043-aca5-461c-b5c6-ab65cabc7808" />
      <TestMethod codeBase="D:\a\DNN.UserVoice\DNN.UserVoice\UnitTests\bin\UnitTests.dll" adapterTypeName="executor://xunit/VsTestRunner2/net" className="UnitTests.Services.ItemServiceTests" name="CreateItem_Creates" />
    </UnitTest>
    <UnitTest name="UnitTests.Controllers.ValidateModelAttributeTests.OnActionExecuting_Invalid_Works" storage="d:\a\dnn.uservoice\dnn.uservoice\unittests\bin\unittests.dll" id="61a8ccc9-c5b1-047b-3c97-f777ccc7d30b">
      <Execution id="21c3e9a7-be3c-4046-9ab2-c3cd695334c3" />
      <TestMethod codeBase="D:\a\DNN.UserVoice\DNN.UserVoice\UnitTests\bin\UnitTests.dll" adapterTypeName="executor://xunit/VsTestRunner2/net" className="UnitTests.Controllers.ValidateModelAttributeTests" name="OnActionExecuting_Invalid_Works" />
    </UnitTest>
    <UnitTest name="UnitTests.EntensionMethodTests.IQueryable_IsOrdered_Works(ordered: False, descending: True, lastOrder: False)" storage="d:\a\dnn.uservoice\dnn.uservoice\unittests\bin\unittests.dll" id="b80893de-3e2d-6029-ec19-65c03fd119c3">
      <Execution id="77d75c44-17cb-425f-80ec-ec368f7818aa" />
      <TestMethod codeBase="D:\a\DNN.UserVoice\DNN.UserVoice\UnitTests\bin\UnitTests.dll" adapterTypeName="executor://xunit/VsTestRunner2/net" className="UnitTests.EntensionMethodTests" name="IQueryable_IsOrdered_Works" />
    </UnitTest>
    <UnitTest name="UnitTests.Services.ItemServiceTests.GetItemsPage_GetsPages(page: 1, pageSize: 20, descending: False, expectedPages: 2, returnedPage: 1)" storage="d:\a\dnn.uservoice\dnn.uservoice\unittests\bin\unittests.dll" id="1b051fa0-d4cc-1b32-80bb-d56b714e3066">
      <Execution id="cf5ca56a-45fa-4755-8d94-03d8a29a89db" />
      <TestMethod codeBase="D:\a\DNN.UserVoice\DNN.UserVoice\UnitTests\bin\UnitTests.dll" adapterTypeName="executor://xunit/VsTestRunner2/net" className="UnitTests.Services.ItemServiceTests" name="GetItemsPage_GetsPages" />
    </UnitTest>
    <UnitTest name="UnitTests.Data.Repositories.GenericRepositoryTests.GenericRepositoryGet" storage="d:\a\dnn.uservoice\dnn.uservoice\unittests\bin\unittests.dll" id="ad3412e8-5f64-2020-a5b6-bd4cca8c3b7d">
      <Execution id="1849e649-32b7-4b9f-a35d-59fcb728e4cc" />
      <TestMethod codeBase="D:\a\DNN.UserVoice\DNN.UserVoice\UnitTests\bin\UnitTests.dll" adapterTypeName="executor://xunit/VsTestRunner2/net" className="UnitTests.Data.Repositories.GenericRepositoryTests" name="GenericRepositoryGet" />
    </UnitTest>
    <UnitTest name="UnitTests.Services.LoggingServiceTests.LogginService_TestableConstructorLogsError" storage="d:\a\dnn.uservoice\dnn.uservoice\unittests\bin\unittests.dll" id="ac1c50bc-98fd-036f-fe0f-d46cb187f90e">
      <Execution id="b4dae89e-f38b-49a2-903b-0164c649c6fd" />
      <TestMethod codeBase="D:\a\DNN.UserVoice\DNN.UserVoice\UnitTests\bin\UnitTests.dll" adapterTypeName="executor://xunit/VsTestRunner2/net" className="UnitTests.Services.LoggingServiceTests" name="LogginService_TestableConstructorLogsError" />
    </UnitTest>
    <UnitTest name="UnitTests.Data.Repositories.GenericRepositoryTests.GenericRepositoryUpdate_ThrowsWithNullEntity" storage="d:\a\dnn.uservoice\dnn.uservoice\unittests\bin\unittests.dll" id="24cfa8b0-48c3-8aab-e4c2-88694c220e2c">
      <Execution id="68152b78-48cb-41a7-8b7c-57ebc6fdbb9e" />
      <TestMethod codeBase="D:\a\DNN.UserVoice\DNN.UserVoice\UnitTests\bin\UnitTests.dll" adapterTypeName="executor://xunit/VsTestRunner2/net" className="UnitTests.Data.Repositories.GenericRepositoryTests" name="GenericRepositoryUpdate_ThrowsWithNullEntity" />
    </UnitTest>
    <UnitTest name="UnitTests.Common.GlobalsTests.ModulePrefixIsValid" storage="d:\a\dnn.uservoice\dnn.uservoice\unittests\bin\unittests.dll" id="d1c63cb7-1f9a-a8bf-a217-a4cbb4e5f73b">
      <Execution id="0a72139a-266a-4598-9b04-f7e0571853aa" />
      <TestMethod codeBase="D:\a\DNN.UserVoice\DNN.UserVoice\UnitTests\bin\UnitTests.dll" adapterTypeName="executor://xunit/VsTestRunner2/net" className="UnitTests.Common.GlobalsTests" name="ModulePrefixIsValid" />
    </UnitTest>
    <UnitTest name="UnitTests.Data.Entities.ItemTests.ItemPropertiesPersist(id: 2, name: &quot;Name2&quot;, description: &quot;Description2&quot;)" storage="d:\a\dnn.uservoice\dnn.uservoice\unittests\bin\unittests.dll" id="96a18501-dea4-70b1-d572-baa1bb120da2">
      <Execution id="95d40e66-03d1-4f0e-a0e7-f66a880ddc53" />
      <TestMethod codeBase="D:\a\DNN.UserVoice\DNN.UserVoice\UnitTests\bin\UnitTests.dll" adapterTypeName="executor://xunit/VsTestRunner2/net" className="UnitTests.Data.Entities.ItemTests" name="ItemPropertiesPersist" />
    </UnitTest>
    <UnitTest name="UnitTests.Data.Repositories.GenericRepositoryTests.GenericRepositoryGetsAll(iterations: 3)" storage="d:\a\dnn.uservoice\dnn.uservoice\unittests\bin\unittests.dll" id="d15ea2a7-9f9f-b92b-50fa-470898da705d">
      <Execution id="286465bb-40d3-4d9f-90a9-a0cb32cbed55" />
      <TestMethod codeBase="D:\a\DNN.UserVoice\DNN.UserVoice\UnitTests\bin\UnitTests.dll" adapterTypeName="executor://xunit/VsTestRunner2/net" className="UnitTests.Data.Repositories.GenericRepositoryTests" name="GenericRepositoryGetsAll" />
    </UnitTest>
    <UnitTest name="UnitTests.Controllers.ServiceRouteMapperTests.RegisterRoutes_RegistersAtLestOneRoute" storage="d:\a\dnn.uservoice\dnn.uservoice\unittests\bin\unittests.dll" id="986d7e6e-d04d-b204-b01c-fbb8f09c7774">
      <Execution id="1abac33c-f69c-4ff9-8ef0-79742a6565ed" />
      <TestMethod codeBase="D:\a\DNN.UserVoice\DNN.UserVoice\UnitTests\bin\UnitTests.dll" adapterTypeName="executor://xunit/VsTestRunner2/net" className="UnitTests.Controllers.ServiceRouteMapperTests" name="RegisterRoutes_RegistersAtLestOneRoute" />
    </UnitTest>
    <UnitTest name="UnitTests.Controllers.ModuleExceptionFilterAttributeTests.SystemException_DoesNotExposeDetails" storage="d:\a\dnn.uservoice\dnn.uservoice\unittests\bin\unittests.dll" id="1a74e347-4470-5271-97ab-1ebaf8693270">
      <Execution id="a1718409-0907-46c7-9582-50180f45e12e" />
      <TestMethod codeBase="D:\a\DNN.UserVoice\DNN.UserVoice\UnitTests\bin\UnitTests.dll" adapterTypeName="executor://xunit/VsTestRunner2/net" className="UnitTests.Controllers.ModuleExceptionFilterAttributeTests" name="SystemException_DoesNotExposeDetails" />
    </UnitTest>
    <UnitTest name="UnitTests.EntensionMethodTests.IQueryable_GetPage_PagesProperly(count: 10, page: 1, pageSize: 10, expedtedPages: 1, expectedItems: 10, firstId: 1, descending: False)" storage="d:\a\dnn.uservoice\dnn.uservoice\unittests\bin\unittests.dll" id="9207202d-19b8-8eb5-74dc-6aa5d849467c">
      <Execution id="97b37b5d-2286-4dd5-a344-4e3b03a1d668" />
      <TestMethod codeBase="D:\a\DNN.UserVoice\DNN.UserVoice\UnitTests\bin\UnitTests.dll" adapterTypeName="executor://xunit/VsTestRunner2/net" className="UnitTests.EntensionMethodTests" name="IQueryable_GetPage_PagesProperly" />
    </UnitTest>
    <UnitTest name="UnitTests.Data.Repositories.GenericRepositoryTests.GenericRepositoryConstructs" storage="d:\a\dnn.uservoice\dnn.uservoice\unittests\bin\unittests.dll" id="e4f8faa7-d0ad-86e6-1579-7bd52372b4c3">
      <Execution id="3978cf7b-79e7-4c40-ae47-cc19d9412b8c" />
      <TestMethod codeBase="D:\a\DNN.UserVoice\DNN.UserVoice\UnitTests\bin\UnitTests.dll" adapterTypeName="executor://xunit/VsTestRunner2/net" className="UnitTests.Data.Repositories.GenericRepositoryTests" name="GenericRepositoryConstructs" />
    </UnitTest>
    <UnitTest name="UnitTests.Services.ItemServiceTests.UpdateItem_NoName_Throws(name: null)" storage="d:\a\dnn.uservoice\dnn.uservoice\unittests\bin\unittests.dll" id="b76e01b1-6afe-f33b-c6a9-ea3347176509">
      <Execution id="fed0af67-7e02-4794-97ca-240012137ce8" />
      <TestMethod codeBase="D:\a\DNN.UserVoice\DNN.UserVoice\UnitTests\bin\UnitTests.dll" adapterTypeName="executor://xunit/VsTestRunner2/net" className="UnitTests.Services.ItemServiceTests" name="UpdateItem_NoName_Throws" />
    </UnitTest>
    <UnitTest name="UnitTests.Data.Repositories.GenericRepositoryTests.Repository_DeleteMissing_DoesNotThrow" storage="d:\a\dnn.uservoice\dnn.uservoice\unittests\bin\unittests.dll" id="f754f777-4449-23e8-f4ec-917f49117de2">
      <Execution id="34d726ba-669d-499e-ae3a-e7645f01e88d" />
      <TestMethod codeBase="D:\a\DNN.UserVoice\DNN.UserVoice\UnitTests\bin\UnitTests.dll" adapterTypeName="executor://xunit/VsTestRunner2/net" className="UnitTests.Data.Repositories.GenericRepositoryTests" name="Repository_DeleteMissing_DoesNotThrow" />
    </UnitTest>
    <UnitTest name="UnitTests.EntensionMethodTests.IQueryable_IsOrdered_Works(ordered: True, descending: False, lastOrder: True)" storage="d:\a\dnn.uservoice\dnn.uservoice\unittests\bin\unittests.dll" id="3140ebc5-2430-06b3-4257-a6794b9b09ac">
      <Execution id="810b25da-0bab-42c7-9928-e505445c2e2e" />
      <TestMethod codeBase="D:\a\DNN.UserVoice\DNN.UserVoice\UnitTests\bin\UnitTests.dll" adapterTypeName="executor://xunit/VsTestRunner2/net" className="UnitTests.EntensionMethodTests" name="IQueryable_IsOrdered_Works" />
    </UnitTest>
    <UnitTest name="UnitTests.Services.ItemServiceTests.CreateItem_NoNameThrows" storage="d:\a\dnn.uservoice\dnn.uservoice\unittests\bin\unittests.dll" id="19b6234c-c2df-2304-54f9-54b0da4cd6ba">
      <Execution id="8b032d18-ffd3-40b7-b3ab-0aa8d0c22034" />
      <TestMethod codeBase="D:\a\DNN.UserVoice\DNN.UserVoice\UnitTests\bin\UnitTests.dll" adapterTypeName="executor://xunit/VsTestRunner2/net" className="UnitTests.Services.ItemServiceTests" name="CreateItem_NoNameThrows" />
    </UnitTest>
    <UnitTest name="UnitTests.Services.ItemServiceTests.DeleteItem_Deletes" storage="d:\a\dnn.uservoice\dnn.uservoice\unittests\bin\unittests.dll" id="e6610648-e456-1c64-d2b1-7e1242b871a8">
      <Execution id="03225b90-a73a-48b1-b0a4-9bb8f3ed4e3e" />
      <TestMethod codeBase="D:\a\DNN.UserVoice\DNN.UserVoice\UnitTests\bin\UnitTests.dll" adapterTypeName="executor://xunit/VsTestRunner2/net" className="UnitTests.Services.ItemServiceTests" name="DeleteItem_Deletes" />
    </UnitTest>
    <UnitTest name="UnitTests.Data.Entities.ItemTests.ItemConstructsProperly" storage="d:\a\dnn.uservoice\dnn.uservoice\unittests\bin\unittests.dll" id="572fc310-4b67-9555-f147-153d39f2eb82">
      <Execution id="121d04f3-00ae-4f78-9e79-94a293011de4" />
      <TestMethod codeBase="D:\a\DNN.UserVoice\DNN.UserVoice\UnitTests\bin\UnitTests.dll" adapterTypeName="executor://xunit/VsTestRunner2/net" className="UnitTests.Data.Entities.ItemTests" name="ItemConstructsProperly" />
    </UnitTest>
    <UnitTest name="UnitTests.EntensionMethodTests.IQueryable_IsOrdered_Works(ordered: True, descending: True, lastOrder: True)" storage="d:\a\dnn.uservoice\dnn.uservoice\unittests\bin\unittests.dll" id="f46af852-6230-3d31-e31c-2959bffd491f">
      <Execution id="a193cb39-a157-4335-aaf0-c05972ef739f" />
      <TestMethod codeBase="D:\a\DNN.UserVoice\DNN.UserVoice\UnitTests\bin\UnitTests.dll" adapterTypeName="executor://xunit/VsTestRunner2/net" className="UnitTests.EntensionMethodTests" name="IQueryable_IsOrdered_Works" />
    </UnitTest>
    <UnitTest name="UnitTests.Services.ItemServiceTests.GetItemsPage_GetsPages(page: 1, pageSize: 10, descending: False, expectedPages: 3, returnedPage: 1)" storage="d:\a\dnn.uservoice\dnn.uservoice\unittests\bin\unittests.dll" id="19223079-ea41-5691-855c-970af1a1e611">
      <Execution id="890ada8a-348a-4332-97ee-027ebecd4da0" />
      <TestMethod codeBase="D:\a\DNN.UserVoice\DNN.UserVoice\UnitTests\bin\UnitTests.dll" adapterTypeName="executor://xunit/VsTestRunner2/net" className="UnitTests.Services.ItemServiceTests" name="GetItemsPage_GetsPages" />
    </UnitTest>
    <UnitTest name="UnitTests.Services.LoggingServiceTests.LogginService_TestableConstructorLogsErrorWithException" storage="d:\a\dnn.uservoice\dnn.uservoice\unittests\bin\unittests.dll" id="9168bdef-a759-f4d6-b890-b643e17324cf">
      <Execution id="0418d84b-91a7-4029-92a0-e770a61b219f" />
      <TestMethod codeBase="D:\a\DNN.UserVoice\DNN.UserVoice\UnitTests\bin\UnitTests.dll" adapterTypeName="executor://xunit/VsTestRunner2/net" className="UnitTests.Services.LoggingServiceTests" name="LogginService_TestableConstructorLogsErrorWithException" />
    </UnitTest>
    <UnitTest name="UnitTests.Services.ItemServiceTests.UpdateItem_NoName_Throws(name: &quot;&quot;)" storage="d:\a\dnn.uservoice\dnn.uservoice\unittests\bin\unittests.dll" id="3cbfa5d3-e0f6-eff8-ed5c-556fa1f3e131">
      <Execution id="87704d9e-54f2-4b8d-805a-4c6ac3a5c9d0" />
      <TestMethod codeBase="D:\a\DNN.UserVoice\DNN.UserVoice\UnitTests\bin\UnitTests.dll" adapterTypeName="executor://xunit/VsTestRunner2/net" className="UnitTests.Services.ItemServiceTests" name="UpdateItem_NoName_Throws" />
    </UnitTest>
    <UnitTest name="UnitTests.EntensionMethodTests.IQueryable_GetPage_PagesProperly(count: 20, page: 2, pageSize: 10, expedtedPages: 2, expectedItems: 10, firstId: 11, descending: False)" storage="d:\a\dnn.uservoice\dnn.uservoice\unittests\bin\unittests.dll" id="2695f427-ed7b-9f97-5696-f97a7702128c">
      <Execution id="0c4923ac-678a-4da0-a7f3-d2813e4d3e11" />
      <TestMethod codeBase="D:\a\DNN.UserVoice\DNN.UserVoice\UnitTests\bin\UnitTests.dll" adapterTypeName="executor://xunit/VsTestRunner2/net" className="UnitTests.EntensionMethodTests" name="IQueryable_GetPage_PagesProperly" />
    </UnitTest>
    <UnitTest name="UnitTests.EntensionMethodTests.IQueryable_IsOrdered_Works(ordered: False, descending: True, lastOrder: True)" storage="d:\a\dnn.uservoice\dnn.uservoice\unittests\bin\unittests.dll" id="d5b75914-a4f0-1327-0212-c8781f6dfe81">
      <Execution id="0c9c7843-fc40-4535-944e-976bc3bdb0af" />
      <TestMethod codeBase="D:\a\DNN.UserVoice\DNN.UserVoice\UnitTests\bin\UnitTests.dll" adapterTypeName="executor://xunit/VsTestRunner2/net" className="UnitTests.EntensionMethodTests" name="IQueryable_IsOrdered_Works" />
    </UnitTest>
    <UnitTest name="UnitTests.Controllers.ItemControllerTests.UserCanEdit_ReturnsBool(canEdit: True)" storage="d:\a\dnn.uservoice\dnn.uservoice\unittests\bin\unittests.dll" id="aec60494-3c2e-8ec9-f948-da5bb2043983">
      <Execution id="6fc287c0-a03e-427e-8007-ae098dd88659" />
      <TestMethod codeBase="D:\a\DNN.UserVoice\DNN.UserVoice\UnitTests\bin\UnitTests.dll" adapterTypeName="executor://xunit/VsTestRunner2/net" className="UnitTests.Controllers.ItemControllerTests" name="UserCanEdit_ReturnsBool" />
    </UnitTest>
    <UnitTest name="UnitTests.Services.ItemServiceTests.GetItemsPage_GetsPages(page: 0, pageSize: 0, descending: True, expectedPages: 30, returnedPage: 1)" storage="d:\a\dnn.uservoice\dnn.uservoice\unittests\bin\unittests.dll" id="0864c31d-6119-84d6-7f52-9d349dabbe84">
      <Execution id="a6e95275-4d35-4063-9be6-efed4c53be11" />
      <TestMethod codeBase="D:\a\DNN.UserVoice\DNN.UserVoice\UnitTests\bin\UnitTests.dll" adapterTypeName="executor://xunit/VsTestRunner2/net" className="UnitTests.Services.ItemServiceTests" name="GetItemsPage_GetsPages" />
    </UnitTest>
    <UnitTest name="UnitTests.Controllers.ModuleApiControllerTests.HasUserInfo" storage="d:\a\dnn.uservoice\dnn.uservoice\unittests\bin\unittests.dll" id="bae3532a-4a9e-c4ab-fc66-4dfa22d16170">
      <Execution id="3dd2e6bc-2f98-4c58-aa9e-8392fea06a62" />
      <TestMethod codeBase="D:\a\DNN.UserVoice\DNN.UserVoice\UnitTests\bin\UnitTests.dll" adapterTypeName="executor://xunit/VsTestRunner2/net" className="UnitTests.Controllers.ModuleApiControllerTests" name="HasUserInfo" />
    </UnitTest>
    <UnitTest name="UnitTests.EntensionMethodTests.IQueryable_GetPage_EmptyDoesNotThrow" storage="d:\a\dnn.uservoice\dnn.uservoice\unittests\bin\unittests.dll" id="2d3a68b5-bf4c-0513-b733-5ed612794244">
      <Execution id="8d7d1091-6db6-4ac8-8fec-42af87cbdbfd" />
      <TestMethod codeBase="D:\a\DNN.UserVoice\DNN.UserVoice\UnitTests\bin\UnitTests.dll" adapterTypeName="executor://xunit/VsTestRunner2/net" className="UnitTests.EntensionMethodTests" name="IQueryable_GetPage_EmptyDoesNotThrow" />
    </UnitTest>
    <UnitTest name="UnitTests.Services.ItemServiceTests.UpdateItem_NoName_Throws(name: &quot;  &quot;)" storage="d:\a\dnn.uservoice\dnn.uservoice\unittests\bin\unittests.dll" id="92b7b9f6-1294-7ea1-ffa3-91fba85074d4">
      <Execution id="b102c142-0aa9-4351-bb22-a85fc68fb73d" />
      <TestMethod codeBase="D:\a\DNN.UserVoice\DNN.UserVoice\UnitTests\bin\UnitTests.dll" adapterTypeName="executor://xunit/VsTestRunner2/net" className="UnitTests.Services.ItemServiceTests" name="UpdateItem_NoName_Throws" />
    </UnitTest>
    <UnitTest name="UnitTests.Data.Repositories.GenericRepositoryTests.Repository_Create_DefaultAudit" storage="d:\a\dnn.uservoice\dnn.uservoice\unittests\bin\unittests.dll" id="ae39aa62-5ff2-56e7-d00e-ef116d711d51">
      <Execution id="a1d9ce19-327e-4ed8-b95e-aa5e2ad0a79c" />
      <TestMethod codeBase="D:\a\DNN.UserVoice\DNN.UserVoice\UnitTests\bin\UnitTests.dll" adapterTypeName="executor://xunit/VsTestRunner2/net" className="UnitTests.Data.Repositories.GenericRepositoryTests" name="Repository_Create_DefaultAudit" />
    </UnitTest>
    <UnitTest name="UnitTests.Controllers.ValidateModelAttributeTests.OnActionExecuting_Valid_Works" storage="d:\a\dnn.uservoice\dnn.uservoice\unittests\bin\unittests.dll" id="e55f1742-c16d-5086-2251-ad3372dd48f5">
      <Execution id="58a3c4fe-fea9-45c2-8c49-20b57d1ec2ab" />
      <TestMethod codeBase="D:\a\DNN.UserVoice\DNN.UserVoice\UnitTests\bin\UnitTests.dll" adapterTypeName="executor://xunit/VsTestRunner2/net" className="UnitTests.Controllers.ValidateModelAttributeTests" name="OnActionExecuting_Valid_Works" />
    </UnitTest>
    <UnitTest name="UnitTests.Services.LoggingServiceTests.LoggingService_DefaultConstructorExists" storage="d:\a\dnn.uservoice\dnn.uservoice\unittests\bin\unittests.dll" id="8ba31d1b-48e3-e04e-cff0-b927c63b4a19">
      <Execution id="64dcd3ae-5ec9-49e1-92d9-5b450385a7a0" />
      <TestMethod codeBase="D:\a\DNN.UserVoice\DNN.UserVoice\UnitTests\bin\UnitTests.dll" adapterTypeName="executor://xunit/VsTestRunner2/net" className="UnitTests.Services.LoggingServiceTests" name="LoggingService_DefaultConstructorExists" />
    </UnitTest>
    <UnitTest name="UnitTests.Services.ItemServiceTests.UpdateItem_NullDto_Throws" storage="d:\a\dnn.uservoice\dnn.uservoice\unittests\bin\unittests.dll" id="263c08b1-704a-f3c2-309e-6dee831dbdc9">
      <Execution id="239cc14a-51b5-496a-8663-8188422b81c4" />
      <TestMethod codeBase="D:\a\DNN.UserVoice\DNN.UserVoice\UnitTests\bin\UnitTests.dll" adapterTypeName="executor://xunit/VsTestRunner2/net" className="UnitTests.Services.ItemServiceTests" name="UpdateItem_NullDto_Throws" />
    </UnitTest>
    <UnitTest name="UnitTests.Data.Repositories.GenericRepositoryTests.GenericRepositoryGetsAll(iterations: 1)" storage="d:\a\dnn.uservoice\dnn.uservoice\unittests\bin\unittests.dll" id="d16880d7-fb44-f209-43d9-ba2e0e1875de">
      <Execution id="bea6c773-5969-4fa4-8c2d-19a8e0e93549" />
      <TestMethod codeBase="D:\a\DNN.UserVoice\DNN.UserVoice\UnitTests\bin\UnitTests.dll" adapterTypeName="executor://xunit/VsTestRunner2/net" className="UnitTests.Data.Repositories.GenericRepositoryTests" name="GenericRepositoryGetsAll" />
    </UnitTest>
    <UnitTest name="UnitTests.EntensionMethodTests.IQueryable_IsOrdered_ThrowsWithNull" storage="d:\a\dnn.uservoice\dnn.uservoice\unittests\bin\unittests.dll" id="73fc5149-51d6-8241-9c9f-f48c28e448e3">
      <Execution id="084db508-9dae-4caa-86b2-ada24c2a5d80" />
      <TestMethod codeBase="D:\a\DNN.UserVoice\DNN.UserVoice\UnitTests\bin\UnitTests.dll" adapterTypeName="executor://xunit/VsTestRunner2/net" className="UnitTests.EntensionMethodTests" name="IQueryable_IsOrdered_ThrowsWithNull" />
    </UnitTest>
    <UnitTest name="UnitTests.Data.Repositories.GenericRepositoryTests.GenericRepositoryCreate_ThrowsWithNullEntity" storage="d:\a\dnn.uservoice\dnn.uservoice\unittests\bin\unittests.dll" id="36689490-09d4-917f-648a-70dcfcfede10">
      <Execution id="71712646-5c49-4b8a-9cc2-43da7f4b1152" />
      <TestMethod codeBase="D:\a\DNN.UserVoice\DNN.UserVoice\UnitTests\bin\UnitTests.dll" adapterTypeName="executor://xunit/VsTestRunner2/net" className="UnitTests.Data.Repositories.GenericRepositoryTests" name="GenericRepositoryCreate_ThrowsWithNullEntity" />
    </UnitTest>
    <UnitTest name="UnitTests.Controllers.ItemControllerTests.CreateItem_Creates" storage="d:\a\dnn.uservoice\dnn.uservoice\unittests\bin\unittests.dll" id="588a2c1b-7788-beb2-ade0-06788d455d25">
      <Execution id="3d2835e3-3647-41c9-9b65-d7b1c762f937" />
      <TestMethod codeBase="D:\a\DNN.UserVoice\DNN.UserVoice\UnitTests\bin\UnitTests.dll" adapterTypeName="executor://xunit/VsTestRunner2/net" className="UnitTests.Controllers.ItemControllerTests" name="CreateItem_Creates" />
    </UnitTest>
    <UnitTest name="UnitTests.Controllers.ModuleApiControllerTests.CanEdit_Set_Throws" storage="d:\a\dnn.uservoice\dnn.uservoice\unittests\bin\unittests.dll" id="5f92ec4d-d570-0452-b891-d4cee75db9dd">
      <Execution id="665f0c42-479b-433d-95e7-d15d36636d1e" />
      <TestMethod codeBase="D:\a\DNN.UserVoice\DNN.UserVoice\UnitTests\bin\UnitTests.dll" adapterTypeName="executor://xunit/VsTestRunner2/net" className="UnitTests.Controllers.ModuleApiControllerTests" name="CanEdit_Set_Throws" />
    </UnitTest>
    <UnitTest name="UnitTests.Data.Repositories.GenericRepositoryTests.Repository_Create_UsesUserId" storage="d:\a\dnn.uservoice\dnn.uservoice\unittests\bin\unittests.dll" id="e1c7f76f-6195-c844-23c0-304b47fbae66">
      <Execution id="a2c0c24b-34bc-4cc3-ad6e-420f98d9fe53" />
      <TestMethod codeBase="D:\a\DNN.UserVoice\DNN.UserVoice\UnitTests\bin\UnitTests.dll" adapterTypeName="executor://xunit/VsTestRunner2/net" className="UnitTests.Data.Repositories.GenericRepositoryTests" name="Repository_Create_UsesUserId" />
    </UnitTest>
    <UnitTest name="UnitTests.Controllers.ModuleExceptionFilterAttributeTests.ArgumentException_BadRequest" storage="d:\a\dnn.uservoice\dnn.uservoice\unittests\bin\unittests.dll" id="a21637b0-54f8-4fa0-bc3b-95481a9fd90b">
      <Execution id="ac757902-5d4e-4251-b6d0-5424583e5c32" />
      <TestMethod codeBase="D:\a\DNN.UserVoice\DNN.UserVoice\UnitTests\bin\UnitTests.dll" adapterTypeName="executor://xunit/VsTestRunner2/net" className="UnitTests.Controllers.ModuleExceptionFilterAttributeTests" name="ArgumentException_BadRequest" />
    </UnitTest>
    <UnitTest name="UnitTests.Controllers.ItemControllerTests.UpdateItem_Updates" storage="d:\a\dnn.uservoice\dnn.uservoice\unittests\bin\unittests.dll" id="315adde5-f36d-a74f-aa46-fb22a0f78cd9">
      <Execution id="35922144-61c9-455f-bbfb-80d023f8240b" />
      <TestMethod codeBase="D:\a\DNN.UserVoice\DNN.UserVoice\UnitTests\bin\UnitTests.dll" adapterTypeName="executor://xunit/VsTestRunner2/net" className="UnitTests.Controllers.ItemControllerTests" name="UpdateItem_Updates" />
    </UnitTest>
    <UnitTest name="UnitTests.Controllers.ModuleExceptionFilterAttributeTests.NoException_DoesNothing" storage="d:\a\dnn.uservoice\dnn.uservoice\unittests\bin\unittests.dll" id="113f48ce-a6a3-c5df-7589-ba5a5fcb9c59">
      <Execution id="a880f043-eac4-411a-872e-901938408820" />
      <TestMethod codeBase="D:\a\DNN.UserVoice\DNN.UserVoice\UnitTests\bin\UnitTests.dll" adapterTypeName="executor://xunit/VsTestRunner2/net" className="UnitTests.Controllers.ModuleExceptionFilterAttributeTests" name="NoException_DoesNothing" />
    </UnitTest>
    <UnitTest name="UnitTests.Controllers.ItemControllerTests.GetItemsPage_GetsProperPages" storage="d:\a\dnn.uservoice\dnn.uservoice\unittests\bin\unittests.dll" id="1017c6c1-9dd0-57dc-36e7-bb573d02562e">
      <Execution id="7fb2fa18-a491-4698-aec5-dd70cfd1bf32" />
      <TestMethod codeBase="D:\a\DNN.UserVoice\DNN.UserVoice\UnitTests\bin\UnitTests.dll" adapterTypeName="executor://xunit/VsTestRunner2/net" className="UnitTests.Controllers.ItemControllerTests" name="GetItemsPage_GetsProperPages" />
    </UnitTest>
    <UnitTest name="UnitTests.Data.Repositories.GenericRepositoryTests.GenericRepositoryDeletes" storage="d:\a\dnn.uservoice\dnn.uservoice\unittests\bin\unittests.dll" id="0bc54975-0bff-692e-a9b3-fc69f2c95a39">
      <Execution id="468339c0-c387-43d6-b946-553391bc2125" />
      <TestMethod codeBase="D:\a\DNN.UserVoice\DNN.UserVoice\UnitTests\bin\UnitTests.dll" adapterTypeName="executor://xunit/VsTestRunner2/net" className="UnitTests.Data.Repositories.GenericRepositoryTests" name="GenericRepositoryDeletes" />
    </UnitTest>
    <UnitTest name="UnitTests.Controllers.ItemControllerTests.DeleteItem_Deletes(itemId: 10)" storage="d:\a\dnn.uservoice\dnn.uservoice\unittests\bin\unittests.dll" id="d6094ca1-b65b-5133-f464-9f7d01f0d023">
      <Execution id="dde5956c-d7af-4b77-958d-83fc1f1819a7" />
      <TestMethod codeBase="D:\a\DNN.UserVoice\DNN.UserVoice\UnitTests\bin\UnitTests.dll" adapterTypeName="executor://xunit/VsTestRunner2/net" className="UnitTests.Controllers.ItemControllerTests" name="DeleteItem_Deletes" />
    </UnitTest>
    <UnitTest name="UnitTests.Data.Repositories.GenericRepositoryTests.GenericRepositoryUpdates" storage="d:\a\dnn.uservoice\dnn.uservoice\unittests\bin\unittests.dll" id="70ede014-c412-e387-bb98-e95b3b42090d">
      <Execution id="66ab87f0-c12c-41e8-9ab8-086a08313e1e" />
      <TestMethod codeBase="D:\a\DNN.UserVoice\DNN.UserVoice\UnitTests\bin\UnitTests.dll" adapterTypeName="executor://xunit/VsTestRunner2/net" className="UnitTests.Data.Repositories.GenericRepositoryTests" name="GenericRepositoryUpdates" />
    </UnitTest>
    <UnitTest name="UnitTests.Services.ItemServiceTests.UpdateItem_Updates" storage="d:\a\dnn.uservoice\dnn.uservoice\unittests\bin\unittests.dll" id="130d9133-361f-a0da-f15e-423eb98947ac">
      <Execution id="9696ec80-826c-4c2d-a1f2-f91d6b96d3b1" />
      <TestMethod codeBase="D:\a\DNN.UserVoice\DNN.UserVoice\UnitTests\bin\UnitTests.dll" adapterTypeName="executor://xunit/VsTestRunner2/net" className="UnitTests.Services.ItemServiceTests" name="UpdateItem_Updates" />
    </UnitTest>
    <UnitTest name="UnitTests.Data.Repositories.GenericRepositoryTests.Repository_Update_DefaultAudit" storage="d:\a\dnn.uservoice\dnn.uservoice\unittests\bin\unittests.dll" id="44b00d3a-bad7-aefd-141c-4a35b11463b2">
      <Execution id="0c7f60f1-e851-4bcf-9511-ce66dea803d8" />
      <TestMethod codeBase="D:\a\DNN.UserVoice\DNN.UserVoice\UnitTests\bin\UnitTests.dll" adapterTypeName="executor://xunit/VsTestRunner2/net" className="UnitTests.Data.Repositories.GenericRepositoryTests" name="Repository_Update_DefaultAudit" />
    </UnitTest>
    <UnitTest name="UnitTests.Data.Repositories.GenericRepositoryTests.GenericRepositoryGetsAll(iterations: 2)" storage="d:\a\dnn.uservoice\dnn.uservoice\unittests\bin\unittests.dll" id="ffe5c770-9b99-42c0-ce21-7e50cccf4385">
      <Execution id="acd5f982-bf0c-43c9-8f4f-f32ed6dadf99" />
      <TestMethod codeBase="D:\a\DNN.UserVoice\DNN.UserVoice\UnitTests\bin\UnitTests.dll" adapterTypeName="executor://xunit/VsTestRunner2/net" className="UnitTests.Data.Repositories.GenericRepositoryTests" name="GenericRepositoryGetsAll" />
    </UnitTest>
    <UnitTest name="UnitTests.Data.Repositories.GenericRepositoryTests.GenericRepositoryGetsAll(iterations: 0)" storage="d:\a\dnn.uservoice\dnn.uservoice\unittests\bin\unittests.dll" id="4fe0dd0f-2fa0-9c42-e816-a6df28150b72">
      <Execution id="d573f018-501b-4f54-b880-6db5763ce91b" />
      <TestMethod codeBase="D:\a\DNN.UserVoice\DNN.UserVoice\UnitTests\bin\UnitTests.dll" adapterTypeName="executor://xunit/VsTestRunner2/net" className="UnitTests.Data.Repositories.GenericRepositoryTests" name="GenericRepositoryGetsAll" />
    </UnitTest>
    <UnitTest name="UnitTests.EntensionMethodTests.IQueryable_IsOrdered_Works(ordered: False, descending: False, lastOrder: True)" storage="d:\a\dnn.uservoice\dnn.uservoice\unittests\bin\unittests.dll" id="0dc5a512-bfd0-bc80-f676-16e6d961ec4d">
      <Execution id="e785ed74-a9c7-4069-9c51-c0dba695efd4" />
      <TestMethod codeBase="D:\a\DNN.UserVoice\DNN.UserVoice\UnitTests\bin\UnitTests.dll" adapterTypeName="executor://xunit/VsTestRunner2/net" className="UnitTests.EntensionMethodTests" name="IQueryable_IsOrdered_Works" />
    </UnitTest>
    <UnitTest name="UnitTests.EntensionMethodTests.IQueryable_GetPage_PagesProperly(count: 0, page: 0, pageSize: 0, expedtedPages: 0, expectedItems: 0, firstId: null, descending: False)" storage="d:\a\dnn.uservoice\dnn.uservoice\unittests\bin\unittests.dll" id="8bbc68bc-7714-d990-1480-dfaedaafbd62">
      <Execution id="bc3c4b42-26a9-4c23-a946-2a7ad1fc282a" />
      <TestMethod codeBase="D:\a\DNN.UserVoice\DNN.UserVoice\UnitTests\bin\UnitTests.dll" adapterTypeName="executor://xunit/VsTestRunner2/net" className="UnitTests.EntensionMethodTests" name="IQueryable_GetPage_PagesProperly" />
    </UnitTest>
    <UnitTest name="UnitTests.Services.ItemServiceTests.CreateItem_NoItemThrows" storage="d:\a\dnn.uservoice\dnn.uservoice\unittests\bin\unittests.dll" id="f5652070-1b22-f5a7-3f3f-68b37c9184a8">
      <Execution id="cea3a2f8-fdaa-4271-94cb-b9d0cff9f6a4" />
      <TestMethod codeBase="D:\a\DNN.UserVoice\DNN.UserVoice\UnitTests\bin\UnitTests.dll" adapterTypeName="executor://xunit/VsTestRunner2/net" className="UnitTests.Services.ItemServiceTests" name="CreateItem_NoItemThrows" />
    </UnitTest>
    <UnitTest name="UnitTests.Data.Entities.ItemTests.ItemPropertiesPersist(id: 1, name: &quot;Name1&quot;, description: &quot;Description1&quot;)" storage="d:\a\dnn.uservoice\dnn.uservoice\unittests\bin\unittests.dll" id="392ed628-2028-c945-b97e-893658a1e82b">
      <Execution id="abac9117-26c8-4e13-bac0-a36dac6e4055" />
      <TestMethod codeBase="D:\a\DNN.UserVoice\DNN.UserVoice\UnitTests\bin\UnitTests.dll" adapterTypeName="executor://xunit/VsTestRunner2/net" className="UnitTests.Data.Entities.ItemTests" name="ItemPropertiesPersist" />
    </UnitTest>
    <UnitTest name="UnitTests.EntensionMethodTests.IQueryable_IsOrdered_Works(ordered: True, descending: False, lastOrder: False)" storage="d:\a\dnn.uservoice\dnn.uservoice\unittests\bin\unittests.dll" id="b72028ed-e29e-ac6a-9e2e-bf700facee4e">
      <Execution id="a167427d-b5a8-4a0c-a858-3197dec6b15f" />
      <TestMethod codeBase="D:\a\DNN.UserVoice\DNN.UserVoice\UnitTests\bin\UnitTests.dll" adapterTypeName="executor://xunit/VsTestRunner2/net" className="UnitTests.EntensionMethodTests" name="IQueryable_IsOrdered_Works" />
    </UnitTest>
  </TestDefinitions>
  <TestEntries>
    <TestEntry testId="0bc54975-0bff-692e-a9b3-fc69f2c95a39" executionId="468339c0-c387-43d6-b946-553391bc2125" testListId="8c84fa94-04c1-424b-9868-57a2d4851a1d" />
    <TestEntry testId="aec60494-3c2e-8ec9-f948-da5bb2043983" executionId="6fc287c0-a03e-427e-8007-ae098dd88659" testListId="8c84fa94-04c1-424b-9868-57a2d4851a1d" />
    <TestEntry testId="bae3532a-4a9e-c4ab-fc66-4dfa22d16170" executionId="3dd2e6bc-2f98-4c58-aa9e-8392fea06a62" testListId="8c84fa94-04c1-424b-9868-57a2d4851a1d" />
    <TestEntry testId="572fc310-4b67-9555-f147-153d39f2eb82" executionId="121d04f3-00ae-4f78-9e79-94a293011de4" testListId="8c84fa94-04c1-424b-9868-57a2d4851a1d" />
    <TestEntry testId="4bb697d7-9cb3-28c5-7c49-3e60c8ee823d" executionId="be114d63-d8ec-4ba2-a733-43eb9f7ec5f4" testListId="8c84fa94-04c1-424b-9868-57a2d4851a1d" />
    <TestEntry testId="24cfa8b0-48c3-8aab-e4c2-88694c220e2c" executionId="68152b78-48cb-41a7-8b7c-57ebc6fdbb9e" testListId="8c84fa94-04c1-424b-9868-57a2d4851a1d" />
    <TestEntry testId="a21637b0-54f8-4fa0-bc3b-95481a9fd90b" executionId="f6197f11-84b9-4601-aa72-63fdbf27a59d" testListId="8c84fa94-04c1-424b-9868-57a2d4851a1d" />
    <TestEntry testId="f46af852-6230-3d31-e31c-2959bffd491f" executionId="a193cb39-a157-4335-aaf0-c05972ef739f" testListId="8c84fa94-04c1-424b-9868-57a2d4851a1d" />
    <TestEntry testId="36689490-09d4-917f-648a-70dcfcfede10" executionId="71712646-5c49-4b8a-9cc2-43da7f4b1152" testListId="8c84fa94-04c1-424b-9868-57a2d4851a1d" />
    <TestEntry testId="44b00d3a-bad7-aefd-141c-4a35b11463b2" executionId="0c7f60f1-e851-4bcf-9511-ce66dea803d8" testListId="8c84fa94-04c1-424b-9868-57a2d4851a1d" />
    <TestEntry testId="95a0a379-a9bd-3d99-f720-e626260de7f6" executionId="6ed9ee34-51ee-451a-b650-a14cad9fe5fb" testListId="8c84fa94-04c1-424b-9868-57a2d4851a1d" />
    <TestEntry testId="96a18501-dea4-70b1-d572-baa1bb120da2" executionId="95d40e66-03d1-4f0e-a0e7-f66a880ddc53" testListId="8c84fa94-04c1-424b-9868-57a2d4851a1d" />
    <TestEntry testId="ac2a99ba-3563-74a9-7d4c-8e91a58cd097" executionId="60087553-a677-42e8-ac9d-0f109b6eb9b9" testListId="8c84fa94-04c1-424b-9868-57a2d4851a1d" />
    <TestEntry testId="113f48ce-a6a3-c5df-7589-ba5a5fcb9c59" executionId="a880f043-eac4-411a-872e-901938408820" testListId="8c84fa94-04c1-424b-9868-57a2d4851a1d" />
    <TestEntry testId="263c08b1-704a-f3c2-309e-6dee831dbdc9" executionId="239cc14a-51b5-496a-8663-8188422b81c4" testListId="8c84fa94-04c1-424b-9868-57a2d4851a1d" />
    <TestEntry testId="1c164fbc-1ab1-9884-ccb8-9e84f4c977d0" executionId="b5c8606c-4c53-4e11-bcda-1587389d1acc" testListId="8c84fa94-04c1-424b-9868-57a2d4851a1d" />
    <TestEntry testId="1017c6c1-9dd0-57dc-36e7-bb573d02562e" executionId="7fb2fa18-a491-4698-aec5-dd70cfd1bf32" testListId="8c84fa94-04c1-424b-9868-57a2d4851a1d" />
    <TestEntry testId="a21637b0-54f8-4fa0-bc3b-95481a9fd90b" executionId="6a0a27a6-4f92-44c4-8f51-e22122601cc2" testListId="8c84fa94-04c1-424b-9868-57a2d4851a1d" />
    <TestEntry testId="b72028ed-e29e-ac6a-9e2e-bf700facee4e" executionId="a167427d-b5a8-4a0c-a858-3197dec6b15f" testListId="8c84fa94-04c1-424b-9868-57a2d4851a1d" />
    <TestEntry testId="e1c7f76f-6195-c844-23c0-304b47fbae66" executionId="a2c0c24b-34bc-4cc3-ad6e-420f98d9fe53" testListId="8c84fa94-04c1-424b-9868-57a2d4851a1d" />
    <TestEntry testId="ad3412e8-5f64-2020-a5b6-bd4cca8c3b7d" executionId="1849e649-32b7-4b9f-a35d-59fcb728e4cc" testListId="8c84fa94-04c1-424b-9868-57a2d4851a1d" />
    <TestEntry testId="61a8ccc9-c5b1-047b-3c97-f777ccc7d30b" executionId="21c3e9a7-be3c-4046-9ab2-c3cd695334c3" testListId="8c84fa94-04c1-424b-9868-57a2d4851a1d" />
    <TestEntry testId="ffe5c770-9b99-42c0-ce21-7e50cccf4385" executionId="acd5f982-bf0c-43c9-8f4f-f32ed6dadf99" testListId="8c84fa94-04c1-424b-9868-57a2d4851a1d" />
    <TestEntry testId="6f0b47a1-9d18-a5d8-8dd1-c8f266712c15" executionId="4ba5054f-97b7-44af-8cb8-07b3f5476776" testListId="8c84fa94-04c1-424b-9868-57a2d4851a1d" />
    <TestEntry testId="315adde5-f36d-a74f-aa46-fb22a0f78cd9" executionId="35922144-61c9-455f-bbfb-80d023f8240b" testListId="8c84fa94-04c1-424b-9868-57a2d4851a1d" />
    <TestEntry testId="8bbc68bc-7714-d990-1480-dfaedaafbd62" executionId="bc3c4b42-26a9-4c23-a946-2a7ad1fc282a" testListId="8c84fa94-04c1-424b-9868-57a2d4851a1d" />
    <TestEntry testId="168fc980-36e3-101b-62b1-f5ab71e9fc0d" executionId="e5e1a44b-7191-4f9b-8d7c-c7cf6a09f9a4" testListId="8c84fa94-04c1-424b-9868-57a2d4851a1d" />
    <TestEntry testId="0247c7e7-7d1c-099b-2ac8-81a47ff2509a" executionId="fcf05ddb-202c-4d44-b1c0-8380b4a19ce2" testListId="8c84fa94-04c1-424b-9868-57a2d4851a1d" />
    <TestEntry testId="2695f427-ed7b-9f97-5696-f97a7702128c" executionId="0c4923ac-678a-4da0-a7f3-d2813e4d3e11" testListId="8c84fa94-04c1-424b-9868-57a2d4851a1d" />
    <TestEntry testId="19223079-ea41-5691-855c-970af1a1e611" executionId="890ada8a-348a-4332-97ee-027ebecd4da0" testListId="8c84fa94-04c1-424b-9868-57a2d4851a1d" />
    <TestEntry testId="7e661283-b2b2-d632-266b-6af1f3374c08" executionId="718e896c-d7e8-486a-9da5-f58c43cb0a04" testListId="8c84fa94-04c1-424b-9868-57a2d4851a1d" />
    <TestEntry testId="92b7b9f6-1294-7ea1-ffa3-91fba85074d4" executionId="b102c142-0aa9-4351-bb22-a85fc68fb73d" testListId="8c84fa94-04c1-424b-9868-57a2d4851a1d" />
    <TestEntry testId="e4f8faa7-d0ad-86e6-1579-7bd52372b4c3" executionId="3978cf7b-79e7-4c40-ae47-cc19d9412b8c" testListId="8c84fa94-04c1-424b-9868-57a2d4851a1d" />
    <TestEntry testId="478b61ee-7d85-9dbe-985d-08c590f8666a" executionId="0c975f00-b708-43d5-a6e7-355ffbaaedc4" testListId="8c84fa94-04c1-424b-9868-57a2d4851a1d" />
    <TestEntry testId="ac1c50bc-98fd-036f-fe0f-d46cb187f90e" executionId="b4dae89e-f38b-49a2-903b-0164c649c6fd" testListId="8c84fa94-04c1-424b-9868-57a2d4851a1d" />
    <TestEntry testId="d6094ca1-b65b-5133-f464-9f7d01f0d023" executionId="dde5956c-d7af-4b77-958d-83fc1f1819a7" testListId="8c84fa94-04c1-424b-9868-57a2d4851a1d" />
    <TestEntry testId="588a2c1b-7788-beb2-ade0-06788d455d25" executionId="3d2835e3-3647-41c9-9b65-d7b1c762f937" testListId="8c84fa94-04c1-424b-9868-57a2d4851a1d" />
    <TestEntry testId="a21637b0-54f8-4fa0-bc3b-95481a9fd90b" executionId="ac757902-5d4e-4251-b6d0-5424583e5c32" testListId="8c84fa94-04c1-424b-9868-57a2d4851a1d" />
    <TestEntry testId="d5b75914-a4f0-1327-0212-c8781f6dfe81" executionId="0c9c7843-fc40-4535-944e-976bc3bdb0af" testListId="8c84fa94-04c1-424b-9868-57a2d4851a1d" />
    <TestEntry testId="986d7e6e-d04d-b204-b01c-fbb8f09c7774" executionId="1abac33c-f69c-4ff9-8ef0-79742a6565ed" testListId="8c84fa94-04c1-424b-9868-57a2d4851a1d" />
    <TestEntry testId="ae39aa62-5ff2-56e7-d00e-ef116d711d51" executionId="a1d9ce19-327e-4ed8-b95e-aa5e2ad0a79c" testListId="8c84fa94-04c1-424b-9868-57a2d4851a1d" />
    <TestEntry testId="9168bdef-a759-f4d6-b890-b643e17324cf" executionId="0418d84b-91a7-4029-92a0-e770a61b219f" testListId="8c84fa94-04c1-424b-9868-57a2d4851a1d" />
    <TestEntry testId="e6e0a140-85e7-6935-6160-ab95ecfd3c8a" executionId="59ffbd44-0297-4e1a-95cc-90d16353537f" testListId="8c84fa94-04c1-424b-9868-57a2d4851a1d" />
    <TestEntry testId="a21637b0-54f8-4fa0-bc3b-95481a9fd90b" executionId="3514b450-d6d9-4e30-add7-0e0c89290f17" testListId="8c84fa94-04c1-424b-9868-57a2d4851a1d" />
    <TestEntry testId="0ebf358f-9eac-9438-b418-9c6aa81a6377" executionId="015f71de-4374-421b-9ff3-b78f9b21fa61" testListId="8c84fa94-04c1-424b-9868-57a2d4851a1d" />
    <TestEntry testId="5f92ec4d-d570-0452-b891-d4cee75db9dd" executionId="665f0c42-479b-433d-95e7-d15d36636d1e" testListId="8c84fa94-04c1-424b-9868-57a2d4851a1d" />
    <TestEntry testId="d15ea2a7-9f9f-b92b-50fa-470898da705d" executionId="286465bb-40d3-4d9f-90a9-a0cb32cbed55" testListId="8c84fa94-04c1-424b-9868-57a2d4851a1d" />
    <TestEntry testId="d1c63cb7-1f9a-a8bf-a217-a4cbb4e5f73b" executionId="0a72139a-266a-4598-9b04-f7e0571853aa" testListId="8c84fa94-04c1-424b-9868-57a2d4851a1d" />
    <TestEntry testId="b80893de-3e2d-6029-ec19-65c03fd119c3" executionId="77d75c44-17cb-425f-80ec-ec368f7818aa" testListId="8c84fa94-04c1-424b-9868-57a2d4851a1d" />
    <TestEntry testId="f754f777-4449-23e8-f4ec-917f49117de2" executionId="34d726ba-669d-499e-ae3a-e7645f01e88d" testListId="8c84fa94-04c1-424b-9868-57a2d4851a1d" />
    <TestEntry testId="b76e01b1-6afe-f33b-c6a9-ea3347176509" executionId="fed0af67-7e02-4794-97ca-240012137ce8" testListId="8c84fa94-04c1-424b-9868-57a2d4851a1d" />
    <TestEntry testId="2aef35a8-73ad-0c03-c8a4-2b5a1d37af8f" executionId="bafb4e7a-0bcf-4404-baf5-770a4b1a3207" testListId="8c84fa94-04c1-424b-9868-57a2d4851a1d" />
    <TestEntry testId="320e3c11-11d1-b3ef-0d2e-5e474f674ff1" executionId="d6853c7b-1b49-41b2-9585-d43cf6055354" testListId="8c84fa94-04c1-424b-9868-57a2d4851a1d" />
    <TestEntry testId="0dc5a512-bfd0-bc80-f676-16e6d961ec4d" executionId="e785ed74-a9c7-4069-9c51-c0dba695efd4" testListId="8c84fa94-04c1-424b-9868-57a2d4851a1d" />
    <TestEntry testId="4fe0dd0f-2fa0-9c42-e816-a6df28150b72" executionId="d573f018-501b-4f54-b880-6db5763ce91b" testListId="8c84fa94-04c1-424b-9868-57a2d4851a1d" />
    <TestEntry testId="130d9133-361f-a0da-f15e-423eb98947ac" executionId="9696ec80-826c-4c2d-a1f2-f91d6b96d3b1" testListId="8c84fa94-04c1-424b-9868-57a2d4851a1d" />
    <TestEntry testId="d16880d7-fb44-f209-43d9-ba2e0e1875de" executionId="bea6c773-5969-4fa4-8c2d-19a8e0e93549" testListId="8c84fa94-04c1-424b-9868-57a2d4851a1d" />
    <TestEntry testId="a9198ad3-782e-a37c-0b5f-1330f5318f55" executionId="53a40043-aca5-461c-b5c6-ab65cabc7808" testListId="8c84fa94-04c1-424b-9868-57a2d4851a1d" />
    <TestEntry testId="3cbfa5d3-e0f6-eff8-ed5c-556fa1f3e131" executionId="87704d9e-54f2-4b8d-805a-4c6ac3a5c9d0" testListId="8c84fa94-04c1-424b-9868-57a2d4851a1d" />
    <TestEntry testId="2d3a68b5-bf4c-0513-b733-5ed612794244" executionId="8d7d1091-6db6-4ac8-8fec-42af87cbdbfd" testListId="8c84fa94-04c1-424b-9868-57a2d4851a1d" />
    <TestEntry testId="e6610648-e456-1c64-d2b1-7e1242b871a8" executionId="03225b90-a73a-48b1-b0a4-9bb8f3ed4e3e" testListId="8c84fa94-04c1-424b-9868-57a2d4851a1d" />
    <TestEntry testId="19b6234c-c2df-2304-54f9-54b0da4cd6ba" executionId="8b032d18-ffd3-40b7-b3ab-0aa8d0c22034" testListId="8c84fa94-04c1-424b-9868-57a2d4851a1d" />
    <TestEntry testId="1b051fa0-d4cc-1b32-80bb-d56b714e3066" executionId="cf5ca56a-45fa-4755-8d94-03d8a29a89db" testListId="8c84fa94-04c1-424b-9868-57a2d4851a1d" />
    <TestEntry testId="70ede014-c412-e387-bb98-e95b3b42090d" executionId="66ab87f0-c12c-41e8-9ab8-086a08313e1e" testListId="8c84fa94-04c1-424b-9868-57a2d4851a1d" />
    <TestEntry testId="0f141a30-05bd-f4ed-a627-d40adca6b3ca" executionId="a2fe7ff3-b2bc-4632-9c04-cd2d7ef39a6d" testListId="8c84fa94-04c1-424b-9868-57a2d4851a1d" />
    <TestEntry testId="f5652070-1b22-f5a7-3f3f-68b37c9184a8" executionId="cea3a2f8-fdaa-4271-94cb-b9d0cff9f6a4" testListId="8c84fa94-04c1-424b-9868-57a2d4851a1d" />
    <TestEntry testId="a21637b0-54f8-4fa0-bc3b-95481a9fd90b" executionId="3bc8133d-37d4-4ad6-a547-d24e3936945b" testListId="8c84fa94-04c1-424b-9868-57a2d4851a1d" />
    <TestEntry testId="0864c31d-6119-84d6-7f52-9d349dabbe84" executionId="a6e95275-4d35-4063-9be6-efed4c53be11" testListId="8c84fa94-04c1-424b-9868-57a2d4851a1d" />
    <TestEntry testId="3140ebc5-2430-06b3-4257-a6794b9b09ac" executionId="810b25da-0bab-42c7-9928-e505445c2e2e" testListId="8c84fa94-04c1-424b-9868-57a2d4851a1d" />
    <TestEntry testId="9207202d-19b8-8eb5-74dc-6aa5d849467c" executionId="97b37b5d-2286-4dd5-a344-4e3b03a1d668" testListId="8c84fa94-04c1-424b-9868-57a2d4851a1d" />
    <TestEntry testId="8ba31d1b-48e3-e04e-cff0-b927c63b4a19" executionId="64dcd3ae-5ec9-49e1-92d9-5b450385a7a0" testListId="8c84fa94-04c1-424b-9868-57a2d4851a1d" />
    <TestEntry testId="1a74e347-4470-5271-97ab-1ebaf8693270" executionId="a1718409-0907-46c7-9582-50180f45e12e" testListId="8c84fa94-04c1-424b-9868-57a2d4851a1d" />
    <TestEntry testId="392ed628-2028-c945-b97e-893658a1e82b" executionId="abac9117-26c8-4e13-bac0-a36dac6e4055" testListId="8c84fa94-04c1-424b-9868-57a2d4851a1d" />
    <TestEntry testId="a21637b0-54f8-4fa0-bc3b-95481a9fd90b" executionId="1f25e4c7-3fbf-4fe9-b66d-06bdc298d06e" testListId="8c84fa94-04c1-424b-9868-57a2d4851a1d" />
    <TestEntry testId="73fc5149-51d6-8241-9c9f-f48c28e448e3" executionId="084db508-9dae-4caa-86b2-ada24c2a5d80" testListId="8c84fa94-04c1-424b-9868-57a2d4851a1d" />
    <TestEntry testId="e55f1742-c16d-5086-2251-ad3372dd48f5" executionId="58a3c4fe-fea9-45c2-8c49-20b57d1ec2ab" testListId="8c84fa94-04c1-424b-9868-57a2d4851a1d" />
  </TestEntries>
  <TestLists>
    <TestList name="Results Not in a List" id="8c84fa94-04c1-424b-9868-57a2d4851a1d" />
    <TestList name="All Loaded Results" id="19431567-8539-422a-85d7-44ee4e166bda" />
  </TestLists>
  <ResultSummary outcome="Completed">
    <Counters total="76" executed="76" passed="76" failed="0" error="0" timeout="0" aborted="0" inconclusive="0" passedButRunAborted="0" notRunnable="0" notExecuted="0" disconnected="0" warning="0" completed="0" inProgress="0" pending="0" />
    <Output>
      <StdOut>[xUnit.net 00:00:00.00] xUnit.net VSTest Adapter v2.4.3+1b45f5407b (32-bit Desktop .NET 4.0.30319.42000)&#xD;
[xUnit.net 00:00:00.76]   Discovering: UnitTests&#xD;
[xUnit.net 00:00:00.92]   Discovered:  UnitTests&#xD;
[xUnit.net 00:00:00.92]   Starting:    UnitTests&#xD;
[xUnit.net 00:00:04.69]   Finished:    UnitTests&#xD;
</StdOut>
    </Output>
  </ResultSummary>
</TestRun>