<?xml version="1.0" encoding="utf-8"?>
<TestRun id="be5762eb-3ecd-47eb-b845-bd0b5c6ad0b7" name="runneradmin@fv-az252-455 2022-04-04 01:35:29" runUser="fv-az252-455\runneradmin" xmlns="http://microsoft.com/schemas/VisualStudio/TeamTest/2010">
  <Times creation="2022-04-04T01:35:29.0893631+00:00" queuing="2022-04-04T01:35:29.0893633+00:00" start="2022-04-04T01:35:14.8900946+00:00" finish="2022-04-04T01:35:33.4230081+00:00" />
  <TestSettings name="default" id="a750d60e-59c9-4b2a-9824-7838a743ed92">
    <Deployment runDeploymentRoot="runneradmin_fv-az252-455_2022-04-04_01_35_29" />
  </TestSettings>
  <Results>
    <UnitTestResult executionId="39cd6f44-fbe5-4e6d-af6d-4c1bcaedfc30" testId="b5a2bbb3-e25b-0d71-cef7-0187c592a682" testName="IntegrationTests.Controllers.ItemControllerTests.GetItemsPage_Query_Filters(query: &quot;Name 100&quot;, expectedResults: 1)" computerName="fv-az252-455" duration="00:00:00.0280000" startTime="2022-04-04T01:35:32.8811136+00:00" endTime="2022-04-04T01:35:32.8811136+00:00" testType="13cdc9d9-ddb5-4fa4-a97d-d965ccfc6d4b" outcome="Passed" testListId="8c84fa94-04c1-424b-9868-57a2d4851a1d" relativeResultsDirectory="39cd6f44-fbe5-4e6d-af6d-4c1bcaedfc30" />
    <UnitTestResult executionId="54569644-1118-4592-bf09-8cd0874b07d6" testId="eb8cb345-7707-0e07-1566-f6a04ceb2670" testName="IntegrationTests.Controllers.ItemControllerTests.CanEdit_Defaults_To_False" computerName="fv-az252-455" duration="00:00:00.0130000" startTime="2022-04-04T01:35:33.0031122+00:00" endTime="2022-04-04T01:35:33.0031122+00:00" testType="13cdc9d9-ddb5-4fa4-a97d-d965ccfc6d4b" outcome="Passed" testListId="8c84fa94-04c1-424b-9868-57a2d4851a1d" relativeResultsDirectory="54569644-1118-4592-bf09-8cd0874b07d6" />
    <UnitTestResult executionId="fceb962b-99ab-4f80-b357-f46ca99ae3fe" testId="3b96b54e-967c-6e8f-1ced-4ff4d8370be3" testName="IntegrationTests.Controllers.ItemControllerTests.GetItemsPage_Query_Filters(query: &quot;&quot;, expectedResults: 100)" computerName="fv-az252-455" duration="00:00:00.0380000" startTime="2022-04-04T01:35:32.6781146+00:00" endTime="2022-04-04T01:35:32.6781146+00:00" testType="13cdc9d9-ddb5-4fa4-a97d-d965ccfc6d4b" outcome="Passed" testListId="8c84fa94-04c1-424b-9868-57a2d4851a1d" relativeResultsDirectory="fceb962b-99ab-4f80-b357-f46ca99ae3fe" />
    <UnitTestResult executionId="34acd3dc-716d-4b18-98f3-960f85c6c96a" testId="0a429b0b-08a8-36a6-5969-3c31a35cc366" testName="IntegrationTests.Controllers.ItemControllerTests.GetItemsPage_GetsProperPages(amount: 9, expectedPages: 1)" computerName="fv-az252-455" duration="00:00:00.0160000" startTime="2022-04-04T01:35:33.0701116+00:00" endTime="2022-04-04T01:35:33.0701116+00:00" testType="13cdc9d9-ddb5-4fa4-a97d-d965ccfc6d4b" outcome="Passed" testListId="8c84fa94-04c1-424b-9868-57a2d4851a1d" relativeResultsDirectory="34acd3dc-716d-4b18-98f3-960f85c6c96a" />
    <UnitTestResult executionId="8af2d08f-c1f5-4ed5-ad07-dcb3fd342c33" testId="74f30272-fd7f-9b4e-507d-1c94cc60bb29" testName="IntegrationTests.Controllers.ItemControllerTests.GetItemsPage_Query_Filters(query: &quot;1&quot;, expectedResults: 20)" computerName="fv-az252-455" duration="00:00:00.1030000" startTime="2022-04-04T01:35:32.7821158+00:00" endTime="2022-04-04T01:35:32.7821158+00:00" testType="13cdc9d9-ddb5-4fa4-a97d-d965ccfc6d4b" outcome="Passed" testListId="8c84fa94-04c1-424b-9868-57a2d4851a1d" relativeResultsDirectory="8af2d08f-c1f5-4ed5-ad07-dcb3fd342c33" />
    <UnitTestResult executionId="79dedaba-a921-4efb-93f3-90a72a07ac2f" testId="64ce4809-e3f8-8d8e-c808-2938f18aa4d4" testName="IntegrationTests.Controllers.ItemControllerTests.GetItemsPage_Query_Filters(query: &quot;Name 2&quot;, expectedResults: 11)" computerName="fv-az252-455" duration="00:00:00.0340000" startTime="2022-04-04T01:35:32.9141130+00:00" endTime="2022-04-04T01:35:32.9141130+00:00" testType="13cdc9d9-ddb5-4fa4-a97d-d965ccfc6d4b" outcome="Passed" testListId="8c84fa94-04c1-424b-9868-57a2d4851a1d" relativeResultsDirectory="79dedaba-a921-4efb-93f3-90a72a07ac2f" />
    <UnitTestResult executionId="2c6de82c-dbe3-4ce7-9702-067abd01eee6" testId="fe1c9811-4463-ef95-5296-cdd71ab090b8" testName="IntegrationTests.Controllers.ItemControllerTests.DeleteItem_DeletesMissingItem" computerName="fv-az252-455" duration="00:00:00.0100000" startTime="2022-04-04T01:35:33.2551101+00:00" endTime="2022-04-04T01:35:33.2551101+00:00" testType="13cdc9d9-ddb5-4fa4-a97d-d965ccfc6d4b" outcome="Passed" testListId="8c84fa94-04c1-424b-9868-57a2d4851a1d" relativeResultsDirectory="2c6de82c-dbe3-4ce7-9702-067abd01eee6" />
    <UnitTestResult executionId="71911991-6fcb-4fe3-b7eb-841991667b88" testId="31a1a77c-5b35-2c19-9bdc-0ee23e06e8f3" testName="IntegrationTests.Controllers.ItemControllerTests.GetItemsPage_GetsProperPages(amount: 10, expectedPages: 1)" computerName="fv-az252-455" duration="00:00:00.0110000" startTime="2022-04-04T01:35:33.0541115+00:00" endTime="2022-04-04T01:35:33.0541115+00:00" testType="13cdc9d9-ddb5-4fa4-a97d-d965ccfc6d4b" outcome="Passed" testListId="8c84fa94-04c1-424b-9868-57a2d4851a1d" relativeResultsDirectory="71911991-6fcb-4fe3-b7eb-841991667b88" />
    <UnitTestResult executionId="a5f6b01e-a755-4dda-af12-bb2c2a5a9786" testId="4fd078d7-61ec-6e3f-be79-cf322012a0cd" testName="IntegrationTests.Controllers.ItemControllerTests.GetItemsPage_SortsAscending" computerName="fv-az252-455" duration="00:00:05.4130000" startTime="2022-04-04T01:35:32.6401158+00:00" endTime="2022-04-04T01:35:32.6401158+00:00" testType="13cdc9d9-ddb5-4fa4-a97d-d965ccfc6d4b" outcome="Passed" testListId="8c84fa94-04c1-424b-9868-57a2d4851a1d" relativeResultsDirectory="a5f6b01e-a755-4dda-af12-bb2c2a5a9786" />
    <UnitTestResult executionId="f1109058-c0e3-47d0-82b5-a7ff13e596f0" testId="d18898e3-6995-0d27-8e53-1ced81186e2d" testName="IntegrationTests.Controllers.ItemControllerTests.GetItemsPage_PageSize0_DefaultsTo1" computerName="fv-az252-455" duration="00:00:00.0100000" startTime="2022-04-04T01:35:33.2321118+00:00" endTime="2022-04-04T01:35:33.2321118+00:00" testType="13cdc9d9-ddb5-4fa4-a97d-d965ccfc6d4b" outcome="Passed" testListId="8c84fa94-04c1-424b-9868-57a2d4851a1d" relativeResultsDirectory="f1109058-c0e3-47d0-82b5-a7ff13e596f0" />
    <UnitTestResult executionId="91e15f18-09b7-4d12-895a-f5fb715f1357" testId="b2691cfb-5962-80d6-34ac-12efb31ff88e" testName="IntegrationTests.Controllers.ItemControllerTests.DeleteItem_Deletes" computerName="fv-az252-455" duration="00:00:00.0610000" startTime="2022-04-04T01:35:33.2201132+00:00" endTime="2022-04-04T01:35:33.2201132+00:00" testType="13cdc9d9-ddb5-4fa4-a97d-d965ccfc6d4b" outcome="Passed" testListId="8c84fa94-04c1-424b-9868-57a2d4851a1d" relativeResultsDirectory="91e15f18-09b7-4d12-895a-f5fb715f1357" />
    <UnitTestResult executionId="e290eb7d-6068-49b2-aa0e-f22bb6344eaf" testId="2f8521ee-e0ca-eac4-b453-aa86236fc9b9" testName="IntegrationTests.Controllers.ItemControllerTests.GetItemsPage_SortsDescending" computerName="fv-az252-455" duration="00:00:00.0130000" startTime="2022-04-04T01:35:33.2451102+00:00" endTime="2022-04-04T01:35:33.2451102+00:00" testType="13cdc9d9-ddb5-4fa4-a97d-d965ccfc6d4b" outcome="Passed" testListId="8c84fa94-04c1-424b-9868-57a2d4851a1d" relativeResultsDirectory="e290eb7d-6068-49b2-aa0e-f22bb6344eaf" />
    <UnitTestResult executionId="4739f175-f141-46ca-badb-73bc46f62dd2" testId="1450a0ab-3596-66d8-8d08-6506bbe1f61b" testName="IntegrationTests.Controllers.ItemControllerTests.GetItemsPage_50Items_GetsProperly" computerName="fv-az252-455" duration="00:00:00.0290000" startTime="2022-04-04T01:35:32.9901114+00:00" endTime="2022-04-04T01:35:32.9901114+00:00" testType="13cdc9d9-ddb5-4fa4-a97d-d965ccfc6d4b" outcome="Passed" testListId="8c84fa94-04c1-424b-9868-57a2d4851a1d" relativeResultsDirectory="4739f175-f141-46ca-badb-73bc46f62dd2" />
    <UnitTestResult executionId="2ff426e5-9757-4947-8472-dd2c674cf782" testId="6274cd22-d848-61dd-8233-d29a2f361a38" testName="IntegrationTests.Controllers.ItemControllerTests.GetItemsPage_Query_Filters(query: &quot;Name 1&quot;, expectedResults: 12)" computerName="fv-az252-455" duration="00:00:00.0360000" startTime="2022-04-04T01:35:32.8181141+00:00" endTime="2022-04-04T01:35:32.8181141+00:00" testType="13cdc9d9-ddb5-4fa4-a97d-d965ccfc6d4b" outcome="Passed" testListId="8c84fa94-04c1-424b-9868-57a2d4851a1d" relativeResultsDirectory="2ff426e5-9757-4947-8472-dd2c674cf782" />
    <UnitTestResult executionId="c850d571-9e10-48f2-a06a-10cb5c826d89" testId="35a21cfd-ad2b-b819-14e0-5151fe414a07" testName="IntegrationTests.Controllers.ItemControllerTests.GetItemsPage_GetsProperPages(amount: 101, expectedPages: 11)" computerName="fv-az252-455" duration="00:00:00.0220000" startTime="2022-04-04T01:35:33.0921102+00:00" endTime="2022-04-04T01:35:33.0921102+00:00" testType="13cdc9d9-ddb5-4fa4-a97d-d965ccfc6d4b" outcome="Passed" testListId="8c84fa94-04c1-424b-9868-57a2d4851a1d" relativeResultsDirectory="c850d571-9e10-48f2-a06a-10cb5c826d89" />
    <UnitTestResult executionId="3bcd87a1-9dc1-40ce-8dae-46eed2ea6cff" testId="c6d15831-7dbe-24e6-d39b-4f317a873a34" testName="IntegrationTests.Controllers.ItemControllerTests.GetItemsPage_GetsProperPages(amount: 1, expectedPages: 1)" computerName="fv-az252-455" duration="00:00:00.0120000" startTime="2022-04-04T01:35:33.0161124+00:00" endTime="2022-04-04T01:35:33.0161124+00:00" testType="13cdc9d9-ddb5-4fa4-a97d-d965ccfc6d4b" outcome="Passed" testListId="8c84fa94-04c1-424b-9868-57a2d4851a1d" relativeResultsDirectory="3bcd87a1-9dc1-40ce-8dae-46eed2ea6cff" />
    <UnitTestResult executionId="0ebc7e0e-17fb-4911-9b2f-1dc48103c776" testId="1ec97a71-0b29-f7c5-72ce-8cf48efa2e36" testName="IntegrationTests.Controllers.ItemControllerTests.CreateItem_Creates(name: &quot;name2&quot;, description: &quot;description2&quot;)" computerName="fv-az252-455" duration="00:00:00.0090000" startTime="2022-04-04T01:35:32.9561151+00:00" endTime="2022-04-04T01:35:32.9561151+00:00" testType="13cdc9d9-ddb5-4fa4-a97d-d965ccfc6d4b" outcome="Passed" testListId="8c84fa94-04c1-424b-9868-57a2d4851a1d" relativeResultsDirectory="0ebc7e0e-17fb-4911-9b2f-1dc48103c776" />
    <UnitTestResult executionId="8ecd7f06-b7de-4db6-b2bd-25f5823cacff" testId="945f4fce-c15e-e09c-9dbf-5879cde58a78" testName="IntegrationTests.Controllers.ItemControllerTests.GetItemsPage_Page0_DefaultsToPage1" computerName="fv-az252-455" duration="00:00:00.0100000" startTime="2022-04-04T01:35:33.1591108+00:00" endTime="2022-04-04T01:35:33.1591108+00:00" testType="13cdc9d9-ddb5-4fa4-a97d-d965ccfc6d4b" outcome="Passed" testListId="8c84fa94-04c1-424b-9868-57a2d4851a1d" relativeResultsDirectory="8ecd7f06-b7de-4db6-b2bd-25f5823cacff" />
    <UnitTestResult executionId="d057f0eb-ddde-48f7-90e2-f5ed06c9ed75" testId="06f0962d-466b-0634-113e-f3863f9b599c" testName="IntegrationTests.Controllers.ItemControllerTests.GetItemsPage_GetsProperPages(amount: 99, expectedPages: 10)" computerName="fv-az252-455" duration="00:00:00.0270000" startTime="2022-04-04T01:35:33.0431117+00:00" endTime="2022-04-04T01:35:33.0431117+00:00" testType="13cdc9d9-ddb5-4fa4-a97d-d965ccfc6d4b" outcome="Passed" testListId="8c84fa94-04c1-424b-9868-57a2d4851a1d" relativeResultsDirectory="d057f0eb-ddde-48f7-90e2-f5ed06c9ed75" />
    <UnitTestResult executionId="29da95be-1b06-4bda-911c-db820d8295b8" testId="43169439-e722-3696-654b-e380ed8f351d" testName="IntegrationTests.Controllers.ItemControllerTests.EditItem_Saves" computerName="fv-az252-455" duration="00:00:00.0570000" startTime="2022-04-04T01:35:33.1491111+00:00" endTime="2022-04-04T01:35:33.1491111+00:00" testType="13cdc9d9-ddb5-4fa4-a97d-d965ccfc6d4b" outcome="Passed" testListId="8c84fa94-04c1-424b-9868-57a2d4851a1d" relativeResultsDirectory="29da95be-1b06-4bda-911c-db820d8295b8" />
    <UnitTestResult executionId="5695e0ed-be9d-421b-8be2-d520f29add97" testId="75b07048-5201-d631-649a-c012e65b7444" testName="IntegrationTests.Controllers.ItemControllerTests.GetItemsPage_Query_Filters(query: &quot;Name 10&quot;, expectedResults: 2)" computerName="fv-az252-455" duration="00:00:00.0330000" startTime="2022-04-04T01:35:32.9471138+00:00" endTime="2022-04-04T01:35:32.9471138+00:00" testType="13cdc9d9-ddb5-4fa4-a97d-d965ccfc6d4b" outcome="Passed" testListId="8c84fa94-04c1-424b-9868-57a2d4851a1d" relativeResultsDirectory="5695e0ed-be9d-421b-8be2-d520f29add97" />
    <UnitTestResult executionId="65f6208e-9897-4766-b4d9-33b9a57db97d" testId="69a7a014-6241-5f0a-e55d-960890e56595" testName="IntegrationTests.Controllers.ServiceRouteMapperTests.RegisterRoutes_RegistersAtLestOneRoute" computerName="fv-az252-455" duration="00:00:01.6110000" startTime="2022-04-04T01:35:28.8603548+00:00" endTime="2022-04-04T01:35:28.8603548+00:00" testType="13cdc9d9-ddb5-4fa4-a97d-d965ccfc6d4b" outcome="Passed" testListId="8c84fa94-04c1-424b-9868-57a2d4851a1d" relativeResultsDirectory="65f6208e-9897-4766-b4d9-33b9a57db97d" />
    <UnitTestResult executionId="728c388e-7d07-47d5-9d95-94cc6e9f76a7" testId="9609bc3b-2435-1be2-e2f3-2c6b217c770c" testName="IntegrationTests.Controllers.ItemControllerTests.GetItemsPage_Query_Filters(query: &quot;Missing&quot;, expectedResults: 0)" computerName="fv-az252-455" duration="00:00:00.0350000" startTime="2022-04-04T01:35:32.8531158+00:00" endTime="2022-04-04T01:35:32.8531158+00:00" testType="13cdc9d9-ddb5-4fa4-a97d-d965ccfc6d4b" outcome="Passed" testListId="8c84fa94-04c1-424b-9868-57a2d4851a1d" relativeResultsDirectory="728c388e-7d07-47d5-9d95-94cc6e9f76a7" />
    <UnitTestResult executionId="0d5e62b0-4f38-49b1-af22-6a7f2481a6ac" testId="c6abb489-2666-fd84-85be-69873a4c76cc" testName="IntegrationTests.Controllers.ItemControllerTests.CreateItem_Creates(name: &quot;name1&quot;, description: &quot;description1&quot;)" computerName="fv-az252-455" duration="00:00:00.0050000" startTime="2022-04-04T01:35:32.9611144+00:00" endTime="2022-04-04T01:35:32.9611144+00:00" testType="13cdc9d9-ddb5-4fa4-a97d-d965ccfc6d4b" outcome="Passed" testListId="8c84fa94-04c1-424b-9868-57a2d4851a1d" relativeResultsDirectory="0d5e62b0-4f38-49b1-af22-6a7f2481a6ac" />
  </Results>
  <TestDefinitions>
    <UnitTest name="IntegrationTests.Controllers.ItemControllerTests.GetItemsPage_Query_Filters(query: &quot;Name 10&quot;, expectedResults: 2)" storage="d:\a\dnn.uservoice\dnn.uservoice\integrationtests\bin\integrationtests.dll" id="75b07048-5201-d631-649a-c012e65b7444">
      <Execution id="5695e0ed-be9d-421b-8be2-d520f29add97" />
      <TestMethod codeBase="D:\a\DNN.UserVoice\DNN.UserVoice\IntegrationTests\bin\IntegrationTests.dll" adapterTypeName="executor://xunit/VsTestRunner2/net" className="IntegrationTests.Controllers.ItemControllerTests" name="GetItemsPage_Query_Filters" />
    </UnitTest>
    <UnitTest name="IntegrationTests.Controllers.ItemControllerTests.GetItemsPage_Query_Filters(query: &quot;1&quot;, expectedResults: 20)" storage="d:\a\dnn.uservoice\dnn.uservoice\integrationtests\bin\integrationtests.dll" id="74f30272-fd7f-9b4e-507d-1c94cc60bb29">
      <Execution id="8af2d08f-c1f5-4ed5-ad07-dcb3fd342c33" />
      <TestMethod codeBase="D:\a\DNN.UserVoice\DNN.UserVoice\IntegrationTests\bin\IntegrationTests.dll" adapterTypeName="executor://xunit/VsTestRunner2/net" className="IntegrationTests.Controllers.ItemControllerTests" name="GetItemsPage_Query_Filters" />
    </UnitTest>
    <UnitTest name="IntegrationTests.Controllers.ItemControllerTests.GetItemsPage_GetsProperPages(amount: 99, expectedPages: 10)" storage="d:\a\dnn.uservoice\dnn.uservoice\integrationtests\bin\integrationtests.dll" id="06f0962d-466b-0634-113e-f3863f9b599c">
      <Execution id="d057f0eb-ddde-48f7-90e2-f5ed06c9ed75" />
      <TestMethod codeBase="D:\a\DNN.UserVoice\DNN.UserVoice\IntegrationTests\bin\IntegrationTests.dll" adapterTypeName="executor://xunit/VsTestRunner2/net" className="IntegrationTests.Controllers.ItemControllerTests" name="GetItemsPage_GetsProperPages" />
    </UnitTest>
    <UnitTest name="IntegrationTests.Controllers.ItemControllerTests.DeleteItem_DeletesMissingItem" storage="d:\a\dnn.uservoice\dnn.uservoice\integrationtests\bin\integrationtests.dll" id="fe1c9811-4463-ef95-5296-cdd71ab090b8">
      <Execution id="2c6de82c-dbe3-4ce7-9702-067abd01eee6" />
      <TestMethod codeBase="D:\a\DNN.UserVoice\DNN.UserVoice\IntegrationTests\bin\IntegrationTests.dll" adapterTypeName="executor://xunit/VsTestRunner2/net" className="IntegrationTests.Controllers.ItemControllerTests" name="DeleteItem_DeletesMissingItem" />
    </UnitTest>
    <UnitTest name="IntegrationTests.Controllers.ItemControllerTests.EditItem_Saves" storage="d:\a\dnn.uservoice\dnn.uservoice\integrationtests\bin\integrationtests.dll" id="43169439-e722-3696-654b-e380ed8f351d">
      <Execution id="29da95be-1b06-4bda-911c-db820d8295b8" />
      <TestMethod codeBase="D:\a\DNN.UserVoice\DNN.UserVoice\IntegrationTests\bin\IntegrationTests.dll" adapterTypeName="executor://xunit/VsTestRunner2/net" className="IntegrationTests.Controllers.ItemControllerTests" name="EditItem_Saves" />
    </UnitTest>
    <UnitTest name="IntegrationTests.Controllers.ItemControllerTests.CreateItem_Creates(name: &quot;name1&quot;, description: &quot;description1&quot;)" storage="d:\a\dnn.uservoice\dnn.uservoice\integrationtests\bin\integrationtests.dll" id="c6abb489-2666-fd84-85be-69873a4c76cc">
      <Execution id="0d5e62b0-4f38-49b1-af22-6a7f2481a6ac" />
      <TestMethod codeBase="D:\a\DNN.UserVoice\DNN.UserVoice\IntegrationTests\bin\IntegrationTests.dll" adapterTypeName="executor://xunit/VsTestRunner2/net" className="IntegrationTests.Controllers.ItemControllerTests" name="CreateItem_Creates" />
    </UnitTest>
    <UnitTest name="IntegrationTests.Controllers.ItemControllerTests.GetItemsPage_Query_Filters(query: &quot;&quot;, expectedResults: 100)" storage="d:\a\dnn.uservoice\dnn.uservoice\integrationtests\bin\integrationtests.dll" id="3b96b54e-967c-6e8f-1ced-4ff4d8370be3">
      <Execution id="fceb962b-99ab-4f80-b357-f46ca99ae3fe" />
      <TestMethod codeBase="D:\a\DNN.UserVoice\DNN.UserVoice\IntegrationTests\bin\IntegrationTests.dll" adapterTypeName="executor://xunit/VsTestRunner2/net" className="IntegrationTests.Controllers.ItemControllerTests" name="GetItemsPage_Query_Filters" />
    </UnitTest>
    <UnitTest name="IntegrationTests.Controllers.ItemControllerTests.GetItemsPage_SortsDescending" storage="d:\a\dnn.uservoice\dnn.uservoice\integrationtests\bin\integrationtests.dll" id="2f8521ee-e0ca-eac4-b453-aa86236fc9b9">
      <Execution id="e290eb7d-6068-49b2-aa0e-f22bb6344eaf" />
      <TestMethod codeBase="D:\a\DNN.UserVoice\DNN.UserVoice\IntegrationTests\bin\IntegrationTests.dll" adapterTypeName="executor://xunit/VsTestRunner2/net" className="IntegrationTests.Controllers.ItemControllerTests" name="GetItemsPage_SortsDescending" />
    </UnitTest>
    <UnitTest name="IntegrationTests.Controllers.ItemControllerTests.GetItemsPage_Page0_DefaultsToPage1" storage="d:\a\dnn.uservoice\dnn.uservoice\integrationtests\bin\integrationtests.dll" id="945f4fce-c15e-e09c-9dbf-5879cde58a78">
      <Execution id="8ecd7f06-b7de-4db6-b2bd-25f5823cacff" />
      <TestMethod codeBase="D:\a\DNN.UserVoice\DNN.UserVoice\IntegrationTests\bin\IntegrationTests.dll" adapterTypeName="executor://xunit/VsTestRunner2/net" className="IntegrationTests.Controllers.ItemControllerTests" name="GetItemsPage_Page0_DefaultsToPage1" />
    </UnitTest>
    <UnitTest name="IntegrationTests.Controllers.ItemControllerTests.GetItemsPage_50Items_GetsProperly" storage="d:\a\dnn.uservoice\dnn.uservoice\integrationtests\bin\integrationtests.dll" id="1450a0ab-3596-66d8-8d08-6506bbe1f61b">
      <Execution id="4739f175-f141-46ca-badb-73bc46f62dd2" />
      <TestMethod codeBase="D:\a\DNN.UserVoice\DNN.UserVoice\IntegrationTests\bin\IntegrationTests.dll" adapterTypeName="executor://xunit/VsTestRunner2/net" className="IntegrationTests.Controllers.ItemControllerTests" name="GetItemsPage_50Items_GetsProperly" />
    </UnitTest>
    <UnitTest name="IntegrationTests.Controllers.ItemControllerTests.GetItemsPage_GetsProperPages(amount: 101, expectedPages: 11)" storage="d:\a\dnn.uservoice\dnn.uservoice\integrationtests\bin\integrationtests.dll" id="35a21cfd-ad2b-b819-14e0-5151fe414a07">
      <Execution id="c850d571-9e10-48f2-a06a-10cb5c826d89" />
      <TestMethod codeBase="D:\a\DNN.UserVoice\DNN.UserVoice\IntegrationTests\bin\IntegrationTests.dll" adapterTypeName="executor://xunit/VsTestRunner2/net" className="IntegrationTests.Controllers.ItemControllerTests" name="GetItemsPage_GetsProperPages" />
    </UnitTest>
    <UnitTest name="IntegrationTests.Controllers.ItemControllerTests.GetItemsPage_GetsProperPages(amount: 1, expectedPages: 1)" storage="d:\a\dnn.uservoice\dnn.uservoice\integrationtests\bin\integrationtests.dll" id="c6d15831-7dbe-24e6-d39b-4f317a873a34">
      <Execution id="3bcd87a1-9dc1-40ce-8dae-46eed2ea6cff" />
      <TestMethod codeBase="D:\a\DNN.UserVoice\DNN.UserVoice\IntegrationTests\bin\IntegrationTests.dll" adapterTypeName="executor://xunit/VsTestRunner2/net" className="IntegrationTests.Controllers.ItemControllerTests" name="GetItemsPage_GetsProperPages" />
    </UnitTest>
    <UnitTest name="IntegrationTests.Controllers.ItemControllerTests.CreateItem_Creates(name: &quot;name2&quot;, description: &quot;description2&quot;)" storage="d:\a\dnn.uservoice\dnn.uservoice\integrationtests\bin\integrationtests.dll" id="1ec97a71-0b29-f7c5-72ce-8cf48efa2e36">
      <Execution id="0ebc7e0e-17fb-4911-9b2f-1dc48103c776" />
      <TestMethod codeBase="D:\a\DNN.UserVoice\DNN.UserVoice\IntegrationTests\bin\IntegrationTests.dll" adapterTypeName="executor://xunit/VsTestRunner2/net" className="IntegrationTests.Controllers.ItemControllerTests" name="CreateItem_Creates" />
    </UnitTest>
    <UnitTest name="IntegrationTests.Controllers.ItemControllerTests.GetItemsPage_SortsAscending" storage="d:\a\dnn.uservoice\dnn.uservoice\integrationtests\bin\integrationtests.dll" id="4fd078d7-61ec-6e3f-be79-cf322012a0cd">
      <Execution id="a5f6b01e-a755-4dda-af12-bb2c2a5a9786" />
      <TestMethod codeBase="D:\a\DNN.UserVoice\DNN.UserVoice\IntegrationTests\bin\IntegrationTests.dll" adapterTypeName="executor://xunit/VsTestRunner2/net" className="IntegrationTests.Controllers.ItemControllerTests" name="GetItemsPage_SortsAscending" />
    </UnitTest>
    <UnitTest name="IntegrationTests.Controllers.ItemControllerTests.GetItemsPage_PageSize0_DefaultsTo1" storage="d:\a\dnn.uservoice\dnn.uservoice\integrationtests\bin\integrationtests.dll" id="d18898e3-6995-0d27-8e53-1ced81186e2d">
      <Execution id="f1109058-c0e3-47d0-82b5-a7ff13e596f0" />
      <TestMethod codeBase="D:\a\DNN.UserVoice\DNN.UserVoice\IntegrationTests\bin\IntegrationTests.dll" adapterTypeName="executor://xunit/VsTestRunner2/net" className="IntegrationTests.Controllers.ItemControllerTests" name="GetItemsPage_PageSize0_DefaultsTo1" />
    </UnitTest>
    <UnitTest name="IntegrationTests.Controllers.ItemControllerTests.GetItemsPage_GetsProperPages(amount: 9, expectedPages: 1)" storage="d:\a\dnn.uservoice\dnn.uservoice\integrationtests\bin\integrationtests.dll" id="0a429b0b-08a8-36a6-5969-3c31a35cc366">
      <Execution id="34acd3dc-716d-4b18-98f3-960f85c6c96a" />
      <TestMethod codeBase="D:\a\DNN.UserVoice\DNN.UserVoice\IntegrationTests\bin\IntegrationTests.dll" adapterTypeName="executor://xunit/VsTestRunner2/net" className="IntegrationTests.Controllers.ItemControllerTests" name="GetItemsPage_GetsProperPages" />
    </UnitTest>
    <UnitTest name="IntegrationTests.Controllers.ItemControllerTests.GetItemsPage_GetsProperPages(amount: 10, expectedPages: 1)" storage="d:\a\dnn.uservoice\dnn.uservoice\integrationtests\bin\integrationtests.dll" id="31a1a77c-5b35-2c19-9bdc-0ee23e06e8f3">
      <Execution id="71911991-6fcb-4fe3-b7eb-841991667b88" />
      <TestMethod codeBase="D:\a\DNN.UserVoice\DNN.UserVoice\IntegrationTests\bin\IntegrationTests.dll" adapterTypeName="executor://xunit/VsTestRunner2/net" className="IntegrationTests.Controllers.ItemControllerTests" name="GetItemsPage_GetsProperPages" />
    </UnitTest>
    <UnitTest name="IntegrationTests.Controllers.ItemControllerTests.GetItemsPage_Query_Filters(query: &quot;Missing&quot;, expectedResults: 0)" storage="d:\a\dnn.uservoice\dnn.uservoice\integrationtests\bin\integrationtests.dll" id="9609bc3b-2435-1be2-e2f3-2c6b217c770c">
      <Execution id="728c388e-7d07-47d5-9d95-94cc6e9f76a7" />
      <TestMethod codeBase="D:\a\DNN.UserVoice\DNN.UserVoice\IntegrationTests\bin\IntegrationTests.dll" adapterTypeName="executor://xunit/VsTestRunner2/net" className="IntegrationTests.Controllers.ItemControllerTests" name="GetItemsPage_Query_Filters" />
    </UnitTest>
    <UnitTest name="IntegrationTests.Controllers.ItemControllerTests.DeleteItem_Deletes" storage="d:\a\dnn.uservoice\dnn.uservoice\integrationtests\bin\integrationtests.dll" id="b2691cfb-5962-80d6-34ac-12efb31ff88e">
      <Execution id="91e15f18-09b7-4d12-895a-f5fb715f1357" />
      <TestMethod codeBase="D:\a\DNN.UserVoice\DNN.UserVoice\IntegrationTests\bin\IntegrationTests.dll" adapterTypeName="executor://xunit/VsTestRunner2/net" className="IntegrationTests.Controllers.ItemControllerTests" name="DeleteItem_Deletes" />
    </UnitTest>
    <UnitTest name="IntegrationTests.Controllers.ItemControllerTests.GetItemsPage_Query_Filters(query: &quot;Name 2&quot;, expectedResults: 11)" storage="d:\a\dnn.uservoice\dnn.uservoice\integrationtests\bin\integrationtests.dll" id="64ce4809-e3f8-8d8e-c808-2938f18aa4d4">
      <Execution id="79dedaba-a921-4efb-93f3-90a72a07ac2f" />
      <TestMethod codeBase="D:\a\DNN.UserVoice\DNN.UserVoice\IntegrationTests\bin\IntegrationTests.dll" adapterTypeName="executor://xunit/VsTestRunner2/net" className="IntegrationTests.Controllers.ItemControllerTests" name="GetItemsPage_Query_Filters" />
    </UnitTest>
    <UnitTest name="IntegrationTests.Controllers.ItemControllerTests.GetItemsPage_Query_Filters(query: &quot;Name 100&quot;, expectedResults: 1)" storage="d:\a\dnn.uservoice\dnn.uservoice\integrationtests\bin\integrationtests.dll" id="b5a2bbb3-e25b-0d71-cef7-0187c592a682">
      <Execution id="39cd6f44-fbe5-4e6d-af6d-4c1bcaedfc30" />
      <TestMethod codeBase="D:\a\DNN.UserVoice\DNN.UserVoice\IntegrationTests\bin\IntegrationTests.dll" adapterTypeName="executor://xunit/VsTestRunner2/net" className="IntegrationTests.Controllers.ItemControllerTests" name="GetItemsPage_Query_Filters" />
    </UnitTest>
    <UnitTest name="IntegrationTests.Controllers.ServiceRouteMapperTests.RegisterRoutes_RegistersAtLestOneRoute" storage="d:\a\dnn.uservoice\dnn.uservoice\integrationtests\bin\integrationtests.dll" id="69a7a014-6241-5f0a-e55d-960890e56595">
      <Execution id="65f6208e-9897-4766-b4d9-33b9a57db97d" />
      <TestMethod codeBase="D:\a\DNN.UserVoice\DNN.UserVoice\IntegrationTests\bin\IntegrationTests.dll" adapterTypeName="executor://xunit/VsTestRunner2/net" className="IntegrationTests.Controllers.ServiceRouteMapperTests" name="RegisterRoutes_RegistersAtLestOneRoute" />
    </UnitTest>
    <UnitTest name="IntegrationTests.Controllers.ItemControllerTests.GetItemsPage_Query_Filters(query: &quot;Name 1&quot;, expectedResults: 12)" storage="d:\a\dnn.uservoice\dnn.uservoice\integrationtests\bin\integrationtests.dll" id="6274cd22-d848-61dd-8233-d29a2f361a38">
      <Execution id="2ff426e5-9757-4947-8472-dd2c674cf782" />
      <TestMethod codeBase="D:\a\DNN.UserVoice\DNN.UserVoice\IntegrationTests\bin\IntegrationTests.dll" adapterTypeName="executor://xunit/VsTestRunner2/net" className="IntegrationTests.Controllers.ItemControllerTests" name="GetItemsPage_Query_Filters" />
    </UnitTest>
    <UnitTest name="IntegrationTests.Controllers.ItemControllerTests.CanEdit_Defaults_To_False" storage="d:\a\dnn.uservoice\dnn.uservoice\integrationtests\bin\integrationtests.dll" id="eb8cb345-7707-0e07-1566-f6a04ceb2670">
      <Execution id="54569644-1118-4592-bf09-8cd0874b07d6" />
      <TestMethod codeBase="D:\a\DNN.UserVoice\DNN.UserVoice\IntegrationTests\bin\IntegrationTests.dll" adapterTypeName="executor://xunit/VsTestRunner2/net" className="IntegrationTests.Controllers.ItemControllerTests" name="CanEdit_Defaults_To_False" />
    </UnitTest>
  </TestDefinitions>
  <TestEntries>
    <TestEntry testId="b5a2bbb3-e25b-0d71-cef7-0187c592a682" executionId="39cd6f44-fbe5-4e6d-af6d-4c1bcaedfc30" testListId="8c84fa94-04c1-424b-9868-57a2d4851a1d" />
    <TestEntry testId="eb8cb345-7707-0e07-1566-f6a04ceb2670" executionId="54569644-1118-4592-bf09-8cd0874b07d6" testListId="8c84fa94-04c1-424b-9868-57a2d4851a1d" />
    <TestEntry testId="3b96b54e-967c-6e8f-1ced-4ff4d8370be3" executionId="fceb962b-99ab-4f80-b357-f46ca99ae3fe" testListId="8c84fa94-04c1-424b-9868-57a2d4851a1d" />
    <TestEntry testId="0a429b0b-08a8-36a6-5969-3c31a35cc366" executionId="34acd3dc-716d-4b18-98f3-960f85c6c96a" testListId="8c84fa94-04c1-424b-9868-57a2d4851a1d" />
    <TestEntry testId="74f30272-fd7f-9b4e-507d-1c94cc60bb29" executionId="8af2d08f-c1f5-4ed5-ad07-dcb3fd342c33" testListId="8c84fa94-04c1-424b-9868-57a2d4851a1d" />
    <TestEntry testId="64ce4809-e3f8-8d8e-c808-2938f18aa4d4" executionId="79dedaba-a921-4efb-93f3-90a72a07ac2f" testListId="8c84fa94-04c1-424b-9868-57a2d4851a1d" />
    <TestEntry testId="fe1c9811-4463-ef95-5296-cdd71ab090b8" executionId="2c6de82c-dbe3-4ce7-9702-067abd01eee6" testListId="8c84fa94-04c1-424b-9868-57a2d4851a1d" />
    <TestEntry testId="31a1a77c-5b35-2c19-9bdc-0ee23e06e8f3" executionId="71911991-6fcb-4fe3-b7eb-841991667b88" testListId="8c84fa94-04c1-424b-9868-57a2d4851a1d" />
    <TestEntry testId="4fd078d7-61ec-6e3f-be79-cf322012a0cd" executionId="a5f6b01e-a755-4dda-af12-bb2c2a5a9786" testListId="8c84fa94-04c1-424b-9868-57a2d4851a1d" />
    <TestEntry testId="d18898e3-6995-0d27-8e53-1ced81186e2d" executionId="f1109058-c0e3-47d0-82b5-a7ff13e596f0" testListId="8c84fa94-04c1-424b-9868-57a2d4851a1d" />
    <TestEntry testId="b2691cfb-5962-80d6-34ac-12efb31ff88e" executionId="91e15f18-09b7-4d12-895a-f5fb715f1357" testListId="8c84fa94-04c1-424b-9868-57a2d4851a1d" />
    <TestEntry testId="2f8521ee-e0ca-eac4-b453-aa86236fc9b9" executionId="e290eb7d-6068-49b2-aa0e-f22bb6344eaf" testListId="8c84fa94-04c1-424b-9868-57a2d4851a1d" />
    <TestEntry testId="1450a0ab-3596-66d8-8d08-6506bbe1f61b" executionId="4739f175-f141-46ca-badb-73bc46f62dd2" testListId="8c84fa94-04c1-424b-9868-57a2d4851a1d" />
    <TestEntry testId="6274cd22-d848-61dd-8233-d29a2f361a38" executionId="2ff426e5-9757-4947-8472-dd2c674cf782" testListId="8c84fa94-04c1-424b-9868-57a2d4851a1d" />
    <TestEntry testId="35a21cfd-ad2b-b819-14e0-5151fe414a07" executionId="c850d571-9e10-48f2-a06a-10cb5c826d89" testListId="8c84fa94-04c1-424b-9868-57a2d4851a1d" />
    <TestEntry testId="c6d15831-7dbe-24e6-d39b-4f317a873a34" executionId="3bcd87a1-9dc1-40ce-8dae-46eed2ea6cff" testListId="8c84fa94-04c1-424b-9868-57a2d4851a1d" />
    <TestEntry testId="1ec97a71-0b29-f7c5-72ce-8cf48efa2e36" executionId="0ebc7e0e-17fb-4911-9b2f-1dc48103c776" testListId="8c84fa94-04c1-424b-9868-57a2d4851a1d" />
    <TestEntry testId="945f4fce-c15e-e09c-9dbf-5879cde58a78" executionId="8ecd7f06-b7de-4db6-b2bd-25f5823cacff" testListId="8c84fa94-04c1-424b-9868-57a2d4851a1d" />
    <TestEntry testId="06f0962d-466b-0634-113e-f3863f9b599c" executionId="d057f0eb-ddde-48f7-90e2-f5ed06c9ed75" testListId="8c84fa94-04c1-424b-9868-57a2d4851a1d" />
    <TestEntry testId="43169439-e722-3696-654b-e380ed8f351d" executionId="29da95be-1b06-4bda-911c-db820d8295b8" testListId="8c84fa94-04c1-424b-9868-57a2d4851a1d" />
    <TestEntry testId="75b07048-5201-d631-649a-c012e65b7444" executionId="5695e0ed-be9d-421b-8be2-d520f29add97" testListId="8c84fa94-04c1-424b-9868-57a2d4851a1d" />
    <TestEntry testId="69a7a014-6241-5f0a-e55d-960890e56595" executionId="65f6208e-9897-4766-b4d9-33b9a57db97d" testListId="8c84fa94-04c1-424b-9868-57a2d4851a1d" />
    <TestEntry testId="9609bc3b-2435-1be2-e2f3-2c6b217c770c" executionId="728c388e-7d07-47d5-9d95-94cc6e9f76a7" testListId="8c84fa94-04c1-424b-9868-57a2d4851a1d" />
    <TestEntry testId="c6abb489-2666-fd84-85be-69873a4c76cc" executionId="0d5e62b0-4f38-49b1-af22-6a7f2481a6ac" testListId="8c84fa94-04c1-424b-9868-57a2d4851a1d" />
  </TestEntries>
  <TestLists>
    <TestList name="Results Not in a List" id="8c84fa94-04c1-424b-9868-57a2d4851a1d" />
    <TestList name="All Loaded Results" id="19431567-8539-422a-85d7-44ee4e166bda" />
  </TestLists>
  <ResultSummary outcome="Completed">
    <Counters total="24" executed="24" passed="24" failed="0" error="0" timeout="0" aborted="0" inconclusive="0" passedButRunAborted="0" notRunnable="0" notExecuted="0" disconnected="0" warning="0" completed="0" inProgress="0" pending="0" />
    <Output>
      <StdOut>[xUnit.net 00:00:00.05] xUnit.net VSTest Adapter v2.4.3+1b45f5407b (32-bit Desktop .NET 4.0.30319.42000)&#xD;
[xUnit.net 00:00:01.28]   Discovering: IntegrationTests&#xD;
[xUnit.net 00:00:01.71]   Discovered:  IntegrationTests&#xD;
[xUnit.net 00:00:01.71]   Starting:    IntegrationTests&#xD;
[xUnit.net 00:00:07.99]   Finished:    IntegrationTests&#xD;
</StdOut>
    </Output>
  </ResultSummary>
</TestRun>