<?xml version="1.0" encoding="utf-8"?>
<TestRun id="ec76ac4d-805d-4a37-a4aa-e47f6a0d7490" name="runneradmin@fv-az252-455 2022-04-04 00:41:20" runUser="fv-az252-455\runneradmin" xmlns="http://microsoft.com/schemas/VisualStudio/TeamTest/2010">
  <Times creation="2022-04-04T00:41:20.4422936+00:00" queuing="2022-04-04T00:41:20.4422938+00:00" start="2022-04-04T00:41:06.8952184+00:00" finish="2022-04-04T00:41:24.3276739+00:00" />
  <TestSettings name="default" id="363a6818-1920-43e5-9948-fe558f7026aa">
    <Deployment runDeploymentRoot="runneradmin_fv-az252-455_2022-04-04_00_41_20" />
  </TestSettings>
  <Results>
    <UnitTestResult executionId="4124a980-2cf8-4302-b9e9-30658ff4dd82" testId="fe1c9811-4463-ef95-5296-cdd71ab090b8" testName="IntegrationTests.Controllers.ItemControllerTests.DeleteItem_DeletesMissingItem" computerName="fv-az252-455" duration="00:00:00.0100000" startTime="2022-04-04T00:41:24.1889131+00:00" endTime="2022-04-04T00:41:24.1889131+00:00" testType="13cdc9d9-ddb5-4fa4-a97d-d965ccfc6d4b" outcome="Passed" testListId="8c84fa94-04c1-424b-9868-57a2d4851a1d" relativeResultsDirectory="4124a980-2cf8-4302-b9e9-30658ff4dd82" />
    <UnitTestResult executionId="ddfffb64-7dfa-4181-9103-51e874bc2880" testId="c6d15831-7dbe-24e6-d39b-4f317a873a34" testName="IntegrationTests.Controllers.ItemControllerTests.GetItemsPage_GetsProperPages(amount: 1, expectedPages: 1)" computerName="fv-az252-455" duration="00:00:00.0130000" startTime="2022-04-04T00:41:23.9409171+00:00" endTime="2022-04-04T00:41:23.9409171+00:00" testType="13cdc9d9-ddb5-4fa4-a97d-d965ccfc6d4b" outcome="Passed" testListId="8c84fa94-04c1-424b-9868-57a2d4851a1d" relativeResultsDirectory="ddfffb64-7dfa-4181-9103-51e874bc2880" />
    <UnitTestResult executionId="e271e18b-3325-46a9-b04b-7c20eeb09f70" testId="74f30272-fd7f-9b4e-507d-1c94cc60bb29" testName="IntegrationTests.Controllers.ItemControllerTests.GetItemsPage_Query_Filters(query: &quot;1&quot;, expectedResults: 20)" computerName="fv-az252-455" duration="00:00:00.1030000" startTime="2022-04-04T00:41:23.7139202+00:00" endTime="2022-04-04T00:41:23.7139202+00:00" testType="13cdc9d9-ddb5-4fa4-a97d-d965ccfc6d4b" outcome="Passed" testListId="8c84fa94-04c1-424b-9868-57a2d4851a1d" relativeResultsDirectory="e271e18b-3325-46a9-b04b-7c20eeb09f70" />
    <UnitTestResult executionId="9c073af2-9b89-4115-85d0-58768a0152dd" testId="06f0962d-466b-0634-113e-f3863f9b599c" testName="IntegrationTests.Controllers.ItemControllerTests.GetItemsPage_GetsProperPages(amount: 99, expectedPages: 10)" computerName="fv-az252-455" duration="00:00:00.0290000" startTime="2022-04-04T00:41:23.9709171+00:00" endTime="2022-04-04T00:41:23.9709171+00:00" testType="13cdc9d9-ddb5-4fa4-a97d-d965ccfc6d4b" outcome="Passed" testListId="8c84fa94-04c1-424b-9868-57a2d4851a1d" relativeResultsDirectory="9c073af2-9b89-4115-85d0-58768a0152dd" />
    <UnitTestResult executionId="1ba77187-3890-42e2-a0fb-87a56731f527" testId="b5a2bbb3-e25b-0d71-cef7-0187c592a682" testName="IntegrationTests.Controllers.ItemControllerTests.GetItemsPage_Query_Filters(query: &quot;Name 100&quot;, expectedResults: 1)" computerName="fv-az252-455" duration="00:00:00.0280000" startTime="2022-04-04T00:41:23.8129189+00:00" endTime="2022-04-04T00:41:23.8129189+00:00" testType="13cdc9d9-ddb5-4fa4-a97d-d965ccfc6d4b" outcome="Passed" testListId="8c84fa94-04c1-424b-9868-57a2d4851a1d" relativeResultsDirectory="1ba77187-3890-42e2-a0fb-87a56731f527" />
    <UnitTestResult executionId="1d00b17d-0ff4-407b-a733-d9e4d210233d" testId="3b96b54e-967c-6e8f-1ced-4ff4d8370be3" testName="IntegrationTests.Controllers.ItemControllerTests.GetItemsPage_Query_Filters(query: &quot;&quot;, expectedResults: 100)" computerName="fv-az252-455" duration="00:00:00.0390000" startTime="2022-04-04T00:41:23.6099221+00:00" endTime="2022-04-04T00:41:23.6099221+00:00" testType="13cdc9d9-ddb5-4fa4-a97d-d965ccfc6d4b" outcome="Passed" testListId="8c84fa94-04c1-424b-9868-57a2d4851a1d" relativeResultsDirectory="1d00b17d-0ff4-407b-a733-d9e4d210233d" />
    <UnitTestResult executionId="dd4438bc-7927-4ba9-9731-c4e247859aa1" testId="0a429b0b-08a8-36a6-5969-3c31a35cc366" testName="IntegrationTests.Controllers.ItemControllerTests.GetItemsPage_GetsProperPages(amount: 9, expectedPages: 1)" computerName="fv-az252-455" duration="00:00:00.0170000" startTime="2022-04-04T00:41:23.9999187+00:00" endTime="2022-04-04T00:41:23.9999187+00:00" testType="13cdc9d9-ddb5-4fa4-a97d-d965ccfc6d4b" outcome="Passed" testListId="8c84fa94-04c1-424b-9868-57a2d4851a1d" relativeResultsDirectory="dd4438bc-7927-4ba9-9731-c4e247859aa1" />
    <UnitTestResult executionId="5e042210-1599-4a71-994f-0b640da300b1" testId="eb8cb345-7707-0e07-1566-f6a04ceb2670" testName="IntegrationTests.Controllers.ItemControllerTests.CanEdit_Defaults_To_False" computerName="fv-az252-455" duration="00:00:00.0040000" startTime="2022-04-04T00:41:23.9289168+00:00" endTime="2022-04-04T00:41:23.9289168+00:00" testType="13cdc9d9-ddb5-4fa4-a97d-d965ccfc6d4b" outcome="Passed" testListId="8c84fa94-04c1-424b-9868-57a2d4851a1d" relativeResultsDirectory="5e042210-1599-4a71-994f-0b640da300b1" />
    <UnitTestResult executionId="24fa2c79-6cb3-4383-bf81-784c4dbddbfb" testId="d18898e3-6995-0d27-8e53-1ced81186e2d" testName="IntegrationTests.Controllers.ItemControllerTests.GetItemsPage_PageSize0_DefaultsTo1" computerName="fv-az252-455" duration="00:00:00.0100000" startTime="2022-04-04T00:41:24.1659171+00:00" endTime="2022-04-04T00:41:24.1659171+00:00" testType="13cdc9d9-ddb5-4fa4-a97d-d965ccfc6d4b" outcome="Passed" testListId="8c84fa94-04c1-424b-9868-57a2d4851a1d" relativeResultsDirectory="24fa2c79-6cb3-4383-bf81-784c4dbddbfb" />
    <UnitTestResult executionId="5879a3ff-fc45-489f-b220-54804f011827" testId="9609bc3b-2435-1be2-e2f3-2c6b217c770c" testName="IntegrationTests.Controllers.ItemControllerTests.GetItemsPage_Query_Filters(query: &quot;Missing&quot;, expectedResults: 0)" computerName="fv-az252-455" duration="00:00:00.0350000" startTime="2022-04-04T00:41:23.7849197+00:00" endTime="2022-04-04T00:41:23.7849197+00:00" testType="13cdc9d9-ddb5-4fa4-a97d-d965ccfc6d4b" outcome="Passed" testListId="8c84fa94-04c1-424b-9868-57a2d4851a1d" relativeResultsDirectory="5879a3ff-fc45-489f-b220-54804f011827" />
    <UnitTestResult executionId="c9518783-9b3e-4e3d-ba27-630dbe2efa8e" testId="43169439-e722-3696-654b-e380ed8f351d" testName="IntegrationTests.Controllers.ItemControllerTests.EditItem_Saves" computerName="fv-az252-455" duration="00:00:00.0600000" startTime="2022-04-04T00:41:24.0829149+00:00" endTime="2022-04-04T00:41:24.0829149+00:00" testType="13cdc9d9-ddb5-4fa4-a97d-d965ccfc6d4b" outcome="Passed" testListId="8c84fa94-04c1-424b-9868-57a2d4851a1d" relativeResultsDirectory="c9518783-9b3e-4e3d-ba27-630dbe2efa8e" />
    <UnitTestResult executionId="dfe5de46-9a5c-4806-b550-ce490fec2a5b" testId="6274cd22-d848-61dd-8233-d29a2f361a38" testName="IntegrationTests.Controllers.ItemControllerTests.GetItemsPage_Query_Filters(query: &quot;Name 1&quot;, expectedResults: 12)" computerName="fv-az252-455" duration="00:00:00.0360000" startTime="2022-04-04T00:41:23.7499198+00:00" endTime="2022-04-04T00:41:23.7499198+00:00" testType="13cdc9d9-ddb5-4fa4-a97d-d965ccfc6d4b" outcome="Passed" testListId="8c84fa94-04c1-424b-9868-57a2d4851a1d" relativeResultsDirectory="dfe5de46-9a5c-4806-b550-ce490fec2a5b" />
    <UnitTestResult executionId="d6c854cd-43de-465a-ad8a-dcdd693f6113" testId="4fd078d7-61ec-6e3f-be79-cf322012a0cd" testName="IntegrationTests.Controllers.ItemControllerTests.GetItemsPage_SortsAscending" computerName="fv-az252-455" duration="00:00:04.9090000" startTime="2022-04-04T00:41:23.5709225+00:00" endTime="2022-04-04T00:41:23.5709225+00:00" testType="13cdc9d9-ddb5-4fa4-a97d-d965ccfc6d4b" outcome="Passed" testListId="8c84fa94-04c1-424b-9868-57a2d4851a1d" relativeResultsDirectory="d6c854cd-43de-465a-ad8a-dcdd693f6113" />
    <UnitTestResult executionId="c69d6fb3-7323-4f68-9dc2-c9400a9adeb3" testId="c6abb489-2666-fd84-85be-69873a4c76cc" testName="IntegrationTests.Controllers.ItemControllerTests.CreateItem_Creates(name: &quot;name1&quot;, description: &quot;description1&quot;)" computerName="fv-az252-455" duration="00:00:00.0050000" startTime="2022-04-04T00:41:23.8939200+00:00" endTime="2022-04-04T00:41:23.8939200+00:00" testType="13cdc9d9-ddb5-4fa4-a97d-d965ccfc6d4b" outcome="Passed" testListId="8c84fa94-04c1-424b-9868-57a2d4851a1d" relativeResultsDirectory="c69d6fb3-7323-4f68-9dc2-c9400a9adeb3" />
    <UnitTestResult executionId="cb7a4775-efa2-480d-83de-e6f93bb4f4dd" testId="1ec97a71-0b29-f7c5-72ce-8cf48efa2e36" testName="IntegrationTests.Controllers.ItemControllerTests.CreateItem_Creates(name: &quot;name2&quot;, description: &quot;description2&quot;)" computerName="fv-az252-455" duration="00:00:00.0090000" startTime="2022-04-04T00:41:23.8889187+00:00" endTime="2022-04-04T00:41:23.8889187+00:00" testType="13cdc9d9-ddb5-4fa4-a97d-d965ccfc6d4b" outcome="Passed" testListId="8c84fa94-04c1-424b-9868-57a2d4851a1d" relativeResultsDirectory="cb7a4775-efa2-480d-83de-e6f93bb4f4dd" />
    <UnitTestResult executionId="715f1830-d860-451e-ac02-97dad3c20fd4" testId="2f8521ee-e0ca-eac4-b453-aa86236fc9b9" testName="IntegrationTests.Controllers.ItemControllerTests.GetItemsPage_SortsDescending" computerName="fv-az252-455" duration="00:00:00.0130000" startTime="2022-04-04T00:41:24.1789145+00:00" endTime="2022-04-04T00:41:24.1789145+00:00" testType="13cdc9d9-ddb5-4fa4-a97d-d965ccfc6d4b" outcome="Passed" testListId="8c84fa94-04c1-424b-9868-57a2d4851a1d" relativeResultsDirectory="715f1830-d860-451e-ac02-97dad3c20fd4" />
    <UnitTestResult executionId="4444b96f-bda7-4380-80df-3f1f2a6898d1" testId="64ce4809-e3f8-8d8e-c808-2938f18aa4d4" testName="IntegrationTests.Controllers.ItemControllerTests.GetItemsPage_Query_Filters(query: &quot;Name 2&quot;, expectedResults: 11)" computerName="fv-az252-455" duration="00:00:00.0340000" startTime="2022-04-04T00:41:23.8469181+00:00" endTime="2022-04-04T00:41:23.8469181+00:00" testType="13cdc9d9-ddb5-4fa4-a97d-d965ccfc6d4b" outcome="Passed" testListId="8c84fa94-04c1-424b-9868-57a2d4851a1d" relativeResultsDirectory="4444b96f-bda7-4380-80df-3f1f2a6898d1" />
    <UnitTestResult executionId="2927b5d0-2b17-4833-9e7b-5297019464ae" testId="75b07048-5201-d631-649a-c012e65b7444" testName="IntegrationTests.Controllers.ItemControllerTests.GetItemsPage_Query_Filters(query: &quot;Name 10&quot;, expectedResults: 2)" computerName="fv-az252-455" duration="00:00:00.0330000" startTime="2022-04-04T00:41:23.8809194+00:00" endTime="2022-04-04T00:41:23.8809194+00:00" testType="13cdc9d9-ddb5-4fa4-a97d-d965ccfc6d4b" outcome="Passed" testListId="8c84fa94-04c1-424b-9868-57a2d4851a1d" relativeResultsDirectory="2927b5d0-2b17-4833-9e7b-5297019464ae" />
    <UnitTestResult executionId="3e2b2395-ba8b-4272-b31e-9eb3e104862c" testId="69a7a014-6241-5f0a-e55d-960890e56595" testName="IntegrationTests.Controllers.ServiceRouteMapperTests.RegisterRoutes_RegistersAtLestOneRoute" computerName="fv-az252-455" duration="00:00:01.4170000" startTime="2022-04-04T00:41:20.1177125+00:00" endTime="2022-04-04T00:41:20.1177125+00:00" testType="13cdc9d9-ddb5-4fa4-a97d-d965ccfc6d4b" outcome="Passed" testListId="8c84fa94-04c1-424b-9868-57a2d4851a1d" relativeResultsDirectory="3e2b2395-ba8b-4272-b31e-9eb3e104862c" />
    <UnitTestResult executionId="9b7cb735-7846-430b-8e0e-f32d61d45fd6" testId="b2691cfb-5962-80d6-34ac-12efb31ff88e" testName="IntegrationTests.Controllers.ItemControllerTests.DeleteItem_Deletes" computerName="fv-az252-455" duration="00:00:00.0620000" startTime="2022-04-04T00:41:24.1549163+00:00" endTime="2022-04-04T00:41:24.1549163+00:00" testType="13cdc9d9-ddb5-4fa4-a97d-d965ccfc6d4b" outcome="Passed" testListId="8c84fa94-04c1-424b-9868-57a2d4851a1d" relativeResultsDirectory="9b7cb735-7846-430b-8e0e-f32d61d45fd6" />
    <UnitTestResult executionId="205d7f94-f505-440b-a03b-e3275dcbf08b" testId="1450a0ab-3596-66d8-8d08-6506bbe1f61b" testName="IntegrationTests.Controllers.ItemControllerTests.GetItemsPage_50Items_GetsProperly" computerName="fv-az252-455" duration="00:00:00.0300000" startTime="2022-04-04T00:41:23.9249182+00:00" endTime="2022-04-04T00:41:23.9249182+00:00" testType="13cdc9d9-ddb5-4fa4-a97d-d965ccfc6d4b" outcome="Passed" testListId="8c84fa94-04c1-424b-9868-57a2d4851a1d" relativeResultsDirectory="205d7f94-f505-440b-a03b-e3275dcbf08b" />
    <UnitTestResult executionId="785278da-e02e-47de-8c1b-a1317a308f30" testId="945f4fce-c15e-e09c-9dbf-5879cde58a78" testName="IntegrationTests.Controllers.ItemControllerTests.GetItemsPage_Page0_DefaultsToPage1" computerName="fv-az252-455" duration="00:00:00.0100000" startTime="2022-04-04T00:41:24.0929167+00:00" endTime="2022-04-04T00:41:24.0929167+00:00" testType="13cdc9d9-ddb5-4fa4-a97d-d965ccfc6d4b" outcome="Passed" testListId="8c84fa94-04c1-424b-9868-57a2d4851a1d" relativeResultsDirectory="785278da-e02e-47de-8c1b-a1317a308f30" />
    <UnitTestResult executionId="36762cdb-f021-4064-ac4d-b4355d632017" testId="31a1a77c-5b35-2c19-9bdc-0ee23e06e8f3" testName="IntegrationTests.Controllers.ItemControllerTests.GetItemsPage_GetsProperPages(amount: 10, expectedPages: 1)" computerName="fv-az252-455" duration="00:00:00.0120000" startTime="2022-04-04T00:41:23.9829185+00:00" endTime="2022-04-04T00:41:23.9829185+00:00" testType="13cdc9d9-ddb5-4fa4-a97d-d965ccfc6d4b" outcome="Passed" testListId="8c84fa94-04c1-424b-9868-57a2d4851a1d" relativeResultsDirectory="36762cdb-f021-4064-ac4d-b4355d632017" />
    <UnitTestResult executionId="3a1f3658-3316-47c9-8423-dccddabc0393" testId="35a21cfd-ad2b-b819-14e0-5151fe414a07" testName="IntegrationTests.Controllers.ItemControllerTests.GetItemsPage_GetsProperPages(amount: 101, expectedPages: 11)" computerName="fv-az252-455" duration="00:00:00.0230000" startTime="2022-04-04T00:41:24.0229164+00:00" endTime="2022-04-04T00:41:24.0229164+00:00" testType="13cdc9d9-ddb5-4fa4-a97d-d965ccfc6d4b" outcome="Passed" testListId="8c84fa94-04c1-424b-9868-57a2d4851a1d" relativeResultsDirectory="3a1f3658-3316-47c9-8423-dccddabc0393" />
  </Results>
  <TestDefinitions>
    <UnitTest name="IntegrationTests.Controllers.ItemControllerTests.GetItemsPage_Query_Filters(query: &quot;Name 10&quot;, expectedResults: 2)" storage="d:\a\dnn.uservoice\dnn.uservoice\integrationtests\bin\integrationtests.dll" id="75b07048-5201-d631-649a-c012e65b7444">
      <Execution id="2927b5d0-2b17-4833-9e7b-5297019464ae" />
      <TestMethod codeBase="D:\a\DNN.UserVoice\DNN.UserVoice\IntegrationTests\bin\IntegrationTests.dll" adapterTypeName="executor://xunit/VsTestRunner2/net" className="IntegrationTests.Controllers.ItemControllerTests" name="GetItemsPage_Query_Filters" />
    </UnitTest>
    <UnitTest name="IntegrationTests.Controllers.ItemControllerTests.GetItemsPage_Query_Filters(query: &quot;1&quot;, expectedResults: 20)" storage="d:\a\dnn.uservoice\dnn.uservoice\integrationtests\bin\integrationtests.dll" id="74f30272-fd7f-9b4e-507d-1c94cc60bb29">
      <Execution id="e271e18b-3325-46a9-b04b-7c20eeb09f70" />
      <TestMethod codeBase="D:\a\DNN.UserVoice\DNN.UserVoice\IntegrationTests\bin\IntegrationTests.dll" adapterTypeName="executor://xunit/VsTestRunner2/net" className="IntegrationTests.Controllers.ItemControllerTests" name="GetItemsPage_Query_Filters" />
    </UnitTest>
    <UnitTest name="IntegrationTests.Controllers.ItemControllerTests.GetItemsPage_GetsProperPages(amount: 99, expectedPages: 10)" storage="d:\a\dnn.uservoice\dnn.uservoice\integrationtests\bin\integrationtests.dll" id="06f0962d-466b-0634-113e-f3863f9b599c">
      <Execution id="9c073af2-9b89-4115-85d0-58768a0152dd" />
      <TestMethod codeBase="D:\a\DNN.UserVoice\DNN.UserVoice\IntegrationTests\bin\IntegrationTests.dll" adapterTypeName="executor://xunit/VsTestRunner2/net" className="IntegrationTests.Controllers.ItemControllerTests" name="GetItemsPage_GetsProperPages" />
    </UnitTest>
    <UnitTest name="IntegrationTests.Controllers.ItemControllerTests.DeleteItem_DeletesMissingItem" storage="d:\a\dnn.uservoice\dnn.uservoice\integrationtests\bin\integrationtests.dll" id="fe1c9811-4463-ef95-5296-cdd71ab090b8">
      <Execution id="4124a980-2cf8-4302-b9e9-30658ff4dd82" />
      <TestMethod codeBase="D:\a\DNN.UserVoice\DNN.UserVoice\IntegrationTests\bin\IntegrationTests.dll" adapterTypeName="executor://xunit/VsTestRunner2/net" className="IntegrationTests.Controllers.ItemControllerTests" name="DeleteItem_DeletesMissingItem" />
    </UnitTest>
    <UnitTest name="IntegrationTests.Controllers.ItemControllerTests.EditItem_Saves" storage="d:\a\dnn.uservoice\dnn.uservoice\integrationtests\bin\integrationtests.dll" id="43169439-e722-3696-654b-e380ed8f351d">
      <Execution id="c9518783-9b3e-4e3d-ba27-630dbe2efa8e" />
      <TestMethod codeBase="D:\a\DNN.UserVoice\DNN.UserVoice\IntegrationTests\bin\IntegrationTests.dll" adapterTypeName="executor://xunit/VsTestRunner2/net" className="IntegrationTests.Controllers.ItemControllerTests" name="EditItem_Saves" />
    </UnitTest>
    <UnitTest name="IntegrationTests.Controllers.ItemControllerTests.CreateItem_Creates(name: &quot;name1&quot;, description: &quot;description1&quot;)" storage="d:\a\dnn.uservoice\dnn.uservoice\integrationtests\bin\integrationtests.dll" id="c6abb489-2666-fd84-85be-69873a4c76cc">
      <Execution id="c69d6fb3-7323-4f68-9dc2-c9400a9adeb3" />
      <TestMethod codeBase="D:\a\DNN.UserVoice\DNN.UserVoice\IntegrationTests\bin\IntegrationTests.dll" adapterTypeName="executor://xunit/VsTestRunner2/net" className="IntegrationTests.Controllers.ItemControllerTests" name="CreateItem_Creates" />
    </UnitTest>
    <UnitTest name="IntegrationTests.Controllers.ItemControllerTests.GetItemsPage_Query_Filters(query: &quot;&quot;, expectedResults: 100)" storage="d:\a\dnn.uservoice\dnn.uservoice\integrationtests\bin\integrationtests.dll" id="3b96b54e-967c-6e8f-1ced-4ff4d8370be3">
      <Execution id="1d00b17d-0ff4-407b-a733-d9e4d210233d" />
      <TestMethod codeBase="D:\a\DNN.UserVoice\DNN.UserVoice\IntegrationTests\bin\IntegrationTests.dll" adapterTypeName="executor://xunit/VsTestRunner2/net" className="IntegrationTests.Controllers.ItemControllerTests" name="GetItemsPage_Query_Filters" />
    </UnitTest>
    <UnitTest name="IntegrationTests.Controllers.ItemControllerTests.GetItemsPage_SortsDescending" storage="d:\a\dnn.uservoice\dnn.uservoice\integrationtests\bin\integrationtests.dll" id="2f8521ee-e0ca-eac4-b453-aa86236fc9b9">
      <Execution id="715f1830-d860-451e-ac02-97dad3c20fd4" />
      <TestMethod codeBase="D:\a\DNN.UserVoice\DNN.UserVoice\IntegrationTests\bin\IntegrationTests.dll" adapterTypeName="executor://xunit/VsTestRunner2/net" className="IntegrationTests.Controllers.ItemControllerTests" name="GetItemsPage_SortsDescending" />
    </UnitTest>
    <UnitTest name="IntegrationTests.Controllers.ItemControllerTests.GetItemsPage_Page0_DefaultsToPage1" storage="d:\a\dnn.uservoice\dnn.uservoice\integrationtests\bin\integrationtests.dll" id="945f4fce-c15e-e09c-9dbf-5879cde58a78">
      <Execution id="785278da-e02e-47de-8c1b-a1317a308f30" />
      <TestMethod codeBase="D:\a\DNN.UserVoice\DNN.UserVoice\IntegrationTests\bin\IntegrationTests.dll" adapterTypeName="executor://xunit/VsTestRunner2/net" className="IntegrationTests.Controllers.ItemControllerTests" name="GetItemsPage_Page0_DefaultsToPage1" />
    </UnitTest>
    <UnitTest name="IntegrationTests.Controllers.ItemControllerTests.GetItemsPage_50Items_GetsProperly" storage="d:\a\dnn.uservoice\dnn.uservoice\integrationtests\bin\integrationtests.dll" id="1450a0ab-3596-66d8-8d08-6506bbe1f61b">
      <Execution id="205d7f94-f505-440b-a03b-e3275dcbf08b" />
      <TestMethod codeBase="D:\a\DNN.UserVoice\DNN.UserVoice\IntegrationTests\bin\IntegrationTests.dll" adapterTypeName="executor://xunit/VsTestRunner2/net" className="IntegrationTests.Controllers.ItemControllerTests" name="GetItemsPage_50Items_GetsProperly" />
    </UnitTest>
    <UnitTest name="IntegrationTests.Controllers.ItemControllerTests.GetItemsPage_GetsProperPages(amount: 101, expectedPages: 11)" storage="d:\a\dnn.uservoice\dnn.uservoice\integrationtests\bin\integrationtests.dll" id="35a21cfd-ad2b-b819-14e0-5151fe414a07">
      <Execution id="3a1f3658-3316-47c9-8423-dccddabc0393" />
      <TestMethod codeBase="D:\a\DNN.UserVoice\DNN.UserVoice\IntegrationTests\bin\IntegrationTests.dll" adapterTypeName="executor://xunit/VsTestRunner2/net" className="IntegrationTests.Controllers.ItemControllerTests" name="GetItemsPage_GetsProperPages" />
    </UnitTest>
    <UnitTest name="IntegrationTests.Controllers.ItemControllerTests.GetItemsPage_GetsProperPages(amount: 1, expectedPages: 1)" storage="d:\a\dnn.uservoice\dnn.uservoice\integrationtests\bin\integrationtests.dll" id="c6d15831-7dbe-24e6-d39b-4f317a873a34">
      <Execution id="ddfffb64-7dfa-4181-9103-51e874bc2880" />
      <TestMethod codeBase="D:\a\DNN.UserVoice\DNN.UserVoice\IntegrationTests\bin\IntegrationTests.dll" adapterTypeName="executor://xunit/VsTestRunner2/net" className="IntegrationTests.Controllers.ItemControllerTests" name="GetItemsPage_GetsProperPages" />
    </UnitTest>
    <UnitTest name="IntegrationTests.Controllers.ItemControllerTests.CreateItem_Creates(name: &quot;name2&quot;, description: &quot;description2&quot;)" storage="d:\a\dnn.uservoice\dnn.uservoice\integrationtests\bin\integrationtests.dll" id="1ec97a71-0b29-f7c5-72ce-8cf48efa2e36">
      <Execution id="cb7a4775-efa2-480d-83de-e6f93bb4f4dd" />
      <TestMethod codeBase="D:\a\DNN.UserVoice\DNN.UserVoice\IntegrationTests\bin\IntegrationTests.dll" adapterTypeName="executor://xunit/VsTestRunner2/net" className="IntegrationTests.Controllers.ItemControllerTests" name="CreateItem_Creates" />
    </UnitTest>
    <UnitTest name="IntegrationTests.Controllers.ItemControllerTests.GetItemsPage_SortsAscending" storage="d:\a\dnn.uservoice\dnn.uservoice\integrationtests\bin\integrationtests.dll" id="4fd078d7-61ec-6e3f-be79-cf322012a0cd">
      <Execution id="d6c854cd-43de-465a-ad8a-dcdd693f6113" />
      <TestMethod codeBase="D:\a\DNN.UserVoice\DNN.UserVoice\IntegrationTests\bin\IntegrationTests.dll" adapterTypeName="executor://xunit/VsTestRunner2/net" className="IntegrationTests.Controllers.ItemControllerTests" name="GetItemsPage_SortsAscending" />
    </UnitTest>
    <UnitTest name="IntegrationTests.Controllers.ItemControllerTests.GetItemsPage_PageSize0_DefaultsTo1" storage="d:\a\dnn.uservoice\dnn.uservoice\integrationtests\bin\integrationtests.dll" id="d18898e3-6995-0d27-8e53-1ced81186e2d">
      <Execution id="24fa2c79-6cb3-4383-bf81-784c4dbddbfb" />
      <TestMethod codeBase="D:\a\DNN.UserVoice\DNN.UserVoice\IntegrationTests\bin\IntegrationTests.dll" adapterTypeName="executor://xunit/VsTestRunner2/net" className="IntegrationTests.Controllers.ItemControllerTests" name="GetItemsPage_PageSize0_DefaultsTo1" />
    </UnitTest>
    <UnitTest name="IntegrationTests.Controllers.ItemControllerTests.GetItemsPage_GetsProperPages(amount: 9, expectedPages: 1)" storage="d:\a\dnn.uservoice\dnn.uservoice\integrationtests\bin\integrationtests.dll" id="0a429b0b-08a8-36a6-5969-3c31a35cc366">
      <Execution id="dd4438bc-7927-4ba9-9731-c4e247859aa1" />
      <TestMethod codeBase="D:\a\DNN.UserVoice\DNN.UserVoice\IntegrationTests\bin\IntegrationTests.dll" adapterTypeName="executor://xunit/VsTestRunner2/net" className="IntegrationTests.Controllers.ItemControllerTests" name="GetItemsPage_GetsProperPages" />
    </UnitTest>
    <UnitTest name="IntegrationTests.Controllers.ItemControllerTests.GetItemsPage_GetsProperPages(amount: 10, expectedPages: 1)" storage="d:\a\dnn.uservoice\dnn.uservoice\integrationtests\bin\integrationtests.dll" id="31a1a77c-5b35-2c19-9bdc-0ee23e06e8f3">
      <Execution id="36762cdb-f021-4064-ac4d-b4355d632017" />
      <TestMethod codeBase="D:\a\DNN.UserVoice\DNN.UserVoice\IntegrationTests\bin\IntegrationTests.dll" adapterTypeName="executor://xunit/VsTestRunner2/net" className="IntegrationTests.Controllers.ItemControllerTests" name="GetItemsPage_GetsProperPages" />
    </UnitTest>
    <UnitTest name="IntegrationTests.Controllers.ItemControllerTests.GetItemsPage_Query_Filters(query: &quot;Missing&quot;, expectedResults: 0)" storage="d:\a\dnn.uservoice\dnn.uservoice\integrationtests\bin\integrationtests.dll" id="9609bc3b-2435-1be2-e2f3-2c6b217c770c">
      <Execution id="5879a3ff-fc45-489f-b220-54804f011827" />
      <TestMethod codeBase="D:\a\DNN.UserVoice\DNN.UserVoice\IntegrationTests\bin\IntegrationTests.dll" adapterTypeName="executor://xunit/VsTestRunner2/net" className="IntegrationTests.Controllers.ItemControllerTests" name="GetItemsPage_Query_Filters" />
    </UnitTest>
    <UnitTest name="IntegrationTests.Controllers.ItemControllerTests.DeleteItem_Deletes" storage="d:\a\dnn.uservoice\dnn.uservoice\integrationtests\bin\integrationtests.dll" id="b2691cfb-5962-80d6-34ac-12efb31ff88e">
      <Execution id="9b7cb735-7846-430b-8e0e-f32d61d45fd6" />
      <TestMethod codeBase="D:\a\DNN.UserVoice\DNN.UserVoice\IntegrationTests\bin\IntegrationTests.dll" adapterTypeName="executor://xunit/VsTestRunner2/net" className="IntegrationTests.Controllers.ItemControllerTests" name="DeleteItem_Deletes" />
    </UnitTest>
    <UnitTest name="IntegrationTests.Controllers.ItemControllerTests.GetItemsPage_Query_Filters(query: &quot;Name 2&quot;, expectedResults: 11)" storage="d:\a\dnn.uservoice\dnn.uservoice\integrationtests\bin\integrationtests.dll" id="64ce4809-e3f8-8d8e-c808-2938f18aa4d4">
      <Execution id="4444b96f-bda7-4380-80df-3f1f2a6898d1" />
      <TestMethod codeBase="D:\a\DNN.UserVoice\DNN.UserVoice\IntegrationTests\bin\IntegrationTests.dll" adapterTypeName="executor://xunit/VsTestRunner2/net" className="IntegrationTests.Controllers.ItemControllerTests" name="GetItemsPage_Query_Filters" />
    </UnitTest>
    <UnitTest name="IntegrationTests.Controllers.ItemControllerTests.GetItemsPage_Query_Filters(query: &quot;Name 100&quot;, expectedResults: 1)" storage="d:\a\dnn.uservoice\dnn.uservoice\integrationtests\bin\integrationtests.dll" id="b5a2bbb3-e25b-0d71-cef7-0187c592a682">
      <Execution id="1ba77187-3890-42e2-a0fb-87a56731f527" />
      <TestMethod codeBase="D:\a\DNN.UserVoice\DNN.UserVoice\IntegrationTests\bin\IntegrationTests.dll" adapterTypeName="executor://xunit/VsTestRunner2/net" className="IntegrationTests.Controllers.ItemControllerTests" name="GetItemsPage_Query_Filters" />
    </UnitTest>
    <UnitTest name="IntegrationTests.Controllers.ServiceRouteMapperTests.RegisterRoutes_RegistersAtLestOneRoute" storage="d:\a\dnn.uservoice\dnn.uservoice\integrationtests\bin\integrationtests.dll" id="69a7a014-6241-5f0a-e55d-960890e56595">
      <Execution id="3e2b2395-ba8b-4272-b31e-9eb3e104862c" />
      <TestMethod codeBase="D:\a\DNN.UserVoice\DNN.UserVoice\IntegrationTests\bin\IntegrationTests.dll" adapterTypeName="executor://xunit/VsTestRunner2/net" className="IntegrationTests.Controllers.ServiceRouteMapperTests" name="RegisterRoutes_RegistersAtLestOneRoute" />
    </UnitTest>
    <UnitTest name="IntegrationTests.Controllers.ItemControllerTests.GetItemsPage_Query_Filters(query: &quot;Name 1&quot;, expectedResults: 12)" storage="d:\a\dnn.uservoice\dnn.uservoice\integrationtests\bin\integrationtests.dll" id="6274cd22-d848-61dd-8233-d29a2f361a38">
      <Execution id="dfe5de46-9a5c-4806-b550-ce490fec2a5b" />
      <TestMethod codeBase="D:\a\DNN.UserVoice\DNN.UserVoice\IntegrationTests\bin\IntegrationTests.dll" adapterTypeName="executor://xunit/VsTestRunner2/net" className="IntegrationTests.Controllers.ItemControllerTests" name="GetItemsPage_Query_Filters" />
    </UnitTest>
    <UnitTest name="IntegrationTests.Controllers.ItemControllerTests.CanEdit_Defaults_To_False" storage="d:\a\dnn.uservoice\dnn.uservoice\integrationtests\bin\integrationtests.dll" id="eb8cb345-7707-0e07-1566-f6a04ceb2670">
      <Execution id="5e042210-1599-4a71-994f-0b640da300b1" />
      <TestMethod codeBase="D:\a\DNN.UserVoice\DNN.UserVoice\IntegrationTests\bin\IntegrationTests.dll" adapterTypeName="executor://xunit/VsTestRunner2/net" className="IntegrationTests.Controllers.ItemControllerTests" name="CanEdit_Defaults_To_False" />
    </UnitTest>
  </TestDefinitions>
  <TestEntries>
    <TestEntry testId="fe1c9811-4463-ef95-5296-cdd71ab090b8" executionId="4124a980-2cf8-4302-b9e9-30658ff4dd82" testListId="8c84fa94-04c1-424b-9868-57a2d4851a1d" />
    <TestEntry testId="c6d15831-7dbe-24e6-d39b-4f317a873a34" executionId="ddfffb64-7dfa-4181-9103-51e874bc2880" testListId="8c84fa94-04c1-424b-9868-57a2d4851a1d" />
    <TestEntry testId="74f30272-fd7f-9b4e-507d-1c94cc60bb29" executionId="e271e18b-3325-46a9-b04b-7c20eeb09f70" testListId="8c84fa94-04c1-424b-9868-57a2d4851a1d" />
    <TestEntry testId="06f0962d-466b-0634-113e-f3863f9b599c" executionId="9c073af2-9b89-4115-85d0-58768a0152dd" testListId="8c84fa94-04c1-424b-9868-57a2d4851a1d" />
    <TestEntry testId="b5a2bbb3-e25b-0d71-cef7-0187c592a682" executionId="1ba77187-3890-42e2-a0fb-87a56731f527" testListId="8c84fa94-04c1-424b-9868-57a2d4851a1d" />
    <TestEntry testId="3b96b54e-967c-6e8f-1ced-4ff4d8370be3" executionId="1d00b17d-0ff4-407b-a733-d9e4d210233d" testListId="8c84fa94-04c1-424b-9868-57a2d4851a1d" />
    <TestEntry testId="0a429b0b-08a8-36a6-5969-3c31a35cc366" executionId="dd4438bc-7927-4ba9-9731-c4e247859aa1" testListId="8c84fa94-04c1-424b-9868-57a2d4851a1d" />
    <TestEntry testId="eb8cb345-7707-0e07-1566-f6a04ceb2670" executionId="5e042210-1599-4a71-994f-0b640da300b1" testListId="8c84fa94-04c1-424b-9868-57a2d4851a1d" />
    <TestEntry testId="d18898e3-6995-0d27-8e53-1ced81186e2d" executionId="24fa2c79-6cb3-4383-bf81-784c4dbddbfb" testListId="8c84fa94-04c1-424b-9868-57a2d4851a1d" />
    <TestEntry testId="9609bc3b-2435-1be2-e2f3-2c6b217c770c" executionId="5879a3ff-fc45-489f-b220-54804f011827" testListId="8c84fa94-04c1-424b-9868-57a2d4851a1d" />
    <TestEntry testId="43169439-e722-3696-654b-e380ed8f351d" executionId="c9518783-9b3e-4e3d-ba27-630dbe2efa8e" testListId="8c84fa94-04c1-424b-9868-57a2d4851a1d" />
    <TestEntry testId="6274cd22-d848-61dd-8233-d29a2f361a38" executionId="dfe5de46-9a5c-4806-b550-ce490fec2a5b" testListId="8c84fa94-04c1-424b-9868-57a2d4851a1d" />
    <TestEntry testId="4fd078d7-61ec-6e3f-be79-cf322012a0cd" executionId="d6c854cd-43de-465a-ad8a-dcdd693f6113" testListId="8c84fa94-04c1-424b-9868-57a2d4851a1d" />
    <TestEntry testId="c6abb489-2666-fd84-85be-69873a4c76cc" executionId="c69d6fb3-7323-4f68-9dc2-c9400a9adeb3" testListId="8c84fa94-04c1-424b-9868-57a2d4851a1d" />
    <TestEntry testId="1ec97a71-0b29-f7c5-72ce-8cf48efa2e36" executionId="cb7a4775-efa2-480d-83de-e6f93bb4f4dd" testListId="8c84fa94-04c1-424b-9868-57a2d4851a1d" />
    <TestEntry testId="2f8521ee-e0ca-eac4-b453-aa86236fc9b9" executionId="715f1830-d860-451e-ac02-97dad3c20fd4" testListId="8c84fa94-04c1-424b-9868-57a2d4851a1d" />
    <TestEntry testId="64ce4809-e3f8-8d8e-c808-2938f18aa4d4" executionId="4444b96f-bda7-4380-80df-3f1f2a6898d1" testListId="8c84fa94-04c1-424b-9868-57a2d4851a1d" />
    <TestEntry testId="75b07048-5201-d631-649a-c012e65b7444" executionId="2927b5d0-2b17-4833-9e7b-5297019464ae" testListId="8c84fa94-04c1-424b-9868-57a2d4851a1d" />
    <TestEntry testId="69a7a014-6241-5f0a-e55d-960890e56595" executionId="3e2b2395-ba8b-4272-b31e-9eb3e104862c" testListId="8c84fa94-04c1-424b-9868-57a2d4851a1d" />
    <TestEntry testId="b2691cfb-5962-80d6-34ac-12efb31ff88e" executionId="9b7cb735-7846-430b-8e0e-f32d61d45fd6" testListId="8c84fa94-04c1-424b-9868-57a2d4851a1d" />
    <TestEntry testId="1450a0ab-3596-66d8-8d08-6506bbe1f61b" executionId="205d7f94-f505-440b-a03b-e3275dcbf08b" testListId="8c84fa94-04c1-424b-9868-57a2d4851a1d" />
    <TestEntry testId="945f4fce-c15e-e09c-9dbf-5879cde58a78" executionId="785278da-e02e-47de-8c1b-a1317a308f30" testListId="8c84fa94-04c1-424b-9868-57a2d4851a1d" />
    <TestEntry testId="31a1a77c-5b35-2c19-9bdc-0ee23e06e8f3" executionId="36762cdb-f021-4064-ac4d-b4355d632017" testListId="8c84fa94-04c1-424b-9868-57a2d4851a1d" />
    <TestEntry testId="35a21cfd-ad2b-b819-14e0-5151fe414a07" executionId="3a1f3658-3316-47c9-8423-dccddabc0393" testListId="8c84fa94-04c1-424b-9868-57a2d4851a1d" />
  </TestEntries>
  <TestLists>
    <TestList name="Results Not in a List" id="8c84fa94-04c1-424b-9868-57a2d4851a1d" />
    <TestList name="All Loaded Results" id="19431567-8539-422a-85d7-44ee4e166bda" />
  </TestLists>
  <ResultSummary outcome="Completed">
    <Counters total="24" executed="24" passed="24" failed="0" error="0" timeout="0" aborted="0" inconclusive="0" passedButRunAborted="0" notRunnable="0" notExecuted="0" disconnected="0" warning="0" completed="0" inProgress="0" pending="0" />
    <Output>
      <StdOut>[xUnit.net 00:00:00.05] xUnit.net VSTest Adapter v2.4.3+1b45f5407b (32-bit Desktop .NET 4.0.30319.42000)&#xD;
[xUnit.net 00:00:01.13]   Discovering: IntegrationTests&#xD;
[xUnit.net 00:00:01.59]   Discovered:  IntegrationTests&#xD;
[xUnit.net 00:00:01.59]   Starting:    IntegrationTests&#xD;
[xUnit.net 00:00:07.42]   Finished:    IntegrationTests&#xD;
</StdOut>
    </Output>
  </ResultSummary>
</TestRun>