<?xml version="1.0" encoding="utf-8"?>
<TestRun id="c46a05fd-fa89-492b-b7e1-00c92d402c8f" name="runneradmin@fv-az252-455 2022-04-04 02:31:42" runUser="fv-az252-455\runneradmin" xmlns="http://microsoft.com/schemas/VisualStudio/TeamTest/2010">
  <Times creation="2022-04-04T02:31:42.8047994+00:00" queuing="2022-04-04T02:31:42.8047996+00:00" start="2022-04-04T02:31:29.3930084+00:00" finish="2022-04-04T02:31:46.8845337+00:00" />
  <TestSettings name="default" id="b25ab972-6237-4bdd-9736-266f2f0d7c35">
    <Deployment runDeploymentRoot="runneradmin_fv-az252-455_2022-04-04_02_31_42" />
  </TestSettings>
  <Results>
    <UnitTestResult executionId="a62f5ca3-54fd-44da-a08b-78b5f01bb3e6" testId="31a1a77c-5b35-2c19-9bdc-0ee23e06e8f3" testName="IntegrationTests.Controllers.ItemControllerTests.GetItemsPage_GetsProperPages(amount: 10, expectedPages: 1)" computerName="fv-az252-455" duration="00:00:00.0140000" startTime="2022-04-04T02:31:46.4465726+00:00" endTime="2022-04-04T02:31:46.4465726+00:00" testType="13cdc9d9-ddb5-4fa4-a97d-d965ccfc6d4b" outcome="Passed" testListId="8c84fa94-04c1-424b-9868-57a2d4851a1d" relativeResultsDirectory="a62f5ca3-54fd-44da-a08b-78b5f01bb3e6" />
    <UnitTestResult executionId="a8e948f2-a2ee-4489-935c-c1fc2caa650d" testId="b2691cfb-5962-80d6-34ac-12efb31ff88e" testName="IntegrationTests.Controllers.ItemControllerTests.DeleteItem_Deletes" computerName="fv-az252-455" duration="00:00:00.0640000" startTime="2022-04-04T02:31:46.6025768+00:00" endTime="2022-04-04T02:31:46.6025768+00:00" testType="13cdc9d9-ddb5-4fa4-a97d-d965ccfc6d4b" outcome="Passed" testListId="8c84fa94-04c1-424b-9868-57a2d4851a1d" relativeResultsDirectory="a8e948f2-a2ee-4489-935c-c1fc2caa650d" />
    <UnitTestResult executionId="ddb2aaf5-88d8-45c4-9dac-3622ff21b048" testId="945f4fce-c15e-e09c-9dbf-5879cde58a78" testName="IntegrationTests.Controllers.ItemControllerTests.GetItemsPage_Page0_DefaultsToPage1" computerName="fv-az252-455" duration="00:00:00.0100000" startTime="2022-04-04T02:31:46.5385765+00:00" endTime="2022-04-04T02:31:46.5385765+00:00" testType="13cdc9d9-ddb5-4fa4-a97d-d965ccfc6d4b" outcome="Passed" testListId="8c84fa94-04c1-424b-9868-57a2d4851a1d" relativeResultsDirectory="ddb2aaf5-88d8-45c4-9dac-3622ff21b048" />
    <UnitTestResult executionId="b74e5dbb-1465-4d7b-9ed2-8fd08791fc4e" testId="3b96b54e-967c-6e8f-1ced-4ff4d8370be3" testName="IntegrationTests.Controllers.ItemControllerTests.GetItemsPage_Query_Filters(query: &quot;&quot;, expectedResults: 100)" computerName="fv-az252-455" duration="00:00:00.0370000" startTime="2022-04-04T02:31:46.0815696+00:00" endTime="2022-04-04T02:31:46.0815696+00:00" testType="13cdc9d9-ddb5-4fa4-a97d-d965ccfc6d4b" outcome="Passed" testListId="8c84fa94-04c1-424b-9868-57a2d4851a1d" relativeResultsDirectory="b74e5dbb-1465-4d7b-9ed2-8fd08791fc4e" />
    <UnitTestResult executionId="6cc33e2f-96d6-4bf5-b779-eb825116edb4" testId="d18898e3-6995-0d27-8e53-1ced81186e2d" testName="IntegrationTests.Controllers.ItemControllerTests.GetItemsPage_PageSize0_DefaultsTo1" computerName="fv-az252-455" duration="00:00:00.0100000" startTime="2022-04-04T02:31:46.6135765+00:00" endTime="2022-04-04T02:31:46.6135765+00:00" testType="13cdc9d9-ddb5-4fa4-a97d-d965ccfc6d4b" outcome="Passed" testListId="8c84fa94-04c1-424b-9868-57a2d4851a1d" relativeResultsDirectory="6cc33e2f-96d6-4bf5-b779-eb825116edb4" />
    <UnitTestResult executionId="30120602-d8ac-4d5e-a62e-67b69a1b70e8" testId="eb8cb345-7707-0e07-1566-f6a04ceb2670" testName="IntegrationTests.Controllers.ItemControllerTests.CanEdit_Defaults_To_False" computerName="fv-az252-455" duration="00:00:00.0040000" startTime="2022-04-04T02:31:46.3955730+00:00" endTime="2022-04-04T02:31:46.3955730+00:00" testType="13cdc9d9-ddb5-4fa4-a97d-d965ccfc6d4b" outcome="Passed" testListId="8c84fa94-04c1-424b-9868-57a2d4851a1d" relativeResultsDirectory="30120602-d8ac-4d5e-a62e-67b69a1b70e8" />
    <UnitTestResult executionId="dcd819a7-404f-46ee-96c8-7afb6a5c4fe0" testId="64ce4809-e3f8-8d8e-c808-2938f18aa4d4" testName="IntegrationTests.Controllers.ItemControllerTests.GetItemsPage_Query_Filters(query: &quot;Name 2&quot;, expectedResults: 11)" computerName="fv-az252-455" duration="00:00:00.0380000" startTime="2022-04-04T02:31:46.3175752+00:00" endTime="2022-04-04T02:31:46.3175752+00:00" testType="13cdc9d9-ddb5-4fa4-a97d-d965ccfc6d4b" outcome="Passed" testListId="8c84fa94-04c1-424b-9868-57a2d4851a1d" relativeResultsDirectory="dcd819a7-404f-46ee-96c8-7afb6a5c4fe0" />
    <UnitTestResult executionId="73478d55-41d3-45db-ab03-ff39a51a8def" testId="69a7a014-6241-5f0a-e55d-960890e56595" testName="IntegrationTests.Controllers.ServiceRouteMapperTests.RegisterRoutes_RegistersAtLestOneRoute" computerName="fv-az252-455" duration="00:00:01.5900000" startTime="2022-04-04T02:31:42.5601550+00:00" endTime="2022-04-04T02:31:42.5601550+00:00" testType="13cdc9d9-ddb5-4fa4-a97d-d965ccfc6d4b" outcome="Passed" testListId="8c84fa94-04c1-424b-9868-57a2d4851a1d" relativeResultsDirectory="73478d55-41d3-45db-ab03-ff39a51a8def" />
    <UnitTestResult executionId="14c5723c-ebfa-4502-921f-899f3fa9609f" testId="0a429b0b-08a8-36a6-5969-3c31a35cc366" testName="IntegrationTests.Controllers.ItemControllerTests.GetItemsPage_GetsProperPages(amount: 9, expectedPages: 1)" computerName="fv-az252-455" duration="00:00:00.0090000" startTime="2022-04-04T02:31:46.4555724+00:00" endTime="2022-04-04T02:31:46.4555724+00:00" testType="13cdc9d9-ddb5-4fa4-a97d-d965ccfc6d4b" outcome="Passed" testListId="8c84fa94-04c1-424b-9868-57a2d4851a1d" relativeResultsDirectory="14c5723c-ebfa-4502-921f-899f3fa9609f" />
    <UnitTestResult executionId="c15b353f-69ef-40e4-bee0-62d5bbfb9d52" testId="6274cd22-d848-61dd-8233-d29a2f361a38" testName="IntegrationTests.Controllers.ItemControllerTests.GetItemsPage_Query_Filters(query: &quot;Name 1&quot;, expectedResults: 12)" computerName="fv-az252-455" duration="00:00:00.0370000" startTime="2022-04-04T02:31:46.2095738+00:00" endTime="2022-04-04T02:31:46.2095738+00:00" testType="13cdc9d9-ddb5-4fa4-a97d-d965ccfc6d4b" outcome="Passed" testListId="8c84fa94-04c1-424b-9868-57a2d4851a1d" relativeResultsDirectory="c15b353f-69ef-40e4-bee0-62d5bbfb9d52" />
    <UnitTestResult executionId="1fb923b9-332a-4ab5-b972-f57d9f50dc1d" testId="fe1c9811-4463-ef95-5296-cdd71ab090b8" testName="IntegrationTests.Controllers.ItemControllerTests.DeleteItem_DeletesMissingItem" computerName="fv-az252-455" duration="00:00:00.0130000" startTime="2022-04-04T02:31:46.6355750+00:00" endTime="2022-04-04T02:31:46.6355750+00:00" testType="13cdc9d9-ddb5-4fa4-a97d-d965ccfc6d4b" outcome="Passed" testListId="8c84fa94-04c1-424b-9868-57a2d4851a1d" relativeResultsDirectory="1fb923b9-332a-4ab5-b972-f57d9f50dc1d" />
    <UnitTestResult executionId="708ad8dd-3b2a-4837-9dab-f5509039c057" testId="43169439-e722-3696-654b-e380ed8f351d" testName="IntegrationTests.Controllers.ItemControllerTests.EditItem_Saves" computerName="fv-az252-455" duration="00:00:00.0480000" startTime="2022-04-04T02:31:46.5285730+00:00" endTime="2022-04-04T02:31:46.5285730+00:00" testType="13cdc9d9-ddb5-4fa4-a97d-d965ccfc6d4b" outcome="Passed" testListId="8c84fa94-04c1-424b-9868-57a2d4851a1d" relativeResultsDirectory="708ad8dd-3b2a-4837-9dab-f5509039c057" />
    <UnitTestResult executionId="3622de01-b6f5-4c9a-8716-88bab35cc58f" testId="1450a0ab-3596-66d8-8d08-6506bbe1f61b" testName="IntegrationTests.Controllers.ItemControllerTests.GetItemsPage_50Items_GetsProperly" computerName="fv-az252-455" duration="00:00:00.0270000" startTime="2022-04-04T02:31:46.3925747+00:00" endTime="2022-04-04T02:31:46.3925747+00:00" testType="13cdc9d9-ddb5-4fa4-a97d-d965ccfc6d4b" outcome="Passed" testListId="8c84fa94-04c1-424b-9868-57a2d4851a1d" relativeResultsDirectory="3622de01-b6f5-4c9a-8716-88bab35cc58f" />
    <UnitTestResult executionId="07b8de63-4cd1-473a-8c3f-6f17c7c58f4d" testId="2f8521ee-e0ca-eac4-b453-aa86236fc9b9" testName="IntegrationTests.Controllers.ItemControllerTests.GetItemsPage_SortsDescending" computerName="fv-az252-455" duration="00:00:00.0090000" startTime="2022-04-04T02:31:46.6225757+00:00" endTime="2022-04-04T02:31:46.6225757+00:00" testType="13cdc9d9-ddb5-4fa4-a97d-d965ccfc6d4b" outcome="Passed" testListId="8c84fa94-04c1-424b-9868-57a2d4851a1d" relativeResultsDirectory="07b8de63-4cd1-473a-8c3f-6f17c7c58f4d" />
    <UnitTestResult executionId="b08611fc-4a2b-48bf-919e-88542ec6bd04" testId="74f30272-fd7f-9b4e-507d-1c94cc60bb29" testName="IntegrationTests.Controllers.ItemControllerTests.GetItemsPage_Query_Filters(query: &quot;1&quot;, expectedResults: 20)" computerName="fv-az252-455" duration="00:00:00.0910000" startTime="2022-04-04T02:31:46.1735732+00:00" endTime="2022-04-04T02:31:46.1735732+00:00" testType="13cdc9d9-ddb5-4fa4-a97d-d965ccfc6d4b" outcome="Passed" testListId="8c84fa94-04c1-424b-9868-57a2d4851a1d" relativeResultsDirectory="b08611fc-4a2b-48bf-919e-88542ec6bd04" />
    <UnitTestResult executionId="2b69d7db-05e8-4cce-9f26-70f71c1c5d75" testId="9609bc3b-2435-1be2-e2f3-2c6b217c770c" testName="IntegrationTests.Controllers.ItemControllerTests.GetItemsPage_Query_Filters(query: &quot;Missing&quot;, expectedResults: 0)" computerName="fv-az252-455" duration="00:00:00.0390000" startTime="2022-04-04T02:31:46.2495751+00:00" endTime="2022-04-04T02:31:46.2495751+00:00" testType="13cdc9d9-ddb5-4fa4-a97d-d965ccfc6d4b" outcome="Passed" testListId="8c84fa94-04c1-424b-9868-57a2d4851a1d" relativeResultsDirectory="2b69d7db-05e8-4cce-9f26-70f71c1c5d75" />
    <UnitTestResult executionId="e85ab8cb-043a-49bd-9522-49afd2a788cd" testId="75b07048-5201-d631-649a-c012e65b7444" testName="IntegrationTests.Controllers.ItemControllerTests.GetItemsPage_Query_Filters(query: &quot;Name 10&quot;, expectedResults: 2)" computerName="fv-az252-455" duration="00:00:00.0340000" startTime="2022-04-04T02:31:46.3505741+00:00" endTime="2022-04-04T02:31:46.3505741+00:00" testType="13cdc9d9-ddb5-4fa4-a97d-d965ccfc6d4b" outcome="Passed" testListId="8c84fa94-04c1-424b-9868-57a2d4851a1d" relativeResultsDirectory="e85ab8cb-043a-49bd-9522-49afd2a788cd" />
    <UnitTestResult executionId="afcf5230-69f2-4a7f-a79b-e78aa9adef59" testId="4fd078d7-61ec-6e3f-be79-cf322012a0cd" testName="IntegrationTests.Controllers.ItemControllerTests.GetItemsPage_SortsAscending" computerName="fv-az252-455" duration="00:00:05.1350000" startTime="2022-04-04T02:31:46.0445712+00:00" endTime="2022-04-04T02:31:46.0445712+00:00" testType="13cdc9d9-ddb5-4fa4-a97d-d965ccfc6d4b" outcome="Passed" testListId="8c84fa94-04c1-424b-9868-57a2d4851a1d" relativeResultsDirectory="afcf5230-69f2-4a7f-a79b-e78aa9adef59" />
    <UnitTestResult executionId="393713a0-cfa4-4854-b0cf-ee7d0bd769a7" testId="1ec97a71-0b29-f7c5-72ce-8cf48efa2e36" testName="IntegrationTests.Controllers.ItemControllerTests.CreateItem_Creates(name: &quot;name2&quot;, description: &quot;description2&quot;)" computerName="fv-az252-455" duration="00:00:00.0090000" startTime="2022-04-04T02:31:46.3595753+00:00" endTime="2022-04-04T02:31:46.3595753+00:00" testType="13cdc9d9-ddb5-4fa4-a97d-d965ccfc6d4b" outcome="Passed" testListId="8c84fa94-04c1-424b-9868-57a2d4851a1d" relativeResultsDirectory="393713a0-cfa4-4854-b0cf-ee7d0bd769a7" />
    <UnitTestResult executionId="27777532-53c5-422b-a7c5-04be284c5871" testId="b5a2bbb3-e25b-0d71-cef7-0187c592a682" testName="IntegrationTests.Controllers.ItemControllerTests.GetItemsPage_Query_Filters(query: &quot;Name 100&quot;, expectedResults: 1)" computerName="fv-az252-455" duration="00:00:00.0300000" startTime="2022-04-04T02:31:46.2795760+00:00" endTime="2022-04-04T02:31:46.2795760+00:00" testType="13cdc9d9-ddb5-4fa4-a97d-d965ccfc6d4b" outcome="Passed" testListId="8c84fa94-04c1-424b-9868-57a2d4851a1d" relativeResultsDirectory="27777532-53c5-422b-a7c5-04be284c5871" />
    <UnitTestResult executionId="d347df72-ce20-431b-bc6a-cb64e1a056ec" testId="06f0962d-466b-0634-113e-f3863f9b599c" testName="IntegrationTests.Controllers.ItemControllerTests.GetItemsPage_GetsProperPages(amount: 99, expectedPages: 10)" computerName="fv-az252-455" duration="00:00:00.0250000" startTime="2022-04-04T02:31:46.4325746+00:00" endTime="2022-04-04T02:31:46.4325746+00:00" testType="13cdc9d9-ddb5-4fa4-a97d-d965ccfc6d4b" outcome="Passed" testListId="8c84fa94-04c1-424b-9868-57a2d4851a1d" relativeResultsDirectory="d347df72-ce20-431b-bc6a-cb64e1a056ec" />
    <UnitTestResult executionId="e2c811a0-da27-4306-8d2b-f1a659245c28" testId="c6d15831-7dbe-24e6-d39b-4f317a873a34" testName="IntegrationTests.Controllers.ItemControllerTests.GetItemsPage_GetsProperPages(amount: 1, expectedPages: 1)" computerName="fv-az252-455" duration="00:00:00.0110000" startTime="2022-04-04T02:31:46.4065716+00:00" endTime="2022-04-04T02:31:46.4065716+00:00" testType="13cdc9d9-ddb5-4fa4-a97d-d965ccfc6d4b" outcome="Passed" testListId="8c84fa94-04c1-424b-9868-57a2d4851a1d" relativeResultsDirectory="e2c811a0-da27-4306-8d2b-f1a659245c28" />
    <UnitTestResult executionId="a4cfba2d-86b9-4916-8fbe-0e010f270d6f" testId="c6abb489-2666-fd84-85be-69873a4c76cc" testName="IntegrationTests.Controllers.ItemControllerTests.CreateItem_Creates(name: &quot;name1&quot;, description: &quot;description1&quot;)" computerName="fv-az252-455" duration="00:00:00.0050000" startTime="2022-04-04T02:31:46.3645740+00:00" endTime="2022-04-04T02:31:46.3645740+00:00" testType="13cdc9d9-ddb5-4fa4-a97d-d965ccfc6d4b" outcome="Passed" testListId="8c84fa94-04c1-424b-9868-57a2d4851a1d" relativeResultsDirectory="a4cfba2d-86b9-4916-8fbe-0e010f270d6f" />
    <UnitTestResult executionId="bed8db01-3120-464e-bc33-b32de7c2927c" testId="35a21cfd-ad2b-b819-14e0-5151fe414a07" testName="IntegrationTests.Controllers.ItemControllerTests.GetItemsPage_GetsProperPages(amount: 101, expectedPages: 11)" computerName="fv-az252-455" duration="00:00:00.0250000" startTime="2022-04-04T02:31:46.4805722+00:00" endTime="2022-04-04T02:31:46.4805722+00:00" testType="13cdc9d9-ddb5-4fa4-a97d-d965ccfc6d4b" outcome="Passed" testListId="8c84fa94-04c1-424b-9868-57a2d4851a1d" relativeResultsDirectory="bed8db01-3120-464e-bc33-b32de7c2927c" />
  </Results>
  <TestDefinitions>
    <UnitTest name="IntegrationTests.Controllers.ItemControllerTests.GetItemsPage_Query_Filters(query: &quot;Name 10&quot;, expectedResults: 2)" storage="d:\a\dnn.uservoice\dnn.uservoice\integrationtests\bin\integrationtests.dll" id="75b07048-5201-d631-649a-c012e65b7444">
      <Execution id="e85ab8cb-043a-49bd-9522-49afd2a788cd" />
      <TestMethod codeBase="D:\a\DNN.UserVoice\DNN.UserVoice\IntegrationTests\bin\IntegrationTests.dll" adapterTypeName="executor://xunit/VsTestRunner2/net" className="IntegrationTests.Controllers.ItemControllerTests" name="GetItemsPage_Query_Filters" />
    </UnitTest>
    <UnitTest name="IntegrationTests.Controllers.ItemControllerTests.GetItemsPage_Query_Filters(query: &quot;1&quot;, expectedResults: 20)" storage="d:\a\dnn.uservoice\dnn.uservoice\integrationtests\bin\integrationtests.dll" id="74f30272-fd7f-9b4e-507d-1c94cc60bb29">
      <Execution id="b08611fc-4a2b-48bf-919e-88542ec6bd04" />
      <TestMethod codeBase="D:\a\DNN.UserVoice\DNN.UserVoice\IntegrationTests\bin\IntegrationTests.dll" adapterTypeName="executor://xunit/VsTestRunner2/net" className="IntegrationTests.Controllers.ItemControllerTests" name="GetItemsPage_Query_Filters" />
    </UnitTest>
    <UnitTest name="IntegrationTests.Controllers.ItemControllerTests.GetItemsPage_GetsProperPages(amount: 99, expectedPages: 10)" storage="d:\a\dnn.uservoice\dnn.uservoice\integrationtests\bin\integrationtests.dll" id="06f0962d-466b-0634-113e-f3863f9b599c">
      <Execution id="d347df72-ce20-431b-bc6a-cb64e1a056ec" />
      <TestMethod codeBase="D:\a\DNN.UserVoice\DNN.UserVoice\IntegrationTests\bin\IntegrationTests.dll" adapterTypeName="executor://xunit/VsTestRunner2/net" className="IntegrationTests.Controllers.ItemControllerTests" name="GetItemsPage_GetsProperPages" />
    </UnitTest>
    <UnitTest name="IntegrationTests.Controllers.ItemControllerTests.DeleteItem_DeletesMissingItem" storage="d:\a\dnn.uservoice\dnn.uservoice\integrationtests\bin\integrationtests.dll" id="fe1c9811-4463-ef95-5296-cdd71ab090b8">
      <Execution id="1fb923b9-332a-4ab5-b972-f57d9f50dc1d" />
      <TestMethod codeBase="D:\a\DNN.UserVoice\DNN.UserVoice\IntegrationTests\bin\IntegrationTests.dll" adapterTypeName="executor://xunit/VsTestRunner2/net" className="IntegrationTests.Controllers.ItemControllerTests" name="DeleteItem_DeletesMissingItem" />
    </UnitTest>
    <UnitTest name="IntegrationTests.Controllers.ItemControllerTests.EditItem_Saves" storage="d:\a\dnn.uservoice\dnn.uservoice\integrationtests\bin\integrationtests.dll" id="43169439-e722-3696-654b-e380ed8f351d">
      <Execution id="708ad8dd-3b2a-4837-9dab-f5509039c057" />
      <TestMethod codeBase="D:\a\DNN.UserVoice\DNN.UserVoice\IntegrationTests\bin\IntegrationTests.dll" adapterTypeName="executor://xunit/VsTestRunner2/net" className="IntegrationTests.Controllers.ItemControllerTests" name="EditItem_Saves" />
    </UnitTest>
    <UnitTest name="IntegrationTests.Controllers.ItemControllerTests.CreateItem_Creates(name: &quot;name1&quot;, description: &quot;description1&quot;)" storage="d:\a\dnn.uservoice\dnn.uservoice\integrationtests\bin\integrationtests.dll" id="c6abb489-2666-fd84-85be-69873a4c76cc">
      <Execution id="a4cfba2d-86b9-4916-8fbe-0e010f270d6f" />
      <TestMethod codeBase="D:\a\DNN.UserVoice\DNN.UserVoice\IntegrationTests\bin\IntegrationTests.dll" adapterTypeName="executor://xunit/VsTestRunner2/net" className="IntegrationTests.Controllers.ItemControllerTests" name="CreateItem_Creates" />
    </UnitTest>
    <UnitTest name="IntegrationTests.Controllers.ItemControllerTests.GetItemsPage_Query_Filters(query: &quot;&quot;, expectedResults: 100)" storage="d:\a\dnn.uservoice\dnn.uservoice\integrationtests\bin\integrationtests.dll" id="3b96b54e-967c-6e8f-1ced-4ff4d8370be3">
      <Execution id="b74e5dbb-1465-4d7b-9ed2-8fd08791fc4e" />
      <TestMethod codeBase="D:\a\DNN.UserVoice\DNN.UserVoice\IntegrationTests\bin\IntegrationTests.dll" adapterTypeName="executor://xunit/VsTestRunner2/net" className="IntegrationTests.Controllers.ItemControllerTests" name="GetItemsPage_Query_Filters" />
    </UnitTest>
    <UnitTest name="IntegrationTests.Controllers.ItemControllerTests.GetItemsPage_SortsDescending" storage="d:\a\dnn.uservoice\dnn.uservoice\integrationtests\bin\integrationtests.dll" id="2f8521ee-e0ca-eac4-b453-aa86236fc9b9">
      <Execution id="07b8de63-4cd1-473a-8c3f-6f17c7c58f4d" />
      <TestMethod codeBase="D:\a\DNN.UserVoice\DNN.UserVoice\IntegrationTests\bin\IntegrationTests.dll" adapterTypeName="executor://xunit/VsTestRunner2/net" className="IntegrationTests.Controllers.ItemControllerTests" name="GetItemsPage_SortsDescending" />
    </UnitTest>
    <UnitTest name="IntegrationTests.Controllers.ItemControllerTests.GetItemsPage_Page0_DefaultsToPage1" storage="d:\a\dnn.uservoice\dnn.uservoice\integrationtests\bin\integrationtests.dll" id="945f4fce-c15e-e09c-9dbf-5879cde58a78">
      <Execution id="ddb2aaf5-88d8-45c4-9dac-3622ff21b048" />
      <TestMethod codeBase="D:\a\DNN.UserVoice\DNN.UserVoice\IntegrationTests\bin\IntegrationTests.dll" adapterTypeName="executor://xunit/VsTestRunner2/net" className="IntegrationTests.Controllers.ItemControllerTests" name="GetItemsPage_Page0_DefaultsToPage1" />
    </UnitTest>
    <UnitTest name="IntegrationTests.Controllers.ItemControllerTests.GetItemsPage_50Items_GetsProperly" storage="d:\a\dnn.uservoice\dnn.uservoice\integrationtests\bin\integrationtests.dll" id="1450a0ab-3596-66d8-8d08-6506bbe1f61b">
      <Execution id="3622de01-b6f5-4c9a-8716-88bab35cc58f" />
      <TestMethod codeBase="D:\a\DNN.UserVoice\DNN.UserVoice\IntegrationTests\bin\IntegrationTests.dll" adapterTypeName="executor://xunit/VsTestRunner2/net" className="IntegrationTests.Controllers.ItemControllerTests" name="GetItemsPage_50Items_GetsProperly" />
    </UnitTest>
    <UnitTest name="IntegrationTests.Controllers.ItemControllerTests.GetItemsPage_GetsProperPages(amount: 101, expectedPages: 11)" storage="d:\a\dnn.uservoice\dnn.uservoice\integrationtests\bin\integrationtests.dll" id="35a21cfd-ad2b-b819-14e0-5151fe414a07">
      <Execution id="bed8db01-3120-464e-bc33-b32de7c2927c" />
      <TestMethod codeBase="D:\a\DNN.UserVoice\DNN.UserVoice\IntegrationTests\bin\IntegrationTests.dll" adapterTypeName="executor://xunit/VsTestRunner2/net" className="IntegrationTests.Controllers.ItemControllerTests" name="GetItemsPage_GetsProperPages" />
    </UnitTest>
    <UnitTest name="IntegrationTests.Controllers.ItemControllerTests.GetItemsPage_GetsProperPages(amount: 1, expectedPages: 1)" storage="d:\a\dnn.uservoice\dnn.uservoice\integrationtests\bin\integrationtests.dll" id="c6d15831-7dbe-24e6-d39b-4f317a873a34">
      <Execution id="e2c811a0-da27-4306-8d2b-f1a659245c28" />
      <TestMethod codeBase="D:\a\DNN.UserVoice\DNN.UserVoice\IntegrationTests\bin\IntegrationTests.dll" adapterTypeName="executor://xunit/VsTestRunner2/net" className="IntegrationTests.Controllers.ItemControllerTests" name="GetItemsPage_GetsProperPages" />
    </UnitTest>
    <UnitTest name="IntegrationTests.Controllers.ItemControllerTests.CreateItem_Creates(name: &quot;name2&quot;, description: &quot;description2&quot;)" storage="d:\a\dnn.uservoice\dnn.uservoice\integrationtests\bin\integrationtests.dll" id="1ec97a71-0b29-f7c5-72ce-8cf48efa2e36">
      <Execution id="393713a0-cfa4-4854-b0cf-ee7d0bd769a7" />
      <TestMethod codeBase="D:\a\DNN.UserVoice\DNN.UserVoice\IntegrationTests\bin\IntegrationTests.dll" adapterTypeName="executor://xunit/VsTestRunner2/net" className="IntegrationTests.Controllers.ItemControllerTests" name="CreateItem_Creates" />
    </UnitTest>
    <UnitTest name="IntegrationTests.Controllers.ItemControllerTests.GetItemsPage_SortsAscending" storage="d:\a\dnn.uservoice\dnn.uservoice\integrationtests\bin\integrationtests.dll" id="4fd078d7-61ec-6e3f-be79-cf322012a0cd">
      <Execution id="afcf5230-69f2-4a7f-a79b-e78aa9adef59" />
      <TestMethod codeBase="D:\a\DNN.UserVoice\DNN.UserVoice\IntegrationTests\bin\IntegrationTests.dll" adapterTypeName="executor://xunit/VsTestRunner2/net" className="IntegrationTests.Controllers.ItemControllerTests" name="GetItemsPage_SortsAscending" />
    </UnitTest>
    <UnitTest name="IntegrationTests.Controllers.ItemControllerTests.GetItemsPage_PageSize0_DefaultsTo1" storage="d:\a\dnn.uservoice\dnn.uservoice\integrationtests\bin\integrationtests.dll" id="d18898e3-6995-0d27-8e53-1ced81186e2d">
      <Execution id="6cc33e2f-96d6-4bf5-b779-eb825116edb4" />
      <TestMethod codeBase="D:\a\DNN.UserVoice\DNN.UserVoice\IntegrationTests\bin\IntegrationTests.dll" adapterTypeName="executor://xunit/VsTestRunner2/net" className="IntegrationTests.Controllers.ItemControllerTests" name="GetItemsPage_PageSize0_DefaultsTo1" />
    </UnitTest>
    <UnitTest name="IntegrationTests.Controllers.ItemControllerTests.GetItemsPage_GetsProperPages(amount: 9, expectedPages: 1)" storage="d:\a\dnn.uservoice\dnn.uservoice\integrationtests\bin\integrationtests.dll" id="0a429b0b-08a8-36a6-5969-3c31a35cc366">
      <Execution id="14c5723c-ebfa-4502-921f-899f3fa9609f" />
      <TestMethod codeBase="D:\a\DNN.UserVoice\DNN.UserVoice\IntegrationTests\bin\IntegrationTests.dll" adapterTypeName="executor://xunit/VsTestRunner2/net" className="IntegrationTests.Controllers.ItemControllerTests" name="GetItemsPage_GetsProperPages" />
    </UnitTest>
    <UnitTest name="IntegrationTests.Controllers.ItemControllerTests.GetItemsPage_GetsProperPages(amount: 10, expectedPages: 1)" storage="d:\a\dnn.uservoice\dnn.uservoice\integrationtests\bin\integrationtests.dll" id="31a1a77c-5b35-2c19-9bdc-0ee23e06e8f3">
      <Execution id="a62f5ca3-54fd-44da-a08b-78b5f01bb3e6" />
      <TestMethod codeBase="D:\a\DNN.UserVoice\DNN.UserVoice\IntegrationTests\bin\IntegrationTests.dll" adapterTypeName="executor://xunit/VsTestRunner2/net" className="IntegrationTests.Controllers.ItemControllerTests" name="GetItemsPage_GetsProperPages" />
    </UnitTest>
    <UnitTest name="IntegrationTests.Controllers.ItemControllerTests.GetItemsPage_Query_Filters(query: &quot;Missing&quot;, expectedResults: 0)" storage="d:\a\dnn.uservoice\dnn.uservoice\integrationtests\bin\integrationtests.dll" id="9609bc3b-2435-1be2-e2f3-2c6b217c770c">
      <Execution id="2b69d7db-05e8-4cce-9f26-70f71c1c5d75" />
      <TestMethod codeBase="D:\a\DNN.UserVoice\DNN.UserVoice\IntegrationTests\bin\IntegrationTests.dll" adapterTypeName="executor://xunit/VsTestRunner2/net" className="IntegrationTests.Controllers.ItemControllerTests" name="GetItemsPage_Query_Filters" />
    </UnitTest>
    <UnitTest name="IntegrationTests.Controllers.ItemControllerTests.DeleteItem_Deletes" storage="d:\a\dnn.uservoice\dnn.uservoice\integrationtests\bin\integrationtests.dll" id="b2691cfb-5962-80d6-34ac-12efb31ff88e">
      <Execution id="a8e948f2-a2ee-4489-935c-c1fc2caa650d" />
      <TestMethod codeBase="D:\a\DNN.UserVoice\DNN.UserVoice\IntegrationTests\bin\IntegrationTests.dll" adapterTypeName="executor://xunit/VsTestRunner2/net" className="IntegrationTests.Controllers.ItemControllerTests" name="DeleteItem_Deletes" />
    </UnitTest>
    <UnitTest name="IntegrationTests.Controllers.ItemControllerTests.GetItemsPage_Query_Filters(query: &quot;Name 2&quot;, expectedResults: 11)" storage="d:\a\dnn.uservoice\dnn.uservoice\integrationtests\bin\integrationtests.dll" id="64ce4809-e3f8-8d8e-c808-2938f18aa4d4">
      <Execution id="dcd819a7-404f-46ee-96c8-7afb6a5c4fe0" />
      <TestMethod codeBase="D:\a\DNN.UserVoice\DNN.UserVoice\IntegrationTests\bin\IntegrationTests.dll" adapterTypeName="executor://xunit/VsTestRunner2/net" className="IntegrationTests.Controllers.ItemControllerTests" name="GetItemsPage_Query_Filters" />
    </UnitTest>
    <UnitTest name="IntegrationTests.Controllers.ItemControllerTests.GetItemsPage_Query_Filters(query: &quot;Name 100&quot;, expectedResults: 1)" storage="d:\a\dnn.uservoice\dnn.uservoice\integrationtests\bin\integrationtests.dll" id="b5a2bbb3-e25b-0d71-cef7-0187c592a682">
      <Execution id="27777532-53c5-422b-a7c5-04be284c5871" />
      <TestMethod codeBase="D:\a\DNN.UserVoice\DNN.UserVoice\IntegrationTests\bin\IntegrationTests.dll" adapterTypeName="executor://xunit/VsTestRunner2/net" className="IntegrationTests.Controllers.ItemControllerTests" name="GetItemsPage_Query_Filters" />
    </UnitTest>
    <UnitTest name="IntegrationTests.Controllers.ServiceRouteMapperTests.RegisterRoutes_RegistersAtLestOneRoute" storage="d:\a\dnn.uservoice\dnn.uservoice\integrationtests\bin\integrationtests.dll" id="69a7a014-6241-5f0a-e55d-960890e56595">
      <Execution id="73478d55-41d3-45db-ab03-ff39a51a8def" />
      <TestMethod codeBase="D:\a\DNN.UserVoice\DNN.UserVoice\IntegrationTests\bin\IntegrationTests.dll" adapterTypeName="executor://xunit/VsTestRunner2/net" className="IntegrationTests.Controllers.ServiceRouteMapperTests" name="RegisterRoutes_RegistersAtLestOneRoute" />
    </UnitTest>
    <UnitTest name="IntegrationTests.Controllers.ItemControllerTests.GetItemsPage_Query_Filters(query: &quot;Name 1&quot;, expectedResults: 12)" storage="d:\a\dnn.uservoice\dnn.uservoice\integrationtests\bin\integrationtests.dll" id="6274cd22-d848-61dd-8233-d29a2f361a38">
      <Execution id="c15b353f-69ef-40e4-bee0-62d5bbfb9d52" />
      <TestMethod codeBase="D:\a\DNN.UserVoice\DNN.UserVoice\IntegrationTests\bin\IntegrationTests.dll" adapterTypeName="executor://xunit/VsTestRunner2/net" className="IntegrationTests.Controllers.ItemControllerTests" name="GetItemsPage_Query_Filters" />
    </UnitTest>
    <UnitTest name="IntegrationTests.Controllers.ItemControllerTests.CanEdit_Defaults_To_False" storage="d:\a\dnn.uservoice\dnn.uservoice\integrationtests\bin\integrationtests.dll" id="eb8cb345-7707-0e07-1566-f6a04ceb2670">
      <Execution id="30120602-d8ac-4d5e-a62e-67b69a1b70e8" />
      <TestMethod codeBase="D:\a\DNN.UserVoice\DNN.UserVoice\IntegrationTests\bin\IntegrationTests.dll" adapterTypeName="executor://xunit/VsTestRunner2/net" className="IntegrationTests.Controllers.ItemControllerTests" name="CanEdit_Defaults_To_False" />
    </UnitTest>
  </TestDefinitions>
  <TestEntries>
    <TestEntry testId="31a1a77c-5b35-2c19-9bdc-0ee23e06e8f3" executionId="a62f5ca3-54fd-44da-a08b-78b5f01bb3e6" testListId="8c84fa94-04c1-424b-9868-57a2d4851a1d" />
    <TestEntry testId="b2691cfb-5962-80d6-34ac-12efb31ff88e" executionId="a8e948f2-a2ee-4489-935c-c1fc2caa650d" testListId="8c84fa94-04c1-424b-9868-57a2d4851a1d" />
    <TestEntry testId="945f4fce-c15e-e09c-9dbf-5879cde58a78" executionId="ddb2aaf5-88d8-45c4-9dac-3622ff21b048" testListId="8c84fa94-04c1-424b-9868-57a2d4851a1d" />
    <TestEntry testId="3b96b54e-967c-6e8f-1ced-4ff4d8370be3" executionId="b74e5dbb-1465-4d7b-9ed2-8fd08791fc4e" testListId="8c84fa94-04c1-424b-9868-57a2d4851a1d" />
    <TestEntry testId="d18898e3-6995-0d27-8e53-1ced81186e2d" executionId="6cc33e2f-96d6-4bf5-b779-eb825116edb4" testListId="8c84fa94-04c1-424b-9868-57a2d4851a1d" />
    <TestEntry testId="eb8cb345-7707-0e07-1566-f6a04ceb2670" executionId="30120602-d8ac-4d5e-a62e-67b69a1b70e8" testListId="8c84fa94-04c1-424b-9868-57a2d4851a1d" />
    <TestEntry testId="64ce4809-e3f8-8d8e-c808-2938f18aa4d4" executionId="dcd819a7-404f-46ee-96c8-7afb6a5c4fe0" testListId="8c84fa94-04c1-424b-9868-57a2d4851a1d" />
    <TestEntry testId="69a7a014-6241-5f0a-e55d-960890e56595" executionId="73478d55-41d3-45db-ab03-ff39a51a8def" testListId="8c84fa94-04c1-424b-9868-57a2d4851a1d" />
    <TestEntry testId="0a429b0b-08a8-36a6-5969-3c31a35cc366" executionId="14c5723c-ebfa-4502-921f-899f3fa9609f" testListId="8c84fa94-04c1-424b-9868-57a2d4851a1d" />
    <TestEntry testId="6274cd22-d848-61dd-8233-d29a2f361a38" executionId="c15b353f-69ef-40e4-bee0-62d5bbfb9d52" testListId="8c84fa94-04c1-424b-9868-57a2d4851a1d" />
    <TestEntry testId="fe1c9811-4463-ef95-5296-cdd71ab090b8" executionId="1fb923b9-332a-4ab5-b972-f57d9f50dc1d" testListId="8c84fa94-04c1-424b-9868-57a2d4851a1d" />
    <TestEntry testId="43169439-e722-3696-654b-e380ed8f351d" executionId="708ad8dd-3b2a-4837-9dab-f5509039c057" testListId="8c84fa94-04c1-424b-9868-57a2d4851a1d" />
    <TestEntry testId="1450a0ab-3596-66d8-8d08-6506bbe1f61b" executionId="3622de01-b6f5-4c9a-8716-88bab35cc58f" testListId="8c84fa94-04c1-424b-9868-57a2d4851a1d" />
    <TestEntry testId="2f8521ee-e0ca-eac4-b453-aa86236fc9b9" executionId="07b8de63-4cd1-473a-8c3f-6f17c7c58f4d" testListId="8c84fa94-04c1-424b-9868-57a2d4851a1d" />
    <TestEntry testId="74f30272-fd7f-9b4e-507d-1c94cc60bb29" executionId="b08611fc-4a2b-48bf-919e-88542ec6bd04" testListId="8c84fa94-04c1-424b-9868-57a2d4851a1d" />
    <TestEntry testId="9609bc3b-2435-1be2-e2f3-2c6b217c770c" executionId="2b69d7db-05e8-4cce-9f26-70f71c1c5d75" testListId="8c84fa94-04c1-424b-9868-57a2d4851a1d" />
    <TestEntry testId="75b07048-5201-d631-649a-c012e65b7444" executionId="e85ab8cb-043a-49bd-9522-49afd2a788cd" testListId="8c84fa94-04c1-424b-9868-57a2d4851a1d" />
    <TestEntry testId="4fd078d7-61ec-6e3f-be79-cf322012a0cd" executionId="afcf5230-69f2-4a7f-a79b-e78aa9adef59" testListId="8c84fa94-04c1-424b-9868-57a2d4851a1d" />
    <TestEntry testId="1ec97a71-0b29-f7c5-72ce-8cf48efa2e36" executionId="393713a0-cfa4-4854-b0cf-ee7d0bd769a7" testListId="8c84fa94-04c1-424b-9868-57a2d4851a1d" />
    <TestEntry testId="b5a2bbb3-e25b-0d71-cef7-0187c592a682" executionId="27777532-53c5-422b-a7c5-04be284c5871" testListId="8c84fa94-04c1-424b-9868-57a2d4851a1d" />
    <TestEntry testId="06f0962d-466b-0634-113e-f3863f9b599c" executionId="d347df72-ce20-431b-bc6a-cb64e1a056ec" testListId="8c84fa94-04c1-424b-9868-57a2d4851a1d" />
    <TestEntry testId="c6d15831-7dbe-24e6-d39b-4f317a873a34" executionId="e2c811a0-da27-4306-8d2b-f1a659245c28" testListId="8c84fa94-04c1-424b-9868-57a2d4851a1d" />
    <TestEntry testId="c6abb489-2666-fd84-85be-69873a4c76cc" executionId="a4cfba2d-86b9-4916-8fbe-0e010f270d6f" testListId="8c84fa94-04c1-424b-9868-57a2d4851a1d" />
    <TestEntry testId="35a21cfd-ad2b-b819-14e0-5151fe414a07" executionId="bed8db01-3120-464e-bc33-b32de7c2927c" testListId="8c84fa94-04c1-424b-9868-57a2d4851a1d" />
  </TestEntries>
  <TestLists>
    <TestList name="Results Not in a List" id="8c84fa94-04c1-424b-9868-57a2d4851a1d" />
    <TestList name="All Loaded Results" id="19431567-8539-422a-85d7-44ee4e166bda" />
  </TestLists>
  <ResultSummary outcome="Completed">
    <Counters total="24" executed="24" passed="24" failed="0" error="0" timeout="0" aborted="0" inconclusive="0" passedButRunAborted="0" notRunnable="0" notExecuted="0" disconnected="0" warning="0" completed="0" inProgress="0" pending="0" />
    <Output>
      <StdOut>[xUnit.net 00:00:00.05] xUnit.net VSTest Adapter v2.4.3+1b45f5407b (32-bit Desktop .NET 4.0.30319.42000)&#xD;
[xUnit.net 00:00:01.23]   Discovering: IntegrationTests&#xD;
[xUnit.net 00:00:01.64]   Discovered:  IntegrationTests&#xD;
[xUnit.net 00:00:01.64]   Starting:    IntegrationTests&#xD;
[xUnit.net 00:00:07.65]   Finished:    IntegrationTests&#xD;
</StdOut>
    </Output>
  </ResultSummary>
</TestRun>