<?xml version="1.0" encoding="utf-8"?>
<TestRun id="08b7715b-299a-454a-938a-191ca166f27e" name="runneradmin@fv-az8-799 2022-01-18 04:00:04" runUser="fv-az8-799\runneradmin" xmlns="http://microsoft.com/schemas/VisualStudio/TeamTest/2010">
  <Times creation="2022-01-18T04:00:04.7016956+00:00" queuing="2022-01-18T04:00:04.7016959+00:00" start="2022-01-18T03:59:51.3095490+00:00" finish="2022-01-18T04:00:08.4206813+00:00" />
  <TestSettings name="default" id="df0b17e9-7285-4a57-b88d-8bcf5acf232a">
    <Deployment runDeploymentRoot="runneradmin_fv-az8-799_2022-01-18_04_00_04" />
  </TestSettings>
  <Results>
    <UnitTestResult executionId="b8901e08-c89b-4eac-8d05-5c330782f131" testId="b5a2bbb3-e25b-0d71-cef7-0187c592a682" testName="IntegrationTests.Controllers.ItemControllerTests.GetItemsPage_Query_Filters(query: &quot;Name 100&quot;, expectedResults: 1)" computerName="fv-az8-799" duration="00:00:00.0250000" startTime="2022-01-18T04:00:07.7454257+00:00" endTime="2022-01-18T04:00:07.7454257+00:00" testType="13cdc9d9-ddb5-4fa4-a97d-d965ccfc6d4b" outcome="Passed" testListId="8c84fa94-04c1-424b-9868-57a2d4851a1d" relativeResultsDirectory="b8901e08-c89b-4eac-8d05-5c330782f131" />
    <UnitTestResult executionId="dab00b0c-111e-477d-b661-0b1c8c063184" testId="06f0962d-466b-0634-113e-f3863f9b599c" testName="IntegrationTests.Controllers.ItemControllerTests.GetItemsPage_GetsProperPages(amount: 99, expectedPages: 10)" computerName="fv-az8-799" duration="00:00:00.0320000" startTime="2022-01-18T04:00:07.9085583+00:00" endTime="2022-01-18T04:00:07.9085583+00:00" testType="13cdc9d9-ddb5-4fa4-a97d-d965ccfc6d4b" outcome="Passed" testListId="8c84fa94-04c1-424b-9868-57a2d4851a1d" relativeResultsDirectory="dab00b0c-111e-477d-b661-0b1c8c063184" />
    <UnitTestResult executionId="6bf85cef-75d7-4e5c-b677-670c877bd57a" testId="1ec97a71-0b29-f7c5-72ce-8cf48efa2e36" testName="IntegrationTests.Controllers.ItemControllerTests.CreateItem_Creates(name: &quot;name2&quot;, description: &quot;description2&quot;)" computerName="fv-az8-799" duration="00:00:00.0090000" startTime="2022-01-18T04:00:07.8144566+00:00" endTime="2022-01-18T04:00:07.8144566+00:00" testType="13cdc9d9-ddb5-4fa4-a97d-d965ccfc6d4b" outcome="Passed" testListId="8c84fa94-04c1-424b-9868-57a2d4851a1d" relativeResultsDirectory="6bf85cef-75d7-4e5c-b677-670c877bd57a" />
    <UnitTestResult executionId="110b2f52-0720-4bbf-b29a-c76e655f7b1d" testId="35a21cfd-ad2b-b819-14e0-5151fe414a07" testName="IntegrationTests.Controllers.ItemControllerTests.GetItemsPage_GetsProperPages(amount: 101, expectedPages: 11)" computerName="fv-az8-799" duration="00:00:00.0250000" startTime="2022-01-18T04:00:07.9642462+00:00" endTime="2022-01-18T04:00:07.9642462+00:00" testType="13cdc9d9-ddb5-4fa4-a97d-d965ccfc6d4b" outcome="Passed" testListId="8c84fa94-04c1-424b-9868-57a2d4851a1d" relativeResultsDirectory="110b2f52-0720-4bbf-b29a-c76e655f7b1d" />
    <UnitTestResult executionId="98eeab59-0429-471b-a092-05d34b3c798c" testId="75b07048-5201-d631-649a-c012e65b7444" testName="IntegrationTests.Controllers.ItemControllerTests.GetItemsPage_Query_Filters(query: &quot;Name 10&quot;, expectedResults: 2)" computerName="fv-az8-799" duration="00:00:00.0310000" startTime="2022-01-18T04:00:07.8053724+00:00" endTime="2022-01-18T04:00:07.8053724+00:00" testType="13cdc9d9-ddb5-4fa4-a97d-d965ccfc6d4b" outcome="Passed" testListId="8c84fa94-04c1-424b-9868-57a2d4851a1d" relativeResultsDirectory="98eeab59-0429-471b-a092-05d34b3c798c" />
    <UnitTestResult executionId="9c75a429-f5d9-4829-8500-69c63522d3f2" testId="b2691cfb-5962-80d6-34ac-12efb31ff88e" testName="IntegrationTests.Controllers.ItemControllerTests.DeleteItem_Deletes" computerName="fv-az8-799" duration="00:00:00.0600000" startTime="2022-01-18T04:00:08.1016916+00:00" endTime="2022-01-18T04:00:08.1016916+00:00" testType="13cdc9d9-ddb5-4fa4-a97d-d965ccfc6d4b" outcome="Passed" testListId="8c84fa94-04c1-424b-9868-57a2d4851a1d" relativeResultsDirectory="9c75a429-f5d9-4829-8500-69c63522d3f2" />
    <UnitTestResult executionId="c11f71ad-b650-40fb-9c5a-4204344400e9" testId="945f4fce-c15e-e09c-9dbf-5879cde58a78" testName="IntegrationTests.Controllers.ItemControllerTests.GetItemsPage_Page0_DefaultsToPage1" computerName="fv-az8-799" duration="00:00:00.0100000" startTime="2022-01-18T04:00:08.0415782+00:00" endTime="2022-01-18T04:00:08.0415782+00:00" testType="13cdc9d9-ddb5-4fa4-a97d-d965ccfc6d4b" outcome="Passed" testListId="8c84fa94-04c1-424b-9868-57a2d4851a1d" relativeResultsDirectory="c11f71ad-b650-40fb-9c5a-4204344400e9" />
    <UnitTestResult executionId="1ea55e38-2ea2-48c2-bc0d-878d97552e6f" testId="d18898e3-6995-0d27-8e53-1ced81186e2d" testName="IntegrationTests.Controllers.ItemControllerTests.GetItemsPage_PageSize0_DefaultsTo1" computerName="fv-az8-799" duration="00:00:00.0100000" startTime="2022-01-18T04:00:08.1117415+00:00" endTime="2022-01-18T04:00:08.1117415+00:00" testType="13cdc9d9-ddb5-4fa4-a97d-d965ccfc6d4b" outcome="Passed" testListId="8c84fa94-04c1-424b-9868-57a2d4851a1d" relativeResultsDirectory="1ea55e38-2ea2-48c2-bc0d-878d97552e6f" />
    <UnitTestResult executionId="26dafd51-523b-453d-8425-efac140c43d8" testId="c6d15831-7dbe-24e6-d39b-4f317a873a34" testName="IntegrationTests.Controllers.ItemControllerTests.GetItemsPage_GetsProperPages(amount: 1, expectedPages: 1)" computerName="fv-az8-799" duration="00:00:00.0140000" startTime="2022-01-18T04:00:07.8756964+00:00" endTime="2022-01-18T04:00:07.8756964+00:00" testType="13cdc9d9-ddb5-4fa4-a97d-d965ccfc6d4b" outcome="Passed" testListId="8c84fa94-04c1-424b-9868-57a2d4851a1d" relativeResultsDirectory="26dafd51-523b-453d-8425-efac140c43d8" />
    <UnitTestResult executionId="1942a0e7-82c1-49b2-8c25-30deb7b48b1a" testId="6274cd22-d848-61dd-8233-d29a2f361a38" testName="IntegrationTests.Controllers.ItemControllerTests.GetItemsPage_Query_Filters(query: &quot;Name 1&quot;, expectedResults: 12)" computerName="fv-az8-799" duration="00:00:00.0370000" startTime="2022-01-18T04:00:07.6867323+00:00" endTime="2022-01-18T04:00:07.6867323+00:00" testType="13cdc9d9-ddb5-4fa4-a97d-d965ccfc6d4b" outcome="Passed" testListId="8c84fa94-04c1-424b-9868-57a2d4851a1d" relativeResultsDirectory="1942a0e7-82c1-49b2-8c25-30deb7b48b1a" />
    <UnitTestResult executionId="dfe8630e-d6c5-429b-871b-7799d632f585" testId="74f30272-fd7f-9b4e-507d-1c94cc60bb29" testName="IntegrationTests.Controllers.ItemControllerTests.GetItemsPage_Query_Filters(query: &quot;1&quot;, expectedResults: 20)" computerName="fv-az8-799" duration="00:00:00.1230000" startTime="2022-01-18T04:00:07.6490233+00:00" endTime="2022-01-18T04:00:07.6490233+00:00" testType="13cdc9d9-ddb5-4fa4-a97d-d965ccfc6d4b" outcome="Passed" testListId="8c84fa94-04c1-424b-9868-57a2d4851a1d" relativeResultsDirectory="dfe8630e-d6c5-429b-871b-7799d632f585" />
    <UnitTestResult executionId="6f613b34-7f5d-4ad4-a551-72596d5e7879" testId="fe1c9811-4463-ef95-5296-cdd71ab090b8" testName="IntegrationTests.Controllers.ItemControllerTests.DeleteItem_DeletesMissingItem" computerName="fv-az8-799" duration="00:00:00.0100000" startTime="2022-01-18T04:00:08.1349915+00:00" endTime="2022-01-18T04:00:08.1349915+00:00" testType="13cdc9d9-ddb5-4fa4-a97d-d965ccfc6d4b" outcome="Passed" testListId="8c84fa94-04c1-424b-9868-57a2d4851a1d" relativeResultsDirectory="6f613b34-7f5d-4ad4-a551-72596d5e7879" />
    <UnitTestResult executionId="9313e0c0-0a0d-4b72-b90b-af1bd9e48939" testId="0a429b0b-08a8-36a6-5969-3c31a35cc366" testName="IntegrationTests.Controllers.ItemControllerTests.GetItemsPage_GetsProperPages(amount: 9, expectedPages: 1)" computerName="fv-az8-799" duration="00:00:00.0180000" startTime="2022-01-18T04:00:07.9390231+00:00" endTime="2022-01-18T04:00:07.9390231+00:00" testType="13cdc9d9-ddb5-4fa4-a97d-d965ccfc6d4b" outcome="Passed" testListId="8c84fa94-04c1-424b-9868-57a2d4851a1d" relativeResultsDirectory="9313e0c0-0a0d-4b72-b90b-af1bd9e48939" />
    <UnitTestResult executionId="0fe79e07-8615-4152-b093-5346305e68cd" testId="31a1a77c-5b35-2c19-9bdc-0ee23e06e8f3" testName="IntegrationTests.Controllers.ItemControllerTests.GetItemsPage_GetsProperPages(amount: 10, expectedPages: 1)" computerName="fv-az8-799" duration="00:00:00.0120000" startTime="2022-01-18T04:00:07.9206565+00:00" endTime="2022-01-18T04:00:07.9206565+00:00" testType="13cdc9d9-ddb5-4fa4-a97d-d965ccfc6d4b" outcome="Passed" testListId="8c84fa94-04c1-424b-9868-57a2d4851a1d" relativeResultsDirectory="0fe79e07-8615-4152-b093-5346305e68cd" />
    <UnitTestResult executionId="ee59736d-c60a-45fa-aabd-b24e1f9b3320" testId="1450a0ab-3596-66d8-8d08-6506bbe1f61b" testName="IntegrationTests.Controllers.ItemControllerTests.GetItemsPage_50Items_GetsProperly" computerName="fv-az8-799" duration="00:00:00.0270000" startTime="2022-01-18T04:00:07.8480284+00:00" endTime="2022-01-18T04:00:07.8480284+00:00" testType="13cdc9d9-ddb5-4fa4-a97d-d965ccfc6d4b" outcome="Passed" testListId="8c84fa94-04c1-424b-9868-57a2d4851a1d" relativeResultsDirectory="ee59736d-c60a-45fa-aabd-b24e1f9b3320" />
    <UnitTestResult executionId="30462be7-4f70-4f51-9ae3-7f1d50274399" testId="3b96b54e-967c-6e8f-1ced-4ff4d8370be3" testName="IntegrationTests.Controllers.ItemControllerTests.GetItemsPage_Query_Filters(query: &quot;&quot;, expectedResults: 100)" computerName="fv-az8-799" duration="00:00:00.0400000" startTime="2022-01-18T04:00:07.5258362+00:00" endTime="2022-01-18T04:00:07.5258362+00:00" testType="13cdc9d9-ddb5-4fa4-a97d-d965ccfc6d4b" outcome="Passed" testListId="8c84fa94-04c1-424b-9868-57a2d4851a1d" relativeResultsDirectory="30462be7-4f70-4f51-9ae3-7f1d50274399" />
    <UnitTestResult executionId="043675d1-2ffc-4c79-a721-44d5041c2b4f" testId="4fd078d7-61ec-6e3f-be79-cf322012a0cd" testName="IntegrationTests.Controllers.ItemControllerTests.GetItemsPage_SortsAscending" computerName="fv-az8-799" duration="00:00:05.9220000" startTime="2022-01-18T04:00:07.4853362+00:00" endTime="2022-01-18T04:00:07.4853362+00:00" testType="13cdc9d9-ddb5-4fa4-a97d-d965ccfc6d4b" outcome="Passed" testListId="8c84fa94-04c1-424b-9868-57a2d4851a1d" relativeResultsDirectory="043675d1-2ffc-4c79-a721-44d5041c2b4f" />
    <UnitTestResult executionId="ab91b1df-ff41-42ec-8cdf-fef4a1f10e86" testId="64ce4809-e3f8-8d8e-c808-2938f18aa4d4" testName="IntegrationTests.Controllers.ItemControllerTests.GetItemsPage_Query_Filters(query: &quot;Name 2&quot;, expectedResults: 11)" computerName="fv-az8-799" duration="00:00:00.0300000" startTime="2022-01-18T04:00:07.7747861+00:00" endTime="2022-01-18T04:00:07.7747861+00:00" testType="13cdc9d9-ddb5-4fa4-a97d-d965ccfc6d4b" outcome="Passed" testListId="8c84fa94-04c1-424b-9868-57a2d4851a1d" relativeResultsDirectory="ab91b1df-ff41-42ec-8cdf-fef4a1f10e86" />
    <UnitTestResult executionId="1fee0005-e4cf-4030-909d-685220a8c21b" testId="43169439-e722-3696-654b-e380ed8f351d" testName="IntegrationTests.Controllers.ItemControllerTests.EditItem_Saves" computerName="fv-az8-799" duration="00:00:00.0670000" startTime="2022-01-18T04:00:08.0317647+00:00" endTime="2022-01-18T04:00:08.0317647+00:00" testType="13cdc9d9-ddb5-4fa4-a97d-d965ccfc6d4b" outcome="Passed" testListId="8c84fa94-04c1-424b-9868-57a2d4851a1d" relativeResultsDirectory="1fee0005-e4cf-4030-909d-685220a8c21b" />
    <UnitTestResult executionId="ac97d23e-c7f8-4291-9a19-2030ec756f56" testId="9609bc3b-2435-1be2-e2f3-2c6b217c770c" testName="IntegrationTests.Controllers.ItemControllerTests.GetItemsPage_Query_Filters(query: &quot;Missing&quot;, expectedResults: 0)" computerName="fv-az8-799" duration="00:00:00.0340000" startTime="2022-01-18T04:00:07.7202814+00:00" endTime="2022-01-18T04:00:07.7202814+00:00" testType="13cdc9d9-ddb5-4fa4-a97d-d965ccfc6d4b" outcome="Passed" testListId="8c84fa94-04c1-424b-9868-57a2d4851a1d" relativeResultsDirectory="ac97d23e-c7f8-4291-9a19-2030ec756f56" />
    <UnitTestResult executionId="4cce7929-38fe-4396-934e-09e97d6bca4f" testId="2f8521ee-e0ca-eac4-b453-aa86236fc9b9" testName="IntegrationTests.Controllers.ItemControllerTests.GetItemsPage_SortsDescending" computerName="fv-az8-799" duration="00:00:00.0130000" startTime="2022-01-18T04:00:08.1255176+00:00" endTime="2022-01-18T04:00:08.1255176+00:00" testType="13cdc9d9-ddb5-4fa4-a97d-d965ccfc6d4b" outcome="Passed" testListId="8c84fa94-04c1-424b-9868-57a2d4851a1d" relativeResultsDirectory="4cce7929-38fe-4396-934e-09e97d6bca4f" />
    <UnitTestResult executionId="c8250970-676a-4a42-b452-ea2cd8c0df21" testId="eb8cb345-7707-0e07-1566-f6a04ceb2670" testName="IntegrationTests.Controllers.ItemControllerTests.CanEdit_Defaults_To_False" computerName="fv-az8-799" duration="00:00:00.0150000" startTime="2022-01-18T04:00:07.8625462+00:00" endTime="2022-01-18T04:00:07.8625462+00:00" testType="13cdc9d9-ddb5-4fa4-a97d-d965ccfc6d4b" outcome="Passed" testListId="8c84fa94-04c1-424b-9868-57a2d4851a1d" relativeResultsDirectory="c8250970-676a-4a42-b452-ea2cd8c0df21" />
    <UnitTestResult executionId="9840b17d-921d-4822-8764-8f8a8aa72784" testId="c6abb489-2666-fd84-85be-69873a4c76cc" testName="IntegrationTests.Controllers.ItemControllerTests.CreateItem_Creates(name: &quot;name1&quot;, description: &quot;description1&quot;)" computerName="fv-az8-799" duration="00:00:00.0050000" startTime="2022-01-18T04:00:07.8194572+00:00" endTime="2022-01-18T04:00:07.8194572+00:00" testType="13cdc9d9-ddb5-4fa4-a97d-d965ccfc6d4b" outcome="Passed" testListId="8c84fa94-04c1-424b-9868-57a2d4851a1d" relativeResultsDirectory="9840b17d-921d-4822-8764-8f8a8aa72784" />
    <UnitTestResult executionId="d35f13ea-e432-4b3f-a9ec-3652e1491957" testId="69a7a014-6241-5f0a-e55d-960890e56595" testName="IntegrationTests.Controllers.ServiceRouteMapperTests.RegisterRoutes_RegistersAtLestOneRoute" computerName="fv-az8-799" duration="00:00:01.9860000" startTime="2022-01-18T04:00:03.6305297+00:00" endTime="2022-01-18T04:00:03.6305297+00:00" testType="13cdc9d9-ddb5-4fa4-a97d-d965ccfc6d4b" outcome="Passed" testListId="8c84fa94-04c1-424b-9868-57a2d4851a1d" relativeResultsDirectory="d35f13ea-e432-4b3f-a9ec-3652e1491957" />
  </Results>
  <TestDefinitions>
    <UnitTest name="IntegrationTests.Controllers.ItemControllerTests.GetItemsPage_Query_Filters(query: &quot;Name 10&quot;, expectedResults: 2)" storage="d:\a\dnn.uservoice\dnn.uservoice\integrationtests\bin\integrationtests.dll" id="75b07048-5201-d631-649a-c012e65b7444">
      <Execution id="98eeab59-0429-471b-a092-05d34b3c798c" />
      <TestMethod codeBase="D:\a\DNN.UserVoice\DNN.UserVoice\IntegrationTests\bin\IntegrationTests.dll" adapterTypeName="executor://xunit/VsTestRunner2/net" className="IntegrationTests.Controllers.ItemControllerTests" name="GetItemsPage_Query_Filters" />
    </UnitTest>
    <UnitTest name="IntegrationTests.Controllers.ItemControllerTests.GetItemsPage_Query_Filters(query: &quot;1&quot;, expectedResults: 20)" storage="d:\a\dnn.uservoice\dnn.uservoice\integrationtests\bin\integrationtests.dll" id="74f30272-fd7f-9b4e-507d-1c94cc60bb29">
      <Execution id="dfe8630e-d6c5-429b-871b-7799d632f585" />
      <TestMethod codeBase="D:\a\DNN.UserVoice\DNN.UserVoice\IntegrationTests\bin\IntegrationTests.dll" adapterTypeName="executor://xunit/VsTestRunner2/net" className="IntegrationTests.Controllers.ItemControllerTests" name="GetItemsPage_Query_Filters" />
    </UnitTest>
    <UnitTest name="IntegrationTests.Controllers.ItemControllerTests.GetItemsPage_GetsProperPages(amount: 99, expectedPages: 10)" storage="d:\a\dnn.uservoice\dnn.uservoice\integrationtests\bin\integrationtests.dll" id="06f0962d-466b-0634-113e-f3863f9b599c">
      <Execution id="dab00b0c-111e-477d-b661-0b1c8c063184" />
      <TestMethod codeBase="D:\a\DNN.UserVoice\DNN.UserVoice\IntegrationTests\bin\IntegrationTests.dll" adapterTypeName="executor://xunit/VsTestRunner2/net" className="IntegrationTests.Controllers.ItemControllerTests" name="GetItemsPage_GetsProperPages" />
    </UnitTest>
    <UnitTest name="IntegrationTests.Controllers.ItemControllerTests.DeleteItem_DeletesMissingItem" storage="d:\a\dnn.uservoice\dnn.uservoice\integrationtests\bin\integrationtests.dll" id="fe1c9811-4463-ef95-5296-cdd71ab090b8">
      <Execution id="6f613b34-7f5d-4ad4-a551-72596d5e7879" />
      <TestMethod codeBase="D:\a\DNN.UserVoice\DNN.UserVoice\IntegrationTests\bin\IntegrationTests.dll" adapterTypeName="executor://xunit/VsTestRunner2/net" className="IntegrationTests.Controllers.ItemControllerTests" name="DeleteItem_DeletesMissingItem" />
    </UnitTest>
    <UnitTest name="IntegrationTests.Controllers.ItemControllerTests.EditItem_Saves" storage="d:\a\dnn.uservoice\dnn.uservoice\integrationtests\bin\integrationtests.dll" id="43169439-e722-3696-654b-e380ed8f351d">
      <Execution id="1fee0005-e4cf-4030-909d-685220a8c21b" />
      <TestMethod codeBase="D:\a\DNN.UserVoice\DNN.UserVoice\IntegrationTests\bin\IntegrationTests.dll" adapterTypeName="executor://xunit/VsTestRunner2/net" className="IntegrationTests.Controllers.ItemControllerTests" name="EditItem_Saves" />
    </UnitTest>
    <UnitTest name="IntegrationTests.Controllers.ItemControllerTests.CreateItem_Creates(name: &quot;name1&quot;, description: &quot;description1&quot;)" storage="d:\a\dnn.uservoice\dnn.uservoice\integrationtests\bin\integrationtests.dll" id="c6abb489-2666-fd84-85be-69873a4c76cc">
      <Execution id="9840b17d-921d-4822-8764-8f8a8aa72784" />
      <TestMethod codeBase="D:\a\DNN.UserVoice\DNN.UserVoice\IntegrationTests\bin\IntegrationTests.dll" adapterTypeName="executor://xunit/VsTestRunner2/net" className="IntegrationTests.Controllers.ItemControllerTests" name="CreateItem_Creates" />
    </UnitTest>
    <UnitTest name="IntegrationTests.Controllers.ItemControllerTests.GetItemsPage_Query_Filters(query: &quot;&quot;, expectedResults: 100)" storage="d:\a\dnn.uservoice\dnn.uservoice\integrationtests\bin\integrationtests.dll" id="3b96b54e-967c-6e8f-1ced-4ff4d8370be3">
      <Execution id="30462be7-4f70-4f51-9ae3-7f1d50274399" />
      <TestMethod codeBase="D:\a\DNN.UserVoice\DNN.UserVoice\IntegrationTests\bin\IntegrationTests.dll" adapterTypeName="executor://xunit/VsTestRunner2/net" className="IntegrationTests.Controllers.ItemControllerTests" name="GetItemsPage_Query_Filters" />
    </UnitTest>
    <UnitTest name="IntegrationTests.Controllers.ItemControllerTests.GetItemsPage_SortsDescending" storage="d:\a\dnn.uservoice\dnn.uservoice\integrationtests\bin\integrationtests.dll" id="2f8521ee-e0ca-eac4-b453-aa86236fc9b9">
      <Execution id="4cce7929-38fe-4396-934e-09e97d6bca4f" />
      <TestMethod codeBase="D:\a\DNN.UserVoice\DNN.UserVoice\IntegrationTests\bin\IntegrationTests.dll" adapterTypeName="executor://xunit/VsTestRunner2/net" className="IntegrationTests.Controllers.ItemControllerTests" name="GetItemsPage_SortsDescending" />
    </UnitTest>
    <UnitTest name="IntegrationTests.Controllers.ItemControllerTests.GetItemsPage_Page0_DefaultsToPage1" storage="d:\a\dnn.uservoice\dnn.uservoice\integrationtests\bin\integrationtests.dll" id="945f4fce-c15e-e09c-9dbf-5879cde58a78">
      <Execution id="c11f71ad-b650-40fb-9c5a-4204344400e9" />
      <TestMethod codeBase="D:\a\DNN.UserVoice\DNN.UserVoice\IntegrationTests\bin\IntegrationTests.dll" adapterTypeName="executor://xunit/VsTestRunner2/net" className="IntegrationTests.Controllers.ItemControllerTests" name="GetItemsPage_Page0_DefaultsToPage1" />
    </UnitTest>
    <UnitTest name="IntegrationTests.Controllers.ItemControllerTests.GetItemsPage_50Items_GetsProperly" storage="d:\a\dnn.uservoice\dnn.uservoice\integrationtests\bin\integrationtests.dll" id="1450a0ab-3596-66d8-8d08-6506bbe1f61b">
      <Execution id="ee59736d-c60a-45fa-aabd-b24e1f9b3320" />
      <TestMethod codeBase="D:\a\DNN.UserVoice\DNN.UserVoice\IntegrationTests\bin\IntegrationTests.dll" adapterTypeName="executor://xunit/VsTestRunner2/net" className="IntegrationTests.Controllers.ItemControllerTests" name="GetItemsPage_50Items_GetsProperly" />
    </UnitTest>
    <UnitTest name="IntegrationTests.Controllers.ItemControllerTests.GetItemsPage_GetsProperPages(amount: 101, expectedPages: 11)" storage="d:\a\dnn.uservoice\dnn.uservoice\integrationtests\bin\integrationtests.dll" id="35a21cfd-ad2b-b819-14e0-5151fe414a07">
      <Execution id="110b2f52-0720-4bbf-b29a-c76e655f7b1d" />
      <TestMethod codeBase="D:\a\DNN.UserVoice\DNN.UserVoice\IntegrationTests\bin\IntegrationTests.dll" adapterTypeName="executor://xunit/VsTestRunner2/net" className="IntegrationTests.Controllers.ItemControllerTests" name="GetItemsPage_GetsProperPages" />
    </UnitTest>
    <UnitTest name="IntegrationTests.Controllers.ItemControllerTests.GetItemsPage_GetsProperPages(amount: 1, expectedPages: 1)" storage="d:\a\dnn.uservoice\dnn.uservoice\integrationtests\bin\integrationtests.dll" id="c6d15831-7dbe-24e6-d39b-4f317a873a34">
      <Execution id="26dafd51-523b-453d-8425-efac140c43d8" />
      <TestMethod codeBase="D:\a\DNN.UserVoice\DNN.UserVoice\IntegrationTests\bin\IntegrationTests.dll" adapterTypeName="executor://xunit/VsTestRunner2/net" className="IntegrationTests.Controllers.ItemControllerTests" name="GetItemsPage_GetsProperPages" />
    </UnitTest>
    <UnitTest name="IntegrationTests.Controllers.ItemControllerTests.CreateItem_Creates(name: &quot;name2&quot;, description: &quot;description2&quot;)" storage="d:\a\dnn.uservoice\dnn.uservoice\integrationtests\bin\integrationtests.dll" id="1ec97a71-0b29-f7c5-72ce-8cf48efa2e36">
      <Execution id="6bf85cef-75d7-4e5c-b677-670c877bd57a" />
      <TestMethod codeBase="D:\a\DNN.UserVoice\DNN.UserVoice\IntegrationTests\bin\IntegrationTests.dll" adapterTypeName="executor://xunit/VsTestRunner2/net" className="IntegrationTests.Controllers.ItemControllerTests" name="CreateItem_Creates" />
    </UnitTest>
    <UnitTest name="IntegrationTests.Controllers.ItemControllerTests.GetItemsPage_SortsAscending" storage="d:\a\dnn.uservoice\dnn.uservoice\integrationtests\bin\integrationtests.dll" id="4fd078d7-61ec-6e3f-be79-cf322012a0cd">
      <Execution id="043675d1-2ffc-4c79-a721-44d5041c2b4f" />
      <TestMethod codeBase="D:\a\DNN.UserVoice\DNN.UserVoice\IntegrationTests\bin\IntegrationTests.dll" adapterTypeName="executor://xunit/VsTestRunner2/net" className="IntegrationTests.Controllers.ItemControllerTests" name="GetItemsPage_SortsAscending" />
    </UnitTest>
    <UnitTest name="IntegrationTests.Controllers.ItemControllerTests.GetItemsPage_PageSize0_DefaultsTo1" storage="d:\a\dnn.uservoice\dnn.uservoice\integrationtests\bin\integrationtests.dll" id="d18898e3-6995-0d27-8e53-1ced81186e2d">
      <Execution id="1ea55e38-2ea2-48c2-bc0d-878d97552e6f" />
      <TestMethod codeBase="D:\a\DNN.UserVoice\DNN.UserVoice\IntegrationTests\bin\IntegrationTests.dll" adapterTypeName="executor://xunit/VsTestRunner2/net" className="IntegrationTests.Controllers.ItemControllerTests" name="GetItemsPage_PageSize0_DefaultsTo1" />
    </UnitTest>
    <UnitTest name="IntegrationTests.Controllers.ItemControllerTests.GetItemsPage_GetsProperPages(amount: 9, expectedPages: 1)" storage="d:\a\dnn.uservoice\dnn.uservoice\integrationtests\bin\integrationtests.dll" id="0a429b0b-08a8-36a6-5969-3c31a35cc366">
      <Execution id="9313e0c0-0a0d-4b72-b90b-af1bd9e48939" />
      <TestMethod codeBase="D:\a\DNN.UserVoice\DNN.UserVoice\IntegrationTests\bin\IntegrationTests.dll" adapterTypeName="executor://xunit/VsTestRunner2/net" className="IntegrationTests.Controllers.ItemControllerTests" name="GetItemsPage_GetsProperPages" />
    </UnitTest>
    <UnitTest name="IntegrationTests.Controllers.ItemControllerTests.GetItemsPage_GetsProperPages(amount: 10, expectedPages: 1)" storage="d:\a\dnn.uservoice\dnn.uservoice\integrationtests\bin\integrationtests.dll" id="31a1a77c-5b35-2c19-9bdc-0ee23e06e8f3">
      <Execution id="0fe79e07-8615-4152-b093-5346305e68cd" />
      <TestMethod codeBase="D:\a\DNN.UserVoice\DNN.UserVoice\IntegrationTests\bin\IntegrationTests.dll" adapterTypeName="executor://xunit/VsTestRunner2/net" className="IntegrationTests.Controllers.ItemControllerTests" name="GetItemsPage_GetsProperPages" />
    </UnitTest>
    <UnitTest name="IntegrationTests.Controllers.ItemControllerTests.GetItemsPage_Query_Filters(query: &quot;Missing&quot;, expectedResults: 0)" storage="d:\a\dnn.uservoice\dnn.uservoice\integrationtests\bin\integrationtests.dll" id="9609bc3b-2435-1be2-e2f3-2c6b217c770c">
      <Execution id="ac97d23e-c7f8-4291-9a19-2030ec756f56" />
      <TestMethod codeBase="D:\a\DNN.UserVoice\DNN.UserVoice\IntegrationTests\bin\IntegrationTests.dll" adapterTypeName="executor://xunit/VsTestRunner2/net" className="IntegrationTests.Controllers.ItemControllerTests" name="GetItemsPage_Query_Filters" />
    </UnitTest>
    <UnitTest name="IntegrationTests.Controllers.ItemControllerTests.DeleteItem_Deletes" storage="d:\a\dnn.uservoice\dnn.uservoice\integrationtests\bin\integrationtests.dll" id="b2691cfb-5962-80d6-34ac-12efb31ff88e">
      <Execution id="9c75a429-f5d9-4829-8500-69c63522d3f2" />
      <TestMethod codeBase="D:\a\DNN.UserVoice\DNN.UserVoice\IntegrationTests\bin\IntegrationTests.dll" adapterTypeName="executor://xunit/VsTestRunner2/net" className="IntegrationTests.Controllers.ItemControllerTests" name="DeleteItem_Deletes" />
    </UnitTest>
    <UnitTest name="IntegrationTests.Controllers.ItemControllerTests.GetItemsPage_Query_Filters(query: &quot;Name 2&quot;, expectedResults: 11)" storage="d:\a\dnn.uservoice\dnn.uservoice\integrationtests\bin\integrationtests.dll" id="64ce4809-e3f8-8d8e-c808-2938f18aa4d4">
      <Execution id="ab91b1df-ff41-42ec-8cdf-fef4a1f10e86" />
      <TestMethod codeBase="D:\a\DNN.UserVoice\DNN.UserVoice\IntegrationTests\bin\IntegrationTests.dll" adapterTypeName="executor://xunit/VsTestRunner2/net" className="IntegrationTests.Controllers.ItemControllerTests" name="GetItemsPage_Query_Filters" />
    </UnitTest>
    <UnitTest name="IntegrationTests.Controllers.ItemControllerTests.GetItemsPage_Query_Filters(query: &quot;Name 100&quot;, expectedResults: 1)" storage="d:\a\dnn.uservoice\dnn.uservoice\integrationtests\bin\integrationtests.dll" id="b5a2bbb3-e25b-0d71-cef7-0187c592a682">
      <Execution id="b8901e08-c89b-4eac-8d05-5c330782f131" />
      <TestMethod codeBase="D:\a\DNN.UserVoice\DNN.UserVoice\IntegrationTests\bin\IntegrationTests.dll" adapterTypeName="executor://xunit/VsTestRunner2/net" className="IntegrationTests.Controllers.ItemControllerTests" name="GetItemsPage_Query_Filters" />
    </UnitTest>
    <UnitTest name="IntegrationTests.Controllers.ServiceRouteMapperTests.RegisterRoutes_RegistersAtLestOneRoute" storage="d:\a\dnn.uservoice\dnn.uservoice\integrationtests\bin\integrationtests.dll" id="69a7a014-6241-5f0a-e55d-960890e56595">
      <Execution id="d35f13ea-e432-4b3f-a9ec-3652e1491957" />
      <TestMethod codeBase="D:\a\DNN.UserVoice\DNN.UserVoice\IntegrationTests\bin\IntegrationTests.dll" adapterTypeName="executor://xunit/VsTestRunner2/net" className="IntegrationTests.Controllers.ServiceRouteMapperTests" name="RegisterRoutes_RegistersAtLestOneRoute" />
    </UnitTest>
    <UnitTest name="IntegrationTests.Controllers.ItemControllerTests.GetItemsPage_Query_Filters(query: &quot;Name 1&quot;, expectedResults: 12)" storage="d:\a\dnn.uservoice\dnn.uservoice\integrationtests\bin\integrationtests.dll" id="6274cd22-d848-61dd-8233-d29a2f361a38">
      <Execution id="1942a0e7-82c1-49b2-8c25-30deb7b48b1a" />
      <TestMethod codeBase="D:\a\DNN.UserVoice\DNN.UserVoice\IntegrationTests\bin\IntegrationTests.dll" adapterTypeName="executor://xunit/VsTestRunner2/net" className="IntegrationTests.Controllers.ItemControllerTests" name="GetItemsPage_Query_Filters" />
    </UnitTest>
    <UnitTest name="IntegrationTests.Controllers.ItemControllerTests.CanEdit_Defaults_To_False" storage="d:\a\dnn.uservoice\dnn.uservoice\integrationtests\bin\integrationtests.dll" id="eb8cb345-7707-0e07-1566-f6a04ceb2670">
      <Execution id="c8250970-676a-4a42-b452-ea2cd8c0df21" />
      <TestMethod codeBase="D:\a\DNN.UserVoice\DNN.UserVoice\IntegrationTests\bin\IntegrationTests.dll" adapterTypeName="executor://xunit/VsTestRunner2/net" className="IntegrationTests.Controllers.ItemControllerTests" name="CanEdit_Defaults_To_False" />
    </UnitTest>
  </TestDefinitions>
  <TestEntries>
    <TestEntry testId="b5a2bbb3-e25b-0d71-cef7-0187c592a682" executionId="b8901e08-c89b-4eac-8d05-5c330782f131" testListId="8c84fa94-04c1-424b-9868-57a2d4851a1d" />
    <TestEntry testId="06f0962d-466b-0634-113e-f3863f9b599c" executionId="dab00b0c-111e-477d-b661-0b1c8c063184" testListId="8c84fa94-04c1-424b-9868-57a2d4851a1d" />
    <TestEntry testId="1ec97a71-0b29-f7c5-72ce-8cf48efa2e36" executionId="6bf85cef-75d7-4e5c-b677-670c877bd57a" testListId="8c84fa94-04c1-424b-9868-57a2d4851a1d" />
    <TestEntry testId="35a21cfd-ad2b-b819-14e0-5151fe414a07" executionId="110b2f52-0720-4bbf-b29a-c76e655f7b1d" testListId="8c84fa94-04c1-424b-9868-57a2d4851a1d" />
    <TestEntry testId="75b07048-5201-d631-649a-c012e65b7444" executionId="98eeab59-0429-471b-a092-05d34b3c798c" testListId="8c84fa94-04c1-424b-9868-57a2d4851a1d" />
    <TestEntry testId="b2691cfb-5962-80d6-34ac-12efb31ff88e" executionId="9c75a429-f5d9-4829-8500-69c63522d3f2" testListId="8c84fa94-04c1-424b-9868-57a2d4851a1d" />
    <TestEntry testId="945f4fce-c15e-e09c-9dbf-5879cde58a78" executionId="c11f71ad-b650-40fb-9c5a-4204344400e9" testListId="8c84fa94-04c1-424b-9868-57a2d4851a1d" />
    <TestEntry testId="d18898e3-6995-0d27-8e53-1ced81186e2d" executionId="1ea55e38-2ea2-48c2-bc0d-878d97552e6f" testListId="8c84fa94-04c1-424b-9868-57a2d4851a1d" />
    <TestEntry testId="c6d15831-7dbe-24e6-d39b-4f317a873a34" executionId="26dafd51-523b-453d-8425-efac140c43d8" testListId="8c84fa94-04c1-424b-9868-57a2d4851a1d" />
    <TestEntry testId="6274cd22-d848-61dd-8233-d29a2f361a38" executionId="1942a0e7-82c1-49b2-8c25-30deb7b48b1a" testListId="8c84fa94-04c1-424b-9868-57a2d4851a1d" />
    <TestEntry testId="74f30272-fd7f-9b4e-507d-1c94cc60bb29" executionId="dfe8630e-d6c5-429b-871b-7799d632f585" testListId="8c84fa94-04c1-424b-9868-57a2d4851a1d" />
    <TestEntry testId="fe1c9811-4463-ef95-5296-cdd71ab090b8" executionId="6f613b34-7f5d-4ad4-a551-72596d5e7879" testListId="8c84fa94-04c1-424b-9868-57a2d4851a1d" />
    <TestEntry testId="0a429b0b-08a8-36a6-5969-3c31a35cc366" executionId="9313e0c0-0a0d-4b72-b90b-af1bd9e48939" testListId="8c84fa94-04c1-424b-9868-57a2d4851a1d" />
    <TestEntry testId="31a1a77c-5b35-2c19-9bdc-0ee23e06e8f3" executionId="0fe79e07-8615-4152-b093-5346305e68cd" testListId="8c84fa94-04c1-424b-9868-57a2d4851a1d" />
    <TestEntry testId="1450a0ab-3596-66d8-8d08-6506bbe1f61b" executionId="ee59736d-c60a-45fa-aabd-b24e1f9b3320" testListId="8c84fa94-04c1-424b-9868-57a2d4851a1d" />
    <TestEntry testId="3b96b54e-967c-6e8f-1ced-4ff4d8370be3" executionId="30462be7-4f70-4f51-9ae3-7f1d50274399" testListId="8c84fa94-04c1-424b-9868-57a2d4851a1d" />
    <TestEntry testId="4fd078d7-61ec-6e3f-be79-cf322012a0cd" executionId="043675d1-2ffc-4c79-a721-44d5041c2b4f" testListId="8c84fa94-04c1-424b-9868-57a2d4851a1d" />
    <TestEntry testId="64ce4809-e3f8-8d8e-c808-2938f18aa4d4" executionId="ab91b1df-ff41-42ec-8cdf-fef4a1f10e86" testListId="8c84fa94-04c1-424b-9868-57a2d4851a1d" />
    <TestEntry testId="43169439-e722-3696-654b-e380ed8f351d" executionId="1fee0005-e4cf-4030-909d-685220a8c21b" testListId="8c84fa94-04c1-424b-9868-57a2d4851a1d" />
    <TestEntry testId="9609bc3b-2435-1be2-e2f3-2c6b217c770c" executionId="ac97d23e-c7f8-4291-9a19-2030ec756f56" testListId="8c84fa94-04c1-424b-9868-57a2d4851a1d" />
    <TestEntry testId="2f8521ee-e0ca-eac4-b453-aa86236fc9b9" executionId="4cce7929-38fe-4396-934e-09e97d6bca4f" testListId="8c84fa94-04c1-424b-9868-57a2d4851a1d" />
    <TestEntry testId="eb8cb345-7707-0e07-1566-f6a04ceb2670" executionId="c8250970-676a-4a42-b452-ea2cd8c0df21" testListId="8c84fa94-04c1-424b-9868-57a2d4851a1d" />
    <TestEntry testId="c6abb489-2666-fd84-85be-69873a4c76cc" executionId="9840b17d-921d-4822-8764-8f8a8aa72784" testListId="8c84fa94-04c1-424b-9868-57a2d4851a1d" />
    <TestEntry testId="69a7a014-6241-5f0a-e55d-960890e56595" executionId="d35f13ea-e432-4b3f-a9ec-3652e1491957" testListId="8c84fa94-04c1-424b-9868-57a2d4851a1d" />
  </TestEntries>
  <TestLists>
    <TestList name="Results Not in a List" id="8c84fa94-04c1-424b-9868-57a2d4851a1d" />
    <TestList name="All Loaded Results" id="19431567-8539-422a-85d7-44ee4e166bda" />
  </TestLists>
  <ResultSummary outcome="Completed">
    <Counters total="24" executed="24" passed="24" failed="0" error="0" timeout="0" aborted="0" inconclusive="0" passedButRunAborted="0" notRunnable="0" notExecuted="0" disconnected="0" warning="0" completed="0" inProgress="0" pending="0" />
    <Output>
      <StdOut>[xUnit.net 00:00:00.06] xUnit.net VSTest Adapter v2.4.3+1b45f5407b (32-bit Desktop .NET 4.0.30319.42000)&#xD;
[xUnit.net 00:00:01.33]   Discovering: IntegrationTests&#xD;
[xUnit.net 00:00:02.14]   Discovered:  IntegrationTests&#xD;
[xUnit.net 00:00:02.14]   Starting:    IntegrationTests&#xD;
[xUnit.net 00:00:08.97]   Finished:    IntegrationTests&#xD;
</StdOut>
    </Output>
  </ResultSummary>
</TestRun>