<?xml version="1.0" encoding="utf-8"?>
<TestRun id="877a3bf4-5531-447c-b8d2-54d1787a8183" name="runneradmin@fv-az252-455 2022-04-04 02:38:16" runUser="fv-az252-455\runneradmin" xmlns="http://microsoft.com/schemas/VisualStudio/TeamTest/2010">
  <Times creation="2022-04-04T02:38:16.5600457+00:00" queuing="2022-04-04T02:38:16.5600459+00:00" start="2022-04-04T02:38:04.3075922+00:00" finish="2022-04-04T02:38:20.3994508+00:00" />
  <TestSettings name="default" id="f153fdcb-9114-4f2d-8901-6aa4118f9ee1">
    <Deployment runDeploymentRoot="runneradmin_fv-az252-455_2022-04-04_02_38_16" />
  </TestSettings>
  <Results>
    <UnitTestResult executionId="5b983230-7cab-45a9-ad2b-7bb4b692bb0a" testId="64ce4809-e3f8-8d8e-c808-2938f18aa4d4" testName="IntegrationTests.Controllers.ItemControllerTests.GetItemsPage_Query_Filters(query: &quot;Name 2&quot;, expectedResults: 11)" computerName="fv-az252-455" duration="00:00:00.0340000" startTime="2022-04-04T02:38:19.8906601+00:00" endTime="2022-04-04T02:38:19.8906601+00:00" testType="13cdc9d9-ddb5-4fa4-a97d-d965ccfc6d4b" outcome="Passed" testListId="8c84fa94-04c1-424b-9868-57a2d4851a1d" relativeResultsDirectory="5b983230-7cab-45a9-ad2b-7bb4b692bb0a" />
    <UnitTestResult executionId="c883469c-3e0c-474c-a9d8-9166345a263b" testId="74f30272-fd7f-9b4e-507d-1c94cc60bb29" testName="IntegrationTests.Controllers.ItemControllerTests.GetItemsPage_Query_Filters(query: &quot;1&quot;, expectedResults: 20)" computerName="fv-az252-455" duration="00:00:00.1050000" startTime="2022-04-04T02:38:19.7576605+00:00" endTime="2022-04-04T02:38:19.7576605+00:00" testType="13cdc9d9-ddb5-4fa4-a97d-d965ccfc6d4b" outcome="Passed" testListId="8c84fa94-04c1-424b-9868-57a2d4851a1d" relativeResultsDirectory="c883469c-3e0c-474c-a9d8-9166345a263b" />
    <UnitTestResult executionId="37f71157-fc4b-44ae-b435-8cab4232885e" testId="6274cd22-d848-61dd-8233-d29a2f361a38" testName="IntegrationTests.Controllers.ItemControllerTests.GetItemsPage_Query_Filters(query: &quot;Name 1&quot;, expectedResults: 12)" computerName="fv-az252-455" duration="00:00:00.0370000" startTime="2022-04-04T02:38:19.7946597+00:00" endTime="2022-04-04T02:38:19.7946597+00:00" testType="13cdc9d9-ddb5-4fa4-a97d-d965ccfc6d4b" outcome="Passed" testListId="8c84fa94-04c1-424b-9868-57a2d4851a1d" relativeResultsDirectory="37f71157-fc4b-44ae-b435-8cab4232885e" />
    <UnitTestResult executionId="7fb546f5-7b16-44ef-a772-54df40662e57" testId="b5a2bbb3-e25b-0d71-cef7-0187c592a682" testName="IntegrationTests.Controllers.ItemControllerTests.GetItemsPage_Query_Filters(query: &quot;Name 100&quot;, expectedResults: 1)" computerName="fv-az252-455" duration="00:00:00.0270000" startTime="2022-04-04T02:38:19.8566578+00:00" endTime="2022-04-04T02:38:19.8566578+00:00" testType="13cdc9d9-ddb5-4fa4-a97d-d965ccfc6d4b" outcome="Passed" testListId="8c84fa94-04c1-424b-9868-57a2d4851a1d" relativeResultsDirectory="7fb546f5-7b16-44ef-a772-54df40662e57" />
    <UnitTestResult executionId="5237aa04-4542-4d3e-8136-29b0423d48de" testId="3b96b54e-967c-6e8f-1ced-4ff4d8370be3" testName="IntegrationTests.Controllers.ItemControllerTests.GetItemsPage_Query_Filters(query: &quot;&quot;, expectedResults: 100)" computerName="fv-az252-455" duration="00:00:00.0400000" startTime="2022-04-04T02:38:19.6536616+00:00" endTime="2022-04-04T02:38:19.6536616+00:00" testType="13cdc9d9-ddb5-4fa4-a97d-d965ccfc6d4b" outcome="Passed" testListId="8c84fa94-04c1-424b-9868-57a2d4851a1d" relativeResultsDirectory="5237aa04-4542-4d3e-8136-29b0423d48de" />
    <UnitTestResult executionId="4e199f8c-a29c-4a35-b43b-a54db9ca1c56" testId="945f4fce-c15e-e09c-9dbf-5879cde58a78" testName="IntegrationTests.Controllers.ItemControllerTests.GetItemsPage_Page0_DefaultsToPage1" computerName="fv-az252-455" duration="00:00:00.0100000" startTime="2022-04-04T02:38:20.1306601+00:00" endTime="2022-04-04T02:38:20.1306601+00:00" testType="13cdc9d9-ddb5-4fa4-a97d-d965ccfc6d4b" outcome="Passed" testListId="8c84fa94-04c1-424b-9868-57a2d4851a1d" relativeResultsDirectory="4e199f8c-a29c-4a35-b43b-a54db9ca1c56" />
    <UnitTestResult executionId="d96b18c4-d68c-47fc-ab6f-0eee0830b6f8" testId="2f8521ee-e0ca-eac4-b453-aa86236fc9b9" testName="IntegrationTests.Controllers.ItemControllerTests.GetItemsPage_SortsDescending" computerName="fv-az252-455" duration="00:00:00.0130000" startTime="2022-04-04T02:38:20.2166606+00:00" endTime="2022-04-04T02:38:20.2166606+00:00" testType="13cdc9d9-ddb5-4fa4-a97d-d965ccfc6d4b" outcome="Passed" testListId="8c84fa94-04c1-424b-9868-57a2d4851a1d" relativeResultsDirectory="d96b18c4-d68c-47fc-ab6f-0eee0830b6f8" />
    <UnitTestResult executionId="01d78459-10fe-43f2-ae13-c78d03858ac4" testId="1450a0ab-3596-66d8-8d08-6506bbe1f61b" testName="IntegrationTests.Controllers.ItemControllerTests.GetItemsPage_50Items_GetsProperly" computerName="fv-az252-455" duration="00:00:00.0300000" startTime="2022-04-04T02:38:19.9666596+00:00" endTime="2022-04-04T02:38:19.9666596+00:00" testType="13cdc9d9-ddb5-4fa4-a97d-d965ccfc6d4b" outcome="Passed" testListId="8c84fa94-04c1-424b-9868-57a2d4851a1d" relativeResultsDirectory="01d78459-10fe-43f2-ae13-c78d03858ac4" />
    <UnitTestResult executionId="2c89a63b-e5b4-4aca-95b3-6916f4ec8759" testId="75b07048-5201-d631-649a-c012e65b7444" testName="IntegrationTests.Controllers.ItemControllerTests.GetItemsPage_Query_Filters(query: &quot;Name 10&quot;, expectedResults: 2)" computerName="fv-az252-455" duration="00:00:00.0320000" startTime="2022-04-04T02:38:19.9226570+00:00" endTime="2022-04-04T02:38:19.9226570+00:00" testType="13cdc9d9-ddb5-4fa4-a97d-d965ccfc6d4b" outcome="Passed" testListId="8c84fa94-04c1-424b-9868-57a2d4851a1d" relativeResultsDirectory="2c89a63b-e5b4-4aca-95b3-6916f4ec8759" />
    <UnitTestResult executionId="983059b1-58dc-47a8-a697-176d5f9ce572" testId="b2691cfb-5962-80d6-34ac-12efb31ff88e" testName="IntegrationTests.Controllers.ItemControllerTests.DeleteItem_Deletes" computerName="fv-az252-455" duration="00:00:00.0610000" startTime="2022-04-04T02:38:20.1926610+00:00" endTime="2022-04-04T02:38:20.1926610+00:00" testType="13cdc9d9-ddb5-4fa4-a97d-d965ccfc6d4b" outcome="Passed" testListId="8c84fa94-04c1-424b-9868-57a2d4851a1d" relativeResultsDirectory="983059b1-58dc-47a8-a697-176d5f9ce572" />
    <UnitTestResult executionId="94256cc2-591b-4835-b2cb-a5887dd739ee" testId="31a1a77c-5b35-2c19-9bdc-0ee23e06e8f3" testName="IntegrationTests.Controllers.ItemControllerTests.GetItemsPage_GetsProperPages(amount: 10, expectedPages: 1)" computerName="fv-az252-455" duration="00:00:00.0100000" startTime="2022-04-04T02:38:20.0216593+00:00" endTime="2022-04-04T02:38:20.0216593+00:00" testType="13cdc9d9-ddb5-4fa4-a97d-d965ccfc6d4b" outcome="Passed" testListId="8c84fa94-04c1-424b-9868-57a2d4851a1d" relativeResultsDirectory="94256cc2-591b-4835-b2cb-a5887dd739ee" />
    <UnitTestResult executionId="06882d42-e4d4-4a04-8c82-024630ccd49e" testId="35a21cfd-ad2b-b819-14e0-5151fe414a07" testName="IntegrationTests.Controllers.ItemControllerTests.GetItemsPage_GetsProperPages(amount: 101, expectedPages: 11)" computerName="fv-az252-455" duration="00:00:00.0230000" startTime="2022-04-04T02:38:20.0616591+00:00" endTime="2022-04-04T02:38:20.0616591+00:00" testType="13cdc9d9-ddb5-4fa4-a97d-d965ccfc6d4b" outcome="Passed" testListId="8c84fa94-04c1-424b-9868-57a2d4851a1d" relativeResultsDirectory="06882d42-e4d4-4a04-8c82-024630ccd49e" />
    <UnitTestResult executionId="dc078e8a-fbe7-41e9-b385-8661d345007d" testId="c6abb489-2666-fd84-85be-69873a4c76cc" testName="IntegrationTests.Controllers.ItemControllerTests.CreateItem_Creates(name: &quot;name1&quot;, description: &quot;description1&quot;)" computerName="fv-az252-455" duration="00:00:00.0050000" startTime="2022-04-04T02:38:19.9366603+00:00" endTime="2022-04-04T02:38:19.9366603+00:00" testType="13cdc9d9-ddb5-4fa4-a97d-d965ccfc6d4b" outcome="Passed" testListId="8c84fa94-04c1-424b-9868-57a2d4851a1d" relativeResultsDirectory="dc078e8a-fbe7-41e9-b385-8661d345007d" />
    <UnitTestResult executionId="b860bd21-ec3b-43c4-a4b0-0680ad810313" testId="d18898e3-6995-0d27-8e53-1ced81186e2d" testName="IntegrationTests.Controllers.ItemControllerTests.GetItemsPage_PageSize0_DefaultsTo1" computerName="fv-az252-455" duration="00:00:00.0100000" startTime="2022-04-04T02:38:20.2026613+00:00" endTime="2022-04-04T02:38:20.2026613+00:00" testType="13cdc9d9-ddb5-4fa4-a97d-d965ccfc6d4b" outcome="Passed" testListId="8c84fa94-04c1-424b-9868-57a2d4851a1d" relativeResultsDirectory="b860bd21-ec3b-43c4-a4b0-0680ad810313" />
    <UnitTestResult executionId="9bd372fa-5486-4020-81b2-be368e1cb83c" testId="9609bc3b-2435-1be2-e2f3-2c6b217c770c" testName="IntegrationTests.Controllers.ItemControllerTests.GetItemsPage_Query_Filters(query: &quot;Missing&quot;, expectedResults: 0)" computerName="fv-az252-455" duration="00:00:00.0350000" startTime="2022-04-04T02:38:19.8296598+00:00" endTime="2022-04-04T02:38:19.8296598+00:00" testType="13cdc9d9-ddb5-4fa4-a97d-d965ccfc6d4b" outcome="Passed" testListId="8c84fa94-04c1-424b-9868-57a2d4851a1d" relativeResultsDirectory="9bd372fa-5486-4020-81b2-be368e1cb83c" />
    <UnitTestResult executionId="0b0906f1-276c-4b76-9f31-3da36cc8a3cf" testId="4fd078d7-61ec-6e3f-be79-cf322012a0cd" testName="IntegrationTests.Controllers.ItemControllerTests.GetItemsPage_SortsAscending" computerName="fv-az252-455" duration="00:00:04.8280000" startTime="2022-04-04T02:38:19.6130055+00:00" endTime="2022-04-04T02:38:19.6130055+00:00" testType="13cdc9d9-ddb5-4fa4-a97d-d965ccfc6d4b" outcome="Passed" testListId="8c84fa94-04c1-424b-9868-57a2d4851a1d" relativeResultsDirectory="0b0906f1-276c-4b76-9f31-3da36cc8a3cf" />
    <UnitTestResult executionId="24a894cb-6212-4b0f-83c4-40708cfd68a7" testId="69a7a014-6241-5f0a-e55d-960890e56595" testName="IntegrationTests.Controllers.ServiceRouteMapperTests.RegisterRoutes_RegistersAtLestOneRoute" computerName="fv-az252-455" duration="00:00:01.3860000" startTime="2022-04-04T02:38:16.1982286+00:00" endTime="2022-04-04T02:38:16.1982286+00:00" testType="13cdc9d9-ddb5-4fa4-a97d-d965ccfc6d4b" outcome="Passed" testListId="8c84fa94-04c1-424b-9868-57a2d4851a1d" relativeResultsDirectory="24a894cb-6212-4b0f-83c4-40708cfd68a7" />
    <UnitTestResult executionId="352befb9-2555-43b9-8024-67def6ed7d0b" testId="fe1c9811-4463-ef95-5296-cdd71ab090b8" testName="IntegrationTests.Controllers.ItemControllerTests.DeleteItem_DeletesMissingItem" computerName="fv-az252-455" duration="00:00:00.0100000" startTime="2022-04-04T02:38:20.2256590+00:00" endTime="2022-04-04T02:38:20.2256590+00:00" testType="13cdc9d9-ddb5-4fa4-a97d-d965ccfc6d4b" outcome="Passed" testListId="8c84fa94-04c1-424b-9868-57a2d4851a1d" relativeResultsDirectory="352befb9-2555-43b9-8024-67def6ed7d0b" />
    <UnitTestResult executionId="c83fa9d5-976f-4a9e-894d-75c52a1e174d" testId="c6d15831-7dbe-24e6-d39b-4f317a873a34" testName="IntegrationTests.Controllers.ItemControllerTests.GetItemsPage_GetsProperPages(amount: 1, expectedPages: 1)" computerName="fv-az252-455" duration="00:00:00.0130000" startTime="2022-04-04T02:38:19.9826598+00:00" endTime="2022-04-04T02:38:19.9826598+00:00" testType="13cdc9d9-ddb5-4fa4-a97d-d965ccfc6d4b" outcome="Passed" testListId="8c84fa94-04c1-424b-9868-57a2d4851a1d" relativeResultsDirectory="c83fa9d5-976f-4a9e-894d-75c52a1e174d" />
    <UnitTestResult executionId="a9a7f0ae-03f8-4856-8f92-fe166ef08676" testId="06f0962d-466b-0634-113e-f3863f9b599c" testName="IntegrationTests.Controllers.ItemControllerTests.GetItemsPage_GetsProperPages(amount: 99, expectedPages: 10)" computerName="fv-az252-455" duration="00:00:00.0280000" startTime="2022-04-04T02:38:20.0116606+00:00" endTime="2022-04-04T02:38:20.0116606+00:00" testType="13cdc9d9-ddb5-4fa4-a97d-d965ccfc6d4b" outcome="Passed" testListId="8c84fa94-04c1-424b-9868-57a2d4851a1d" relativeResultsDirectory="a9a7f0ae-03f8-4856-8f92-fe166ef08676" />
    <UnitTestResult executionId="42bf9b99-93a9-4c76-9984-42977bdbc1c8" testId="43169439-e722-3696-654b-e380ed8f351d" testName="IntegrationTests.Controllers.ItemControllerTests.EditItem_Saves" computerName="fv-az252-455" duration="00:00:00.0590000" startTime="2022-04-04T02:38:20.1206600+00:00" endTime="2022-04-04T02:38:20.1206600+00:00" testType="13cdc9d9-ddb5-4fa4-a97d-d965ccfc6d4b" outcome="Passed" testListId="8c84fa94-04c1-424b-9868-57a2d4851a1d" relativeResultsDirectory="42bf9b99-93a9-4c76-9984-42977bdbc1c8" />
    <UnitTestResult executionId="409706fd-249b-4874-9268-9b8ea2883d45" testId="0a429b0b-08a8-36a6-5969-3c31a35cc366" testName="IntegrationTests.Controllers.ItemControllerTests.GetItemsPage_GetsProperPages(amount: 9, expectedPages: 1)" computerName="fv-az252-455" duration="00:00:00.0170000" startTime="2022-04-04T02:38:20.0396595+00:00" endTime="2022-04-04T02:38:20.0396595+00:00" testType="13cdc9d9-ddb5-4fa4-a97d-d965ccfc6d4b" outcome="Passed" testListId="8c84fa94-04c1-424b-9868-57a2d4851a1d" relativeResultsDirectory="409706fd-249b-4874-9268-9b8ea2883d45" />
    <UnitTestResult executionId="c9fae527-e5cd-486e-84f0-15038a36218e" testId="eb8cb345-7707-0e07-1566-f6a04ceb2670" testName="IntegrationTests.Controllers.ItemControllerTests.CanEdit_Defaults_To_False" computerName="fv-az252-455" duration="00:00:00.0040000" startTime="2022-04-04T02:38:19.9706596+00:00" endTime="2022-04-04T02:38:19.9706596+00:00" testType="13cdc9d9-ddb5-4fa4-a97d-d965ccfc6d4b" outcome="Passed" testListId="8c84fa94-04c1-424b-9868-57a2d4851a1d" relativeResultsDirectory="c9fae527-e5cd-486e-84f0-15038a36218e" />
    <UnitTestResult executionId="611546f0-0c5b-406e-89c8-7f667e722ea8" testId="1ec97a71-0b29-f7c5-72ce-8cf48efa2e36" testName="IntegrationTests.Controllers.ItemControllerTests.CreateItem_Creates(name: &quot;name2&quot;, description: &quot;description2&quot;)" computerName="fv-az252-455" duration="00:00:00.0080000" startTime="2022-04-04T02:38:19.9316611+00:00" endTime="2022-04-04T02:38:19.9316611+00:00" testType="13cdc9d9-ddb5-4fa4-a97d-d965ccfc6d4b" outcome="Passed" testListId="8c84fa94-04c1-424b-9868-57a2d4851a1d" relativeResultsDirectory="611546f0-0c5b-406e-89c8-7f667e722ea8" />
  </Results>
  <TestDefinitions>
    <UnitTest name="IntegrationTests.Controllers.ItemControllerTests.GetItemsPage_Query_Filters(query: &quot;Name 10&quot;, expectedResults: 2)" storage="d:\a\dnn.uservoice\dnn.uservoice\integrationtests\bin\integrationtests.dll" id="75b07048-5201-d631-649a-c012e65b7444">
      <Execution id="2c89a63b-e5b4-4aca-95b3-6916f4ec8759" />
      <TestMethod codeBase="D:\a\DNN.UserVoice\DNN.UserVoice\IntegrationTests\bin\IntegrationTests.dll" adapterTypeName="executor://xunit/VsTestRunner2/net" className="IntegrationTests.Controllers.ItemControllerTests" name="GetItemsPage_Query_Filters" />
    </UnitTest>
    <UnitTest name="IntegrationTests.Controllers.ItemControllerTests.GetItemsPage_Query_Filters(query: &quot;1&quot;, expectedResults: 20)" storage="d:\a\dnn.uservoice\dnn.uservoice\integrationtests\bin\integrationtests.dll" id="74f30272-fd7f-9b4e-507d-1c94cc60bb29">
      <Execution id="c883469c-3e0c-474c-a9d8-9166345a263b" />
      <TestMethod codeBase="D:\a\DNN.UserVoice\DNN.UserVoice\IntegrationTests\bin\IntegrationTests.dll" adapterTypeName="executor://xunit/VsTestRunner2/net" className="IntegrationTests.Controllers.ItemControllerTests" name="GetItemsPage_Query_Filters" />
    </UnitTest>
    <UnitTest name="IntegrationTests.Controllers.ItemControllerTests.GetItemsPage_GetsProperPages(amount: 99, expectedPages: 10)" storage="d:\a\dnn.uservoice\dnn.uservoice\integrationtests\bin\integrationtests.dll" id="06f0962d-466b-0634-113e-f3863f9b599c">
      <Execution id="a9a7f0ae-03f8-4856-8f92-fe166ef08676" />
      <TestMethod codeBase="D:\a\DNN.UserVoice\DNN.UserVoice\IntegrationTests\bin\IntegrationTests.dll" adapterTypeName="executor://xunit/VsTestRunner2/net" className="IntegrationTests.Controllers.ItemControllerTests" name="GetItemsPage_GetsProperPages" />
    </UnitTest>
    <UnitTest name="IntegrationTests.Controllers.ItemControllerTests.DeleteItem_DeletesMissingItem" storage="d:\a\dnn.uservoice\dnn.uservoice\integrationtests\bin\integrationtests.dll" id="fe1c9811-4463-ef95-5296-cdd71ab090b8">
      <Execution id="352befb9-2555-43b9-8024-67def6ed7d0b" />
      <TestMethod codeBase="D:\a\DNN.UserVoice\DNN.UserVoice\IntegrationTests\bin\IntegrationTests.dll" adapterTypeName="executor://xunit/VsTestRunner2/net" className="IntegrationTests.Controllers.ItemControllerTests" name="DeleteItem_DeletesMissingItem" />
    </UnitTest>
    <UnitTest name="IntegrationTests.Controllers.ItemControllerTests.EditItem_Saves" storage="d:\a\dnn.uservoice\dnn.uservoice\integrationtests\bin\integrationtests.dll" id="43169439-e722-3696-654b-e380ed8f351d">
      <Execution id="42bf9b99-93a9-4c76-9984-42977bdbc1c8" />
      <TestMethod codeBase="D:\a\DNN.UserVoice\DNN.UserVoice\IntegrationTests\bin\IntegrationTests.dll" adapterTypeName="executor://xunit/VsTestRunner2/net" className="IntegrationTests.Controllers.ItemControllerTests" name="EditItem_Saves" />
    </UnitTest>
    <UnitTest name="IntegrationTests.Controllers.ItemControllerTests.CreateItem_Creates(name: &quot;name1&quot;, description: &quot;description1&quot;)" storage="d:\a\dnn.uservoice\dnn.uservoice\integrationtests\bin\integrationtests.dll" id="c6abb489-2666-fd84-85be-69873a4c76cc">
      <Execution id="dc078e8a-fbe7-41e9-b385-8661d345007d" />
      <TestMethod codeBase="D:\a\DNN.UserVoice\DNN.UserVoice\IntegrationTests\bin\IntegrationTests.dll" adapterTypeName="executor://xunit/VsTestRunner2/net" className="IntegrationTests.Controllers.ItemControllerTests" name="CreateItem_Creates" />
    </UnitTest>
    <UnitTest name="IntegrationTests.Controllers.ItemControllerTests.GetItemsPage_Query_Filters(query: &quot;&quot;, expectedResults: 100)" storage="d:\a\dnn.uservoice\dnn.uservoice\integrationtests\bin\integrationtests.dll" id="3b96b54e-967c-6e8f-1ced-4ff4d8370be3">
      <Execution id="5237aa04-4542-4d3e-8136-29b0423d48de" />
      <TestMethod codeBase="D:\a\DNN.UserVoice\DNN.UserVoice\IntegrationTests\bin\IntegrationTests.dll" adapterTypeName="executor://xunit/VsTestRunner2/net" className="IntegrationTests.Controllers.ItemControllerTests" name="GetItemsPage_Query_Filters" />
    </UnitTest>
    <UnitTest name="IntegrationTests.Controllers.ItemControllerTests.GetItemsPage_SortsDescending" storage="d:\a\dnn.uservoice\dnn.uservoice\integrationtests\bin\integrationtests.dll" id="2f8521ee-e0ca-eac4-b453-aa86236fc9b9">
      <Execution id="d96b18c4-d68c-47fc-ab6f-0eee0830b6f8" />
      <TestMethod codeBase="D:\a\DNN.UserVoice\DNN.UserVoice\IntegrationTests\bin\IntegrationTests.dll" adapterTypeName="executor://xunit/VsTestRunner2/net" className="IntegrationTests.Controllers.ItemControllerTests" name="GetItemsPage_SortsDescending" />
    </UnitTest>
    <UnitTest name="IntegrationTests.Controllers.ItemControllerTests.GetItemsPage_Page0_DefaultsToPage1" storage="d:\a\dnn.uservoice\dnn.uservoice\integrationtests\bin\integrationtests.dll" id="945f4fce-c15e-e09c-9dbf-5879cde58a78">
      <Execution id="4e199f8c-a29c-4a35-b43b-a54db9ca1c56" />
      <TestMethod codeBase="D:\a\DNN.UserVoice\DNN.UserVoice\IntegrationTests\bin\IntegrationTests.dll" adapterTypeName="executor://xunit/VsTestRunner2/net" className="IntegrationTests.Controllers.ItemControllerTests" name="GetItemsPage_Page0_DefaultsToPage1" />
    </UnitTest>
    <UnitTest name="IntegrationTests.Controllers.ItemControllerTests.GetItemsPage_50Items_GetsProperly" storage="d:\a\dnn.uservoice\dnn.uservoice\integrationtests\bin\integrationtests.dll" id="1450a0ab-3596-66d8-8d08-6506bbe1f61b">
      <Execution id="01d78459-10fe-43f2-ae13-c78d03858ac4" />
      <TestMethod codeBase="D:\a\DNN.UserVoice\DNN.UserVoice\IntegrationTests\bin\IntegrationTests.dll" adapterTypeName="executor://xunit/VsTestRunner2/net" className="IntegrationTests.Controllers.ItemControllerTests" name="GetItemsPage_50Items_GetsProperly" />
    </UnitTest>
    <UnitTest name="IntegrationTests.Controllers.ItemControllerTests.GetItemsPage_GetsProperPages(amount: 101, expectedPages: 11)" storage="d:\a\dnn.uservoice\dnn.uservoice\integrationtests\bin\integrationtests.dll" id="35a21cfd-ad2b-b819-14e0-5151fe414a07">
      <Execution id="06882d42-e4d4-4a04-8c82-024630ccd49e" />
      <TestMethod codeBase="D:\a\DNN.UserVoice\DNN.UserVoice\IntegrationTests\bin\IntegrationTests.dll" adapterTypeName="executor://xunit/VsTestRunner2/net" className="IntegrationTests.Controllers.ItemControllerTests" name="GetItemsPage_GetsProperPages" />
    </UnitTest>
    <UnitTest name="IntegrationTests.Controllers.ItemControllerTests.GetItemsPage_GetsProperPages(amount: 1, expectedPages: 1)" storage="d:\a\dnn.uservoice\dnn.uservoice\integrationtests\bin\integrationtests.dll" id="c6d15831-7dbe-24e6-d39b-4f317a873a34">
      <Execution id="c83fa9d5-976f-4a9e-894d-75c52a1e174d" />
      <TestMethod codeBase="D:\a\DNN.UserVoice\DNN.UserVoice\IntegrationTests\bin\IntegrationTests.dll" adapterTypeName="executor://xunit/VsTestRunner2/net" className="IntegrationTests.Controllers.ItemControllerTests" name="GetItemsPage_GetsProperPages" />
    </UnitTest>
    <UnitTest name="IntegrationTests.Controllers.ItemControllerTests.CreateItem_Creates(name: &quot;name2&quot;, description: &quot;description2&quot;)" storage="d:\a\dnn.uservoice\dnn.uservoice\integrationtests\bin\integrationtests.dll" id="1ec97a71-0b29-f7c5-72ce-8cf48efa2e36">
      <Execution id="611546f0-0c5b-406e-89c8-7f667e722ea8" />
      <TestMethod codeBase="D:\a\DNN.UserVoice\DNN.UserVoice\IntegrationTests\bin\IntegrationTests.dll" adapterTypeName="executor://xunit/VsTestRunner2/net" className="IntegrationTests.Controllers.ItemControllerTests" name="CreateItem_Creates" />
    </UnitTest>
    <UnitTest name="IntegrationTests.Controllers.ItemControllerTests.GetItemsPage_SortsAscending" storage="d:\a\dnn.uservoice\dnn.uservoice\integrationtests\bin\integrationtests.dll" id="4fd078d7-61ec-6e3f-be79-cf322012a0cd">
      <Execution id="0b0906f1-276c-4b76-9f31-3da36cc8a3cf" />
      <TestMethod codeBase="D:\a\DNN.UserVoice\DNN.UserVoice\IntegrationTests\bin\IntegrationTests.dll" adapterTypeName="executor://xunit/VsTestRunner2/net" className="IntegrationTests.Controllers.ItemControllerTests" name="GetItemsPage_SortsAscending" />
    </UnitTest>
    <UnitTest name="IntegrationTests.Controllers.ItemControllerTests.GetItemsPage_PageSize0_DefaultsTo1" storage="d:\a\dnn.uservoice\dnn.uservoice\integrationtests\bin\integrationtests.dll" id="d18898e3-6995-0d27-8e53-1ced81186e2d">
      <Execution id="b860bd21-ec3b-43c4-a4b0-0680ad810313" />
      <TestMethod codeBase="D:\a\DNN.UserVoice\DNN.UserVoice\IntegrationTests\bin\IntegrationTests.dll" adapterTypeName="executor://xunit/VsTestRunner2/net" className="IntegrationTests.Controllers.ItemControllerTests" name="GetItemsPage_PageSize0_DefaultsTo1" />
    </UnitTest>
    <UnitTest name="IntegrationTests.Controllers.ItemControllerTests.GetItemsPage_GetsProperPages(amount: 9, expectedPages: 1)" storage="d:\a\dnn.uservoice\dnn.uservoice\integrationtests\bin\integrationtests.dll" id="0a429b0b-08a8-36a6-5969-3c31a35cc366">
      <Execution id="409706fd-249b-4874-9268-9b8ea2883d45" />
      <TestMethod codeBase="D:\a\DNN.UserVoice\DNN.UserVoice\IntegrationTests\bin\IntegrationTests.dll" adapterTypeName="executor://xunit/VsTestRunner2/net" className="IntegrationTests.Controllers.ItemControllerTests" name="GetItemsPage_GetsProperPages" />
    </UnitTest>
    <UnitTest name="IntegrationTests.Controllers.ItemControllerTests.GetItemsPage_GetsProperPages(amount: 10, expectedPages: 1)" storage="d:\a\dnn.uservoice\dnn.uservoice\integrationtests\bin\integrationtests.dll" id="31a1a77c-5b35-2c19-9bdc-0ee23e06e8f3">
      <Execution id="94256cc2-591b-4835-b2cb-a5887dd739ee" />
      <TestMethod codeBase="D:\a\DNN.UserVoice\DNN.UserVoice\IntegrationTests\bin\IntegrationTests.dll" adapterTypeName="executor://xunit/VsTestRunner2/net" className="IntegrationTests.Controllers.ItemControllerTests" name="GetItemsPage_GetsProperPages" />
    </UnitTest>
    <UnitTest name="IntegrationTests.Controllers.ItemControllerTests.GetItemsPage_Query_Filters(query: &quot;Missing&quot;, expectedResults: 0)" storage="d:\a\dnn.uservoice\dnn.uservoice\integrationtests\bin\integrationtests.dll" id="9609bc3b-2435-1be2-e2f3-2c6b217c770c">
      <Execution id="9bd372fa-5486-4020-81b2-be368e1cb83c" />
      <TestMethod codeBase="D:\a\DNN.UserVoice\DNN.UserVoice\IntegrationTests\bin\IntegrationTests.dll" adapterTypeName="executor://xunit/VsTestRunner2/net" className="IntegrationTests.Controllers.ItemControllerTests" name="GetItemsPage_Query_Filters" />
    </UnitTest>
    <UnitTest name="IntegrationTests.Controllers.ItemControllerTests.DeleteItem_Deletes" storage="d:\a\dnn.uservoice\dnn.uservoice\integrationtests\bin\integrationtests.dll" id="b2691cfb-5962-80d6-34ac-12efb31ff88e">
      <Execution id="983059b1-58dc-47a8-a697-176d5f9ce572" />
      <TestMethod codeBase="D:\a\DNN.UserVoice\DNN.UserVoice\IntegrationTests\bin\IntegrationTests.dll" adapterTypeName="executor://xunit/VsTestRunner2/net" className="IntegrationTests.Controllers.ItemControllerTests" name="DeleteItem_Deletes" />
    </UnitTest>
    <UnitTest name="IntegrationTests.Controllers.ItemControllerTests.GetItemsPage_Query_Filters(query: &quot;Name 2&quot;, expectedResults: 11)" storage="d:\a\dnn.uservoice\dnn.uservoice\integrationtests\bin\integrationtests.dll" id="64ce4809-e3f8-8d8e-c808-2938f18aa4d4">
      <Execution id="5b983230-7cab-45a9-ad2b-7bb4b692bb0a" />
      <TestMethod codeBase="D:\a\DNN.UserVoice\DNN.UserVoice\IntegrationTests\bin\IntegrationTests.dll" adapterTypeName="executor://xunit/VsTestRunner2/net" className="IntegrationTests.Controllers.ItemControllerTests" name="GetItemsPage_Query_Filters" />
    </UnitTest>
    <UnitTest name="IntegrationTests.Controllers.ItemControllerTests.GetItemsPage_Query_Filters(query: &quot;Name 100&quot;, expectedResults: 1)" storage="d:\a\dnn.uservoice\dnn.uservoice\integrationtests\bin\integrationtests.dll" id="b5a2bbb3-e25b-0d71-cef7-0187c592a682">
      <Execution id="7fb546f5-7b16-44ef-a772-54df40662e57" />
      <TestMethod codeBase="D:\a\DNN.UserVoice\DNN.UserVoice\IntegrationTests\bin\IntegrationTests.dll" adapterTypeName="executor://xunit/VsTestRunner2/net" className="IntegrationTests.Controllers.ItemControllerTests" name="GetItemsPage_Query_Filters" />
    </UnitTest>
    <UnitTest name="IntegrationTests.Controllers.ServiceRouteMapperTests.RegisterRoutes_RegistersAtLestOneRoute" storage="d:\a\dnn.uservoice\dnn.uservoice\integrationtests\bin\integrationtests.dll" id="69a7a014-6241-5f0a-e55d-960890e56595">
      <Execution id="24a894cb-6212-4b0f-83c4-40708cfd68a7" />
      <TestMethod codeBase="D:\a\DNN.UserVoice\DNN.UserVoice\IntegrationTests\bin\IntegrationTests.dll" adapterTypeName="executor://xunit/VsTestRunner2/net" className="IntegrationTests.Controllers.ServiceRouteMapperTests" name="RegisterRoutes_RegistersAtLestOneRoute" />
    </UnitTest>
    <UnitTest name="IntegrationTests.Controllers.ItemControllerTests.GetItemsPage_Query_Filters(query: &quot;Name 1&quot;, expectedResults: 12)" storage="d:\a\dnn.uservoice\dnn.uservoice\integrationtests\bin\integrationtests.dll" id="6274cd22-d848-61dd-8233-d29a2f361a38">
      <Execution id="37f71157-fc4b-44ae-b435-8cab4232885e" />
      <TestMethod codeBase="D:\a\DNN.UserVoice\DNN.UserVoice\IntegrationTests\bin\IntegrationTests.dll" adapterTypeName="executor://xunit/VsTestRunner2/net" className="IntegrationTests.Controllers.ItemControllerTests" name="GetItemsPage_Query_Filters" />
    </UnitTest>
    <UnitTest name="IntegrationTests.Controllers.ItemControllerTests.CanEdit_Defaults_To_False" storage="d:\a\dnn.uservoice\dnn.uservoice\integrationtests\bin\integrationtests.dll" id="eb8cb345-7707-0e07-1566-f6a04ceb2670">
      <Execution id="c9fae527-e5cd-486e-84f0-15038a36218e" />
      <TestMethod codeBase="D:\a\DNN.UserVoice\DNN.UserVoice\IntegrationTests\bin\IntegrationTests.dll" adapterTypeName="executor://xunit/VsTestRunner2/net" className="IntegrationTests.Controllers.ItemControllerTests" name="CanEdit_Defaults_To_False" />
    </UnitTest>
  </TestDefinitions>
  <TestEntries>
    <TestEntry testId="64ce4809-e3f8-8d8e-c808-2938f18aa4d4" executionId="5b983230-7cab-45a9-ad2b-7bb4b692bb0a" testListId="8c84fa94-04c1-424b-9868-57a2d4851a1d" />
    <TestEntry testId="74f30272-fd7f-9b4e-507d-1c94cc60bb29" executionId="c883469c-3e0c-474c-a9d8-9166345a263b" testListId="8c84fa94-04c1-424b-9868-57a2d4851a1d" />
    <TestEntry testId="6274cd22-d848-61dd-8233-d29a2f361a38" executionId="37f71157-fc4b-44ae-b435-8cab4232885e" testListId="8c84fa94-04c1-424b-9868-57a2d4851a1d" />
    <TestEntry testId="b5a2bbb3-e25b-0d71-cef7-0187c592a682" executionId="7fb546f5-7b16-44ef-a772-54df40662e57" testListId="8c84fa94-04c1-424b-9868-57a2d4851a1d" />
    <TestEntry testId="3b96b54e-967c-6e8f-1ced-4ff4d8370be3" executionId="5237aa04-4542-4d3e-8136-29b0423d48de" testListId="8c84fa94-04c1-424b-9868-57a2d4851a1d" />
    <TestEntry testId="945f4fce-c15e-e09c-9dbf-5879cde58a78" executionId="4e199f8c-a29c-4a35-b43b-a54db9ca1c56" testListId="8c84fa94-04c1-424b-9868-57a2d4851a1d" />
    <TestEntry testId="2f8521ee-e0ca-eac4-b453-aa86236fc9b9" executionId="d96b18c4-d68c-47fc-ab6f-0eee0830b6f8" testListId="8c84fa94-04c1-424b-9868-57a2d4851a1d" />
    <TestEntry testId="1450a0ab-3596-66d8-8d08-6506bbe1f61b" executionId="01d78459-10fe-43f2-ae13-c78d03858ac4" testListId="8c84fa94-04c1-424b-9868-57a2d4851a1d" />
    <TestEntry testId="75b07048-5201-d631-649a-c012e65b7444" executionId="2c89a63b-e5b4-4aca-95b3-6916f4ec8759" testListId="8c84fa94-04c1-424b-9868-57a2d4851a1d" />
    <TestEntry testId="b2691cfb-5962-80d6-34ac-12efb31ff88e" executionId="983059b1-58dc-47a8-a697-176d5f9ce572" testListId="8c84fa94-04c1-424b-9868-57a2d4851a1d" />
    <TestEntry testId="31a1a77c-5b35-2c19-9bdc-0ee23e06e8f3" executionId="94256cc2-591b-4835-b2cb-a5887dd739ee" testListId="8c84fa94-04c1-424b-9868-57a2d4851a1d" />
    <TestEntry testId="35a21cfd-ad2b-b819-14e0-5151fe414a07" executionId="06882d42-e4d4-4a04-8c82-024630ccd49e" testListId="8c84fa94-04c1-424b-9868-57a2d4851a1d" />
    <TestEntry testId="c6abb489-2666-fd84-85be-69873a4c76cc" executionId="dc078e8a-fbe7-41e9-b385-8661d345007d" testListId="8c84fa94-04c1-424b-9868-57a2d4851a1d" />
    <TestEntry testId="d18898e3-6995-0d27-8e53-1ced81186e2d" executionId="b860bd21-ec3b-43c4-a4b0-0680ad810313" testListId="8c84fa94-04c1-424b-9868-57a2d4851a1d" />
    <TestEntry testId="9609bc3b-2435-1be2-e2f3-2c6b217c770c" executionId="9bd372fa-5486-4020-81b2-be368e1cb83c" testListId="8c84fa94-04c1-424b-9868-57a2d4851a1d" />
    <TestEntry testId="4fd078d7-61ec-6e3f-be79-cf322012a0cd" executionId="0b0906f1-276c-4b76-9f31-3da36cc8a3cf" testListId="8c84fa94-04c1-424b-9868-57a2d4851a1d" />
    <TestEntry testId="69a7a014-6241-5f0a-e55d-960890e56595" executionId="24a894cb-6212-4b0f-83c4-40708cfd68a7" testListId="8c84fa94-04c1-424b-9868-57a2d4851a1d" />
    <TestEntry testId="fe1c9811-4463-ef95-5296-cdd71ab090b8" executionId="352befb9-2555-43b9-8024-67def6ed7d0b" testListId="8c84fa94-04c1-424b-9868-57a2d4851a1d" />
    <TestEntry testId="c6d15831-7dbe-24e6-d39b-4f317a873a34" executionId="c83fa9d5-976f-4a9e-894d-75c52a1e174d" testListId="8c84fa94-04c1-424b-9868-57a2d4851a1d" />
    <TestEntry testId="06f0962d-466b-0634-113e-f3863f9b599c" executionId="a9a7f0ae-03f8-4856-8f92-fe166ef08676" testListId="8c84fa94-04c1-424b-9868-57a2d4851a1d" />
    <TestEntry testId="43169439-e722-3696-654b-e380ed8f351d" executionId="42bf9b99-93a9-4c76-9984-42977bdbc1c8" testListId="8c84fa94-04c1-424b-9868-57a2d4851a1d" />
    <TestEntry testId="0a429b0b-08a8-36a6-5969-3c31a35cc366" executionId="409706fd-249b-4874-9268-9b8ea2883d45" testListId="8c84fa94-04c1-424b-9868-57a2d4851a1d" />
    <TestEntry testId="eb8cb345-7707-0e07-1566-f6a04ceb2670" executionId="c9fae527-e5cd-486e-84f0-15038a36218e" testListId="8c84fa94-04c1-424b-9868-57a2d4851a1d" />
    <TestEntry testId="1ec97a71-0b29-f7c5-72ce-8cf48efa2e36" executionId="611546f0-0c5b-406e-89c8-7f667e722ea8" testListId="8c84fa94-04c1-424b-9868-57a2d4851a1d" />
  </TestEntries>
  <TestLists>
    <TestList name="Results Not in a List" id="8c84fa94-04c1-424b-9868-57a2d4851a1d" />
    <TestList name="All Loaded Results" id="19431567-8539-422a-85d7-44ee4e166bda" />
  </TestLists>
  <ResultSummary outcome="Completed">
    <Counters total="24" executed="24" passed="24" failed="0" error="0" timeout="0" aborted="0" inconclusive="0" passedButRunAborted="0" notRunnable="0" notExecuted="0" disconnected="0" warning="0" completed="0" inProgress="0" pending="0" />
    <Output>
      <StdOut>[xUnit.net 00:00:00.04] xUnit.net VSTest Adapter v2.4.3+1b45f5407b (32-bit Desktop .NET 4.0.30319.42000)&#xD;
[xUnit.net 00:00:01.07]   Discovering: IntegrationTests&#xD;
[xUnit.net 00:00:01.43]   Discovered:  IntegrationTests&#xD;
[xUnit.net 00:00:01.44]   Starting:    IntegrationTests&#xD;
[xUnit.net 00:00:07.13]   Finished:    IntegrationTests&#xD;
</StdOut>
    </Output>
  </ResultSummary>
</TestRun>